# frontend step
# command: cd src/frontend/web && npx playwright test e2e/integration/prover-registration.integration.spec.ts --reporter=json
# exit: 0

# STDOUT
{
  "config": {
    "configFile": "/home/runner/work/quantum-shield/quantum-shield/src/frontend/web/playwright.config.ts",
    "rootDir": "/home/runner/work/quantum-shield/quantum-shield/src/frontend/web/e2e",
    "forbidOnly": true,
    "fullyParallel": true,
    "globalSetup": null,
    "globalTeardown": null,
    "globalTimeout": 0,
    "grep": {},
    "grepInvert": null,
    "maxFailures": 0,
    "metadata": {
      "ci": {
        "commitHref": "https://github.com/kota1026/quantum-shield/commit/c491a03810f115af6570c32322d7e421ffe3c18b",
        "commitHash": "c491a03810f115af6570c32322d7e421ffe3c18b",
        "buildHref": "https://github.com/kota1026/quantum-shield/actions/runs/25596303906"
      },
      "gitCommit": {
        "shortHash": "c491a03",
        "hash": "c491a03810f115af6570c32322d7e421ffe3c18b",
        "subject": "ci(e2e-orchestrator): run 25595776008 [lock] [skip ci]",
        "body": "ci(e2e-orchestrator): run 25595776008 [lock] [skip ci]\n",
        "author": {
          "name": "github-actions[bot]",
          "email": "41898282+github-actions[bot]@users.noreply.github.com",
          "time": 1778314238000
        },
        "committer": {
          "name": "github-actions[bot]",
          "email": "41898282+github-actions[bot]@users.noreply.github.com",
          "time": 1778314239000
        },
        "branch": "main"
      },
      "actualWorkers": 1
    },
    "preserveOutput": "always",
    "reporter": [
      [
        "json"
      ]
    ],
    "reportSlowTests": {
      "max": 5,
      "threshold": 300000
    },
    "quiet": false,
    "projects": [
      {
        "outputDir": "/home/runner/work/quantum-shield/quantum-shield/src/frontend/web/test-results",
        "repeatEach": 1,
        "retries": 2,
        "metadata": {
          "ci": {
            "commitHref": "https://github.com/kota1026/quantum-shield/commit/c491a03810f115af6570c32322d7e421ffe3c18b",
            "commitHash": "c491a03810f115af6570c32322d7e421ffe3c18b",
            "buildHref": "https://github.com/kota1026/quantum-shield/actions/runs/25596303906"
          },
          "gitCommit": {
            "shortHash": "c491a03",
            "hash": "c491a03810f115af6570c32322d7e421ffe3c18b",
            "subject": "ci(e2e-orchestrator): run 25595776008 [lock] [skip ci]",
            "body": "ci(e2e-orchestrator): run 25595776008 [lock] [skip ci]\n",
            "author": {
              "name": "github-actions[bot]",
              "email": "41898282+github-actions[bot]@users.noreply.github.com",
              "time": 1778314238000
            },
            "committer": {
              "name": "github-actions[bot]",
              "email": "41898282+github-actions[bot]@users.noreply.github.com",
              "time": 1778314239000
            },
            "branch": "main"
          },
          "actualWorkers": 1
        },
        "id": "chromium",
        "name": "chromium",
        "testDir": "/home/runner/work/quantum-shield/quantum-shield/src/frontend/web/e2e",
        "testIgnore": [],
        "testMatch": [
          "**/*.@(spec|test).?(c|m)[jt]s?(x)"
        ],
        "timeout": 30000
      },
      {
        "outputDir": "/home/runner/work/quantum-shield/quantum-shield/src/frontend/web/test-results",
        "repeatEach": 1,
        "retries": 2,
        "metadata": {
          "ci": {
            "commitHref": "https://github.com/kota1026/quantum-shield/commit/c491a03810f115af6570c32322d7e421ffe3c18b",
            "commitHash": "c491a03810f115af6570c32322d7e421ffe3c18b",
            "buildHref": "https://github.com/kota1026/quantum-shield/actions/runs/25596303906"
          },
          "gitCommit": {
            "shortHash": "c491a03",
            "hash": "c491a03810f115af6570c32322d7e421ffe3c18b",
            "subject": "ci(e2e-orchestrator): run 25595776008 [lock] [skip ci]",
            "body": "ci(e2e-orchestrator): run 25595776008 [lock] [skip ci]\n",
            "author": {
              "name": "github-actions[bot]",
              "email": "41898282+github-actions[bot]@users.noreply.github.com",
              "time": 1778314238000
            },
            "committer": {
              "name": "github-actions[bot]",
              "email": "41898282+github-actions[bot]@users.noreply.github.com",
              "time": 1778314239000
            },
            "branch": "main"
          },
          "actualWorkers": 1
        },
        "id": "firefox",
        "name": "firefox",
        "testDir": "/home/runner/work/quantum-shield/quantum-shield/src/frontend/web/e2e",
        "testIgnore": [],
        "testMatch": [
          "**/*.@(spec|test).?(c|m)[jt]s?(x)"
        ],
        "timeout": 30000
      },
      {
        "outputDir": "/home/runner/work/quantum-shield/quantum-shield/src/frontend/web/test-results",
        "repeatEach": 1,
        "retries": 2,
        "metadata": {
          "ci": {
            "commitHref": "https://github.com/kota1026/quantum-shield/commit/c491a03810f115af6570c32322d7e421ffe3c18b",
            "commitHash": "c491a03810f115af6570c32322d7e421ffe3c18b",
            "buildHref": "https://github.com/kota1026/quantum-shield/actions/runs/25596303906"
          },
          "gitCommit": {
            "shortHash": "c491a03",
            "hash": "c491a03810f115af6570c32322d7e421ffe3c18b",
            "subject": "ci(e2e-orchestrator): run 25595776008 [lock] [skip ci]",
            "body": "ci(e2e-orchestrator): run 25595776008 [lock] [skip ci]\n",
            "author": {
              "name": "github-actions[bot]",
              "email": "41898282+github-actions[bot]@users.noreply.github.com",
              "time": 1778314238000
            },
            "committer": {
              "name": "github-actions[bot]",
              "email": "41898282+github-actions[bot]@users.noreply.github.com",
              "time": 1778314239000
            },
            "branch": "main"
          },
          "actualWorkers": 1
        },
        "id": "webkit",
        "name": "webkit",
        "testDir": "/home/runner/work/quantum-shield/quantum-shield/src/frontend/web/e2e",
        "testIgnore": [],
        "testMatch": [
          "**/*.@(spec|test).?(c|m)[jt]s?(x)"
        ],
        "timeout": 30000
      },
      {
        "outputDir": "/home/runner/work/quantum-shield/quantum-shield/src/frontend/web/test-results",
        "repeatEach": 1,
        "retries": 2,
        "metadata": {
          "ci": {
            "commitHref": "https://github.com/kota1026/quantum-shield/commit/c491a03810f115af6570c32322d7e421ffe3c18b",
            "commitHash": "c491a03810f115af6570c32322d7e421ffe3c18b",
            "buildHref": "https://github.com/kota1026/quantum-shield/actions/runs/25596303906"
          },
          "gitCommit": {
            "shortHash": "c491a03",
            "hash": "c491a03810f115af6570c32322d7e421ffe3c18b",
            "subject": "ci(e2e-orchestrator): run 25595776008 [lock] [skip ci]",
            "body": "ci(e2e-orchestrator): run 25595776008 [lock] [skip ci]\n",
            "author": {
              "name": "github-actions[bot]",
              "email": "41898282+github-actions[bot]@users.noreply.github.com",
              "time": 1778314238000
            },
            "committer": {
              "name": "github-actions[bot]",
              "email": "41898282+github-actions[bot]@users.noreply.github.com",
              "time": 1778314239000
            },
            "branch": "main"
          },
          "actualWorkers": 1
        },
        "id": "Mobile Chrome",
        "name": "Mobile Chrome",
        "testDir": "/home/runner/work/quantum-shield/quantum-shield/src/frontend/web/e2e",
        "testIgnore": [],
        "testMatch": [
          "**/*.@(spec|test).?(c|m)[jt]s?(x)"
        ],
        "timeout": 30000
      },
      {
        "outputDir": "/home/runner/work/quantum-shield/quantum-shield/src/frontend/web/test-results",
        "repeatEach": 1,
        "retries": 2,
        "metadata": {
          "ci": {
            "commitHref": "https://github.com/kota1026/quantum-shield/commit/c491a03810f115af6570c32322d7e421ffe3c18b",
            "commitHash": "c491a03810f115af6570c32322d7e421ffe3c18b",
            "buildHref": "https://github.com/kota1026/quantum-shield/actions/runs/25596303906"
          },
          "gitCommit": {
            "shortHash": "c491a03",
            "hash": "c491a03810f115af6570c32322d7e421ffe3c18b",
            "subject": "ci(e2e-orchestrator): run 25595776008 [lock] [skip ci]",
            "body": "ci(e2e-orchestrator): run 25595776008 [lock] [skip ci]\n",
            "author": {
              "name": "github-actions[bot]",
              "email": "41898282+github-actions[bot]@users.noreply.github.com",
              "time": 1778314238000
            },
            "committer": {
              "name": "github-actions[bot]",
              "email": "41898282+github-actions[bot]@users.noreply.github.com",
              "time": 1778314239000
            },
            "branch": "main"
          },
          "actualWorkers": 1
        },
        "id": "Mobile Safari",
        "name": "Mobile Safari",
        "testDir": "/home/runner/work/quantum-shield/quantum-shield/src/frontend/web/e2e",
        "testIgnore": [],
        "testMatch": [
          "**/*.@(spec|test).?(c|m)[jt]s?(x)"
        ],
        "timeout": 30000
      },
      {
        "outputDir": "/home/runner/work/quantum-shield/quantum-shield/src/frontend/web/test-results",
        "repeatEach": 1,
        "retries": 2,
        "metadata": {
          "ci": {
            "commitHref": "https://github.com/kota1026/quantum-shield/commit/c491a03810f115af6570c32322d7e421ffe3c18b",
            "commitHash": "c491a03810f115af6570c32322d7e421ffe3c18b",
            "buildHref": "https://github.com/kota1026/quantum-shield/actions/runs/25596303906"
          },
          "gitCommit": {
            "shortHash": "c491a03",
            "hash": "c491a03810f115af6570c32322d7e421ffe3c18b",
            "subject": "ci(e2e-orchestrator): run 25595776008 [lock] [skip ci]",
            "body": "ci(e2e-orchestrator): run 25595776008 [lock] [skip ci]\n",
            "author": {
              "name": "github-actions[bot]",
              "email": "41898282+github-actions[bot]@users.noreply.github.com",
              "time": 1778314238000
            },
            "committer": {
              "name": "github-actions[bot]",
              "email": "41898282+github-actions[bot]@users.noreply.github.com",
              "time": 1778314239000
            },
            "branch": "main"
          },
          "actualWorkers": 1
        },
        "id": "accessibility",
        "name": "accessibility",
        "testDir": "/home/runner/work/quantum-shield/quantum-shield/src/frontend/web/e2e",
        "testIgnore": [],
        "testMatch": [
          "**/*.a11y.spec.ts"
        ],
        "timeout": 30000
      }
    ],
    "shard": null,
    "tags": [],
    "updateSnapshots": "missing",
    "updateSourceMethod": "patch",
    "version": "1.57.0",
    "workers": 1,
    "webServer": {
      "command": "npm run dev",
      "url": "http://localhost:3000",
      "reuseExistingServer": false,
      "timeout": 120000
    }
  },
  "suites": [
    {
      "title": "integration/prover-registration.integration.spec.ts",
      "file": "integration/prover-registration.integration.spec.ts",
      "column": 0,
      "line": 0,
      "specs": [],
      "suites": [
        {
          "title": "Sequence #5: Prover Registration — Deep Integration",
          "file": "integration/prover-registration.integration.spec.ts",
          "line": 40,
          "column": 6,
          "specs": [
            {
              "title": "health check",
              "ok": true,
              "tags": [],
              "tests": [
                {
                  "timeout": 30000,
                  "annotations": [],
                  "expectedStatus": "passed",
                  "projectId": "chromium",
                  "projectName": "chromium",
                  "results": [
                    {
                      "workerIndex": 0,
                      "parallelIndex": 0,
                      "status": "passed",
                      "duration": 335,
                      "errors": [],
                      "stdout": [],
                      "stderr": [],
                      "retry": 0,
                      "startTime": "2026-05-09T09:17:13.287Z",
                      "annotations": [],
                      "attachments": []
                    }
                  ],
                  "status": "expected"
                }
              ],
              "id": "085942f23f51e4dbfc5d-009cb2217cf56dc8e923",
              "file": "integration/prover-registration.integration.spec.ts",
              "line": 41,
              "column": 7
            },
            {
              "title": "POST /v1/prover/register creates prover with SHA3-256 prover_id",
              "ok": true,
              "tags": [],
              "tests": [
                {
                  "timeout": 30000,
                  "annotations": [],
                  "expectedStatus": "passed",
                  "projectId": "chromium",
                  "projectName": "chromium",
                  "results": [
                    {
                      "workerIndex": 0,
                      "parallelIndex": 0,
                      "status": "passed",
                      "duration": 13,
                      "errors": [],
                      "stdout": [
                        {
                          "text": "[Prover Register] Rejected: 422 — check validation requirements\n"
                        }
                      ],
                      "stderr": [],
                      "retry": 0,
                      "startTime": "2026-05-09T09:17:13.649Z",
                      "annotations": [],
                      "attachments": []
                    }
                  ],
                  "status": "expected"
                }
              ],
              "id": "085942f23f51e4dbfc5d-2a48428151a5fd0d42e1",
              "file": "integration/prover-registration.integration.spec.ts",
              "line": 46,
              "column": 7
            },
            {
              "title": "prover registration increases Explorer activeProvers",
              "ok": true,
              "tags": [],
              "tests": [
                {
                  "timeout": 30000,
                  "annotations": [],
                  "expectedStatus": "passed",
                  "projectId": "chromium",
                  "projectName": "chromium",
                  "results": [
                    {
                      "workerIndex": 0,
                      "parallelIndex": 0,
                      "status": "passed",
                      "duration": 19,
                      "errors": [],
                      "stdout": [],
                      "stderr": [],
                      "retry": 0,
                      "startTime": "2026-05-09T09:17:13.684Z",
                      "annotations": [],
                      "attachments": []
                    }
                  ],
                  "status": "expected"
                }
              ],
              "id": "085942f23f51e4dbfc5d-08d94289ce6b69660fe3",
              "file": "integration/prover-registration.integration.spec.ts",
              "line": 82,
              "column": 7
            },
            {
              "title": "duplicate prover address registration is rejected",
              "ok": true,
              "tags": [],
              "tests": [
                {
                  "timeout": 30000,
                  "annotations": [],
                  "expectedStatus": "passed",
                  "projectId": "chromium",
                  "projectName": "chromium",
                  "results": [
                    {
                      "workerIndex": 0,
                      "parallelIndex": 0,
                      "status": "passed",
                      "duration": 6,
                      "errors": [],
                      "stdout": [],
                      "stderr": [],
                      "retry": 0,
                      "startTime": "2026-05-09T09:17:13.721Z",
                      "annotations": [],
                      "attachments": []
                    }
                  ],
                  "status": "expected"
                }
              ],
              "id": "085942f23f51e4dbfc5d-99aa95d48db45d589622",
              "file": "integration/prover-registration.integration.spec.ts",
              "line": 115,
              "column": 7
            },
            {
              "title": "GET /v1/prover/list returns registered provers",
              "ok": true,
              "tags": [],
              "tests": [
                {
                  "timeout": 30000,
                  "annotations": [],
                  "expectedStatus": "passed",
                  "projectId": "chromium",
                  "projectName": "chromium",
                  "results": [
                    {
                      "workerIndex": 0,
                      "parallelIndex": 0,
                      "status": "passed",
                      "duration": 11,
                      "errors": [],
                      "stdout": [
                        {
                          "text": "[Prover List] 2 provers found\n"
                        },
                        {
                          "text": "[Prover] First: 0x0000000000000000000000000000000000000001\n"
                        }
                      ],
                      "stderr": [],
                      "retry": 0,
                      "startTime": "2026-05-09T09:17:13.738Z",
                      "annotations": [],
                      "attachments": []
                    }
                  ],
                  "status": "expected"
                }
              ],
              "id": "085942f23f51e4dbfc5d-e39349618bb38a383575",
              "file": "integration/prover-registration.integration.spec.ts",
              "line": 144,
              "column": 7
            },
            {
              "title": "GET /v1/prover/dashboard returns prover metrics",
              "ok": true,
              "tags": [],
              "tests": [
                {
                  "timeout": 30000,
                  "annotations": [],
                  "expectedStatus": "passed",
                  "projectId": "chromium",
                  "projectName": "chromium",
                  "results": [
                    {
                      "workerIndex": 0,
                      "parallelIndex": 0,
                      "status": "passed",
                      "duration": 7,
                      "errors": [],
                      "stdout": [],
                      "stderr": [],
                      "retry": 0,
                      "startTime": "2026-05-09T09:17:13.762Z",
                      "annotations": [],
                      "attachments": []
                    }
                  ],
                  "status": "expected"
                }
              ],
              "id": "085942f23f51e4dbfc5d-2c9042266c9f46812e04",
              "file": "integration/prover-registration.integration.spec.ts",
              "line": 168,
              "column": 7
            },
            {
              "title": "health check",
              "ok": true,
              "tags": [],
              "tests": [
                {
                  "timeout": 30000,
                  "annotations": [],
                  "expectedStatus": "passed",
                  "projectId": "firefox",
                  "projectName": "firefox",
                  "results": [
                    {
                      "workerIndex": 1,
                      "parallelIndex": 0,
                      "status": "passed",
                      "duration": 333,
                      "errors": [],
                      "stdout": [],
                      "stderr": [],
                      "retry": 0,
                      "startTime": "2026-05-09T09:17:14.389Z",
                      "annotations": [],
                      "attachments": []
                    }
                  ],
                  "status": "expected"
                }
              ],
              "id": "085942f23f51e4dbfc5d-0c767a00f22b94b1ebdf",
              "file": "integration/prover-registration.integration.spec.ts",
              "line": 41,
              "column": 7
            },
            {
              "title": "POST /v1/prover/register creates prover with SHA3-256 prover_id",
              "ok": true,
              "tags": [],
              "tests": [
                {
                  "timeout": 30000,
                  "annotations": [],
                  "expectedStatus": "passed",
                  "projectId": "firefox",
                  "projectName": "firefox",
                  "results": [
                    {
                      "workerIndex": 1,
                      "parallelIndex": 0,
                      "status": "passed",
                      "duration": 12,
                      "errors": [],
                      "stdout": [
                        {
                          "text": "[Prover Register] Rejected: 422 — check validation requirements\n"
                        }
                      ],
                      "stderr": [],
                      "retry": 0,
                      "startTime": "2026-05-09T09:17:14.749Z",
                      "annotations": [],
                      "attachments": []
                    }
                  ],
                  "status": "expected"
                }
              ],
              "id": "085942f23f51e4dbfc5d-c741d713f4512fcee1fa",
              "file": "integration/prover-registration.integration.spec.ts",
              "line": 46,
              "column": 7
            },
            {
              "title": "prover registration increases Explorer activeProvers",
              "ok": true,
              "tags": [],
              "tests": [
                {
                  "timeout": 30000,
                  "annotations": [],
                  "expectedStatus": "passed",
                  "projectId": "firefox",
                  "projectName": "firefox",
                  "results": [
                    {
                      "workerIndex": 1,
                      "parallelIndex": 0,
                      "status": "passed",
                      "duration": 20,
                      "errors": [],
                      "stdout": [],
                      "stderr": [],
                      "retry": 0,
                      "startTime": "2026-05-09T09:17:14.782Z",
                      "annotations": [],
                      "attachments": []
                    }
                  ],
                  "status": "expected"
                }
              ],
              "id": "085942f23f51e4dbfc5d-563e2d9dc79719a91ca5",
              "file": "integration/prover-registration.integration.spec.ts",
              "line": 82,
              "column": 7
            },
            {
              "title": "duplicate prover address registration is rejected",
              "ok": true,
              "tags": [],
              "tests": [
                {
                  "timeout": 30000,
                  "annotations": [],
                  "expectedStatus": "passed",
                  "projectId": "firefox",
                  "projectName": "firefox",
                  "results": [
                    {
                      "workerIndex": 1,
                      "parallelIndex": 0,
                      "status": "passed",
                      "duration": 9,
                      "errors": [],
                      "stdout": [],
                      "stderr": [],
                      "retry": 0,
                      "startTime": "2026-05-09T09:17:14.816Z",
                      "annotations": [],
                      "attachments": []
                    }
                  ],
                  "status": "expected"
                }
              ],
              "id": "085942f23f51e4dbfc5d-cf8ccd233a165f696557",
              "file": "integration/prover-registration.integration.spec.ts",
              "line": 115,
              "column": 7
            },
            {
              "title": "GET /v1/prover/list returns registered provers",
              "ok": true,
              "tags": [],
              "tests": [
                {
                  "timeout": 30000,
                  "annotations": [],
                  "expectedStatus": "passed",
                  "projectId": "firefox",
                  "projectName": "firefox",
                  "results": [
                    {
                      "workerIndex": 1,
                      "parallelIndex": 0,
                      "status": "passed",
                      "duration": 8,
                      "errors": [],
                      "stdout": [
                        {
                          "text": "[Prover List] 2 provers found\n"
                        },
                        {
                          "text": "[Prover] First: 0x0000000000000000000000000000000000000001\n"
                        }
                      ],
                      "stderr": [],
                      "retry": 0,
                      "startTime": "2026-05-09T09:17:14.835Z",
                      "annotations": [],
                      "attachments": []
                    }
                  ],
                  "status": "expected"
                }
              ],
              "id": "085942f23f51e4dbfc5d-7e781239dc5edb482420",
              "file": "integration/prover-registration.integration.spec.ts",
              "line": 144,
              "column": 7
            },
            {
              "title": "GET /v1/prover/dashboard returns prover metrics",
              "ok": true,
              "tags": [],
              "tests": [
                {
                  "timeout": 30000,
                  "annotations": [],
                  "expectedStatus": "passed",
                  "projectId": "firefox",
                  "projectName": "firefox",
                  "results": [
                    {
                      "workerIndex": 1,
                      "parallelIndex": 0,
                      "status": "passed",
                      "duration": 6,
                      "errors": [],
                      "stdout": [],
                      "stderr": [],
                      "retry": 0,
                      "startTime": "2026-05-09T09:17:14.853Z",
                      "annotations": [],
                      "attachments": []
                    }
                  ],
                  "status": "expected"
                }
              ],
              "id": "085942f23f51e4dbfc5d-ccdb32f61a5d97491198",
              "file": "integration/prover-registration.integration.spec.ts",
              "line": 168,
              "column": 7
            },
            {
              "title": "health check",
              "ok": true,
              "tags": [],
              "tests": [
                {
                  "timeout": 30000,
                  "annotations": [],
                  "expectedStatus": "passed",
                  "projectId": "webkit",
                  "projectName": "webkit",
                  "results": [
                    {
                      "workerIndex": 2,
                      "parallelIndex": 0,
                      "status": "passed",
                      "duration": 332,
                      "errors": [],
                      "stdout": [],
                      "stderr": [],
                      "retry": 0,
                      "startTime": "2026-05-09T09:17:15.476Z",
                      "annotations": [],
                      "attachments": []
                    }
                  ],
                  "status": "expected"
                }
              ],
              "id": "085942f23f51e4dbfc5d-810975a3e3d76c2fea0f",
              "file": "integration/prover-registration.integration.spec.ts",
              "line": 41,
              "column": 7
            },
            {
              "title": "POST /v1/prover/register creates prover with SHA3-256 prover_id",
              "ok": true,
              "tags": [],
              "tests": [
                {
                  "timeout": 30000,
                  "annotations": [],
                  "expectedStatus": "passed",
                  "projectId": "webkit",
                  "projectName": "webkit",
                  "results": [
                    {
                      "workerIndex": 2,
                      "parallelIndex": 0,
                      "status": "passed",
                      "duration": 12,
                      "errors": [],
                      "stdout": [
                        {
                          "text": "[Prover Register] Rejected: 422 — check validation requirements\n"
                        }
                      ],
                      "stderr": [],
                      "retry": 0,
                      "startTime": "2026-05-09T09:17:15.833Z",
                      "annotations": [],
                      "attachments": []
                    }
                  ],
                  "status": "expected"
                }
              ],
              "id": "085942f23f51e4dbfc5d-bd5142fdfad9511f2cad",
              "file": "integration/prover-registration.integration.spec.ts",
              "line": 46,
              "column": 7
            },
            {
              "title": "prover registration increases Explorer activeProvers",
              "ok": true,
              "tags": [],
              "tests": [
                {
                  "timeout": 30000,
                  "annotations": [],
                  "expectedStatus": "passed",
                  "projectId": "webkit",
                  "projectName": "webkit",
                  "results": [
                    {
                      "workerIndex": 2,
                      "parallelIndex": 0,
                      "status": "passed",
                      "duration": 19,
                      "errors": [],
                      "stdout": [],
                      "stderr": [],
                      "retry": 0,
                      "startTime": "2026-05-09T09:17:15.866Z",
                      "annotations": [],
                      "attachments": []
                    }
                  ],
                  "status": "expected"
                }
              ],
              "id": "085942f23f51e4dbfc5d-85305785c26f0be8af04",
              "file": "integration/prover-registration.integration.spec.ts",
              "line": 82,
              "column": 7
            },
            {
              "title": "duplicate prover address registration is rejected",
              "ok": true,
              "tags": [],
              "tests": [
                {
                  "timeout": 30000,
                  "annotations": [],
                  "expectedStatus": "passed",
                  "projectId": "webkit",
                  "projectName": "webkit",
                  "results": [
                    {
                      "workerIndex": 2,
                      "parallelIndex": 0,
                      "status": "passed",
                      "duration": 5,
                      "errors": [],
                      "stdout": [],
                      "stderr": [],
                      "retry": 0,
                      "startTime": "2026-05-09T09:17:15.899Z",
                      "annotations": [],
                      "attachments": []
                    }
                  ],
                  "status": "expected"
                }
              ],
              "id": "085942f23f51e4dbfc5d-031fb6dd222dbb644a4f",
              "file": "integration/prover-registration.integration.spec.ts",
              "line": 115,
              "column": 7
            },
            {
              "title": "GET /v1/prover/list returns registered provers",
              "ok": true,
              "tags": [],
              "tests": [
                {
                  "timeout": 30000,
                  "annotations": [],
                  "expectedStatus": "passed",
                  "projectId": "webkit",
                  "projectName": "webkit",
                  "results": [
                    {
                      "workerIndex": 2,
                      "parallelIndex": 0,
                      "status": "passed",
                      "duration": 10,
                      "errors": [],
                      "stdout": [
                        {
                          "text": "[Prover List] 2 provers found\n"
                        },
                        {
                          "text": "[Prover] First: 0x0000000000000000000000000000000000000001\n"
                        }
                      ],
                      "stderr": [],
                      "retry": 0,
                      "startTime": "2026-05-09T09:17:15.917Z",
                      "annotations": [],
                      "attachments": []
                    }
                  ],
                  "status": "expected"
                }
              ],
              "id": "085942f23f51e4dbfc5d-1b52870633ba1d7a791a",
              "file": "integration/prover-registration.integration.spec.ts",
              "line": 144,
              "column": 7
            },
            {
              "title": "GET /v1/prover/dashboard returns prover metrics",
              "ok": true,
              "tags": [],
              "tests": [
                {
                  "timeout": 30000,
                  "annotations": [],
                  "expectedStatus": "passed",
                  "projectId": "webkit",
                  "projectName": "webkit",
                  "results": [
                    {
                      "workerIndex": 2,
                      "parallelIndex": 0,
                      "status": "passed",
                      "duration": 6,
                      "errors": [],
                      "stdout": [],
                      "stderr": [],
                      "retry": 0,
                      "startTime": "2026-05-09T09:17:15.938Z",
                      "annotations": [],
                      "attachments": []
                    }
                  ],
                  "status": "expected"
                }
              ],
              "id": "085942f23f51e4dbfc5d-69684a24ab3c47a1a5b5",
              "file": "integration/prover-registration.integration.spec.ts",
              "line": 168,
              "column": 7
            },
            {
              "title": "health check",
              "ok": true,
              "tags": [],
              "tests": [
                {
                  "timeout": 30000,
                  "annotations": [],
                  "expectedStatus": "passed",
                  "projectId": "Mobile Chrome",
                  "projectName": "Mobile Chrome",
                  "results": [
                    {
                      "workerIndex": 3,
                      "parallelIndex": 0,
                      "status": "passed",
                      "duration": 332,
                      "errors": [],
                      "stdout": [],
                      "stderr": [],
                      "retry": 0,
                      "startTime": "2026-05-09T09:17:16.551Z",
                      "annotations": [],
                      "attachments": []
                    }
                  ],
                  "status": "expected"
                }
              ],
              "id": "085942f23f51e4dbfc5d-aec1b4b7396c22a40a75",
              "file": "integration/prover-registration.integration.spec.ts",
              "line": 41,
              "column": 7
            },
            {
              "title": "POST /v1/prover/register creates prover with SHA3-256 prover_id",
              "ok": true,
              "tags": [],
              "tests": [
                {
                  "timeout": 30000,
                  "annotations": [],
                  "expectedStatus": "passed",
                  "projectId": "Mobile Chrome",
                  "projectName": "Mobile Chrome",
                  "results": [
                    {
                      "workerIndex": 3,
                      "parallelIndex": 0,
                      "status": "passed",
                      "duration": 12,
                      "errors": [],
                      "stdout": [
                        {
                          "text": "[Prover Register] Rejected: 422 — check validation requirements\n"
                        }
                      ],
                      "stderr": [],
                      "retry": 0,
                      "startTime": "2026-05-09T09:17:16.912Z",
                      "annotations": [],
                      "attachments": []
                    }
                  ],
                  "status": "expected"
                }
              ],
              "id": "085942f23f51e4dbfc5d-65a27ff238312955b429",
              "file": "integration/prover-registration.integration.spec.ts",
              "line": 46,
              "column": 7
            },
            {
              "title": "prover registration increases Explorer activeProvers",
              "ok": true,
              "tags": [],
              "tests": [
                {
                  "timeout": 30000,
                  "annotations": [],
                  "expectedStatus": "passed",
                  "projectId": "Mobile Chrome",
                  "projectName": "Mobile Chrome",
                  "results": [
                    {
                      "workerIndex": 3,
                      "parallelIndex": 0,
                      "status": "passed",
                      "duration": 19,
                      "errors": [],
                      "stdout": [],
                      "stderr": [],
                      "retry": 0,
                      "startTime": "2026-05-09T09:17:16.944Z",
                      "annotations": [],
                      "attachments": []
                    }
                  ],
                  "status": "expected"
                }
              ],
              "id": "085942f23f51e4dbfc5d-dc20befd458e2df99798",
              "file": "integration/prover-registration.integration.spec.ts",
              "line": 82,
              "column": 7
            },
            {
              "title": "duplicate prover address registration is rejected",
              "ok": true,
              "tags": [],
              "tests": [
                {
                  "timeout": 30000,
                  "annotations": [],
                  "expectedStatus": "passed",
                  "projectId": "Mobile Chrome",
                  "projectName": "Mobile Chrome",
                  "results": [
                    {
                      "workerIndex": 3,
                      "parallelIndex": 0,
                      "status": "passed",
                      "duration": 5,
                      "errors": [],
                      "stdout": [],
                      "stderr": [],
                      "retry": 0,
                      "startTime": "2026-05-09T09:17:16.980Z",
                      "annotations": [],
                      "attachments": []
                    }
                  ],
                  "status": "expected"
                }
              ],
              "id": "085942f23f51e4dbfc5d-6facecea3b02e23f8b47",
              "file": "integration/prover-registration.integration.spec.ts",
              "line": 115,
              "column": 7
            },
            {
              "title": "GET /v1/prover/list returns registered provers",
              "ok": true,
              "tags": [],
              "tests": [
                {
                  "timeout": 30000,
                  "annotations": [],
                  "expectedStatus": "passed",
                  "projectId": "Mobile Chrome",
                  "projectName": "Mobile Chrome",
                  "results": [
                    {
                      "workerIndex": 3,
                      "parallelIndex": 0,
                      "status": "passed",
                      "duration": 10,
                      "errors": [],
                      "stdout": [
                        {
                          "text": "[Prover List] 2 provers found\n"
                        },
                        {
                          "text": "[Prover] First: 0x0000000000000000000000000000000000000001\n"
                        }
                      ],
                      "stderr": [],
                      "retry": 0,
                      "startTime": "2026-05-09T09:17:16.995Z",
                      "annotations": [],
                      "attachments": []
                    }
                  ],
                  "status": "expected"
                }
              ],
              "id": "085942f23f51e4dbfc5d-e27ce2e2fa9603e51a4d",
              "file": "integration/prover-registration.integration.spec.ts",
              "line": 144,
              "column": 7
            },
            {
              "title": "GET /v1/prover/dashboard returns prover metrics",
              "ok": true,
              "tags": [],
              "tests": [
                {
                  "timeout": 30000,
                  "annotations": [],
                  "expectedStatus": "passed",
                  "projectId": "Mobile Chrome",
                  "projectName": "Mobile Chrome",
                  "results": [
                    {
                      "workerIndex": 3,
                      "parallelIndex": 0,
                      "status": "passed",
                      "duration": 6,
                      "errors": [],
                      "stdout": [],
                      "stderr": [],
                      "retry": 0,
                      "startTime": "2026-05-09T09:17:17.016Z",
                      "annotations": [],
                      "attachments": []
                    }
                  ],
                  "status": "expected"
                }
              ],
              "id": "085942f23f51e4dbfc5d-f8c62e5322b0ecbb8a7d",
              "file": "integration/prover-registration.integration.spec.ts",
              "line": 168,
              "column": 7
            },
            {
              "title": "health check",
              "ok": true,
              "tags": [],
              "tests": [
                {
                  "timeout": 30000,
                  "annotations": [],
                  "expectedStatus": "passed",
                  "projectId": "Mobile Safari",
                  "projectName": "Mobile Safari",
                  "results": [
                    {
                      "workerIndex": 4,
                      "parallelIndex": 0,
                      "status": "passed",
                      "duration": 335,
                      "errors": [],
                      "stdout": [],
                      "stderr": [],
                      "retry": 0,
                      "startTime": "2026-05-09T09:17:17.626Z",
                      "annotations": [],
                      "attachments": []
                    }
                  ],
                  "status": "expected"
                }
              ],
              "id": "085942f23f51e4dbfc5d-bc97b93325b5da1804b5",
              "file": "integration/prover-registration.integration.spec.ts",
              "line": 41,
              "column": 7
            },
            {
              "title": "POST /v1/prover/register creates prover with SHA3-256 prover_id",
              "ok": true,
              "tags": [],
              "tests": [
                {
                  "timeout": 30000,
                  "annotations": [],
                  "expectedStatus": "passed",
                  "projectId": "Mobile Safari",
                  "projectName": "Mobile Safari",
                  "results": [
                    {
                      "workerIndex": 4,
                      "parallelIndex": 0,
                      "status": "passed",
                      "duration": 13,
                      "errors": [],
                      "stdout": [
                        {
                          "text": "[Prover Register] Rejected: 422 — check validation requirements\n"
                        }
                      ],
                      "stderr": [],
                      "retry": 0,
                      "startTime": "2026-05-09T09:17:17.984Z",
                      "annotations": [],
                      "attachments": []
                    }
                  ],
                  "status": "expected"
                }
              ],
              "id": "085942f23f51e4dbfc5d-2211a6b4c3162d4d8c9c",
              "file": "integration/prover-registration.integration.spec.ts",
              "line": 46,
              "column": 7
            },
            {
              "title": "prover registration increases Explorer activeProvers",
              "ok": true,
              "tags": [],
              "tests": [
                {
                  "timeout": 30000,
                  "annotations": [],
                  "expectedStatus": "passed",
                  "projectId": "Mobile Safari",
                  "projectName": "Mobile Safari",
                  "results": [
                    {
                      "workerIndex": 4,
                      "parallelIndex": 0,
                      "status": "passed",
                      "duration": 17,
                      "errors": [],
                      "stdout": [],
                      "stderr": [],
                      "retry": 0,
                      "startTime": "2026-05-09T09:17:18.015Z",
                      "annotations": [],
                      "attachments": []
                    }
                  ],
                  "status": "expected"
                }
              ],
              "id": "085942f23f51e4dbfc5d-e2d0a27b1f0d95ef3f85",
              "file": "integration/prover-registration.integration.spec.ts",
              "line": 82,
              "column": 7
            },
            {
              "title": "duplicate prover address registration is rejected",
              "ok": true,
              "tags": [],
              "tests": [
                {
                  "timeout": 30000,
                  "annotations": [],
                  "expectedStatus": "passed",
                  "projectId": "Mobile Safari",
                  "projectName": "Mobile Safari",
                  "results": [
                    {
                      "workerIndex": 4,
                      "parallelIndex": 0,
                      "status": "passed",
                      "duration": 6,
                      "errors": [],
                      "stdout": [],
                      "stderr": [],
                      "retry": 0,
                      "startTime": "2026-05-09T09:17:18.045Z",
                      "annotations": [],
                      "attachments": []
                    }
                  ],
                  "status": "expected"
                }
              ],
              "id": "085942f23f51e4dbfc5d-8731435a8da80f31dabb",
              "file": "integration/prover-registration.integration.spec.ts",
              "line": 115,
              "column": 7
            },
            {
              "title": "GET /v1/prover/list returns registered provers",
              "ok": true,
              "tags": [],
              "tests": [
                {
                  "timeout": 30000,
                  "annotations": [],
                  "expectedStatus": "passed",
                  "projectId": "Mobile Safari",
                  "projectName": "Mobile Safari",
                  "results": [
                    {
                      "workerIndex": 4,
                      "parallelIndex": 0,
                      "status": "passed",
                      "duration": 9,
                      "errors": [],
                      "stdout": [
                        {
                          "text": "[Prover List] 2 provers found\n"
                        },
                        {
                          "text": "[Prover] First: 0x0000000000000000000000000000000000000001\n"
                        }
                      ],
                      "stderr": [],
                      "retry": 0,
                      "startTime": "2026-05-09T09:17:18.066Z",
                      "annotations": [],
                      "attachments": []
                    }
                  ],
                  "status": "expected"
                }
              ],
              "id": "085942f23f51e4dbfc5d-3d6ec2ac51bf55b677b5",
              "file": "integration/prover-registration.integration.spec.ts",
              "line": 144,
              "column": 7
            },
            {
              "title": "GET /v1/prover/dashboard returns prover metrics",
              "ok": true,
              "tags": [],
              "tests": [
                {
                  "timeout": 30000,
                  "annotations": [],
                  "expectedStatus": "passed",
                  "projectId": "Mobile Safari",
                  "projectName": "Mobile Safari",
                  "results": [
                    {
                      "workerIndex": 4,
                      "parallelIndex": 0,
                      "status": "passed",
                      "duration": 7,
                      "errors": [],
                      "stdout": [],
                      "stderr": [],
                      "retry": 0,
                      "startTime": "2026-05-09T09:17:18.089Z",
                      "annotations": [],
                      "attachments": []
                    }
                  ],
                  "status": "expected"
                }
              ],
              "id": "085942f23f51e4dbfc5d-7400c321261916080b20",
              "file": "integration/prover-registration.integration.spec.ts",
              "line": 168,
              "column": 7
            }
          ]
        }
      ]
    }
  ],
  "errors": [],
  "stats": {
    "startTime": "2026-05-09T09:16:46.960Z",
    "duration": 31227.304,
    "expected": 30,
    "skipped": 0,
    "unexpected": 0,
    "flaky": 0
  }
}


# STDERR
