# l1 step
# command: bash -c '
set -eo pipefail
LOCK_ID=$(psql "$DATABASE_URL" -t -A -c "SELECT lock_id FROM challenges WHERE challenged_at > NOW() - INTERVAL '"'"'5 minutes'"'"' ORDER BY challenged_at DESC LIMIT 1;" | tr -d " ")
if [ -z "$LOCK_ID" ]; then
  echo "FAIL: no challenges row from this run window — drive step did not produce a challenge"
  exit 1
fi
echo "checking L1 Vault.challenges(bytes32) for lock=$LOCK_ID"
RAW=$(cast call 0x07012aeF87C6E423c32F2f8eaF81762f63337260 "challenges(bytes32)((bytes32,address,bytes32,uint256,uint8,uint256,uint256,bytes32,address))" "$LOCK_ID" --rpc-url "$L1_RPC_URL" 2>/dev/null || echo "")
if [ -z "$RAW" ]; then
  echo "FAIL: challenges(lockId) call failed (RPC error or wrong ABI). Re-verify against L1Vault.sol:129-139 — TODO(PR5) refine if struct field order differs after first Sepolia run"
  exit 1
fi
# struct order: lockId, challenger, fraudProofHash, challengedAt, status (uint8), bond, defenseDeadline, defenseProofHash, defender
ON_CHAIN_LOCK=$(echo "$RAW" | tr -d "()" | awk -F", " "{print $1}")
ON_CHAIN_STATUS=$(echo "$RAW" | tr -d "()" | awk -F", " "{print $5}")
ON_CHAIN_BOND=$(echo "$RAW" | tr -d "()" | awk -F", " "{print $6}")
ON_CHAIN_DEADLINE=$(echo "$RAW" | tr -d "()" | awk -F", " "{print $7}")
echo "on-chain lockId:          $ON_CHAIN_LOCK"
echo "on-chain status (uint8):  $ON_CHAIN_STATUS  (1 = PENDING)"
echo "on-chain bond:            $ON_CHAIN_BOND"
echo "on-chain defenseDeadline: $ON_CHAIN_DEADLINE"
if [ -z "$ON_CHAIN_LOCK" ] || [ "$ON_CHAIN_LOCK" = "0x0000000000000000000000000000000000000000000000000000000000000000" ]; then
  echo "FAIL: lock $LOCK_ID has no on-chain challenge (Vault.challenges entry empty — submitChallenge tx not landed)"
  exit 1
fi
if [ "$ON_CHAIN_STATUS" != "1" ]; then
  echo "FAIL: on-chain ChallengeStatus=$ON_CHAIN_STATUS (expected 1=PENDING; 0=NONE means no entry, 2/3/4 means already resolved/defended)"
  exit 1
fi
echo "PASS: challenge anchored on L1 — status=PENDING (1), bond=$ON_CHAIN_BOND, defenseDeadline=$ON_CHAIN_DEADLINE"
'
# exit: 1

# STDOUT
checking L1 Vault.challenges(bytes32) for lock=0x7a764faf375e261f4992e176f2405339922ecc7c72b9ea9ae13560b524f6e419
on-chain lockId:          0x0000000000000000000000000000000000000000000000000000000000000000, 0x0000000000000000000000000000000000000000, 0x0000000000000000000000000000000000000000000000000000000000000000, 0, 0, 0, 0, 0x0000000000000000000000000000000000000000000000000000000000000000, 0x0000000000000000000000000000000000000000
on-chain status (uint8):  0x0000000000000000000000000000000000000000000000000000000000000000, 0x0000000000000000000000000000000000000000, 0x0000000000000000000000000000000000000000000000000000000000000000, 0, 0, 0, 0, 0x0000000000000000000000000000000000000000000000000000000000000000, 0x0000000000000000000000000000000000000000  (1 = PENDING)
on-chain bond:            0x0000000000000000000000000000000000000000000000000000000000000000, 0x0000000000000000000000000000000000000000, 0x0000000000000000000000000000000000000000000000000000000000000000, 0, 0, 0, 0, 0x0000000000000000000000000000000000000000000000000000000000000000, 0x0000000000000000000000000000000000000000
on-chain defenseDeadline: 0x0000000000000000000000000000000000000000000000000000000000000000, 0x0000000000000000000000000000000000000000, 0x0000000000000000000000000000000000000000000000000000000000000000, 0, 0, 0, 0, 0x0000000000000000000000000000000000000000000000000000000000000000, 0x0000000000000000000000000000000000000000
FAIL: on-chain ChallengeStatus=0x0000000000000000000000000000000000000000000000000000000000000000, 0x0000000000000000000000000000000000000000, 0x0000000000000000000000000000000000000000000000000000000000000000, 0, 0, 0, 0, 0x0000000000000000000000000000000000000000000000000000000000000000, 0x0000000000000000000000000000000000000000 (expected 1=PENDING; 0=NONE means no entry, 2/3/4 means already resolved/defended)


# STDERR
