# backend step
# command: cd src/api/api && SQLX_OFFLINE=true cargo test --test sequence_e2e_test sequence_lock -- --nocapture
# exit: 1

# STDOUT


# STDERR
[1m[92m   Compiling[0m proc-macro2 v1.0.105
[1m[92m   Compiling[0m quote v1.0.43
[1m[92m   Compiling[0m unicode-ident v1.0.22
[1m[92m   Compiling[0m libc v0.2.180
[1m[92m   Compiling[0m serde_core v1.0.228
[1m[92m   Compiling[0m cfg-if v1.0.4
[1m[92m   Compiling[0m serde v1.0.228
[1m[92m   Compiling[0m version_check v0.9.5
[1m[92m   Compiling[0m syn v2.0.114
[1m[92m   Compiling[0m generic-array v0.14.9
[1m[92m   Compiling[0m typenum v1.19.0
[1m[92m   Compiling[0m pin-project-lite v0.2.16
[1m[92m   Compiling[0m memchr v2.7.6
[1m[92m   Compiling[0m itoa v1.0.17
[1m[92m   Compiling[0m once_cell v1.21.3
[1m[92m   Compiling[0m autocfg v1.5.0
[1m[92m   Compiling[0m getrandom v0.2.17
[1m[92m   Compiling[0m subtle v2.6.1
[1m[92m   Compiling[0m futures-core v0.3.31
[1m[92m   Compiling[0m jobserver v0.1.34
[1m[92m   Compiling[0m shlex v1.3.0
[1m[92m   Compiling[0m find-msvc-tools v0.1.7
[1m[92m   Compiling[0m cc v1.2.52
[1m[92m   Compiling[0m const-oid v0.9.6
[1m[92m   Compiling[0m smallvec v1.15.1
[1m[92m   Compiling[0m parking_lot_core v0.9.12
[1m[92m   Compiling[0m num-traits v0.2.19
[1m[92m   Compiling[0m scopeguard v1.2.0
[1m[92m   Compiling[0m log v0.4.29
[1m[92m   Compiling[0m lock_api v0.4.14
[1m[92m   Compiling[0m synstructure v0.13.2
[1m[92m   Compiling[0m futures-sink v0.3.31
[1m[92m   Compiling[0m futures-io v0.3.31
[1m[92m   Compiling[0m errno v0.3.14
[1m[92m   Compiling[0m mio v1.1.1
[1m[92m   Compiling[0m parking_lot v0.12.5
[1m[92m   Compiling[0m signal-hook-registry v1.4.8
[1m[92m   Compiling[0m socket2 v0.6.1
[1m[92m   Compiling[0m serde_derive v1.0.228
[1m[92m   Compiling[0m zeroize_derive v1.4.3
[1m[92m   Compiling[0m tokio-macros v2.6.0
[1m[92m   Compiling[0m zeroize v1.8.2
[1m[92m   Compiling[0m slab v0.4.11
[1m[92m   Compiling[0m tracing-attributes v0.1.31
[1m[92m   Compiling[0m crypto-common v0.1.6
[1m[92m   Compiling[0m block-buffer v0.10.4
[1m[92m   Compiling[0m digest v0.10.7
[1m[92m   Compiling[0m rustversion v1.0.22
[1m[92m   Compiling[0m zerofrom-derive v0.1.6
[1m[92m   Compiling[0m rand_core v0.6.4
[1m[92m   Compiling[0m bytes v1.11.0
[1m[92m   Compiling[0m pin-utils v0.1.0
[1m[92m   Compiling[0m displaydoc v0.2.5
[1m[92m   Compiling[0m yoke-derive v0.8.1
[1m[92m   Compiling[0m tokio v1.49.0
[1m[92m   Compiling[0m zerocopy v0.8.33
[1m[92m   Compiling[0m zerocopy-derive v0.8.33
[1m[92m   Compiling[0m futures-channel v0.3.31
[1m[92m   Compiling[0m tracing-core v0.1.36
[1m[92m   Compiling[0m zerovec-derive v0.11.2
[1m[92m   Compiling[0m tracing v0.1.44
[1m[92m   Compiling[0m futures-task v0.3.31
[1m[92m   Compiling[0m futures-macro v0.3.31
[1m[92m   Compiling[0m cpufeatures v0.2.17
[1m[92m   Compiling[0m ring v0.17.14
[1m[92m   Compiling[0m fnv v1.0.7
[1m[92m   Compiling[0m equivalent v1.0.2
[1m[92m   Compiling[0m hashbrown v0.16.1
[1m[92m   Compiling[0m futures-util v0.3.31
[1m[92m   Compiling[0m indexmap v2.13.0
[1m[92m   Compiling[0m base64ct v1.8.3
[1m[92m   Compiling[0m zmij v1.0.13
[1m[92m   Compiling[0m powerfmt v0.2.0
[1m[92m   Compiling[0m num-conv v0.1.0
[1m[92m   Compiling[0m time-core v0.1.6
[1m[92m   Compiling[0m time-macros v0.2.24
[1m[92m   Compiling[0m deranged v0.5.5
[1m[92m   Compiling[0m tokio-util v0.7.18
[1m[92m   Compiling[0m num-integer v0.1.46
[1m[92m   Compiling[0m serde_json v1.0.149
[1m[92m   Compiling[0m hmac v0.12.1
[1m[92m   Compiling[0m time v0.3.44
[1m[92m   Compiling[0m getrandom v0.3.4
[1m[92m   Compiling[0m untrusted v0.9.0
[1m[92m   Compiling[0m ppv-lite86 v0.2.21
[1m[92m   Compiling[0m sha2 v0.10.9
[1m[92m   Compiling[0m winnow v0.7.14
[1m[92m   Compiling[0m percent-encoding v2.3.2
[1m[92m   Compiling[0m http v0.2.12
[1m[92m   Compiling[0m icu_properties_data v2.1.2
[1m[92m   Compiling[0m icu_normalizer_data v2.1.1
[1m[92m   Compiling[0m crunchy v0.2.4
[1m[92m   Compiling[0m toml_parser v1.0.6+spec-1.1.0
[1m[92m   Compiling[0m toml_datetime v0.7.5+spec-1.1.0
[1m[92m   Compiling[0m hex v0.4.3
[1m[92m   Compiling[0m thiserror v1.0.69
[1m[92m   Compiling[0m toml_edit v0.23.10+spec-1.0.0
[1m[92m   Compiling[0m syn v1.0.109
[1m[92m   Compiling[0m proc-macro-crate v3.4.0
[1m[92m   Compiling[0m http v1.4.0
[1m[92m   Compiling[0m zerofrom v0.1.6
[1m[92m   Compiling[0m thiserror-impl v1.0.69
[1m[92m   Compiling[0m stable_deref_trait v1.2.1
[1m[92m   Compiling[0m ryu v1.0.22
[1m[92m   Compiling[0m yoke v0.8.1
[1m[92m   Compiling[0m unicode-xid v0.2.6
[1m[92m   Compiling[0m const_format_proc_macros v0.2.34
[1m[92m   Compiling[0m zerovec v0.11.5
[1m[92m   Compiling[0m http-body v1.0.1
[1m[92m   Compiling[0m http-body v0.4.6
[1m[92m   Compiling[0m parity-scale-codec v3.7.5
[1m[92m   Compiling[0m form_urlencoded v1.2.2
[1m[92m   Compiling[0m parity-scale-codec-derive v3.7.5
[1m[92m   Compiling[0m pem-rfc7468 v0.7.0
[1m[92m   Compiling[0m impl-trait-for-tuples v0.2.3
[1m[92m   Compiling[0m der_derive v0.7.3
[1m[92m   Compiling[0m flagset v0.4.7
[1m[92m   Compiling[0m dunce v1.0.5
[1m[92m   Compiling[0m httparse v1.10.1
[1m[92m   Compiling[0m rlp-derive v0.1.0
[1m[92m   Compiling[0m der v0.7.10
[1m[92m   Compiling[0m tinystr v0.8.2
[1m[92m   Compiling[0m rand_chacha v0.3.1
[1m[92m   Compiling[0m litemap v0.8.1
[1m[92m   Compiling[0m writeable v0.6.2
[1m[92m   Compiling[0m icu_locale_core v2.1.1
[1m[92m   Compiling[0m rand v0.8.5
[1m[92m   Compiling[0m potential_utf v0.1.4
[1m[92m   Compiling[0m http-body-util v0.1.3
[1m[92m   Compiling[0m zerotrie v0.2.3
[1m[92m   Compiling[0m derive_more-impl v1.0.0
[1m[92m   Compiling[0m bitflags v2.10.0
[1m[92m   Compiling[0m fastrand v2.3.0
[1m[92m   Compiling[0m crossbeam-utils v0.8.21
[1m[92m   Compiling[0m tower-service v0.3.3
[1m[92m   Compiling[0m icu_provider v2.1.1
[1m[92m   Compiling[0m icu_collections v2.1.1
[1m[92m   Compiling[0m spki v0.7.3
[1m[92m   Compiling[0m either v1.15.0
[1m[92m   Compiling[0m scale-info-derive v2.11.6
[1m[92m   Compiling[0m try-lock v0.2.5
[1m[92m   Compiling[0m want v0.3.1
[1m[92m   Compiling[0m icu_properties v2.1.2
[1m[92m   Compiling[0m icu_normalizer v2.1.1
[1m[92m   Compiling[0m rustls-pki-types v1.13.2
[1m[92m   Compiling[0m cmake v0.1.57
[1m[92m   Compiling[0m byteorder v1.5.0
[1m[92m   Compiling[0m rustls v0.21.12
[1m[92m   Compiling[0m httpdate v1.0.3
[1m[92m   Compiling[0m fs_extra v1.3.0
[1m[92m   Compiling[0m idna_adapter v1.2.1
[1m[92m   Compiling[0m rustls-webpki v0.101.7
[1m[92m   Compiling[0m aws-lc-sys v0.37.1
[1m[92m   Compiling[0m sct v0.7.1
[1m[92m   Compiling[0m crypto-bigint v0.5.5
[1m[92m   Compiling[0m utf8_iter v1.0.4
[1m[92m   Compiling[0m vsimd v0.8.0
[1m[92m   Compiling[0m outref v0.5.2
[1m[92m   Compiling[0m base64-simd v0.8.0
[1m[92m   Compiling[0m idna v1.1.0
[1m[92m   Compiling[0m bytes-utils v0.1.4
[1m[92m   Compiling[0m socket2 v0.4.10
[1m[92m   Compiling[0m aws-smithy-types v1.4.4
[1m[92m   Compiling[0m url v2.5.8
[1m[92m   Compiling[0m block-padding v0.3.3
[1m[92m   Compiling[0m aws-lc-rs v1.15.4
[1m[92m   Compiling[0m atomic-waker v1.1.2
[1m[92m   Compiling[0m thiserror v2.0.17
[1m[92m   Compiling[0m inout v0.1.4
[1m[92m   Compiling[0m thiserror-impl v2.0.17
[1m[92m   Compiling[0m ahash v0.8.12
[1m[92m   Compiling[0m ipnet v2.11.0
[1m[92m   Compiling[0m cipher v0.4.4
[1m[92m   Compiling[0m num-bigint v0.4.6
[1m[92m   Compiling[0m aho-corasick v1.1.4
[1m[92m   Compiling[0m camino v1.2.2
[1m[92m   Compiling[0m base64 v0.21.7
[1m[92m   Compiling[0m rustc-hex v2.1.0
[1m[92m   Compiling[0m minimal-lexical v0.2.1
[1m[92m   Compiling[0m tiny-keccak v2.0.2
[1m[92m   Compiling[0m regex-syntax v0.8.8
[1m[92m   Compiling[0m nom v7.1.3
[1m[92m   Compiling[0m regex-automata v0.4.13
[1m[92m   Compiling[0m const_format v0.2.35
[1m[92m   Compiling[0m h2 v0.3.27
[1m[92m   Compiling[0m semver v1.0.27
[1m[92m   Compiling[0m rustix v1.1.3
[1m[92m   Compiling[0m rustls v0.23.36
[1m[92m   Compiling[0m arrayvec v0.7.6
[1m[92m   Compiling[0m keccak v0.1.5
[1m[92m   Compiling[0m byte-slice-cast v1.2.3
[1m[92m   Compiling[0m sha3 v0.10.8
[1m[92m   Compiling[0m hyper v0.14.32
[1m[92m   Compiling[0m rlp v0.5.2
[1m[92m   Compiling[0m tokio-rustls v0.24.1
[1m[92m   Compiling[0m aws-smithy-async v1.2.12
[1m[92m   Compiling[0m ff v0.13.1
[1m[92m   Compiling[0m async-trait v0.1.89
[1m[92m   Compiling[0m linux-raw-sys v0.11.0
[1m[92m   Compiling[0m static_assertions v1.1.0
[1m[92m   Compiling[0m base16ct v0.2.0
[1m[92m   Compiling[0m sec1 v0.7.3
[1m[92m   Compiling[0m group v0.13.0
[1m[92m   Compiling[0m aws-smithy-runtime-api v1.11.4
[1m[92m   Compiling[0m pkcs8 v0.10.2
[1m[92m   Compiling[0m derive_more v1.0.0
[1m[92m   Compiling[0m heck v0.5.0
[1m[92m   Compiling[0m wasm-bindgen-shared v0.2.106
[1m[92m   Compiling[0m vcpkg v0.2.15
[1m[92m   Compiling[0m openssl-probe v0.1.6
[1m[92m   Compiling[0m pkg-config v0.3.32
[1m[92m   Compiling[0m base64 v0.22.1
[1m[92m   Compiling[0m tower-layer v0.3.3
[1m[92m   Compiling[0m openssl-sys v0.9.111
[1m[92m   Compiling[0m strum_macros v0.26.4
[1m[92m   Compiling[0m scale-info v2.11.6
[1m[92m   Compiling[0m elliptic-curve v0.13.8
[1m[92m   Compiling[0m fixed-hash v0.8.0
[1m[92m   Compiling[0m hyper-rustls v0.24.2
[1m[92m   Compiling[0m impl-rlp v0.3.0
[1m[92m   Compiling[0m impl-codec v0.6.0
[1m[92m   Compiling[0m regex v1.12.2
[1m[92m   Compiling[0m h2 v0.4.13
[1m[92m   Compiling[0m open-fastrlp-derive v0.1.1
[1m[92m   Compiling[0m num_enum_derive v0.7.5
[1m[92m   Compiling[0m rfc6979 v0.4.0
[1m[92m   Compiling[0m sha1 v0.10.6
[1m[92m   Compiling[0m impl-serde v0.4.0
[1m[92m   Compiling[0m signature v2.2.0
[1m[92m   Compiling[0m auto_impl v1.3.0
[1m[92m   Compiling[0m parking v2.2.1
[1m[92m   Compiling[0m lazy_static v1.5.0
[1m[92m   Compiling[0m hyper v1.8.1
[1m[92m   Compiling[0m ecdsa v0.16.9
[1m[92m   Compiling[0m uint v0.9.5
[1m[92m   Compiling[0m der v0.6.1
