QS__L1_PRIVATE_KEY length: 64 (non-empty)
QS__L1_RPC_URL: https://ethereum-sepolia-rpc.publicnode.com
[STARTUP] No .env file loaded: path not found
[STARTUP] QS__L1_PRIVATE_KEY is SET (len=64)
[STARTUP] Loading configuration...
[STARTUP] Config loaded. l1_private_key set: true
[STARTUP] l1_vault_address: Some("0x07012aeF87C6E423c32F2f8eaF81762f63337260")
[STARTUP] l1_rpc_url: Some("https://ethereum-sepolia-rpc.publicnode.com")
[STARTUP] l1.mode: testnet
[STARTUP] Initializing AppState...
[STARTUP] Initializing L1 Vault Service (vault=0x07012aeF87C6E423c32F2f8eaF81762f63337260, rpc=https://ethereum-sepolia-rpc.publicnode.com, pk_len=64)
[STARTUP] L1 Vault provider created, chain_id=11155111
[STARTUP] L1 Vault Service initialized successfully (vault=0x07012aeF87C6E423c32F2f8eaF81762f63337260)
[STARTUP] AppState initialized. l1_vault present: true
[STARTUP] auto_claim.enabled: true
[STARTUP] Spawning auto-claim service (poll_interval=60s)...
[AUTO-CLAIM] Service started, polling every 60s
[AUTO-CLAIM] Checking for claimable unlocks...
[AUTO-CLAIM] Found 0 claimable unlocks
[2m2026-05-08T10:04:34.012756Z[0m [34mDEBUG[0m [1mrequest[0m[1m{[0m[3mmethod[0m[2m=[0mGET [3muri[0m[2m=[0m/v1/health [3mversion[0m[2m=[0mHTTP/1.1[1m}[0m[2m:[0m [2mtower_http::trace::on_request[0m[2m:[0m started processing request
[2m2026-05-08T10:04:34.012835Z[0m [34mDEBUG[0m [1mrequest[0m[1m{[0m[3mmethod[0m[2m=[0mGET [3muri[0m[2m=[0m/v1/health [3mversion[0m[2m=[0mHTTP/1.1[1m}[0m[2m:[0m [2mtower_http::trace::on_response[0m[2m:[0m finished processing request [3mlatency[0m[2m=[0m0 ms [3mstatus[0m[2m=[0m200
[2m2026-05-08T10:04:34.035401Z[0m [34mDEBUG[0m [1mrequest[0m[1m{[0m[3mmethod[0m[2m=[0mGET [3muri[0m[2m=[0m/v1/health [3mversion[0m[2m=[0mHTTP/1.1[1m}[0m[2m:[0m [2mtower_http::trace::on_request[0m[2m:[0m started processing request
[2m2026-05-08T10:04:34.035471Z[0m [34mDEBUG[0m [1mrequest[0m[1m{[0m[3mmethod[0m[2m=[0mGET [3muri[0m[2m=[0m/v1/health [3mversion[0m[2m=[0mHTTP/1.1[1m}[0m[2m:[0m [2mtower_http::trace::on_response[0m[2m:[0m finished processing request [3mlatency[0m[2m=[0m0 ms [3mstatus[0m[2m=[0m200
[2m2026-05-08T10:04:36.242739Z[0m [34mDEBUG[0m [1mrequest[0m[1m{[0m[3mmethod[0m[2m=[0mPOST [3muri[0m[2m=[0m/v1/lock [3mversion[0m[2m=[0mHTTP/1.1[1m}[0m[2m:[0m [2mtower_http::trace::on_request[0m[2m:[0m started processing request
[2m2026-05-08T10:04:36.243398Z[0m [34mDEBUG[0m [1mrequest[0m[1m{[0m[3mmethod[0m[2m=[0mPOST [3muri[0m[2m=[0m/v1/lock [3mversion[0m[2m=[0mHTTP/1.1[1m}[0m[2m:[0m [2mtower_http::trace::on_response[0m[2m:[0m finished processing request [3mlatency[0m[2m=[0m0 ms [3mstatus[0m[2m=[0m400
[2m2026-05-08T10:04:36.245937Z[0m [34mDEBUG[0m [1mrequest[0m[1m{[0m[3mmethod[0m[2m=[0mPOST [3muri[0m[2m=[0m/v1/lock [3mversion[0m[2m=[0mHTTP/1.1[1m}[0m[2m:[0m [2mtower_http::trace::on_request[0m[2m:[0m started processing request
[2m2026-05-08T10:04:36.246643Z[0m [34mDEBUG[0m [1mrequest[0m[1m{[0m[3mmethod[0m[2m=[0mPOST [3muri[0m[2m=[0m/v1/lock [3mversion[0m[2m=[0mHTTP/1.1[1m}[0m[2m:[0m [2mtower_http::trace::on_response[0m[2m:[0m finished processing request [3mlatency[0m[2m=[0m0 ms [3mstatus[0m[2m=[0m400
[2m2026-05-08T10:04:36.256373Z[0m [34mDEBUG[0m [1mrequest[0m[1m{[0m[3mmethod[0m[2m=[0mPOST [3muri[0m[2m=[0m/v1/lock [3mversion[0m[2m=[0mHTTP/1.1[1m}[0m[2m:[0m [2mtower_http::trace::on_request[0m[2m:[0m started processing request
[2m2026-05-08T10:04:36.277563Z[0m [34mDEBUG[0m [1mrequest[0m[1m{[0m[3mmethod[0m[2m=[0mPOST [3muri[0m[2m=[0m/v1/lock [3mversion[0m[2m=[0mHTTP/1.1[1m}[0m[2m:[0m [2mtower_http::trace::on_request[0m[2m:[0m started processing request
[2m2026-05-08T10:04:36.665683Z[0m [34mDEBUG[0m [1mrequest[0m[1m{[0m[3mmethod[0m[2m=[0mPOST [3muri[0m[2m=[0m/v1/lock [3mversion[0m[2m=[0mHTTP/1.1[1m}[0m[2m:[0m [2mtower_http::trace::on_response[0m[2m:[0m finished processing request [3mlatency[0m[2m=[0m388 ms [3mstatus[0m[2m=[0m200
[2m2026-05-08T10:04:36.666064Z[0m [34mDEBUG[0m [1mrequest[0m[1m{[0m[3mmethod[0m[2m=[0mGET [3muri[0m[2m=[0m/v1/status/0x0f38d4ad3c7da9bf9451012c787263070053b897ea1e7db6a3f02cdd937b1291 [3mversion[0m[2m=[0mHTTP/1.1[1m}[0m[2m:[0m [2mtower_http::trace::on_request[0m[2m:[0m started processing request
[2m2026-05-08T10:04:36.666449Z[0m [34mDEBUG[0m [1mrequest[0m[1m{[0m[3mmethod[0m[2m=[0mGET [3muri[0m[2m=[0m/v1/status/0x0f38d4ad3c7da9bf9451012c787263070053b897ea1e7db6a3f02cdd937b1291 [3mversion[0m[2m=[0mHTTP/1.1[1m}[0m[2m:[0m [2mtower_http::trace::on_response[0m[2m:[0m finished processing request [3mlatency[0m[2m=[0m0 ms [3mstatus[0m[2m=[0m200
[2m2026-05-08T10:04:36.746797Z[0m [34mDEBUG[0m [1mrequest[0m[1m{[0m[3mmethod[0m[2m=[0mPOST [3muri[0m[2m=[0m/v1/lock [3mversion[0m[2m=[0mHTTP/1.1[1m}[0m[2m:[0m [2mtower_http::trace::on_response[0m[2m:[0m finished processing request [3mlatency[0m[2m=[0m490 ms [3mstatus[0m[2m=[0m200
[2m2026-05-08T10:05:03.957557Z[0m [34mDEBUG[0m [1mrequest[0m[1m{[0m[3mmethod[0m[2m=[0mGET [3muri[0m[2m=[0m/v1/health [3mversion[0m[2m=[0mHTTP/1.1[1m}[0m[2m:[0m [2mtower_http::trace::on_request[0m[2m:[0m started processing request
[2m2026-05-08T10:05:03.957634Z[0m [34mDEBUG[0m [1mrequest[0m[1m{[0m[3mmethod[0m[2m=[0mGET [3muri[0m[2m=[0m/v1/health [3mversion[0m[2m=[0mHTTP/1.1[1m}[0m[2m:[0m [2mtower_http::trace::on_response[0m[2m:[0m finished processing request [3mlatency[0m[2m=[0m0 ms [3mstatus[0m[2m=[0m200
[2m2026-05-08T10:05:04.029220Z[0m [34mDEBUG[0m [1mrequest[0m[1m{[0m[3mmethod[0m[2m=[0mPOST [3muri[0m[2m=[0m/v1/lock [3mversion[0m[2m=[0mHTTP/1.1[1m}[0m[2m:[0m [2mtower_http::trace::on_request[0m[2m:[0m started processing request
[2m2026-05-08T10:05:04.381500Z[0m [34mDEBUG[0m [1mrequest[0m[1m{[0m[3mmethod[0m[2m=[0mPOST [3muri[0m[2m=[0m/v1/lock [3mversion[0m[2m=[0mHTTP/1.1[1m}[0m[2m:[0m [2mtower_http::trace::on_response[0m[2m:[0m finished processing request [3mlatency[0m[2m=[0m352 ms [3mstatus[0m[2m=[0m200
[2m2026-05-08T10:05:04.427818Z[0m [34mDEBUG[0m [1mrequest[0m[1m{[0m[3mmethod[0m[2m=[0mPOST [3muri[0m[2m=[0m/v1/lock [3mversion[0m[2m=[0mHTTP/1.1[1m}[0m[2m:[0m [2mtower_http::trace::on_request[0m[2m:[0m started processing request
[2m2026-05-08T10:05:04.691725Z[0m [34mDEBUG[0m [1mrequest[0m[1m{[0m[3mmethod[0m[2m=[0mPOST [3muri[0m[2m=[0m/v1/lock [3mversion[0m[2m=[0mHTTP/1.1[1m}[0m[2m:[0m [2mtower_http::trace::on_response[0m[2m:[0m finished processing request [3mlatency[0m[2m=[0m263 ms [3mstatus[0m[2m=[0m200
[2m2026-05-08T10:05:04.696541Z[0m [34mDEBUG[0m [1mrequest[0m[1m{[0m[3mmethod[0m[2m=[0mGET [3muri[0m[2m=[0m/v1/explorer/locks [3mversion[0m[2m=[0mHTTP/1.1[1m}[0m[2m:[0m [2mtower_http::trace::on_request[0m[2m:[0m started processing request
[2m2026-05-08T10:05:04.699015Z[0m [34mDEBUG[0m [1mrequest[0m[1m{[0m[3mmethod[0m[2m=[0mGET [3muri[0m[2m=[0m/v1/explorer/locks [3mversion[0m[2m=[0mHTTP/1.1[1m}[0m[2m:[0m [2mtower_http::trace::on_response[0m[2m:[0m finished processing request [3mlatency[0m[2m=[0m2 ms [3mstatus[0m[2m=[0m200
[2m2026-05-08T10:05:04.729378Z[0m [34mDEBUG[0m [1mrequest[0m[1m{[0m[3mmethod[0m[2m=[0mGET [3muri[0m[2m=[0m/v1/explorer/overview [3mversion[0m[2m=[0mHTTP/1.1[1m}[0m[2m:[0m [2mtower_http::trace::on_request[0m[2m:[0m started processing request
[2m2026-05-08T10:05:04.737206Z[0m [34mDEBUG[0m [1mrequest[0m[1m{[0m[3mmethod[0m[2m=[0mGET [3muri[0m[2m=[0m/v1/explorer/overview [3mversion[0m[2m=[0mHTTP/1.1[1m}[0m[2m:[0m [2mtower_http::trace::on_response[0m[2m:[0m finished processing request [3mlatency[0m[2m=[0m7 ms [3mstatus[0m[2m=[0m200
[2m2026-05-08T10:05:04.752676Z[0m [34mDEBUG[0m [1mrequest[0m[1m{[0m[3mmethod[0m[2m=[0mPOST [3muri[0m[2m=[0m/v1/lock [3mversion[0m[2m=[0mHTTP/1.1[1m}[0m[2m:[0m [2mtower_http::trace::on_request[0m[2m:[0m started processing request
[2m2026-05-08T10:05:04.872565Z[0m [34mDEBUG[0m [1mrequest[0m[1m{[0m[3mmethod[0m[2m=[0mPOST [3muri[0m[2m=[0m/v1/lock [3mversion[0m[2m=[0mHTTP/1.1[1m}[0m[2m:[0m [2mtower_http::trace::on_response[0m[2m:[0m finished processing request [3mlatency[0m[2m=[0m119 ms [3mstatus[0m[2m=[0m200
[2m2026-05-08T10:05:04.875776Z[0m [34mDEBUG[0m [1mrequest[0m[1m{[0m[3mmethod[0m[2m=[0mGET [3muri[0m[2m=[0m/v1/explorer/overview [3mversion[0m[2m=[0mHTTP/1.1[1m}[0m[2m:[0m [2mtower_http::trace::on_request[0m[2m:[0m started processing request
[2m2026-05-08T10:05:04.881990Z[0m [34mDEBUG[0m [1mrequest[0m[1m{[0m[3mmethod[0m[2m=[0mGET [3muri[0m[2m=[0m/v1/explorer/overview [3mversion[0m[2m=[0mHTTP/1.1[1m}[0m[2m:[0m [2mtower_http::trace::on_response[0m[2m:[0m finished processing request [3mlatency[0m[2m=[0m6 ms [3mstatus[0m[2m=[0m200
[2m2026-05-08T10:05:04.904350Z[0m [34mDEBUG[0m [1mrequest[0m[1m{[0m[3mmethod[0m[2m=[0mPOST [3muri[0m[2m=[0m/v1/lock [3mversion[0m[2m=[0mHTTP/1.1[1m}[0m[2m:[0m [2mtower_http::trace::on_request[0m[2m:[0m started processing request
[2m2026-05-08T10:05:05.174957Z[0m [34mDEBUG[0m [1mrequest[0m[1m{[0m[3mmethod[0m[2m=[0mPOST [3muri[0m[2m=[0m/v1/lock [3mversion[0m[2m=[0mHTTP/1.1[1m}[0m[2m:[0m [2mtower_http::trace::on_response[0m[2m:[0m finished processing request [3mlatency[0m[2m=[0m270 ms [3mstatus[0m[2m=[0m200
[2m2026-05-08T10:05:05.178298Z[0m [34mDEBUG[0m [1mrequest[0m[1m{[0m[3mmethod[0m[2m=[0mPOST [3muri[0m[2m=[0m/v1/lock [3mversion[0m[2m=[0mHTTP/1.1[1m}[0m[2m:[0m [2mtower_http::trace::on_request[0m[2m:[0m started processing request
[2m2026-05-08T10:05:05.178898Z[0m [34mDEBUG[0m [1mrequest[0m[1m{[0m[3mmethod[0m[2m=[0mPOST [3muri[0m[2m=[0m/v1/lock [3mversion[0m[2m=[0mHTTP/1.1[1m}[0m[2m:[0m [2mtower_http::trace::on_response[0m[2m:[0m finished processing request [3mlatency[0m[2m=[0m0 ms [3mstatus[0m[2m=[0m409
[2m2026-05-08T10:05:05.207266Z[0m [34mDEBUG[0m [1mrequest[0m[1m{[0m[3mmethod[0m[2m=[0mPOST [3muri[0m[2m=[0m/v1/lock [3mversion[0m[2m=[0mHTTP/1.1[1m}[0m[2m:[0m [2mtower_http::trace::on_request[0m[2m:[0m started processing request
[2m2026-05-08T10:05:05.207851Z[0m [34mDEBUG[0m [1mrequest[0m[1m{[0m[3mmethod[0m[2m=[0mPOST [3muri[0m[2m=[0m/v1/lock [3mversion[0m[2m=[0mHTTP/1.1[1m}[0m[2m:[0m [2mtower_http::trace::on_response[0m[2m:[0m finished processing request [3mlatency[0m[2m=[0m0 ms [3mstatus[0m[2m=[0m400
[2m2026-05-08T10:05:05.222100Z[0m [34mDEBUG[0m [1mrequest[0m[1m{[0m[3mmethod[0m[2m=[0mPOST [3muri[0m[2m=[0m/v1/lock [3mversion[0m[2m=[0mHTTP/1.1[1m}[0m[2m:[0m [2mtower_http::trace::on_request[0m[2m:[0m started processing request
[2m2026-05-08T10:05:05.222170Z[0m [34mDEBUG[0m [1mrequest[0m[1m{[0m[3mmethod[0m[2m=[0mPOST [3muri[0m[2m=[0m/v1/lock [3mversion[0m[2m=[0mHTTP/1.1[1m}[0m[2m:[0m [2mtower_http::trace::on_response[0m[2m:[0m finished processing request [3mlatency[0m[2m=[0m0 ms [3mstatus[0m[2m=[0m422
[2m2026-05-08T10:05:05.249362Z[0m [34mDEBUG[0m [1mrequest[0m[1m{[0m[3mmethod[0m[2m=[0mPOST [3muri[0m[2m=[0m/v1/lock [3mversion[0m[2m=[0mHTTP/1.1[1m}[0m[2m:[0m [2mtower_http::trace::on_request[0m[2m:[0m started processing request
[2m2026-05-08T10:05:05.519625Z[0m [34mDEBUG[0m [1mrequest[0m[1m{[0m[3mmethod[0m[2m=[0mPOST [3muri[0m[2m=[0m/v1/lock [3mversion[0m[2m=[0mHTTP/1.1[1m}[0m[2m:[0m [2mtower_http::trace::on_response[0m[2m:[0m finished processing request [3mlatency[0m[2m=[0m270 ms [3mstatus[0m[2m=[0m200
[2m2026-05-08T10:05:05.546085Z[0m [34mDEBUG[0m [1mrequest[0m[1m{[0m[3mmethod[0m[2m=[0mPOST [3muri[0m[2m=[0m/v1/lock [3mversion[0m[2m=[0mHTTP/1.1[1m}[0m[2m:[0m [2mtower_http::trace::on_request[0m[2m:[0m started processing request
[2m2026-05-08T10:05:05.660945Z[0m [34mDEBUG[0m [1mrequest[0m[1m{[0m[3mmethod[0m[2m=[0mPOST [3muri[0m[2m=[0m/v1/lock [3mversion[0m[2m=[0mHTTP/1.1[1m}[0m[2m:[0m [2mtower_http::trace::on_response[0m[2m:[0m finished processing request [3mlatency[0m[2m=[0m114 ms [3mstatus[0m[2m=[0m200
[2m2026-05-08T10:05:05.688356Z[0m [34mDEBUG[0m [1mrequest[0m[1m{[0m[3mmethod[0m[2m=[0mPOST [3muri[0m[2m=[0m/v1/lock [3mversion[0m[2m=[0mHTTP/1.1[1m}[0m[2m:[0m [2mtower_http::trace::on_request[0m[2m:[0m started processing request
[2m2026-05-08T10:05:05.967004Z[0m [34mDEBUG[0m [1mrequest[0m[1m{[0m[3mmethod[0m[2m=[0mPOST [3muri[0m[2m=[0m/v1/lock [3mversion[0m[2m=[0mHTTP/1.1[1m}[0m[2m:[0m [2mtower_http::trace::on_response[0m[2m:[0m finished processing request [3mlatency[0m[2m=[0m278 ms [3mstatus[0m[2m=[0m200
[2m2026-05-08T10:05:06.929304Z[0m [34mDEBUG[0m [1mrequest[0m[1m{[0m[3mmethod[0m[2m=[0mGET [3muri[0m[2m=[0m/v1/health [3mversion[0m[2m=[0mHTTP/1.1[1m}[0m[2m:[0m [2mtower_http::trace::on_request[0m[2m:[0m started processing request
[2m2026-05-08T10:05:06.929385Z[0m [34mDEBUG[0m [1mrequest[0m[1m{[0m[3mmethod[0m[2m=[0mGET [3muri[0m[2m=[0m/v1/health [3mversion[0m[2m=[0mHTTP/1.1[1m}[0m[2m:[0m [2mtower_http::trace::on_response[0m[2m:[0m finished processing request [3mlatency[0m[2m=[0m0 ms [3mstatus[0m[2m=[0m200
[2m2026-05-08T10:05:07.009895Z[0m [34mDEBUG[0m [1mrequest[0m[1m{[0m[3mmethod[0m[2m=[0mPOST [3muri[0m[2m=[0m/v1/lock [3mversion[0m[2m=[0mHTTP/1.1[1m}[0m[2m:[0m [2mtower_http::trace::on_request[0m[2m:[0m started processing request
[2m2026-05-08T10:05:07.272611Z[0m [34mDEBUG[0m [1mrequest[0m[1m{[0m[3mmethod[0m[2m=[0mPOST [3muri[0m[2m=[0m/v1/lock [3mversion[0m[2m=[0mHTTP/1.1[1m}[0m[2m:[0m [2mtower_http::trace::on_response[0m[2m:[0m finished processing request [3mlatency[0m[2m=[0m262 ms [3mstatus[0m[2m=[0m200
[2m2026-05-08T10:05:07.332390Z[0m [34mDEBUG[0m [1mrequest[0m[1m{[0m[3mmethod[0m[2m=[0mPOST [3muri[0m[2m=[0m/v1/lock [3mversion[0m[2m=[0mHTTP/1.1[1m}[0m[2m:[0m [2mtower_http::trace::on_request[0m[2m:[0m started processing request
[2m2026-05-08T10:05:07.604596Z[0m [34mDEBUG[0m [1mrequest[0m[1m{[0m[3mmethod[0m[2m=[0mPOST [3muri[0m[2m=[0m/v1/lock [3mversion[0m[2m=[0mHTTP/1.1[1m}[0m[2m:[0m [2mtower_http::trace::on_response[0m[2m:[0m finished processing request [3mlatency[0m[2m=[0m272 ms [3mstatus[0m[2m=[0m200
[2m2026-05-08T10:05:07.609362Z[0m [34mDEBUG[0m [1mrequest[0m[1m{[0m[3mmethod[0m[2m=[0mGET [3muri[0m[2m=[0m/v1/explorer/locks [3mversion[0m[2m=[0mHTTP/1.1[1m}[0m[2m:[0m [2mtower_http::trace::on_request[0m[2m:[0m started processing request
[2m2026-05-08T10:05:07.611134Z[0m [34mDEBUG[0m [1mrequest[0m[1m{[0m[3mmethod[0m[2m=[0mGET [3muri[0m[2m=[0m/v1/explorer/locks [3mversion[0m[2m=[0mHTTP/1.1[1m}[0m[2m:[0m [2mtower_http::trace::on_response[0m[2m:[0m finished processing request [3mlatency[0m[2m=[0m1 ms [3mstatus[0m[2m=[0m200
[2m2026-05-08T10:05:07.631433Z[0m [34mDEBUG[0m [1mrequest[0m[1m{[0m[3mmethod[0m[2m=[0mGET [3muri[0m[2m=[0m/v1/explorer/overview [3mversion[0m[2m=[0mHTTP/1.1[1m}[0m[2m:[0m [2mtower_http::trace::on_request[0m[2m:[0m started processing request
[2m2026-05-08T10:05:07.638065Z[0m [34mDEBUG[0m [1mrequest[0m[1m{[0m[3mmethod[0m[2m=[0mGET [3muri[0m[2m=[0m/v1/explorer/overview [3mversion[0m[2m=[0mHTTP/1.1[1m}[0m[2m:[0m [2mtower_http::trace::on_response[0m[2m:[0m finished processing request [3mlatency[0m[2m=[0m6 ms [3mstatus[0m[2m=[0m200
[2m2026-05-08T10:05:07.649570Z[0m [34mDEBUG[0m [1mrequest[0m[1m{[0m[3mmethod[0m[2m=[0mPOST [3muri[0m[2m=[0m/v1/lock [3mversion[0m[2m=[0mHTTP/1.1[1m}[0m[2m:[0m [2mtower_http::trace::on_request[0m[2m:[0m started processing request
[2m2026-05-08T10:05:07.925479Z[0m [34mDEBUG[0m [1mrequest[0m[1m{[0m[3mmethod[0m[2m=[0mPOST [3muri[0m[2m=[0m/v1/lock [3mversion[0m[2m=[0mHTTP/1.1[1m}[0m[2m:[0m [2mtower_http::trace::on_response[0m[2m:[0m finished processing request [3mlatency[0m[2m=[0m275 ms [3mstatus[0m[2m=[0m200
[2m2026-05-08T10:05:07.928586Z[0m [34mDEBUG[0m [1mrequest[0m[1m{[0m[3mmethod[0m[2m=[0mGET [3muri[0m[2m=[0m/v1/explorer/overview [3mversion[0m[2m=[0mHTTP/1.1[1m}[0m[2m:[0m [2mtower_http::trace::on_request[0m[2m:[0m started processing request
[2m2026-05-08T10:05:07.932183Z[0m [34mDEBUG[0m [1mrequest[0m[1m{[0m[3mmethod[0m[2m=[0mGET [3muri[0m[2m=[0m/v1/explorer/overview [3mversion[0m[2m=[0mHTTP/1.1[1m}[0m[2m:[0m [2mtower_http::trace::on_response[0m[2m:[0m finished processing request [3mlatency[0m[2m=[0m3 ms [3mstatus[0m[2m=[0m200
[2m2026-05-08T10:05:07.957321Z[0m [34mDEBUG[0m [1mrequest[0m[1m{[0m[3mmethod[0m[2m=[0mPOST [3muri[0m[2m=[0m/v1/lock [3mversion[0m[2m=[0mHTTP/1.1[1m}[0m[2m:[0m [2mtower_http::trace::on_request[0m[2m:[0m started processing request
[2m2026-05-08T10:05:08.236615Z[0m [34mDEBUG[0m [1mrequest[0m[1m{[0m[3mmethod[0m[2m=[0mPOST [3muri[0m[2m=[0m/v1/lock [3mversion[0m[2m=[0mHTTP/1.1[1m}[0m[2m:[0m [2mtower_http::trace::on_response[0m[2m:[0m finished processing request [3mlatency[0m[2m=[0m279 ms [3mstatus[0m[2m=[0m200
[2m2026-05-08T10:05:08.239893Z[0m [34mDEBUG[0m [1mrequest[0m[1m{[0m[3mmethod[0m[2m=[0mPOST [3muri[0m[2m=[0m/v1/lock [3mversion[0m[2m=[0mHTTP/1.1[1m}[0m[2m:[0m [2mtower_http::trace::on_request[0m[2m:[0m started processing request
[2m2026-05-08T10:05:08.240503Z[0m [34mDEBUG[0m [1mrequest[0m[1m{[0m[3mmethod[0m[2m=[0mPOST [3muri[0m[2m=[0m/v1/lock [3mversion[0m[2m=[0mHTTP/1.1[1m}[0m[2m:[0m [2mtower_http::trace::on_response[0m[2m:[0m finished processing request [3mlatency[0m[2m=[0m0 ms [3mstatus[0m[2m=[0m409
[2m2026-05-08T10:05:08.267819Z[0m [34mDEBUG[0m [1mrequest[0m[1m{[0m[3mmethod[0m[2m=[0mPOST [3muri[0m[2m=[0m/v1/lock [3mversion[0m[2m=[0mHTTP/1.1[1m}[0m[2m:[0m [2mtower_http::trace::on_request[0m[2m:[0m started processing request
[2m2026-05-08T10:05:08.268360Z[0m [34mDEBUG[0m [1mrequest[0m[1m{[0m[3mmethod[0m[2m=[0mPOST [3muri[0m[2m=[0m/v1/lock [3mversion[0m[2m=[0mHTTP/1.1[1m}[0m[2m:[0m [2mtower_http::trace::on_response[0m[2m:[0m finished processing request [3mlatency[0m[2m=[0m0 ms [3mstatus[0m[2m=[0m400
[2m2026-05-08T10:05:08.282333Z[0m [34mDEBUG[0m [1mrequest[0m[1m{[0m[3mmethod[0m[2m=[0mPOST [3muri[0m[2m=[0m/v1/lock [3mversion[0m[2m=[0mHTTP/1.1[1m}[0m[2m:[0m [2mtower_http::trace::on_request[0m[2m:[0m started processing request
[2m2026-05-08T10:05:08.282398Z[0m [34mDEBUG[0m [1mrequest[0m[1m{[0m[3mmethod[0m[2m=[0mPOST [3muri[0m[2m=[0m/v1/lock [3mversion[0m[2m=[0mHTTP/1.1[1m}[0m[2m:[0m [2mtower_http::trace::on_response[0m[2m:[0m finished processing request [3mlatency[0m[2m=[0m0 ms [3mstatus[0m[2m=[0m422
[2m2026-05-08T10:05:08.336664Z[0m [34mDEBUG[0m [1mrequest[0m[1m{[0m[3mmethod[0m[2m=[0mPOST [3muri[0m[2m=[0m/v1/lock [3mversion[0m[2m=[0mHTTP/1.1[1m}[0m[2m:[0m [2mtower_http::trace::on_request[0m[2m:[0m started processing request
[2m2026-05-08T10:05:08.439852Z[0m [34mDEBUG[0m [1mrequest[0m[1m{[0m[3mmethod[0m[2m=[0mPOST [3muri[0m[2m=[0m/v1/lock [3mversion[0m[2m=[0mHTTP/1.1[1m}[0m[2m:[0m [2mtower_http::trace::on_response[0m[2m:[0m finished processing request [3mlatency[0m[2m=[0m103 ms [3mstatus[0m[2m=[0m200
[2m2026-05-08T10:05:08.450360Z[0m [34mDEBUG[0m [1mrequest[0m[1m{[0m[3mmethod[0m[2m=[0mPOST [3muri[0m[2m=[0m/v1/lock [3mversion[0m[2m=[0mHTTP/1.1[1m}[0m[2m:[0m [2mtower_http::trace::on_request[0m[2m:[0m started processing request
[2m2026-05-08T10:05:08.644427Z[0m [34mDEBUG[0m [1mrequest[0m[1m{[0m[3mmethod[0m[2m=[0mPOST [3muri[0m[2m=[0m/v1/lock [3mversion[0m[2m=[0mHTTP/1.1[1m}[0m[2m:[0m [2mtower_http::trace::on_response[0m[2m:[0m finished processing request [3mlatency[0m[2m=[0m194 ms [3mstatus[0m[2m=[0m200
[2m2026-05-08T10:05:08.654920Z[0m [34mDEBUG[0m [1mrequest[0m[1m{[0m[3mmethod[0m[2m=[0mPOST [3muri[0m[2m=[0m/v1/lock [3mversion[0m[2m=[0mHTTP/1.1[1m}[0m[2m:[0m [2mtower_http::trace::on_request[0m[2m:[0m started processing request
[2m2026-05-08T10:05:08.940118Z[0m [34mDEBUG[0m [1mrequest[0m[1m{[0m[3mmethod[0m[2m=[0mPOST [3muri[0m[2m=[0m/v1/lock [3mversion[0m[2m=[0mHTTP/1.1[1m}[0m[2m:[0m [2mtower_http::trace::on_response[0m[2m:[0m finished processing request [3mlatency[0m[2m=[0m285 ms [3mstatus[0m[2m=[0m200
[2m2026-05-08T10:05:09.896344Z[0m [34mDEBUG[0m [1mrequest[0m[1m{[0m[3mmethod[0m[2m=[0mGET [3muri[0m[2m=[0m/v1/health [3mversion[0m[2m=[0mHTTP/1.1[1m}[0m[2m:[0m [2mtower_http::trace::on_request[0m[2m:[0m started processing request
[2m2026-05-08T10:05:09.896421Z[0m [34mDEBUG[0m [1mrequest[0m[1m{[0m[3mmethod[0m[2m=[0mGET [3muri[0m[2m=[0m/v1/health [3mversion[0m[2m=[0mHTTP/1.1[1m}[0m[2m:[0m [2mtower_http::trace::on_response[0m[2m:[0m finished processing request [3mlatency[0m[2m=[0m0 ms [3mstatus[0m[2m=[0m200
[2m2026-05-08T10:05:09.970387Z[0m [34mDEBUG[0m [1mrequest[0m[1m{[0m[3mmethod[0m[2m=[0mPOST [3muri[0m[2m=[0m/v1/lock [3mversion[0m[2m=[0mHTTP/1.1[1m}[0m[2m:[0m [2mtower_http::trace::on_request[0m[2m:[0m started processing request
[2m2026-05-08T10:05:10.248384Z[0m [34mDEBUG[0m [1mrequest[0m[1m{[0m[3mmethod[0m[2m=[0mPOST [3muri[0m[2m=[0m/v1/lock [3mversion[0m[2m=[0mHTTP/1.1[1m}[0m[2m:[0m [2mtower_http::trace::on_response[0m[2m:[0m finished processing request [3mlatency[0m[2m=[0m278 ms [3mstatus[0m[2m=[0m200
[2m2026-05-08T10:05:10.302688Z[0m [34mDEBUG[0m [1mrequest[0m[1m{[0m[3mmethod[0m[2m=[0mPOST [3muri[0m[2m=[0m/v1/lock [3mversion[0m[2m=[0mHTTP/1.1[1m}[0m[2m:[0m [2mtower_http::trace::on_request[0m[2m:[0m started processing request
[2m2026-05-08T10:05:10.576638Z[0m [34mDEBUG[0m [1mrequest[0m[1m{[0m[3mmethod[0m[2m=[0mPOST [3muri[0m[2m=[0m/v1/lock [3mversion[0m[2m=[0mHTTP/1.1[1m}[0m[2m:[0m [2mtower_http::trace::on_response[0m[2m:[0m finished processing request [3mlatency[0m[2m=[0m273 ms [3mstatus[0m[2m=[0m200
[2m2026-05-08T10:05:10.580988Z[0m [34mDEBUG[0m [1mrequest[0m[1m{[0m[3mmethod[0m[2m=[0mGET [3muri[0m[2m=[0m/v1/explorer/locks [3mversion[0m[2m=[0mHTTP/1.1[1m}[0m[2m:[0m [2mtower_http::trace::on_request[0m[2m:[0m started processing request
[2m2026-05-08T10:05:10.582925Z[0m [34mDEBUG[0m [1mrequest[0m[1m{[0m[3mmethod[0m[2m=[0mGET [3muri[0m[2m=[0m/v1/explorer/locks [3mversion[0m[2m=[0mHTTP/1.1[1m}[0m[2m:[0m [2mtower_http::trace::on_response[0m[2m:[0m finished processing request [3mlatency[0m[2m=[0m1 ms [3mstatus[0m[2m=[0m200
[2m2026-05-08T10:05:10.604063Z[0m [34mDEBUG[0m [1mrequest[0m[1m{[0m[3mmethod[0m[2m=[0mGET [3muri[0m[2m=[0m/v1/explorer/overview [3mversion[0m[2m=[0mHTTP/1.1[1m}[0m[2m:[0m [2mtower_http::trace::on_request[0m[2m:[0m started processing request
[2m2026-05-08T10:05:10.610132Z[0m [34mDEBUG[0m [1mrequest[0m[1m{[0m[3mmethod[0m[2m=[0mGET [3muri[0m[2m=[0m/v1/explorer/overview [3mversion[0m[2m=[0mHTTP/1.1[1m}[0m[2m:[0m [2mtower_http::trace::on_response[0m[2m:[0m finished processing request [3mlatency[0m[2m=[0m6 ms [3mstatus[0m[2m=[0m200
[2m2026-05-08T10:05:10.637674Z[0m [34mDEBUG[0m [1mrequest[0m[1m{[0m[3mmethod[0m[2m=[0mPOST [3muri[0m[2m=[0m/v1/lock [3mversion[0m[2m=[0mHTTP/1.1[1m}[0m[2m:[0m [2mtower_http::trace::on_request[0m[2m:[0m started processing request
[2m2026-05-08T10:05:10.906421Z[0m [34mDEBUG[0m [1mrequest[0m[1m{[0m[3mmethod[0m[2m=[0mPOST [3muri[0m[2m=[0m/v1/lock [3mversion[0m[2m=[0mHTTP/1.1[1m}[0m[2m:[0m [2mtower_http::trace::on_response[0m[2m:[0m finished processing request [3mlatency[0m[2m=[0m268 ms [3mstatus[0m[2m=[0m200
[2m2026-05-08T10:05:10.909530Z[0m [34mDEBUG[0m [1mrequest[0m[1m{[0m[3mmethod[0m[2m=[0mGET [3muri[0m[2m=[0m/v1/explorer/overview [3mversion[0m[2m=[0mHTTP/1.1[1m}[0m[2m:[0m [2mtower_http::trace::on_request[0m[2m:[0m started processing request
[2m2026-05-08T10:05:10.912973Z[0m [34mDEBUG[0m [1mrequest[0m[1m{[0m[3mmethod[0m[2m=[0mGET [3muri[0m[2m=[0m/v1/explorer/overview [3mversion[0m[2m=[0mHTTP/1.1[1m}[0m[2m:[0m [2mtower_http::trace::on_response[0m[2m:[0m finished processing request [3mlatency[0m[2m=[0m3 ms [3mstatus[0m[2m=[0m200
[2m2026-05-08T10:05:10.941337Z[0m [34mDEBUG[0m [1mrequest[0m[1m{[0m[3mmethod[0m[2m=[0mPOST [3muri[0m[2m=[0m/v1/lock [3mversion[0m[2m=[0mHTTP/1.1[1m}[0m[2m:[0m [2mtower_http::trace::on_request[0m[2m:[0m started processing request
[2m2026-05-08T10:05:11.211391Z[0m [34mDEBUG[0m [1mrequest[0m[1m{[0m[3mmethod[0m[2m=[0mPOST [3muri[0m[2m=[0m/v1/lock [3mversion[0m[2m=[0mHTTP/1.1[1m}[0m[2m:[0m [2mtower_http::trace::on_response[0m[2m:[0m finished processing request [3mlatency[0m[2m=[0m270 ms [3mstatus[0m[2m=[0m200
[2m2026-05-08T10:05:11.214478Z[0m [34mDEBUG[0m [1mrequest[0m[1m{[0m[3mmethod[0m[2m=[0mPOST [3muri[0m[2m=[0m/v1/lock [3mversion[0m[2m=[0mHTTP/1.1[1m}[0m[2m:[0m [2mtower_http::trace::on_request[0m[2m:[0m started processing request
[2m2026-05-08T10:05:11.215094Z[0m [34mDEBUG[0m [1mrequest[0m[1m{[0m[3mmethod[0m[2m=[0mPOST [3muri[0m[2m=[0m/v1/lock [3mversion[0m[2m=[0mHTTP/1.1[1m}[0m[2m:[0m [2mtower_http::trace::on_response[0m[2m:[0m finished processing request [3mlatency[0m[2m=[0m0 ms [3mstatus[0m[2m=[0m409
[2m2026-05-08T10:05:11.268622Z[0m [34mDEBUG[0m [1mrequest[0m[1m{[0m[3mmethod[0m[2m=[0mPOST [3muri[0m[2m=[0m/v1/lock [3mversion[0m[2m=[0mHTTP/1.1[1m}[0m[2m:[0m [2mtower_http::trace::on_request[0m[2m:[0m started processing request
[2m2026-05-08T10:05:11.269281Z[0m [34mDEBUG[0m [1mrequest[0m[1m{[0m[3mmethod[0m[2m=[0mPOST [3muri[0m[2m=[0m/v1/lock [3mversion[0m[2m=[0mHTTP/1.1[1m}[0m[2m:[0m [2mtower_http::trace::on_response[0m[2m:[0m finished processing request [3mlatency[0m[2m=[0m0 ms [3mstatus[0m[2m=[0m400
[2m2026-05-08T10:05:11.282803Z[0m [34mDEBUG[0m [1mrequest[0m[1m{[0m[3mmethod[0m[2m=[0mPOST [3muri[0m[2m=[0m/v1/lock [3mversion[0m[2m=[0mHTTP/1.1[1m}[0m[2m:[0m [2mtower_http::trace::on_request[0m[2m:[0m started processing request
[2m2026-05-08T10:05:11.282883Z[0m [34mDEBUG[0m [1mrequest[0m[1m{[0m[3mmethod[0m[2m=[0mPOST [3muri[0m[2m=[0m/v1/lock [3mversion[0m[2m=[0mHTTP/1.1[1m}[0m[2m:[0m [2mtower_http::trace::on_response[0m[2m:[0m finished processing request [3mlatency[0m[2m=[0m0 ms [3mstatus[0m[2m=[0m422
[2m2026-05-08T10:05:11.307441Z[0m [34mDEBUG[0m [1mrequest[0m[1m{[0m[3mmethod[0m[2m=[0mPOST [3muri[0m[2m=[0m/v1/lock [3mversion[0m[2m=[0mHTTP/1.1[1m}[0m[2m:[0m [2mtower_http::trace::on_request[0m[2m:[0m started processing request
[2m2026-05-08T10:05:11.590792Z[0m [34mDEBUG[0m [1mrequest[0m[1m{[0m[3mmethod[0m[2m=[0mPOST [3muri[0m[2m=[0m/v1/lock [3mversion[0m[2m=[0mHTTP/1.1[1m}[0m[2m:[0m [2mtower_http::trace::on_response[0m[2m:[0m finished processing request [3mlatency[0m[2m=[0m283 ms [3mstatus[0m[2m=[0m200
[2m2026-05-08T10:05:11.609872Z[0m [34mDEBUG[0m [1mrequest[0m[1m{[0m[3mmethod[0m[2m=[0mPOST [3muri[0m[2m=[0m/v1/lock [3mversion[0m[2m=[0mHTTP/1.1[1m}[0m[2m:[0m [2mtower_http::trace::on_request[0m[2m:[0m started processing request
[2m2026-05-08T10:05:11.808093Z[0m [34mDEBUG[0m [1mrequest[0m[1m{[0m[3mmethod[0m[2m=[0mPOST [3muri[0m[2m=[0m/v1/lock [3mversion[0m[2m=[0mHTTP/1.1[1m}[0m[2m:[0m [2mtower_http::trace::on_response[0m[2m:[0m finished processing request [3mlatency[0m[2m=[0m198 ms [3mstatus[0m[2m=[0m200
[2m2026-05-08T10:05:11.822761Z[0m [34mDEBUG[0m [1mrequest[0m[1m{[0m[3mmethod[0m[2m=[0mPOST [3muri[0m[2m=[0m/v1/lock [3mversion[0m[2m=[0mHTTP/1.1[1m}[0m[2m:[0m [2mtower_http::trace::on_request[0m[2m:[0m started processing request
[2m2026-05-08T10:05:12.100842Z[0m [34mDEBUG[0m [1mrequest[0m[1m{[0m[3mmethod[0m[2m=[0mPOST [3muri[0m[2m=[0m/v1/lock [3mversion[0m[2m=[0mHTTP/1.1[1m}[0m[2m:[0m [2mtower_http::trace::on_response[0m[2m:[0m finished processing request [3mlatency[0m[2m=[0m278 ms [3mstatus[0m[2m=[0m200
[2m2026-05-08T10:05:13.059759Z[0m [34mDEBUG[0m [1mrequest[0m[1m{[0m[3mmethod[0m[2m=[0mGET [3muri[0m[2m=[0m/v1/health [3mversion[0m[2m=[0mHTTP/1.1[1m}[0m[2m:[0m [2mtower_http::trace::on_request[0m[2m:[0m started processing request
[2m2026-05-08T10:05:13.059833Z[0m [34mDEBUG[0m [1mrequest[0m[1m{[0m[3mmethod[0m[2m=[0mGET [3muri[0m[2m=[0m/v1/health [3mversion[0m[2m=[0mHTTP/1.1[1m}[0m[2m:[0m [2mtower_http::trace::on_response[0m[2m:[0m finished processing request [3mlatency[0m[2m=[0m0 ms [3mstatus[0m[2m=[0m200
[2m2026-05-08T10:05:13.140337Z[0m [34mDEBUG[0m [1mrequest[0m[1m{[0m[3mmethod[0m[2m=[0mPOST [3muri[0m[2m=[0m/v1/lock [3mversion[0m[2m=[0mHTTP/1.1[1m}[0m[2m:[0m [2mtower_http::trace::on_request[0m[2m:[0m started processing request
[2m2026-05-08T10:05:13.557087Z[0m [34mDEBUG[0m [1mrequest[0m[1m{[0m[3mmethod[0m[2m=[0mPOST [3muri[0m[2m=[0m/v1/lock [3mversion[0m[2m=[0mHTTP/1.1[1m}[0m[2m:[0m [2mtower_http::trace::on_response[0m[2m:[0m finished processing request [3mlatency[0m[2m=[0m416 ms [3mstatus[0m[2m=[0m200
[2m2026-05-08T10:05:13.610265Z[0m [34mDEBUG[0m [1mrequest[0m[1m{[0m[3mmethod[0m[2m=[0mPOST [3muri[0m[2m=[0m/v1/lock [3mversion[0m[2m=[0mHTTP/1.1[1m}[0m[2m:[0m [2mtower_http::trace::on_request[0m[2m:[0m started processing request
[2m2026-05-08T10:05:13.894008Z[0m [34mDEBUG[0m [1mrequest[0m[1m{[0m[3mmethod[0m[2m=[0mPOST [3muri[0m[2m=[0m/v1/lock [3mversion[0m[2m=[0mHTTP/1.1[1m}[0m[2m:[0m [2mtower_http::trace::on_response[0m[2m:[0m finished processing request [3mlatency[0m[2m=[0m283 ms [3mstatus[0m[2m=[0m200
[2m2026-05-08T10:05:13.898828Z[0m [34mDEBUG[0m [1mrequest[0m[1m{[0m[3mmethod[0m[2m=[0mGET [3muri[0m[2m=[0m/v1/explorer/locks [3mversion[0m[2m=[0mHTTP/1.1[1m}[0m[2m:[0m [2mtower_http::trace::on_request[0m[2m:[0m started processing request
[2m2026-05-08T10:05:13.900883Z[0m [34mDEBUG[0m [1mrequest[0m[1m{[0m[3mmethod[0m[2m=[0mGET [3muri[0m[2m=[0m/v1/explorer/locks [3mversion[0m[2m=[0mHTTP/1.1[1m}[0m[2m:[0m [2mtower_http::trace::on_response[0m[2m:[0m finished processing request [3mlatency[0m[2m=[0m2 ms [3mstatus[0m[2m=[0m200
[2m2026-05-08T10:05:13.918281Z[0m [34mDEBUG[0m [1mrequest[0m[1m{[0m[3mmethod[0m[2m=[0mGET [3muri[0m[2m=[0m/v1/explorer/overview [3mversion[0m[2m=[0mHTTP/1.1[1m}[0m[2m:[0m [2mtower_http::trace::on_request[0m[2m:[0m started processing request
[2m2026-05-08T10:05:13.923333Z[0m [34mDEBUG[0m [1mrequest[0m[1m{[0m[3mmethod[0m[2m=[0mGET [3muri[0m[2m=[0m/v1/explorer/overview [3mversion[0m[2m=[0mHTTP/1.1[1m}[0m[2m:[0m [2mtower_http::trace::on_response[0m[2m:[0m finished processing request [3mlatency[0m[2m=[0m5 ms [3mstatus[0m[2m=[0m200
[2m2026-05-08T10:05:13.934319Z[0m [34mDEBUG[0m [1mrequest[0m[1m{[0m[3mmethod[0m[2m=[0mPOST [3muri[0m[2m=[0m/v1/lock [3mversion[0m[2m=[0mHTTP/1.1[1m}[0m[2m:[0m [2mtower_http::trace::on_request[0m[2m:[0m started processing request
[2m2026-05-08T10:05:14.120368Z[0m [34mDEBUG[0m [1mrequest[0m[1m{[0m[3mmethod[0m[2m=[0mPOST [3muri[0m[2m=[0m/v1/lock [3mversion[0m[2m=[0mHTTP/1.1[1m}[0m[2m:[0m [2mtower_http::trace::on_response[0m[2m:[0m finished processing request [3mlatency[0m[2m=[0m186 ms [3mstatus[0m[2m=[0m200
[2m2026-05-08T10:05:14.123382Z[0m [34mDEBUG[0m [1mrequest[0m[1m{[0m[3mmethod[0m[2m=[0mGET [3muri[0m[2m=[0m/v1/explorer/overview [3mversion[0m[2m=[0mHTTP/1.1[1m}[0m[2m:[0m [2mtower_http::trace::on_request[0m[2m:[0m started processing request
[2m2026-05-08T10:05:14.126907Z[0m [34mDEBUG[0m [1mrequest[0m[1m{[0m[3mmethod[0m[2m=[0mGET [3muri[0m[2m=[0m/v1/explorer/overview [3mversion[0m[2m=[0mHTTP/1.1[1m}[0m[2m:[0m [2mtower_http::trace::on_response[0m[2m:[0m finished processing request [3mlatency[0m[2m=[0m3 ms [3mstatus[0m[2m=[0m200
[2m2026-05-08T10:05:14.161186Z[0m [34mDEBUG[0m [1mrequest[0m[1m{[0m[3mmethod[0m[2m=[0mPOST [3muri[0m[2m=[0m/v1/lock [3mversion[0m[2m=[0mHTTP/1.1[1m}[0m[2m:[0m [2mtower_http::trace::on_request[0m[2m:[0m started processing request
[2m2026-05-08T10:05:14.435115Z[0m [34mDEBUG[0m [1mrequest[0m[1m{[0m[3mmethod[0m[2m=[0mPOST [3muri[0m[2m=[0m/v1/lock [3mversion[0m[2m=[0mHTTP/1.1[1m}[0m[2m:[0m [2mtower_http::trace::on_response[0m[2m:[0m finished processing request [3mlatency[0m[2m=[0m273 ms [3mstatus[0m[2m=[0m200
[2m2026-05-08T10:05:14.438164Z[0m [34mDEBUG[0m [1mrequest[0m[1m{[0m[3mmethod[0m[2m=[0mPOST [3muri[0m[2m=[0m/v1/lock [3mversion[0m[2m=[0mHTTP/1.1[1m}[0m[2m:[0m [2mtower_http::trace::on_request[0m[2m:[0m started processing request
[2m2026-05-08T10:05:14.438778Z[0m [34mDEBUG[0m [1mrequest[0m[1m{[0m[3mmethod[0m[2m=[0mPOST [3muri[0m[2m=[0m/v1/lock [3mversion[0m[2m=[0mHTTP/1.1[1m}[0m[2m:[0m [2mtower_http::trace::on_response[0m[2m:[0m finished processing request [3mlatency[0m[2m=[0m0 ms [3mstatus[0m[2m=[0m409
[2m2026-05-08T10:05:14.463006Z[0m [34mDEBUG[0m [1mrequest[0m[1m{[0m[3mmethod[0m[2m=[0mPOST [3muri[0m[2m=[0m/v1/lock [3mversion[0m[2m=[0mHTTP/1.1[1m}[0m[2m:[0m [2mtower_http::trace::on_request[0m[2m:[0m started processing request
[2m2026-05-08T10:05:14.463588Z[0m [34mDEBUG[0m [1mrequest[0m[1m{[0m[3mmethod[0m[2m=[0mPOST [3muri[0m[2m=[0m/v1/lock [3mversion[0m[2m=[0mHTTP/1.1[1m}[0m[2m:[0m [2mtower_http::trace::on_response[0m[2m:[0m finished processing request [3mlatency[0m[2m=[0m0 ms [3mstatus[0m[2m=[0m400
[2m2026-05-08T10:05:14.477269Z[0m [34mDEBUG[0m [1mrequest[0m[1m{[0m[3mmethod[0m[2m=[0mPOST [3muri[0m[2m=[0m/v1/lock [3mversion[0m[2m=[0mHTTP/1.1[1m}[0m[2m:[0m [2mtower_http::trace::on_request[0m[2m:[0m started processing request
[2m2026-05-08T10:05:14.477332Z[0m [34mDEBUG[0m [1mrequest[0m[1m{[0m[3mmethod[0m[2m=[0mPOST [3muri[0m[2m=[0m/v1/lock [3mversion[0m[2m=[0mHTTP/1.1[1m}[0m[2m:[0m [2mtower_http::trace::on_response[0m[2m:[0m finished processing request [3mlatency[0m[2m=[0m0 ms [3mstatus[0m[2m=[0m422
[2m2026-05-08T10:05:14.501889Z[0m [34mDEBUG[0m [1mrequest[0m[1m{[0m[3mmethod[0m[2m=[0mPOST [3muri[0m[2m=[0m/v1/lock [3mversion[0m[2m=[0mHTTP/1.1[1m}[0m[2m:[0m [2mtower_http::trace::on_request[0m[2m:[0m started processing request
[2m2026-05-08T10:05:14.696900Z[0m [34mDEBUG[0m [1mrequest[0m[1m{[0m[3mmethod[0m[2m=[0mPOST [3muri[0m[2m=[0m/v1/lock [3mversion[0m[2m=[0mHTTP/1.1[1m}[0m[2m:[0m [2mtower_http::trace::on_response[0m[2m:[0m finished processing request [3mlatency[0m[2m=[0m195 ms [3mstatus[0m[2m=[0m200
[2m2026-05-08T10:05:14.708568Z[0m [34mDEBUG[0m [1mrequest[0m[1m{[0m[3mmethod[0m[2m=[0mPOST [3muri[0m[2m=[0m/v1/lock [3mversion[0m[2m=[0mHTTP/1.1[1m}[0m[2m:[0m [2mtower_http::trace::on_request[0m[2m:[0m started processing request
[2m2026-05-08T10:05:14.820177Z[0m [34mDEBUG[0m [1mrequest[0m[1m{[0m[3mmethod[0m[2m=[0mPOST [3muri[0m[2m=[0m/v1/lock [3mversion[0m[2m=[0mHTTP/1.1[1m}[0m[2m:[0m [2mtower_http::trace::on_response[0m[2m:[0m finished processing request [3mlatency[0m[2m=[0m111 ms [3mstatus[0m[2m=[0m200
[2m2026-05-08T10:05:14.831781Z[0m [34mDEBUG[0m [1mrequest[0m[1m{[0m[3mmethod[0m[2m=[0mPOST [3muri[0m[2m=[0m/v1/lock [3mversion[0m[2m=[0mHTTP/1.1[1m}[0m[2m:[0m [2mtower_http::trace::on_request[0m[2m:[0m started processing request
[2m2026-05-08T10:05:15.061487Z[0m [34mDEBUG[0m [1mrequest[0m[1m{[0m[3mmethod[0m[2m=[0mPOST [3muri[0m[2m=[0m/v1/lock [3mversion[0m[2m=[0mHTTP/1.1[1m}[0m[2m:[0m [2mtower_http::trace::on_response[0m[2m:[0m finished processing request [3mlatency[0m[2m=[0m229 ms [3mstatus[0m[2m=[0m200
[2m2026-05-08T10:05:16.038025Z[0m [34mDEBUG[0m [1mrequest[0m[1m{[0m[3mmethod[0m[2m=[0mGET [3muri[0m[2m=[0m/v1/health [3mversion[0m[2m=[0mHTTP/1.1[1m}[0m[2m:[0m [2mtower_http::trace::on_request[0m[2m:[0m started processing request
[2m2026-05-08T10:05:16.038103Z[0m [34mDEBUG[0m [1mrequest[0m[1m{[0m[3mmethod[0m[2m=[0mGET [3muri[0m[2m=[0m/v1/health [3mversion[0m[2m=[0mHTTP/1.1[1m}[0m[2m:[0m [2mtower_http::trace::on_response[0m[2m:[0m finished processing request [3mlatency[0m[2m=[0m0 ms [3mstatus[0m[2m=[0m200
[2m2026-05-08T10:05:16.119761Z[0m [34mDEBUG[0m [1mrequest[0m[1m{[0m[3mmethod[0m[2m=[0mPOST [3muri[0m[2m=[0m/v1/lock [3mversion[0m[2m=[0mHTTP/1.1[1m}[0m[2m:[0m [2mtower_http::trace::on_request[0m[2m:[0m started processing request
[2m2026-05-08T10:05:16.394615Z[0m [34mDEBUG[0m [1mrequest[0m[1m{[0m[3mmethod[0m[2m=[0mPOST [3muri[0m[2m=[0m/v1/lock [3mversion[0m[2m=[0mHTTP/1.1[1m}[0m[2m:[0m [2mtower_http::trace::on_response[0m[2m:[0m finished processing request [3mlatency[0m[2m=[0m274 ms [3mstatus[0m[2m=[0m200
[2m2026-05-08T10:05:16.450314Z[0m [34mDEBUG[0m [1mrequest[0m[1m{[0m[3mmethod[0m[2m=[0mPOST [3muri[0m[2m=[0m/v1/lock [3mversion[0m[2m=[0mHTTP/1.1[1m}[0m[2m:[0m [2mtower_http::trace::on_request[0m[2m:[0m started processing request
[2m2026-05-08T10:05:16.729974Z[0m [34mDEBUG[0m [1mrequest[0m[1m{[0m[3mmethod[0m[2m=[0mPOST [3muri[0m[2m=[0m/v1/lock [3mversion[0m[2m=[0mHTTP/1.1[1m}[0m[2m:[0m [2mtower_http::trace::on_response[0m[2m:[0m finished processing request [3mlatency[0m[2m=[0m279 ms [3mstatus[0m[2m=[0m200
[2m2026-05-08T10:05:16.734853Z[0m [34mDEBUG[0m [1mrequest[0m[1m{[0m[3mmethod[0m[2m=[0mGET [3muri[0m[2m=[0m/v1/explorer/locks [3mversion[0m[2m=[0mHTTP/1.1[1m}[0m[2m:[0m [2mtower_http::trace::on_request[0m[2m:[0m started processing request
[2m2026-05-08T10:05:16.736689Z[0m [34mDEBUG[0m [1mrequest[0m[1m{[0m[3mmethod[0m[2m=[0mGET [3muri[0m[2m=[0m/v1/explorer/locks [3mversion[0m[2m=[0mHTTP/1.1[1m}[0m[2m:[0m [2mtower_http::trace::on_response[0m[2m:[0m finished processing request [3mlatency[0m[2m=[0m1 ms [3mstatus[0m[2m=[0m200
[2m2026-05-08T10:05:16.757197Z[0m [34mDEBUG[0m [1mrequest[0m[1m{[0m[3mmethod[0m[2m=[0mGET [3muri[0m[2m=[0m/v1/explorer/overview [3mversion[0m[2m=[0mHTTP/1.1[1m}[0m[2m:[0m [2mtower_http::trace::on_request[0m[2m:[0m started processing request
[2m2026-05-08T10:05:16.761038Z[0m [34mDEBUG[0m [1mrequest[0m[1m{[0m[3mmethod[0m[2m=[0mGET [3muri[0m[2m=[0m/v1/explorer/overview [3mversion[0m[2m=[0mHTTP/1.1[1m}[0m[2m:[0m [2mtower_http::trace::on_response[0m[2m:[0m finished processing request [3mlatency[0m[2m=[0m3 ms [3mstatus[0m[2m=[0m200
[2m2026-05-08T10:05:16.774121Z[0m [34mDEBUG[0m [1mrequest[0m[1m{[0m[3mmethod[0m[2m=[0mPOST [3muri[0m[2m=[0m/v1/lock [3mversion[0m[2m=[0mHTTP/1.1[1m}[0m[2m:[0m [2mtower_http::trace::on_request[0m[2m:[0m started processing request
[2m2026-05-08T10:05:17.058705Z[0m [34mDEBUG[0m [1mrequest[0m[1m{[0m[3mmethod[0m[2m=[0mPOST [3muri[0m[2m=[0m/v1/lock [3mversion[0m[2m=[0mHTTP/1.1[1m}[0m[2m:[0m [2mtower_http::trace::on_response[0m[2m:[0m finished processing request [3mlatency[0m[2m=[0m284 ms [3mstatus[0m[2m=[0m200
[2m2026-05-08T10:05:17.062210Z[0m [34mDEBUG[0m [1mrequest[0m[1m{[0m[3mmethod[0m[2m=[0mGET [3muri[0m[2m=[0m/v1/explorer/overview [3mversion[0m[2m=[0mHTTP/1.1[1m}[0m[2m:[0m [2mtower_http::trace::on_request[0m[2m:[0m started processing request
[2m2026-05-08T10:05:17.065996Z[0m [34mDEBUG[0m [1mrequest[0m[1m{[0m[3mmethod[0m[2m=[0mGET [3muri[0m[2m=[0m/v1/explorer/overview [3mversion[0m[2m=[0mHTTP/1.1[1m}[0m[2m:[0m [2mtower_http::trace::on_response[0m[2m:[0m finished processing request [3mlatency[0m[2m=[0m3 ms [3mstatus[0m[2m=[0m200
[2m2026-05-08T10:05:17.092352Z[0m [34mDEBUG[0m [1mrequest[0m[1m{[0m[3mmethod[0m[2m=[0mPOST [3muri[0m[2m=[0m/v1/lock [3mversion[0m[2m=[0mHTTP/1.1[1m}[0m[2m:[0m [2mtower_http::trace::on_request[0m[2m:[0m started processing request
[2m2026-05-08T10:05:17.366209Z[0m [34mDEBUG[0m [1mrequest[0m[1m{[0m[3mmethod[0m[2m=[0mPOST [3muri[0m[2m=[0m/v1/lock [3mversion[0m[2m=[0mHTTP/1.1[1m}[0m[2m:[0m [2mtower_http::trace::on_response[0m[2m:[0m finished processing request [3mlatency[0m[2m=[0m273 ms [3mstatus[0m[2m=[0m200
[2m2026-05-08T10:05:17.369389Z[0m [34mDEBUG[0m [1mrequest[0m[1m{[0m[3mmethod[0m[2m=[0mPOST [3muri[0m[2m=[0m/v1/lock [3mversion[0m[2m=[0mHTTP/1.1[1m}[0m[2m:[0m [2mtower_http::trace::on_request[0m[2m:[0m started processing request
[2m2026-05-08T10:05:17.370060Z[0m [34mDEBUG[0m [1mrequest[0m[1m{[0m[3mmethod[0m[2m=[0mPOST [3muri[0m[2m=[0m/v1/lock [3mversion[0m[2m=[0mHTTP/1.1[1m}[0m[2m:[0m [2mtower_http::trace::on_response[0m[2m:[0m finished processing request [3mlatency[0m[2m=[0m0 ms [3mstatus[0m[2m=[0m409
[2m2026-05-08T10:05:17.391881Z[0m [34mDEBUG[0m [1mrequest[0m[1m{[0m[3mmethod[0m[2m=[0mPOST [3muri[0m[2m=[0m/v1/lock [3mversion[0m[2m=[0mHTTP/1.1[1m}[0m[2m:[0m [2mtower_http::trace::on_request[0m[2m:[0m started processing request
[2m2026-05-08T10:05:17.392520Z[0m [34mDEBUG[0m [1mrequest[0m[1m{[0m[3mmethod[0m[2m=[0mPOST [3muri[0m[2m=[0m/v1/lock [3mversion[0m[2m=[0mHTTP/1.1[1m}[0m[2m:[0m [2mtower_http::trace::on_response[0m[2m:[0m finished processing request [3mlatency[0m[2m=[0m0 ms [3mstatus[0m[2m=[0m400
[2m2026-05-08T10:05:17.407032Z[0m [34mDEBUG[0m [1mrequest[0m[1m{[0m[3mmethod[0m[2m=[0mPOST [3muri[0m[2m=[0m/v1/lock [3mversion[0m[2m=[0mHTTP/1.1[1m}[0m[2m:[0m [2mtower_http::trace::on_request[0m[2m:[0m started processing request
[2m2026-05-08T10:05:17.407130Z[0m [34mDEBUG[0m [1mrequest[0m[1m{[0m[3mmethod[0m[2m=[0mPOST [3muri[0m[2m=[0m/v1/lock [3mversion[0m[2m=[0mHTTP/1.1[1m}[0m[2m:[0m [2mtower_http::trace::on_response[0m[2m:[0m finished processing request [3mlatency[0m[2m=[0m0 ms [3mstatus[0m[2m=[0m422
[2m2026-05-08T10:05:17.429500Z[0m [34mDEBUG[0m [1mrequest[0m[1m{[0m[3mmethod[0m[2m=[0mPOST [3muri[0m[2m=[0m/v1/lock [3mversion[0m[2m=[0mHTTP/1.1[1m}[0m[2m:[0m [2mtower_http::trace::on_request[0m[2m:[0m started processing request
[2m2026-05-08T10:05:17.827598Z[0m [34mDEBUG[0m [1mrequest[0m[1m{[0m[3mmethod[0m[2m=[0mPOST [3muri[0m[2m=[0m/v1/lock [3mversion[0m[2m=[0mHTTP/1.1[1m}[0m[2m:[0m [2mtower_http::trace::on_response[0m[2m:[0m finished processing request [3mlatency[0m[2m=[0m398 ms [3mstatus[0m[2m=[0m200
[2m2026-05-08T10:05:17.850602Z[0m [34mDEBUG[0m [1mrequest[0m[1m{[0m[3mmethod[0m[2m=[0mPOST [3muri[0m[2m=[0m/v1/lock [3mversion[0m[2m=[0mHTTP/1.1[1m}[0m[2m:[0m [2mtower_http::trace::on_request[0m[2m:[0m started processing request
[2m2026-05-08T10:05:18.209273Z[0m [34mDEBUG[0m [1mrequest[0m[1m{[0m[3mmethod[0m[2m=[0mPOST [3muri[0m[2m=[0m/v1/lock [3mversion[0m[2m=[0mHTTP/1.1[1m}[0m[2m:[0m [2mtower_http::trace::on_response[0m[2m:[0m finished processing request [3mlatency[0m[2m=[0m358 ms [3mstatus[0m[2m=[0m200
[2m2026-05-08T10:05:18.219866Z[0m [34mDEBUG[0m [1mrequest[0m[1m{[0m[3mmethod[0m[2m=[0mPOST [3muri[0m[2m=[0m/v1/lock [3mversion[0m[2m=[0mHTTP/1.1[1m}[0m[2m:[0m [2mtower_http::trace::on_request[0m[2m:[0m started processing request
[2m2026-05-08T10:05:18.507574Z[0m [34mDEBUG[0m [1mrequest[0m[1m{[0m[3mmethod[0m[2m=[0mPOST [3muri[0m[2m=[0m/v1/lock [3mversion[0m[2m=[0mHTTP/1.1[1m}[0m[2m:[0m [2mtower_http::trace::on_response[0m[2m:[0m finished processing request [3mlatency[0m[2m=[0m287 ms [3mstatus[0m[2m=[0m200
