[    8273ms] [ERROR] Failed to load resource: the server responded with a status of 401 (Unauthorized) @ http://localhost:8080/v1/user/dashboard:0
[    8298ms] [ERROR] Failed to load resource: the server responded with a status of 401 (Unauthorized) @ http://localhost:8080/v1/user/transactions?per_page=10:0
[    8337ms] [ERROR] Failed to load resource: the server responded with a status of 404 (Not Found) @ http://localhost:3000/favicon.ico:0
[    8462ms] [WARNING] Lit is in dev mode. Not recommended for production! See https://lit.dev/msg/dev-mode for more information. @ http://localhost:3000/_next/static/chunks/5bcb1__pnpm_e9a3a686._.js:5643
[   34630ms] [ERROR] Lock failed: Error: Minimum lock amount is 0.01 ETH
    at LockProcessing.useCallback[executeLock] (http://localhost:3000/_next/static/chunks/apps_web_src_5b21c552._.js:2537:27)
    at LockProcessing.useEffect (http://localhost:3000/_next/static/chunks/apps_web_src_5b21c552._.js:2650:17)
    at Object.react_stack_bottom_frame (http://localhost:3000/_next/static/chunks/d2b29_next_dist_compiled_react-dom_a85270bd._.js:13122:22)
    at runWithFiberInDEV (http://localhost:3000/_next/static/chunks/d2b29_next_dist_compiled_react-dom_a85270bd._.js:886:74)
    at commitHookEffectListMount (http://localhost:3000/_next/static/chunks/d2b29_next_dist_compiled_react-dom_a85270bd._.js:6640:628)
    at commitHookPassiveMountEffects (http://localhost:3000/_next/static/chunks/d2b29_next_dist_compiled_react-dom_a85270bd._.js:6675:60)
    at commitPassiveMountOnFiber (http://localhost:3000/_next/static/chunks/d2b29_next_dist_compiled_react-dom_a85270bd._.js:7630:33)
    at recursivelyTraversePassiveMountEffects (http://localhost:3000/_next/static/chunks/d2b29_next_dist_compiled_react-dom_a85270bd._.js:7621:106)
    at commitPassiveMountOnFiber (http://localhost:3000/_next/static/chunks/d2b29_next_dist_compiled_react-dom_a85270bd._.js:7629:17)
    at recursivelyTraversePassiveMountEffects (http://localhost:3000/_next/static/chunks/d2b29_next_dist_compiled_react-dom_a85270bd._.js:7621:106)
    at commitPassiveMountOnFiber (http://localhost:3000/_next/static/chunks/d2b29_next_dist_compiled_react-dom_a85270bd._.js:7629:17)
    at recursivelyTraversePassiveMountEffects (http://localhost:3000/_next/static/chunks/d2b29_next_dist_compiled_react-dom_a85270bd._.js:7621:106)
    at commitPassiveMountOnFiber (http://localhost:3000/_next/static/chunks/d2b29_next_dist_compiled_react-dom_a85270bd._.js:7629:17)
    at recursivelyTraversePassiveMountEffects (http://localhost:3000/_next/static/chunks/d2b29_next_dist_compiled_react-dom_a85270bd._.js:7621:106)
    at commitPassiveMountOnFiber (http://localhost:3000/_next/static/chunks/d2b29_next_dist_compiled_react-dom_a85270bd._.js:7673:17)
    at recursivelyTraversePassiveMountEffects (http://localhost:3000/_next/static/chunks/d2b29_next_dist_compiled_react-dom_a85270bd._.js:7621:106)
    at commitPassiveMountOnFiber (http://localhost:3000/_next/static/chunks/d2b29_next_dist_compiled_react-dom_a85270bd._.js:7673:17)
    at recursivelyTraversePassiveMountEffects (http://localhost:3000/_next/static/chunks/d2b29_next_dist_compiled_react-dom_a85270bd._.js:7621:106)
    at commitPassiveMountOnFiber (http://localhost:3000/_next/static/chunks/d2b29_next_dist_compiled_react-dom_a85270bd._.js:7629:17)
    at recursivelyTraversePassiveMountEffects (http://localhost:3000/_next/static/chunks/d2b29_next_dist_compiled_react-dom_a85270bd._.js:7621:106)
    at commitPassiveMountOnFiber (http://localhost:3000/_next/static/chunks/d2b29_next_dist_compiled_react-dom_a85270bd._.js:7633:17)
    at recursivelyTraversePassiveMountEffects (http://localhost:3000/_next/static/chunks/d2b29_next_dist_compiled_react-dom_a85270bd._.js:7621:106)
    at commitPassiveMountOnFiber (http://localhost:3000/_next/static/chunks/d2b29_next_dist_compiled_react-dom_a85270bd._.js:7629:17)
    at recursivelyTraversePassiveMountEffects (http://localhost:3000/_next/static/chunks/d2b29_next_dist_compiled_react-dom_a85270bd._.js:7621:106)
    at commitPassiveMountOnFiber (http://localhost:3000/_next/static/chunks/d2b29_next_dist_compiled_react-dom_a85270bd._.js:7629:17)
    at recursivelyTraversePassiveMountEffects (http://localhost:3000/_next/static/chunks/d2b29_next_dist_compiled_react-dom_a85270bd._.js:7621:106)
    at commitPassiveMountOnFiber (http://localhost:3000/_next/static/chunks/d2b29_next_dist_compiled_react-dom_a85270bd._.js:7629:17)
    at recursivelyTraversePassiveMountEffects (http://localhost:3000/_next/static/chunks/d2b29_next_dist_compiled_react-dom_a85270bd._.js:7621:106)
    at commitPassiveMountOnFiber (http://localhost:3000/_next/static/chunks/d2b29_next_dist_compiled_react-dom_a85270bd._.js:7629:17)
    at recursivelyTraversePassiveMountEffects (http://localhost:3000/_next/static/chunks/d2b29_next_dist_compiled_react-dom_a85270bd._.js:7621:106)
    at commitPassiveMountOnFiber (http://localhost:3000/_next/static/chunks/d2b29_next_dist_compiled_react-dom_a85270bd._.js:7633:17)
    at recursivelyTraversePassiveMountEffects (http://localhost:3000/_next/static/chunks/d2b29_next_dist_compiled_react-dom_a85270bd._.js:7621:106)
    at commitPassiveMountOnFiber (http://localhost:3000/_next/static/chunks/d2b29_next_dist_compiled_react-dom_a85270bd._.js:7629:17)
    at recursivelyTraversePassiveMountEffects (http://localhost:3000/_next/static/chunks/d2b29_next_dist_compiled_react-dom_a85270bd._.js:7621:106)
    at commitPassiveMountOnFiber (http://localhost:3000/_next/static/chunks/d2b29_next_dist_compiled_react-dom_a85270bd._.js:7629:17)
    at recursivelyTraversePassiveMountEffects (http://localhost:3000/_next/static/chunks/d2b29_next_dist_compiled_react-dom_a85270bd._.js:7621:106)
    at commitPassiveMountOnFiber (http://localhost:3000/_next/static/chunks/d2b29_next_dist_compiled_react-dom_a85270bd._.js:7673:17)
    at recursivelyTraversePassiveMountEffects (http://localhost:3000/_next/static/chunks/d2b29_next_dist_compiled_react-dom_a85270bd._.js:7621:106)
    at commitPassiveMountOnFiber (http://localhost:3000/_next/static/chunks/d2b29_next_dist_compiled_react-dom_a85270bd._.js:7673:17)
    at recursivelyTraversePassiveMountEffects (http://localhost:3000/_next/static/chunks/d2b29_next_dist_compiled_react-dom_a85270bd._.js:7621:106)
    at commitPassiveMountOnFiber (http://localhost:3000/_next/static/chunks/d2b29_next_dist_compiled_react-dom_a85270bd._.js:7629:17)
    at recursivelyTraversePassiveMountEffects (http://localhost:3000/_next/static/chunks/d2b29_next_dist_compiled_react-dom_a85270bd._.js:7621:106)
    at commitPassiveMountOnFiber (http://localhost:3000/_next/static/chunks/d2b29_next_dist_compiled_react-dom_a85270bd._.js:7629:17)
    at recursivelyTraversePassiveMountEffects (http://localhost:3000/_next/static/chunks/d2b29_next_dist_compiled_react-dom_a85270bd._.js:7621:106)
    at commitPassiveMountOnFiber (http://localhost:3000/_next/static/chunks/d2b29_next_dist_compiled_react-dom_a85270bd._.js:7673:17)
    at recursivelyTraversePassiveMountEffects (http://localhost:3000/_next/static/chunks/d2b29_next_dist_compiled_react-dom_a85270bd._.js:7621:106)
    at commitPassiveMountOnFiber (http://localhost:3000/_next/static/chunks/d2b29_next_dist_compiled_react-dom_a85270bd._.js:7673:17)
    at recursivelyTraversePassiveMountEffects (http://localhost:3000/_next/static/chunks/d2b29_next_dist_compiled_react-dom_a85270bd._.js:7621:106)
    at commitPassiveMountOnFiber (http://localhost:3000/_next/static/chunks/d2b29_next_dist_compiled_react-dom_a85270bd._.js:7629:17)
    at recursivelyTraversePassiveMountEffects (http://localhost:3000/_next/static/chunks/d2b29_next_dist_compiled_react-dom_a85270bd._.js:7621:106) @ http://localhost:3000/_next/static/chunks/d2b29_next_dist_dda2d0f2._.js:2359
[   40695ms] [ERROR] Failed to load resource: the server responded with a status of 401 (Unauthorized) @ http://localhost:8080/v1/user/transactions?per_page=10:0
[   40696ms] [ERROR] Failed to load resource: the server responded with a status of 401 (Unauthorized) @ http://localhost:8080/v1/user/dashboard:0
[   56633ms] [ERROR] Lock failed: Error: Wallet not connected. Please connect your wallet and try again.
    at LockProcessing.useCallback[executeLock] (http://localhost:3000/_next/static/chunks/apps_web_src_5b21c552._.js:2541:27)
    at LockProcessing.useEffect (http://localhost:3000/_next/static/chunks/apps_web_src_5b21c552._.js:2650:17)
    at Object.react_stack_bottom_frame (http://localhost:3000/_next/static/chunks/d2b29_next_dist_compiled_react-dom_a85270bd._.js:13122:22)
    at runWithFiberInDEV (http://localhost:3000/_next/static/chunks/d2b29_next_dist_compiled_react-dom_a85270bd._.js:886:74)
    at commitHookEffectListMount (http://localhost:3000/_next/static/chunks/d2b29_next_dist_compiled_react-dom_a85270bd._.js:6640:628)
    at commitHookPassiveMountEffects (http://localhost:3000/_next/static/chunks/d2b29_next_dist_compiled_react-dom_a85270bd._.js:6675:60)
    at commitPassiveMountOnFiber (http://localhost:3000/_next/static/chunks/d2b29_next_dist_compiled_react-dom_a85270bd._.js:7630:33)
    at recursivelyTraversePassiveMountEffects (http://localhost:3000/_next/static/chunks/d2b29_next_dist_compiled_react-dom_a85270bd._.js:7621:106)
    at commitPassiveMountOnFiber (http://localhost:3000/_next/static/chunks/d2b29_next_dist_compiled_react-dom_a85270bd._.js:7629:17)
    at recursivelyTraversePassiveMountEffects (http://localhost:3000/_next/static/chunks/d2b29_next_dist_compiled_react-dom_a85270bd._.js:7621:106)
    at commitPassiveMountOnFiber (http://localhost:3000/_next/static/chunks/d2b29_next_dist_compiled_react-dom_a85270bd._.js:7629:17)
    at recursivelyTraversePassiveMountEffects (http://localhost:3000/_next/static/chunks/d2b29_next_dist_compiled_react-dom_a85270bd._.js:7621:106)
    at commitPassiveMountOnFiber (http://localhost:3000/_next/static/chunks/d2b29_next_dist_compiled_react-dom_a85270bd._.js:7629:17)
    at recursivelyTraversePassiveMountEffects (http://localhost:3000/_next/static/chunks/d2b29_next_dist_compiled_react-dom_a85270bd._.js:7621:106)
    at commitPassiveMountOnFiber (http://localhost:3000/_next/static/chunks/d2b29_next_dist_compiled_react-dom_a85270bd._.js:7673:17)
    at recursivelyTraversePassiveMountEffects (http://localhost:3000/_next/static/chunks/d2b29_next_dist_compiled_react-dom_a85270bd._.js:7621:106)
    at commitPassiveMountOnFiber (http://localhost:3000/_next/static/chunks/d2b29_next_dist_compiled_react-dom_a85270bd._.js:7673:17)
    at recursivelyTraversePassiveMountEffects (http://localhost:3000/_next/static/chunks/d2b29_next_dist_compiled_react-dom_a85270bd._.js:7621:106)
    at commitPassiveMountOnFiber (http://localhost:3000/_next/static/chunks/d2b29_next_dist_compiled_react-dom_a85270bd._.js:7629:17)
    at recursivelyTraversePassiveMountEffects (http://localhost:3000/_next/static/chunks/d2b29_next_dist_compiled_react-dom_a85270bd._.js:7621:106)
    at commitPassiveMountOnFiber (http://localhost:3000/_next/static/chunks/d2b29_next_dist_compiled_react-dom_a85270bd._.js:7633:17)
    at recursivelyTraversePassiveMountEffects (http://localhost:3000/_next/static/chunks/d2b29_next_dist_compiled_react-dom_a85270bd._.js:7621:106)
    at commitPassiveMountOnFiber (http://localhost:3000/_next/static/chunks/d2b29_next_dist_compiled_react-dom_a85270bd._.js:7629:17)
    at recursivelyTraversePassiveMountEffects (http://localhost:3000/_next/static/chunks/d2b29_next_dist_compiled_react-dom_a85270bd._.js:7621:106)
    at commitPassiveMountOnFiber (http://localhost:3000/_next/static/chunks/d2b29_next_dist_compiled_react-dom_a85270bd._.js:7629:17)
    at recursivelyTraversePassiveMountEffects (http://localhost:3000/_next/static/chunks/d2b29_next_dist_compiled_react-dom_a85270bd._.js:7621:106)
    at commitPassiveMountOnFiber (http://localhost:3000/_next/static/chunks/d2b29_next_dist_compiled_react-dom_a85270bd._.js:7629:17)
    at recursivelyTraversePassiveMountEffects (http://localhost:3000/_next/static/chunks/d2b29_next_dist_compiled_react-dom_a85270bd._.js:7621:106)
    at commitPassiveMountOnFiber (http://localhost:3000/_next/static/chunks/d2b29_next_dist_compiled_react-dom_a85270bd._.js:7629:17)
    at recursivelyTraversePassiveMountEffects (http://localhost:3000/_next/static/chunks/d2b29_next_dist_compiled_react-dom_a85270bd._.js:7621:106)
    at commitPassiveMountOnFiber (http://localhost:3000/_next/static/chunks/d2b29_next_dist_compiled_react-dom_a85270bd._.js:7633:17)
    at recursivelyTraversePassiveMountEffects (http://localhost:3000/_next/static/chunks/d2b29_next_dist_compiled_react-dom_a85270bd._.js:7621:106)
    at commitPassiveMountOnFiber (http://localhost:3000/_next/static/chunks/d2b29_next_dist_compiled_react-dom_a85270bd._.js:7629:17)
    at recursivelyTraversePassiveMountEffects (http://localhost:3000/_next/static/chunks/d2b29_next_dist_compiled_react-dom_a85270bd._.js:7621:106)
    at commitPassiveMountOnFiber (http://localhost:3000/_next/static/chunks/d2b29_next_dist_compiled_react-dom_a85270bd._.js:7629:17)
    at recursivelyTraversePassiveMountEffects (http://localhost:3000/_next/static/chunks/d2b29_next_dist_compiled_react-dom_a85270bd._.js:7621:106)
    at commitPassiveMountOnFiber (http://localhost:3000/_next/static/chunks/d2b29_next_dist_compiled_react-dom_a85270bd._.js:7673:17)
    at recursivelyTraversePassiveMountEffects (http://localhost:3000/_next/static/chunks/d2b29_next_dist_compiled_react-dom_a85270bd._.js:7621:106)
    at commitPassiveMountOnFiber (http://localhost:3000/_next/static/chunks/d2b29_next_dist_compiled_react-dom_a85270bd._.js:7673:17)
    at recursivelyTraversePassiveMountEffects (http://localhost:3000/_next/static/chunks/d2b29_next_dist_compiled_react-dom_a85270bd._.js:7621:106)
    at commitPassiveMountOnFiber (http://localhost:3000/_next/static/chunks/d2b29_next_dist_compiled_react-dom_a85270bd._.js:7629:17)
    at recursivelyTraversePassiveMountEffects (http://localhost:3000/_next/static/chunks/d2b29_next_dist_compiled_react-dom_a85270bd._.js:7621:106)
    at commitPassiveMountOnFiber (http://localhost:3000/_next/static/chunks/d2b29_next_dist_compiled_react-dom_a85270bd._.js:7629:17)
    at recursivelyTraversePassiveMountEffects (http://localhost:3000/_next/static/chunks/d2b29_next_dist_compiled_react-dom_a85270bd._.js:7621:106)
    at commitPassiveMountOnFiber (http://localhost:3000/_next/static/chunks/d2b29_next_dist_compiled_react-dom_a85270bd._.js:7673:17)
    at recursivelyTraversePassiveMountEffects (http://localhost:3000/_next/static/chunks/d2b29_next_dist_compiled_react-dom_a85270bd._.js:7621:106)
    at commitPassiveMountOnFiber (http://localhost:3000/_next/static/chunks/d2b29_next_dist_compiled_react-dom_a85270bd._.js:7673:17)
    at recursivelyTraversePassiveMountEffects (http://localhost:3000/_next/static/chunks/d2b29_next_dist_compiled_react-dom_a85270bd._.js:7621:106)
    at commitPassiveMountOnFiber (http://localhost:3000/_next/static/chunks/d2b29_next_dist_compiled_react-dom_a85270bd._.js:7629:17)
    at recursivelyTraversePassiveMountEffects (http://localhost:3000/_next/static/chunks/d2b29_next_dist_compiled_react-dom_a85270bd._.js:7621:106) @ http://localhost:3000/_next/static/chunks/d2b29_next_dist_dda2d0f2._.js:2359
