# frontend step
# command: cd src/frontend/web && npx playwright test e2e/integration/lock.integration.spec.ts --reporter=json
# exit: 0

# STDOUT
{
  "config": {
    "configFile": "/home/runner/work/quantum-shield/quantum-shield/src/frontend/web/playwright.config.ts",
    "rootDir": "/home/runner/work/quantum-shield/quantum-shield/src/frontend/web/e2e",
    "forbidOnly": true,
    "fullyParallel": true,
    "globalSetup": null,
    "globalTeardown": null,
    "globalTimeout": 0,
    "grep": {},
    "grepInvert": null,
    "maxFailures": 0,
    "metadata": {
      "ci": {
        "commitHref": "https://github.com/kota1026/quantum-shield/commit/d91009c05f0eb85e851dbd828159fa3a9db83431",
        "commitHash": "d91009c05f0eb85e851dbd828159fa3a9db83431",
        "buildHref": "https://github.com/kota1026/quantum-shield/actions/runs/25588391389"
      },
      "gitCommit": {
        "shortHash": "d91009c",
        "hash": "d91009c05f0eb85e851dbd828159fa3a9db83431",
        "subject": "ci(e2e-orchestrator): run 25559410834 [skip ci]",
        "body": "ci(e2e-orchestrator): run 25559410834 [skip ci]\n",
        "author": {
          "name": "github-actions[bot]",
          "email": "41898282+github-actions[bot]@users.noreply.github.com",
          "time": 1778249556000
        },
        "committer": {
          "name": "github-actions[bot]",
          "email": "41898282+github-actions[bot]@users.noreply.github.com",
          "time": 1778249557000
        },
        "branch": "main"
      },
      "actualWorkers": 1
    },
    "preserveOutput": "always",
    "reporter": [
      [
        "json"
      ]
    ],
    "reportSlowTests": {
      "max": 5,
      "threshold": 300000
    },
    "quiet": false,
    "projects": [
      {
        "outputDir": "/home/runner/work/quantum-shield/quantum-shield/src/frontend/web/test-results",
        "repeatEach": 1,
        "retries": 2,
        "metadata": {
          "ci": {
            "commitHref": "https://github.com/kota1026/quantum-shield/commit/d91009c05f0eb85e851dbd828159fa3a9db83431",
            "commitHash": "d91009c05f0eb85e851dbd828159fa3a9db83431",
            "buildHref": "https://github.com/kota1026/quantum-shield/actions/runs/25588391389"
          },
          "gitCommit": {
            "shortHash": "d91009c",
            "hash": "d91009c05f0eb85e851dbd828159fa3a9db83431",
            "subject": "ci(e2e-orchestrator): run 25559410834 [skip ci]",
            "body": "ci(e2e-orchestrator): run 25559410834 [skip ci]\n",
            "author": {
              "name": "github-actions[bot]",
              "email": "41898282+github-actions[bot]@users.noreply.github.com",
              "time": 1778249556000
            },
            "committer": {
              "name": "github-actions[bot]",
              "email": "41898282+github-actions[bot]@users.noreply.github.com",
              "time": 1778249557000
            },
            "branch": "main"
          },
          "actualWorkers": 1
        },
        "id": "chromium",
        "name": "chromium",
        "testDir": "/home/runner/work/quantum-shield/quantum-shield/src/frontend/web/e2e",
        "testIgnore": [],
        "testMatch": [
          "**/*.@(spec|test).?(c|m)[jt]s?(x)"
        ],
        "timeout": 30000
      },
      {
        "outputDir": "/home/runner/work/quantum-shield/quantum-shield/src/frontend/web/test-results",
        "repeatEach": 1,
        "retries": 2,
        "metadata": {
          "ci": {
            "commitHref": "https://github.com/kota1026/quantum-shield/commit/d91009c05f0eb85e851dbd828159fa3a9db83431",
            "commitHash": "d91009c05f0eb85e851dbd828159fa3a9db83431",
            "buildHref": "https://github.com/kota1026/quantum-shield/actions/runs/25588391389"
          },
          "gitCommit": {
            "shortHash": "d91009c",
            "hash": "d91009c05f0eb85e851dbd828159fa3a9db83431",
            "subject": "ci(e2e-orchestrator): run 25559410834 [skip ci]",
            "body": "ci(e2e-orchestrator): run 25559410834 [skip ci]\n",
            "author": {
              "name": "github-actions[bot]",
              "email": "41898282+github-actions[bot]@users.noreply.github.com",
              "time": 1778249556000
            },
            "committer": {
              "name": "github-actions[bot]",
              "email": "41898282+github-actions[bot]@users.noreply.github.com",
              "time": 1778249557000
            },
            "branch": "main"
          },
          "actualWorkers": 1
        },
        "id": "firefox",
        "name": "firefox",
        "testDir": "/home/runner/work/quantum-shield/quantum-shield/src/frontend/web/e2e",
        "testIgnore": [],
        "testMatch": [
          "**/*.@(spec|test).?(c|m)[jt]s?(x)"
        ],
        "timeout": 30000
      },
      {
        "outputDir": "/home/runner/work/quantum-shield/quantum-shield/src/frontend/web/test-results",
        "repeatEach": 1,
        "retries": 2,
        "metadata": {
          "ci": {
            "commitHref": "https://github.com/kota1026/quantum-shield/commit/d91009c05f0eb85e851dbd828159fa3a9db83431",
            "commitHash": "d91009c05f0eb85e851dbd828159fa3a9db83431",
            "buildHref": "https://github.com/kota1026/quantum-shield/actions/runs/25588391389"
          },
          "gitCommit": {
            "shortHash": "d91009c",
            "hash": "d91009c05f0eb85e851dbd828159fa3a9db83431",
            "subject": "ci(e2e-orchestrator): run 25559410834 [skip ci]",
            "body": "ci(e2e-orchestrator): run 25559410834 [skip ci]\n",
            "author": {
              "name": "github-actions[bot]",
              "email": "41898282+github-actions[bot]@users.noreply.github.com",
              "time": 1778249556000
            },
            "committer": {
              "name": "github-actions[bot]",
              "email": "41898282+github-actions[bot]@users.noreply.github.com",
              "time": 1778249557000
            },
            "branch": "main"
          },
          "actualWorkers": 1
        },
        "id": "webkit",
        "name": "webkit",
        "testDir": "/home/runner/work/quantum-shield/quantum-shield/src/frontend/web/e2e",
        "testIgnore": [],
        "testMatch": [
          "**/*.@(spec|test).?(c|m)[jt]s?(x)"
        ],
        "timeout": 30000
      },
      {
        "outputDir": "/home/runner/work/quantum-shield/quantum-shield/src/frontend/web/test-results",
        "repeatEach": 1,
        "retries": 2,
        "metadata": {
          "ci": {
            "commitHref": "https://github.com/kota1026/quantum-shield/commit/d91009c05f0eb85e851dbd828159fa3a9db83431",
            "commitHash": "d91009c05f0eb85e851dbd828159fa3a9db83431",
            "buildHref": "https://github.com/kota1026/quantum-shield/actions/runs/25588391389"
          },
          "gitCommit": {
            "shortHash": "d91009c",
            "hash": "d91009c05f0eb85e851dbd828159fa3a9db83431",
            "subject": "ci(e2e-orchestrator): run 25559410834 [skip ci]",
            "body": "ci(e2e-orchestrator): run 25559410834 [skip ci]\n",
            "author": {
              "name": "github-actions[bot]",
              "email": "41898282+github-actions[bot]@users.noreply.github.com",
              "time": 1778249556000
            },
            "committer": {
              "name": "github-actions[bot]",
              "email": "41898282+github-actions[bot]@users.noreply.github.com",
              "time": 1778249557000
            },
            "branch": "main"
          },
          "actualWorkers": 1
        },
        "id": "Mobile Chrome",
        "name": "Mobile Chrome",
        "testDir": "/home/runner/work/quantum-shield/quantum-shield/src/frontend/web/e2e",
        "testIgnore": [],
        "testMatch": [
          "**/*.@(spec|test).?(c|m)[jt]s?(x)"
        ],
        "timeout": 30000
      },
      {
        "outputDir": "/home/runner/work/quantum-shield/quantum-shield/src/frontend/web/test-results",
        "repeatEach": 1,
        "retries": 2,
        "metadata": {
          "ci": {
            "commitHref": "https://github.com/kota1026/quantum-shield/commit/d91009c05f0eb85e851dbd828159fa3a9db83431",
            "commitHash": "d91009c05f0eb85e851dbd828159fa3a9db83431",
            "buildHref": "https://github.com/kota1026/quantum-shield/actions/runs/25588391389"
          },
          "gitCommit": {
            "shortHash": "d91009c",
            "hash": "d91009c05f0eb85e851dbd828159fa3a9db83431",
            "subject": "ci(e2e-orchestrator): run 25559410834 [skip ci]",
            "body": "ci(e2e-orchestrator): run 25559410834 [skip ci]\n",
            "author": {
              "name": "github-actions[bot]",
              "email": "41898282+github-actions[bot]@users.noreply.github.com",
              "time": 1778249556000
            },
            "committer": {
              "name": "github-actions[bot]",
              "email": "41898282+github-actions[bot]@users.noreply.github.com",
              "time": 1778249557000
            },
            "branch": "main"
          },
          "actualWorkers": 1
        },
        "id": "Mobile Safari",
        "name": "Mobile Safari",
        "testDir": "/home/runner/work/quantum-shield/quantum-shield/src/frontend/web/e2e",
        "testIgnore": [],
        "testMatch": [
          "**/*.@(spec|test).?(c|m)[jt]s?(x)"
        ],
        "timeout": 30000
      },
      {
        "outputDir": "/home/runner/work/quantum-shield/quantum-shield/src/frontend/web/test-results",
        "repeatEach": 1,
        "retries": 2,
        "metadata": {
          "ci": {
            "commitHref": "https://github.com/kota1026/quantum-shield/commit/d91009c05f0eb85e851dbd828159fa3a9db83431",
            "commitHash": "d91009c05f0eb85e851dbd828159fa3a9db83431",
            "buildHref": "https://github.com/kota1026/quantum-shield/actions/runs/25588391389"
          },
          "gitCommit": {
            "shortHash": "d91009c",
            "hash": "d91009c05f0eb85e851dbd828159fa3a9db83431",
            "subject": "ci(e2e-orchestrator): run 25559410834 [skip ci]",
            "body": "ci(e2e-orchestrator): run 25559410834 [skip ci]\n",
            "author": {
              "name": "github-actions[bot]",
              "email": "41898282+github-actions[bot]@users.noreply.github.com",
              "time": 1778249556000
            },
            "committer": {
              "name": "github-actions[bot]",
              "email": "41898282+github-actions[bot]@users.noreply.github.com",
              "time": 1778249557000
            },
            "branch": "main"
          },
          "actualWorkers": 1
        },
        "id": "accessibility",
        "name": "accessibility",
        "testDir": "/home/runner/work/quantum-shield/quantum-shield/src/frontend/web/e2e",
        "testIgnore": [],
        "testMatch": [
          "**/*.a11y.spec.ts"
        ],
        "timeout": 30000
      }
    ],
    "shard": null,
    "tags": [],
    "updateSnapshots": "missing",
    "updateSourceMethod": "patch",
    "version": "1.57.0",
    "workers": 1,
    "webServer": {
      "command": "npm run dev",
      "url": "http://localhost:3000",
      "reuseExistingServer": false,
      "timeout": 120000
    }
  },
  "suites": [
    {
      "title": "integration/lock.integration.spec.ts",
      "file": "integration/lock.integration.spec.ts",
      "column": 0,
      "line": 0,
      "specs": [],
      "suites": [
        {
          "title": "Sequence #1: Lock — Deep Integration",
          "file": "integration/lock.integration.spec.ts",
          "line": 132,
          "column": 6,
          "specs": [
            {
              "title": "health check confirms backend is ready",
              "ok": true,
              "tags": [],
              "tests": [
                {
                  "timeout": 30000,
                  "annotations": [],
                  "expectedStatus": "passed",
                  "projectId": "chromium",
                  "projectName": "chromium",
                  "results": [
                    {
                      "workerIndex": 0,
                      "parallelIndex": 0,
                      "status": "passed",
                      "duration": 337,
                      "errors": [],
                      "stdout": [],
                      "stderr": [],
                      "retry": 0,
                      "startTime": "2026-05-09T02:14:30.230Z",
                      "annotations": [],
                      "attachments": []
                    }
                  ],
                  "status": "expected"
                }
              ],
              "id": "a755efc4348f41492de8-87dc8fc33888af66962a",
              "file": "integration/lock.integration.spec.ts",
              "line": 133,
              "column": 7
            },
            {
              "title": "POST /v1/lock creates lock with valid SR_0 and lock_id",
              "ok": true,
              "tags": [],
              "tests": [
                {
                  "timeout": 30000,
                  "annotations": [],
                  "expectedStatus": "passed",
                  "projectId": "chromium",
                  "projectName": "chromium",
                  "results": [
                    {
                      "workerIndex": 0,
                      "parallelIndex": 0,
                      "status": "passed",
                      "duration": 461,
                      "errors": [],
                      "stdout": [
                        {
                          "text": "[Lock] lock_id=0xc829ab686743c48436a1f3b713dd392d73546bb9a6dcd28f796f75bd59bbfedc\n"
                        },
                        {
                          "text": "[Lock] sr_0=0x62001007a210fc7acf54d8a087cec22aca025c3a2530d93814ea8f940b70ebf4\n"
                        },
                        {
                          "text": "[Lock] smt_proof length=17030 chars\n"
                        },
                        {
                          "text": "[Lock] l1_tx_hash=0x39373954c96f496fabeda1fc7e126a6ffd7461880f3bb4eca00e4ac0319ff8a6\n"
                        }
                      ],
                      "stderr": [],
                      "retry": 0,
                      "startTime": "2026-05-09T02:14:30.594Z",
                      "annotations": [],
                      "attachments": []
                    }
                  ],
                  "status": "expected"
                }
              ],
              "id": "a755efc4348f41492de8-ee1b1a8e79fbc2391ef9",
              "file": "integration/lock.integration.spec.ts",
              "line": 140,
              "column": 7
            },
            {
              "title": "lock is persisted in DB and visible via GET /v1/explorer/locks",
              "ok": true,
              "tags": [],
              "tests": [
                {
                  "timeout": 30000,
                  "annotations": [],
                  "expectedStatus": "passed",
                  "projectId": "chromium",
                  "projectName": "chromium",
                  "results": [
                    {
                      "workerIndex": 0,
                      "parallelIndex": 0,
                      "status": "passed",
                      "duration": 444,
                      "errors": [],
                      "stdout": [
                        {
                          "text": "[Lock Persisted] lock_id=0x6ba98366c3cbea5c6ecf3b51f01939e7057144a892af69f4953b2378e6d363c5, status=pending\n"
                        }
                      ],
                      "stderr": [],
                      "retry": 0,
                      "startTime": "2026-05-09T02:14:31.072Z",
                      "annotations": [],
                      "attachments": []
                    }
                  ],
                  "status": "expected"
                }
              ],
              "id": "a755efc4348f41492de8-3a9d45e741b19bfef051",
              "file": "integration/lock.integration.spec.ts",
              "line": 175,
              "column": 7
            },
            {
              "title": "lock increases Explorer totalLocks count",
              "ok": true,
              "tags": [],
              "tests": [
                {
                  "timeout": 30000,
                  "annotations": [],
                  "expectedStatus": "passed",
                  "projectId": "chromium",
                  "projectName": "chromium",
                  "results": [
                    {
                      "workerIndex": 0,
                      "parallelIndex": 0,
                      "status": "passed",
                      "duration": 363,
                      "errors": [],
                      "stdout": [
                        {
                          "text": "[Explorer] totalLocks: 4 -> 5\n"
                        }
                      ],
                      "stderr": [],
                      "retry": 0,
                      "startTime": "2026-05-09T02:14:31.528Z",
                      "annotations": [],
                      "attachments": []
                    }
                  ],
                  "status": "expected"
                }
              ],
              "id": "a755efc4348f41492de8-4776c449324bcf98e9df",
              "file": "integration/lock.integration.spec.ts",
              "line": 203,
              "column": 7
            },
            {
              "title": "nonce reuse is rejected",
              "ok": true,
              "tags": [],
              "tests": [
                {
                  "timeout": 30000,
                  "annotations": [],
                  "expectedStatus": "passed",
                  "projectId": "chromium",
                  "projectName": "chromium",
                  "results": [
                    {
                      "workerIndex": 0,
                      "parallelIndex": 0,
                      "status": "passed",
                      "duration": 430,
                      "errors": [],
                      "stdout": [
                        {
                          "text": "[Nonce Reuse] Correctly rejected with status 409\n"
                        }
                      ],
                      "stderr": [],
                      "retry": 0,
                      "startTime": "2026-05-09T02:14:31.901Z",
                      "annotations": [],
                      "attachments": []
                    }
                  ],
                  "status": "expected"
                }
              ],
              "id": "a755efc4348f41492de8-9db0e6bedfe22dafb8fb",
              "file": "integration/lock.integration.spec.ts",
              "line": 229,
              "column": 7
            },
            {
              "title": "expired lock request is rejected",
              "ok": true,
              "tags": [],
              "tests": [
                {
                  "timeout": 30000,
                  "annotations": [],
                  "expectedStatus": "passed",
                  "projectId": "chromium",
                  "projectName": "chromium",
                  "results": [
                    {
                      "workerIndex": 0,
                      "parallelIndex": 0,
                      "status": "passed",
                      "duration": 26,
                      "errors": [],
                      "stdout": [
                        {
                          "text": "[Expired] Correctly rejected with status 400\n"
                        }
                      ],
                      "stderr": [],
                      "retry": 0,
                      "startTime": "2026-05-09T02:14:32.340Z",
                      "annotations": [],
                      "attachments": []
                    }
                  ],
                  "status": "expected"
                }
              ],
              "id": "a755efc4348f41492de8-88863cf66885c3773312",
              "file": "integration/lock.integration.spec.ts",
              "line": 248,
              "column": 7
            },
            {
              "title": "lock with missing required fields is rejected",
              "ok": true,
              "tags": [],
              "tests": [
                {
                  "timeout": 30000,
                  "annotations": [],
                  "expectedStatus": "passed",
                  "projectId": "chromium",
                  "projectName": "chromium",
                  "results": [
                    {
                      "workerIndex": 0,
                      "parallelIndex": 0,
                      "status": "passed",
                      "duration": 6,
                      "errors": [],
                      "stdout": [
                        {
                          "text": "[Missing Field] Correctly rejected with status 422\n"
                        }
                      ],
                      "stderr": [],
                      "retry": 0,
                      "startTime": "2026-05-09T02:14:32.376Z",
                      "annotations": [],
                      "attachments": []
                    }
                  ],
                  "status": "expected"
                }
              ],
              "id": "a755efc4348f41492de8-6fb1589351e17a102c6f",
              "file": "integration/lock.integration.spec.ts",
              "line": 263,
              "column": 7
            },
            {
              "title": "multiple locks create distinct lock_ids and SR_0s",
              "ok": true,
              "tags": [],
              "tests": [
                {
                  "timeout": 30000,
                  "annotations": [],
                  "expectedStatus": "passed",
                  "projectId": "chromium",
                  "projectName": "chromium",
                  "results": [
                    {
                      "workerIndex": 0,
                      "parallelIndex": 0,
                      "status": "passed",
                      "duration": 1038,
                      "errors": [],
                      "stdout": [
                        {
                          "text": "[Multi-Lock] 3 distinct locks created: 0x09494353a9c58c18cba2652a77b617a08758b286a632d29b5ba4cc2ab8b92b1b, 0xefc3cf579cd72de48de02366e4dceb7c9eb0ac4a26e1b2bc431c29a41d37e66e, 0x5e8f332c3b346fd688c746b9f9fe99c2b18fc5b2be9e29d59a8a46889564b997\n"
                        }
                      ],
                      "stderr": [],
                      "retry": 0,
                      "startTime": "2026-05-09T02:14:32.391Z",
                      "annotations": [],
                      "attachments": []
                    }
                  ],
                  "status": "expected"
                }
              ],
              "id": "a755efc4348f41492de8-048f3ad09f3bdaab26f0",
              "file": "integration/lock.integration.spec.ts",
              "line": 285,
              "column": 7
            },
            {
              "title": "health check confirms backend is ready",
              "ok": true,
              "tags": [],
              "tests": [
                {
                  "timeout": 30000,
                  "annotations": [],
                  "expectedStatus": "passed",
                  "projectId": "firefox",
                  "projectName": "firefox",
                  "results": [
                    {
                      "workerIndex": 1,
                      "parallelIndex": 0,
                      "status": "passed",
                      "duration": 334,
                      "errors": [],
                      "stdout": [],
                      "stderr": [],
                      "retry": 0,
                      "startTime": "2026-05-09T02:14:34.069Z",
                      "annotations": [],
                      "attachments": []
                    }
                  ],
                  "status": "expected"
                }
              ],
              "id": "a755efc4348f41492de8-29f694fe6f2d06ef2358",
              "file": "integration/lock.integration.spec.ts",
              "line": 133,
              "column": 7
            },
            {
              "title": "POST /v1/lock creates lock with valid SR_0 and lock_id",
              "ok": true,
              "tags": [],
              "tests": [
                {
                  "timeout": 30000,
                  "annotations": [],
                  "expectedStatus": "passed",
                  "projectId": "firefox",
                  "projectName": "firefox",
                  "results": [
                    {
                      "workerIndex": 1,
                      "parallelIndex": 0,
                      "status": "passed",
                      "duration": 455,
                      "errors": [],
                      "stdout": [
                        {
                          "text": "[Lock] lock_id=0x97846da2753342de609c2f7d4877e918c775ad65d46b6ae83c4a3769fa9d10fc\n"
                        },
                        {
                          "text": "[Lock] sr_0=0xdc860f8bf9be3927b236d862dc1c741e4bc2b5094b53623d4e3722bc89ef1092\n"
                        },
                        {
                          "text": "[Lock] smt_proof length=17030 chars\n"
                        }
                      ],
                      "stderr": [],
                      "retry": 0,
                      "startTime": "2026-05-09T02:14:34.431Z",
                      "annotations": [],
                      "attachments": []
                    }
                  ],
                  "status": "expected"
                }
              ],
              "id": "a755efc4348f41492de8-affa6387516682597418",
              "file": "integration/lock.integration.spec.ts",
              "line": 140,
              "column": 7
            },
            {
              "title": "lock is persisted in DB and visible via GET /v1/explorer/locks",
              "ok": true,
              "tags": [],
              "tests": [
                {
                  "timeout": 30000,
                  "annotations": [],
                  "expectedStatus": "passed",
                  "projectId": "firefox",
                  "projectName": "firefox",
                  "results": [
                    {
                      "workerIndex": 1,
                      "parallelIndex": 0,
                      "status": "passed",
                      "duration": 446,
                      "errors": [],
                      "stdout": [
                        {
                          "text": "[Lock Persisted] lock_id=0x7e8d171e92dfb6858725c2fa3d903732e1284dc3b14ef8f07b225718def46ced, status=pending\n"
                        }
                      ],
                      "stderr": [],
                      "retry": 0,
                      "startTime": "2026-05-09T02:14:34.907Z",
                      "annotations": [],
                      "attachments": []
                    }
                  ],
                  "status": "expected"
                }
              ],
              "id": "a755efc4348f41492de8-44fc3a426c01b9b29a54",
              "file": "integration/lock.integration.spec.ts",
              "line": 175,
              "column": 7
            },
            {
              "title": "lock increases Explorer totalLocks count",
              "ok": true,
              "tags": [],
              "tests": [
                {
                  "timeout": 30000,
                  "annotations": [],
                  "expectedStatus": "passed",
                  "projectId": "firefox",
                  "projectName": "firefox",
                  "results": [
                    {
                      "workerIndex": 1,
                      "parallelIndex": 0,
                      "status": "passed",
                      "duration": 434,
                      "errors": [],
                      "stdout": [
                        {
                          "text": "[Explorer] totalLocks: 11 -> 12\n"
                        }
                      ],
                      "stderr": [],
                      "retry": 0,
                      "startTime": "2026-05-09T02:14:35.373Z",
                      "annotations": [],
                      "attachments": []
                    }
                  ],
                  "status": "expected"
                }
              ],
              "id": "a755efc4348f41492de8-fbf8b93434b381c31ee8",
              "file": "integration/lock.integration.spec.ts",
              "line": 203,
              "column": 7
            },
            {
              "title": "nonce reuse is rejected",
              "ok": true,
              "tags": [],
              "tests": [
                {
                  "timeout": 30000,
                  "annotations": [],
                  "expectedStatus": "passed",
                  "projectId": "firefox",
                  "projectName": "firefox",
                  "results": [
                    {
                      "workerIndex": 1,
                      "parallelIndex": 0,
                      "status": "passed",
                      "duration": 434,
                      "errors": [],
                      "stdout": [
                        {
                          "text": "[Nonce Reuse] Correctly rejected with status 409\n"
                        }
                      ],
                      "stderr": [],
                      "retry": 0,
                      "startTime": "2026-05-09T02:14:35.817Z",
                      "annotations": [],
                      "attachments": []
                    }
                  ],
                  "status": "expected"
                }
              ],
              "id": "a755efc4348f41492de8-dde7aae3e866127bf175",
              "file": "integration/lock.integration.spec.ts",
              "line": 229,
              "column": 7
            },
            {
              "title": "expired lock request is rejected",
              "ok": true,
              "tags": [],
              "tests": [
                {
                  "timeout": 30000,
                  "annotations": [],
                  "expectedStatus": "passed",
                  "projectId": "firefox",
                  "projectName": "firefox",
                  "results": [
                    {
                      "workerIndex": 1,
                      "parallelIndex": 0,
                      "status": "passed",
                      "duration": 19,
                      "errors": [],
                      "stdout": [
                        {
                          "text": "[Expired] Correctly rejected with status 400\n"
                        }
                      ],
                      "stderr": [],
                      "retry": 0,
                      "startTime": "2026-05-09T02:14:36.261Z",
                      "annotations": [],
                      "attachments": []
                    }
                  ],
                  "status": "expected"
                }
              ],
              "id": "a755efc4348f41492de8-c8b816739f6c9889eae5",
              "file": "integration/lock.integration.spec.ts",
              "line": 248,
              "column": 7
            },
            {
              "title": "lock with missing required fields is rejected",
              "ok": true,
              "tags": [],
              "tests": [
                {
                  "timeout": 30000,
                  "annotations": [],
                  "expectedStatus": "passed",
                  "projectId": "firefox",
                  "projectName": "firefox",
                  "results": [
                    {
                      "workerIndex": 1,
                      "parallelIndex": 0,
                      "status": "passed",
                      "duration": 6,
                      "errors": [],
                      "stdout": [
                        {
                          "text": "[Missing Field] Correctly rejected with status 422\n"
                        }
                      ],
                      "stderr": [],
                      "retry": 0,
                      "startTime": "2026-05-09T02:14:36.289Z",
                      "annotations": [],
                      "attachments": []
                    }
                  ],
                  "status": "expected"
                }
              ],
              "id": "a755efc4348f41492de8-e8f828d3d676098ddd73",
              "file": "integration/lock.integration.spec.ts",
              "line": 263,
              "column": 7
            },
            {
              "title": "multiple locks create distinct lock_ids and SR_0s",
              "ok": true,
              "tags": [],
              "tests": [
                {
                  "timeout": 30000,
                  "annotations": [],
                  "expectedStatus": "passed",
                  "projectId": "firefox",
                  "projectName": "firefox",
                  "results": [
                    {
                      "workerIndex": 1,
                      "parallelIndex": 0,
                      "status": "passed",
                      "duration": 1099,
                      "errors": [],
                      "stdout": [
                        {
                          "text": "[Multi-Lock] 3 distinct locks created: 0xc1674692cf27212923fc384681a1ed9603f971a539eafd919aa4f02e07c40cbc, 0x26ae0db265e1df5e683f394368dc7bfec9227c7ffb86926d79251e85b8633fa4, 0x1da15260a8d6ef74555d39d6a9ca0a0b605b9d505d18a258ed01699c3f0912cf\n"
                        }
                      ],
                      "stderr": [],
                      "retry": 0,
                      "startTime": "2026-05-09T02:14:36.304Z",
                      "annotations": [],
                      "attachments": []
                    }
                  ],
                  "status": "expected"
                }
              ],
              "id": "a755efc4348f41492de8-17b1d3c6fcb0d8f06082",
              "file": "integration/lock.integration.spec.ts",
              "line": 285,
              "column": 7
            },
            {
              "title": "health check confirms backend is ready",
              "ok": true,
              "tags": [],
              "tests": [
                {
                  "timeout": 30000,
                  "annotations": [],
                  "expectedStatus": "passed",
                  "projectId": "webkit",
                  "projectName": "webkit",
                  "results": [
                    {
                      "workerIndex": 2,
                      "parallelIndex": 0,
                      "status": "passed",
                      "duration": 338,
                      "errors": [],
                      "stdout": [],
                      "stderr": [],
                      "retry": 0,
                      "startTime": "2026-05-09T02:14:38.072Z",
                      "annotations": [],
                      "attachments": []
                    }
                  ],
                  "status": "expected"
                }
              ],
              "id": "a755efc4348f41492de8-a94958b82f47d263041b",
              "file": "integration/lock.integration.spec.ts",
              "line": 133,
              "column": 7
            },
            {
              "title": "POST /v1/lock creates lock with valid SR_0 and lock_id",
              "ok": true,
              "tags": [],
              "tests": [
                {
                  "timeout": 30000,
                  "annotations": [],
                  "expectedStatus": "passed",
                  "projectId": "webkit",
                  "projectName": "webkit",
                  "results": [
                    {
                      "workerIndex": 2,
                      "parallelIndex": 0,
                      "status": "passed",
                      "duration": 458,
                      "errors": [],
                      "stdout": [
                        {
                          "text": "[Lock] lock_id=0x5faa229b31dd48be747c45c1d536bf68b384663f8a7202a1a21d759da0f614c5\n"
                        },
                        {
                          "text": "[Lock] sr_0=0x0b9d3b1d6df1907edfe905d66b2ccf5ef97920465a6f1a12ac519da81b5a9dee\n"
                        },
                        {
                          "text": "[Lock] smt_proof length=17030 chars\n"
                        }
                      ],
                      "stderr": [],
                      "retry": 0,
                      "startTime": "2026-05-09T02:14:38.436Z",
                      "annotations": [],
                      "attachments": []
                    }
                  ],
                  "status": "expected"
                }
              ],
              "id": "a755efc4348f41492de8-88f9ac57fd171a5744d7",
              "file": "integration/lock.integration.spec.ts",
              "line": 140,
              "column": 7
            },
            {
              "title": "lock is persisted in DB and visible via GET /v1/explorer/locks",
              "ok": true,
              "tags": [],
              "tests": [
                {
                  "timeout": 30000,
                  "annotations": [],
                  "expectedStatus": "passed",
                  "projectId": "webkit",
                  "projectName": "webkit",
                  "results": [
                    {
                      "workerIndex": 2,
                      "parallelIndex": 0,
                      "status": "passed",
                      "duration": 339,
                      "errors": [],
                      "stdout": [
                        {
                          "text": "[Lock Persisted] lock_id=0x03105721f5766098f65cc34d81c4612b04be1b8620743b60bcf273434fa0ab69, status=pending\n"
                        }
                      ],
                      "stderr": [],
                      "retry": 0,
                      "startTime": "2026-05-09T02:14:38.912Z",
                      "annotations": [],
                      "attachments": []
                    }
                  ],
                  "status": "expected"
                }
              ],
              "id": "a755efc4348f41492de8-8e6bbe1bed53f78e9b83",
              "file": "integration/lock.integration.spec.ts",
              "line": 175,
              "column": 7
            },
            {
              "title": "lock increases Explorer totalLocks count",
              "ok": true,
              "tags": [],
              "tests": [
                {
                  "timeout": 30000,
                  "annotations": [],
                  "expectedStatus": "passed",
                  "projectId": "webkit",
                  "projectName": "webkit",
                  "results": [
                    {
                      "workerIndex": 2,
                      "parallelIndex": 0,
                      "status": "passed",
                      "duration": 239,
                      "errors": [],
                      "stdout": [
                        {
                          "text": "[Explorer] totalLocks: 18 -> 19\n"
                        }
                      ],
                      "stderr": [],
                      "retry": 0,
                      "startTime": "2026-05-09T02:14:39.266Z",
                      "annotations": [],
                      "attachments": []
                    }
                  ],
                  "status": "expected"
                }
              ],
              "id": "a755efc4348f41492de8-8d8833cd4b9ef3f7c2d0",
              "file": "integration/lock.integration.spec.ts",
              "line": 203,
              "column": 7
            },
            {
              "title": "nonce reuse is rejected",
              "ok": true,
              "tags": [],
              "tests": [
                {
                  "timeout": 30000,
                  "annotations": [],
                  "expectedStatus": "passed",
                  "projectId": "webkit",
                  "projectName": "webkit",
                  "results": [
                    {
                      "workerIndex": 2,
                      "parallelIndex": 0,
                      "status": "passed",
                      "duration": 303,
                      "errors": [],
                      "stdout": [
                        {
                          "text": "[Nonce Reuse] Correctly rejected with status 409\n"
                        }
                      ],
                      "stderr": [],
                      "retry": 0,
                      "startTime": "2026-05-09T02:14:39.515Z",
                      "annotations": [],
                      "attachments": []
                    }
                  ],
                  "status": "expected"
                }
              ],
              "id": "a755efc4348f41492de8-6873c33ce0d3eb48b649",
              "file": "integration/lock.integration.spec.ts",
              "line": 229,
              "column": 7
            },
            {
              "title": "expired lock request is rejected",
              "ok": true,
              "tags": [],
              "tests": [
                {
                  "timeout": 30000,
                  "annotations": [],
                  "expectedStatus": "passed",
                  "projectId": "webkit",
                  "projectName": "webkit",
                  "results": [
                    {
                      "workerIndex": 2,
                      "parallelIndex": 0,
                      "status": "passed",
                      "duration": 17,
                      "errors": [],
                      "stdout": [
                        {
                          "text": "[Expired] Correctly rejected with status 400\n"
                        }
                      ],
                      "stderr": [],
                      "retry": 0,
                      "startTime": "2026-05-09T02:14:39.828Z",
                      "annotations": [],
                      "attachments": []
                    }
                  ],
                  "status": "expected"
                }
              ],
              "id": "a755efc4348f41492de8-b6bda26596175bcf7c70",
              "file": "integration/lock.integration.spec.ts",
              "line": 248,
              "column": 7
            },
            {
              "title": "lock with missing required fields is rejected",
              "ok": true,
              "tags": [],
              "tests": [
                {
                  "timeout": 30000,
                  "annotations": [],
                  "expectedStatus": "passed",
                  "projectId": "webkit",
                  "projectName": "webkit",
                  "results": [
                    {
                      "workerIndex": 2,
                      "parallelIndex": 0,
                      "status": "passed",
                      "duration": 6,
                      "errors": [],
                      "stdout": [
                        {
                          "text": "[Missing Field] Correctly rejected with status 422\n"
                        }
                      ],
                      "stderr": [],
                      "retry": 0,
                      "startTime": "2026-05-09T02:14:39.855Z",
                      "annotations": [],
                      "attachments": []
                    }
                  ],
                  "status": "expected"
                }
              ],
              "id": "a755efc4348f41492de8-2a7a4c9776548ab7e21d",
              "file": "integration/lock.integration.spec.ts",
              "line": 263,
              "column": 7
            },
            {
              "title": "multiple locks create distinct lock_ids and SR_0s",
              "ok": true,
              "tags": [],
              "tests": [
                {
                  "timeout": 30000,
                  "annotations": [],
                  "expectedStatus": "passed",
                  "projectId": "webkit",
                  "projectName": "webkit",
                  "results": [
                    {
                      "workerIndex": 2,
                      "parallelIndex": 0,
                      "status": "passed",
                      "duration": 580,
                      "errors": [],
                      "stdout": [
                        {
                          "text": "[Multi-Lock] 3 distinct locks created: 0x659bfdbe7492ff74431b03b92b5b65ccd531919b8336ffe24bde776f1af9eee3, 0x262435700cc1b8b98cef366436367705012b7d56f7445256e3e8a1e25a379b95, 0x0fb90678e1d47dfccb838908ed50f3c241ad20c8a86a0657ab6cdb343307bf33\n"
                        }
                      ],
                      "stderr": [],
                      "retry": 0,
                      "startTime": "2026-05-09T02:14:39.871Z",
                      "annotations": [],
                      "attachments": []
                    }
                  ],
                  "status": "expected"
                }
              ],
              "id": "a755efc4348f41492de8-676f1d77e075dc5af639",
              "file": "integration/lock.integration.spec.ts",
              "line": 285,
              "column": 7
            },
            {
              "title": "health check confirms backend is ready",
              "ok": true,
              "tags": [],
              "tests": [
                {
                  "timeout": 30000,
                  "annotations": [],
                  "expectedStatus": "passed",
                  "projectId": "Mobile Chrome",
                  "projectName": "Mobile Chrome",
                  "results": [
                    {
                      "workerIndex": 3,
                      "parallelIndex": 0,
                      "status": "passed",
                      "duration": 339,
                      "errors": [],
                      "stdout": [],
                      "stderr": [],
                      "retry": 0,
                      "startTime": "2026-05-09T02:14:41.092Z",
                      "annotations": [],
                      "attachments": []
                    }
                  ],
                  "status": "expected"
                }
              ],
              "id": "a755efc4348f41492de8-ace78feb9d2fca13613c",
              "file": "integration/lock.integration.spec.ts",
              "line": 133,
              "column": 7
            },
            {
              "title": "POST /v1/lock creates lock with valid SR_0 and lock_id",
              "ok": true,
              "tags": [],
              "tests": [
                {
                  "timeout": 30000,
                  "annotations": [],
                  "expectedStatus": "passed",
                  "projectId": "Mobile Chrome",
                  "projectName": "Mobile Chrome",
                  "results": [
                    {
                      "workerIndex": 3,
                      "parallelIndex": 0,
                      "status": "passed",
                      "duration": 359,
                      "errors": [],
                      "stdout": [
                        {
                          "text": "[Lock] lock_id=0x449da6b6450ef184fedd6384e80230dd6ad1f2316f1dbc922fdff26d660cb7fa\n"
                        },
                        {
                          "text": "[Lock] sr_0=0x215d478563c1ea738c925ec2b0f196c5c0efecdf6d37860b3c3c16c9c19a0279\n"
                        },
                        {
                          "text": "[Lock] smt_proof length=17030 chars\n"
                        }
                      ],
                      "stderr": [],
                      "retry": 0,
                      "startTime": "2026-05-09T02:14:41.458Z",
                      "annotations": [],
                      "attachments": []
                    }
                  ],
                  "status": "expected"
                }
              ],
              "id": "a755efc4348f41492de8-f1799e6844bb8806e843",
              "file": "integration/lock.integration.spec.ts",
              "line": 140,
              "column": 7
            },
            {
              "title": "lock is persisted in DB and visible via GET /v1/explorer/locks",
              "ok": true,
              "tags": [],
              "tests": [
                {
                  "timeout": 30000,
                  "annotations": [],
                  "expectedStatus": "passed",
                  "projectId": "Mobile Chrome",
                  "projectName": "Mobile Chrome",
                  "results": [
                    {
                      "workerIndex": 3,
                      "parallelIndex": 0,
                      "status": "passed",
                      "duration": 345,
                      "errors": [],
                      "stdout": [
                        {
                          "text": "[Lock Persisted] lock_id=0xd07b566b65b8cd4777ecbf83a160681a397a78b437d23894fea1a0348be84428, status=pending\n"
                        }
                      ],
                      "stderr": [],
                      "retry": 0,
                      "startTime": "2026-05-09T02:14:41.834Z",
                      "annotations": [],
                      "attachments": []
                    }
                  ],
                  "status": "expected"
                }
              ],
              "id": "a755efc4348f41492de8-bd707def9579b5374136",
              "file": "integration/lock.integration.spec.ts",
              "line": 175,
              "column": 7
            },
            {
              "title": "lock increases Explorer totalLocks count",
              "ok": true,
              "tags": [],
              "tests": [
                {
                  "timeout": 30000,
                  "annotations": [],
                  "expectedStatus": "passed",
                  "projectId": "Mobile Chrome",
                  "projectName": "Mobile Chrome",
                  "results": [
                    {
                      "workerIndex": 3,
                      "parallelIndex": 0,
                      "status": "passed",
                      "duration": 409,
                      "errors": [],
                      "stdout": [
                        {
                          "text": "[Explorer] totalLocks: 25 -> 26\n"
                        }
                      ],
                      "stderr": [],
                      "retry": 0,
                      "startTime": "2026-05-09T02:14:42.192Z",
                      "annotations": [],
                      "attachments": []
                    }
                  ],
                  "status": "expected"
                }
              ],
              "id": "a755efc4348f41492de8-0136ac7b2e2946e9f97d",
              "file": "integration/lock.integration.spec.ts",
              "line": 203,
              "column": 7
            },
            {
              "title": "nonce reuse is rejected",
              "ok": true,
              "tags": [],
              "tests": [
                {
                  "timeout": 30000,
                  "annotations": [],
                  "expectedStatus": "passed",
                  "projectId": "Mobile Chrome",
                  "projectName": "Mobile Chrome",
                  "results": [
                    {
                      "workerIndex": 3,
                      "parallelIndex": 0,
                      "status": "passed",
                      "duration": 235,
                      "errors": [],
                      "stdout": [
                        {
                          "text": "[Nonce Reuse] Correctly rejected with status 409\n"
                        }
                      ],
                      "stderr": [],
                      "retry": 0,
                      "startTime": "2026-05-09T02:14:42.610Z",
                      "annotations": [],
                      "attachments": []
                    }
                  ],
                  "status": "expected"
                }
              ],
              "id": "a755efc4348f41492de8-dc2e42cccf5243d59002",
              "file": "integration/lock.integration.spec.ts",
              "line": 229,
              "column": 7
            },
            {
              "title": "expired lock request is rejected",
              "ok": true,
              "tags": [],
              "tests": [
                {
                  "timeout": 30000,
                  "annotations": [],
                  "expectedStatus": "passed",
                  "projectId": "Mobile Chrome",
                  "projectName": "Mobile Chrome",
                  "results": [
                    {
                      "workerIndex": 3,
                      "parallelIndex": 0,
                      "status": "passed",
                      "duration": 15,
                      "errors": [],
                      "stdout": [
                        {
                          "text": "[Expired] Correctly rejected with status 400\n"
                        }
                      ],
                      "stderr": [],
                      "retry": 0,
                      "startTime": "2026-05-09T02:14:42.857Z",
                      "annotations": [],
                      "attachments": []
                    }
                  ],
                  "status": "expected"
                }
              ],
              "id": "a755efc4348f41492de8-75a7ca2fc571cf8dbc70",
              "file": "integration/lock.integration.spec.ts",
              "line": 248,
              "column": 7
            },
            {
              "title": "lock with missing required fields is rejected",
              "ok": true,
              "tags": [],
              "tests": [
                {
                  "timeout": 30000,
                  "annotations": [],
                  "expectedStatus": "passed",
                  "projectId": "Mobile Chrome",
                  "projectName": "Mobile Chrome",
                  "results": [
                    {
                      "workerIndex": 3,
                      "parallelIndex": 0,
                      "status": "passed",
                      "duration": 7,
                      "errors": [],
                      "stdout": [
                        {
                          "text": "[Missing Field] Correctly rejected with status 422\n"
                        }
                      ],
                      "stderr": [],
                      "retry": 0,
                      "startTime": "2026-05-09T02:14:42.882Z",
                      "annotations": [],
                      "attachments": []
                    }
                  ],
                  "status": "expected"
                }
              ],
              "id": "a755efc4348f41492de8-f0736da9f90650f32f2a",
              "file": "integration/lock.integration.spec.ts",
              "line": 263,
              "column": 7
            },
            {
              "title": "multiple locks create distinct lock_ids and SR_0s",
              "ok": true,
              "tags": [],
              "tests": [
                {
                  "timeout": 30000,
                  "annotations": [],
                  "expectedStatus": "passed",
                  "projectId": "Mobile Chrome",
                  "projectName": "Mobile Chrome",
                  "results": [
                    {
                      "workerIndex": 3,
                      "parallelIndex": 0,
                      "status": "passed",
                      "duration": 913,
                      "errors": [],
                      "stdout": [
                        {
                          "text": "[Multi-Lock] 3 distinct locks created: 0x40b17750934e668b6b5f0722c4dafb8a08ca9d443c1c87c1027a96481adeb6a7, 0xacb0450e52f03c9617bb7009e231f60c27780a20a5466e75a543377cd25bdf0b, 0x7a98356b6b4a5c456915198fd6db0f0827bd393fe97c5332a2c5e26336dbe3cd\n"
                        }
                      ],
                      "stderr": [],
                      "retry": 0,
                      "startTime": "2026-05-09T02:14:42.898Z",
                      "annotations": [],
                      "attachments": []
                    }
                  ],
                  "status": "expected"
                }
              ],
              "id": "a755efc4348f41492de8-6599e110834aab03fdeb",
              "file": "integration/lock.integration.spec.ts",
              "line": 285,
              "column": 7
            },
            {
              "title": "health check confirms backend is ready",
              "ok": true,
              "tags": [],
              "tests": [
                {
                  "timeout": 30000,
                  "annotations": [],
                  "expectedStatus": "passed",
                  "projectId": "Mobile Safari",
                  "projectName": "Mobile Safari",
                  "results": [
                    {
                      "workerIndex": 4,
                      "parallelIndex": 0,
                      "status": "passed",
                      "duration": 335,
                      "errors": [],
                      "stdout": [],
                      "stderr": [],
                      "retry": 0,
                      "startTime": "2026-05-09T02:14:44.471Z",
                      "annotations": [],
                      "attachments": []
                    }
                  ],
                  "status": "expected"
                }
              ],
              "id": "a755efc4348f41492de8-65af1f13c125590b1046",
              "file": "integration/lock.integration.spec.ts",
              "line": 133,
              "column": 7
            },
            {
              "title": "POST /v1/lock creates lock with valid SR_0 and lock_id",
              "ok": true,
              "tags": [],
              "tests": [
                {
                  "timeout": 30000,
                  "annotations": [],
                  "expectedStatus": "passed",
                  "projectId": "Mobile Safari",
                  "projectName": "Mobile Safari",
                  "results": [
                    {
                      "workerIndex": 4,
                      "parallelIndex": 0,
                      "status": "passed",
                      "duration": 358,
                      "errors": [],
                      "stdout": [
                        {
                          "text": "[Lock] lock_id=0x2a66aff859db4a00f112b2c4c5252609c868cbd9c63b5ff769d694b36044ffac\n"
                        },
                        {
                          "text": "[Lock] sr_0=0x4827486b93721ffedbb0a8eb482cb3ca737ca433e90f0ab83b82187d0dc80214\n"
                        },
                        {
                          "text": "[Lock] smt_proof length=17030 chars\n"
                        }
                      ],
                      "stderr": [],
                      "retry": 0,
                      "startTime": "2026-05-09T02:14:44.831Z",
                      "annotations": [],
                      "attachments": []
                    }
                  ],
                  "status": "expected"
                }
              ],
              "id": "a755efc4348f41492de8-1ae72b95dcbf3a3278f8",
              "file": "integration/lock.integration.spec.ts",
              "line": 140,
              "column": 7
            },
            {
              "title": "lock is persisted in DB and visible via GET /v1/explorer/locks",
              "ok": true,
              "tags": [],
              "tests": [
                {
                  "timeout": 30000,
                  "annotations": [],
                  "expectedStatus": "passed",
                  "projectId": "Mobile Safari",
                  "projectName": "Mobile Safari",
                  "results": [
                    {
                      "workerIndex": 4,
                      "parallelIndex": 0,
                      "status": "passed",
                      "duration": 319,
                      "errors": [],
                      "stdout": [
                        {
                          "text": "[Lock Persisted] lock_id=0xbdea7cbe5b4dc9df088253019ae6ca1b1846aba5ccc64b05124c1c6f2f6feb20, status=pending\n"
                        }
                      ],
                      "stderr": [],
                      "retry": 0,
                      "startTime": "2026-05-09T02:14:45.206Z",
                      "annotations": [],
                      "attachments": []
                    }
                  ],
                  "status": "expected"
                }
              ],
              "id": "a755efc4348f41492de8-133621605b726ca98e46",
              "file": "integration/lock.integration.spec.ts",
              "line": 175,
              "column": 7
            },
            {
              "title": "lock increases Explorer totalLocks count",
              "ok": true,
              "tags": [],
              "tests": [
                {
                  "timeout": 30000,
                  "annotations": [],
                  "expectedStatus": "passed",
                  "projectId": "Mobile Safari",
                  "projectName": "Mobile Safari",
                  "results": [
                    {
                      "workerIndex": 4,
                      "parallelIndex": 0,
                      "status": "passed",
                      "duration": 242,
                      "errors": [],
                      "stdout": [
                        {
                          "text": "[Explorer] totalLocks: 32 -> 33\n"
                        }
                      ],
                      "stderr": [],
                      "retry": 0,
                      "startTime": "2026-05-09T02:14:45.538Z",
                      "annotations": [],
                      "attachments": []
                    }
                  ],
                  "status": "expected"
                }
              ],
              "id": "a755efc4348f41492de8-e89eae9ab958115b5c67",
              "file": "integration/lock.integration.spec.ts",
              "line": 203,
              "column": 7
            },
            {
              "title": "nonce reuse is rejected",
              "ok": true,
              "tags": [],
              "tests": [
                {
                  "timeout": 30000,
                  "annotations": [],
                  "expectedStatus": "passed",
                  "projectId": "Mobile Safari",
                  "projectName": "Mobile Safari",
                  "results": [
                    {
                      "workerIndex": 4,
                      "parallelIndex": 0,
                      "status": "passed",
                      "duration": 307,
                      "errors": [],
                      "stdout": [
                        {
                          "text": "[Nonce Reuse] Correctly rejected with status 409\n"
                        }
                      ],
                      "stderr": [],
                      "retry": 0,
                      "startTime": "2026-05-09T02:14:45.790Z",
                      "annotations": [],
                      "attachments": []
                    }
                  ],
                  "status": "expected"
                }
              ],
              "id": "a755efc4348f41492de8-df1c51ed389e9be9b8fb",
              "file": "integration/lock.integration.spec.ts",
              "line": 229,
              "column": 7
            },
            {
              "title": "expired lock request is rejected",
              "ok": true,
              "tags": [],
              "tests": [
                {
                  "timeout": 30000,
                  "annotations": [],
                  "expectedStatus": "passed",
                  "projectId": "Mobile Safari",
                  "projectName": "Mobile Safari",
                  "results": [
                    {
                      "workerIndex": 4,
                      "parallelIndex": 0,
                      "status": "passed",
                      "duration": 16,
                      "errors": [],
                      "stdout": [
                        {
                          "text": "[Expired] Correctly rejected with status 400\n"
                        }
                      ],
                      "stderr": [],
                      "retry": 0,
                      "startTime": "2026-05-09T02:14:46.106Z",
                      "annotations": [],
                      "attachments": []
                    }
                  ],
                  "status": "expected"
                }
              ],
              "id": "a755efc4348f41492de8-83923d00673896deee40",
              "file": "integration/lock.integration.spec.ts",
              "line": 248,
              "column": 7
            },
            {
              "title": "lock with missing required fields is rejected",
              "ok": true,
              "tags": [],
              "tests": [
                {
                  "timeout": 30000,
                  "annotations": [],
                  "expectedStatus": "passed",
                  "projectId": "Mobile Safari",
                  "projectName": "Mobile Safari",
                  "results": [
                    {
                      "workerIndex": 4,
                      "parallelIndex": 0,
                      "status": "passed",
                      "duration": 6,
                      "errors": [],
                      "stdout": [
                        {
                          "text": "[Missing Field] Correctly rejected with status 422\n"
                        }
                      ],
                      "stderr": [],
                      "retry": 0,
                      "startTime": "2026-05-09T02:14:46.132Z",
                      "annotations": [],
                      "attachments": []
                    }
                  ],
                  "status": "expected"
                }
              ],
              "id": "a755efc4348f41492de8-653011916c07f7a1a202",
              "file": "integration/lock.integration.spec.ts",
              "line": 263,
              "column": 7
            },
            {
              "title": "multiple locks create distinct lock_ids and SR_0s",
              "ok": true,
              "tags": [],
              "tests": [
                {
                  "timeout": 30000,
                  "annotations": [],
                  "expectedStatus": "passed",
                  "projectId": "Mobile Safari",
                  "projectName": "Mobile Safari",
                  "results": [
                    {
                      "workerIndex": 4,
                      "parallelIndex": 0,
                      "status": "passed",
                      "duration": 907,
                      "errors": [],
                      "stdout": [
                        {
                          "text": "[Multi-Lock] 3 distinct locks created: 0xfcbeb438da0d95f67169a4f12d30e3310f2a82edbf011c20eabdddd82ba5705e, 0x1976c16c515098728b4f94c2076f1aaf61fde0edc1e6156b033241f020e49f23, 0x3afae47f4e41fc58271dbdac09ecef6dab09dbd8b0d49b32296019e0af29b4b3\n"
                        }
                      ],
                      "stderr": [],
                      "retry": 0,
                      "startTime": "2026-05-09T02:14:46.147Z",
                      "annotations": [],
                      "attachments": []
                    }
                  ],
                  "status": "expected"
                }
              ],
              "id": "a755efc4348f41492de8-1056a23b7a8093b3e8ff",
              "file": "integration/lock.integration.spec.ts",
              "line": 285,
              "column": 7
            }
          ]
        }
      ]
    }
  ],
  "errors": [],
  "stats": {
    "startTime": "2026-05-09T02:14:01.311Z",
    "duration": 45815.031,
    "expected": 40,
    "skipped": 0,
    "unexpected": 0,
    "flaky": 0
  }
}


# STDERR
