# frontend step
# command: cd src/frontend/web && npx playwright test e2e/integration/lock.integration.spec.ts --reporter=json
# exit: 0

# STDOUT
{
  "config": {
    "configFile": "/home/runner/work/quantum-shield/quantum-shield/src/frontend/web/playwright.config.ts",
    "rootDir": "/home/runner/work/quantum-shield/quantum-shield/src/frontend/web/e2e",
    "forbidOnly": true,
    "fullyParallel": true,
    "globalSetup": null,
    "globalTeardown": null,
    "globalTimeout": 0,
    "grep": {},
    "grepInvert": null,
    "maxFailures": 0,
    "metadata": {
      "ci": {
        "commitHref": "https://github.com/kota1026/quantum-shield/commit/25723ff688e68397895716ed6a27c850d6502183",
        "commitHash": "25723ff688e68397895716ed6a27c850d6502183",
        "buildHref": "https://github.com/kota1026/quantum-shield/actions/runs/25500066876"
      },
      "gitCommit": {
        "shortHash": "25723ff",
        "hash": "25723ff688e68397895716ed6a27c850d6502183",
        "subject": "ci(e2e-orchestrator): run 25497944846 [skip ci]",
        "body": "ci(e2e-orchestrator): run 25497944846 [skip ci]\n",
        "author": {
          "name": "github-actions[bot]",
          "email": "41898282+github-actions[bot]@users.noreply.github.com",
          "time": 1778160748000
        },
        "committer": {
          "name": "github-actions[bot]",
          "email": "41898282+github-actions[bot]@users.noreply.github.com",
          "time": 1778160748000
        },
        "branch": "main"
      },
      "actualWorkers": 1
    },
    "preserveOutput": "always",
    "reporter": [
      [
        "json"
      ]
    ],
    "reportSlowTests": {
      "max": 5,
      "threshold": 300000
    },
    "quiet": false,
    "projects": [
      {
        "outputDir": "/home/runner/work/quantum-shield/quantum-shield/src/frontend/web/test-results",
        "repeatEach": 1,
        "retries": 2,
        "metadata": {
          "ci": {
            "commitHref": "https://github.com/kota1026/quantum-shield/commit/25723ff688e68397895716ed6a27c850d6502183",
            "commitHash": "25723ff688e68397895716ed6a27c850d6502183",
            "buildHref": "https://github.com/kota1026/quantum-shield/actions/runs/25500066876"
          },
          "gitCommit": {
            "shortHash": "25723ff",
            "hash": "25723ff688e68397895716ed6a27c850d6502183",
            "subject": "ci(e2e-orchestrator): run 25497944846 [skip ci]",
            "body": "ci(e2e-orchestrator): run 25497944846 [skip ci]\n",
            "author": {
              "name": "github-actions[bot]",
              "email": "41898282+github-actions[bot]@users.noreply.github.com",
              "time": 1778160748000
            },
            "committer": {
              "name": "github-actions[bot]",
              "email": "41898282+github-actions[bot]@users.noreply.github.com",
              "time": 1778160748000
            },
            "branch": "main"
          },
          "actualWorkers": 1
        },
        "id": "chromium",
        "name": "chromium",
        "testDir": "/home/runner/work/quantum-shield/quantum-shield/src/frontend/web/e2e",
        "testIgnore": [],
        "testMatch": [
          "**/*.@(spec|test).?(c|m)[jt]s?(x)"
        ],
        "timeout": 30000
      },
      {
        "outputDir": "/home/runner/work/quantum-shield/quantum-shield/src/frontend/web/test-results",
        "repeatEach": 1,
        "retries": 2,
        "metadata": {
          "ci": {
            "commitHref": "https://github.com/kota1026/quantum-shield/commit/25723ff688e68397895716ed6a27c850d6502183",
            "commitHash": "25723ff688e68397895716ed6a27c850d6502183",
            "buildHref": "https://github.com/kota1026/quantum-shield/actions/runs/25500066876"
          },
          "gitCommit": {
            "shortHash": "25723ff",
            "hash": "25723ff688e68397895716ed6a27c850d6502183",
            "subject": "ci(e2e-orchestrator): run 25497944846 [skip ci]",
            "body": "ci(e2e-orchestrator): run 25497944846 [skip ci]\n",
            "author": {
              "name": "github-actions[bot]",
              "email": "41898282+github-actions[bot]@users.noreply.github.com",
              "time": 1778160748000
            },
            "committer": {
              "name": "github-actions[bot]",
              "email": "41898282+github-actions[bot]@users.noreply.github.com",
              "time": 1778160748000
            },
            "branch": "main"
          },
          "actualWorkers": 1
        },
        "id": "firefox",
        "name": "firefox",
        "testDir": "/home/runner/work/quantum-shield/quantum-shield/src/frontend/web/e2e",
        "testIgnore": [],
        "testMatch": [
          "**/*.@(spec|test).?(c|m)[jt]s?(x)"
        ],
        "timeout": 30000
      },
      {
        "outputDir": "/home/runner/work/quantum-shield/quantum-shield/src/frontend/web/test-results",
        "repeatEach": 1,
        "retries": 2,
        "metadata": {
          "ci": {
            "commitHref": "https://github.com/kota1026/quantum-shield/commit/25723ff688e68397895716ed6a27c850d6502183",
            "commitHash": "25723ff688e68397895716ed6a27c850d6502183",
            "buildHref": "https://github.com/kota1026/quantum-shield/actions/runs/25500066876"
          },
          "gitCommit": {
            "shortHash": "25723ff",
            "hash": "25723ff688e68397895716ed6a27c850d6502183",
            "subject": "ci(e2e-orchestrator): run 25497944846 [skip ci]",
            "body": "ci(e2e-orchestrator): run 25497944846 [skip ci]\n",
            "author": {
              "name": "github-actions[bot]",
              "email": "41898282+github-actions[bot]@users.noreply.github.com",
              "time": 1778160748000
            },
            "committer": {
              "name": "github-actions[bot]",
              "email": "41898282+github-actions[bot]@users.noreply.github.com",
              "time": 1778160748000
            },
            "branch": "main"
          },
          "actualWorkers": 1
        },
        "id": "webkit",
        "name": "webkit",
        "testDir": "/home/runner/work/quantum-shield/quantum-shield/src/frontend/web/e2e",
        "testIgnore": [],
        "testMatch": [
          "**/*.@(spec|test).?(c|m)[jt]s?(x)"
        ],
        "timeout": 30000
      },
      {
        "outputDir": "/home/runner/work/quantum-shield/quantum-shield/src/frontend/web/test-results",
        "repeatEach": 1,
        "retries": 2,
        "metadata": {
          "ci": {
            "commitHref": "https://github.com/kota1026/quantum-shield/commit/25723ff688e68397895716ed6a27c850d6502183",
            "commitHash": "25723ff688e68397895716ed6a27c850d6502183",
            "buildHref": "https://github.com/kota1026/quantum-shield/actions/runs/25500066876"
          },
          "gitCommit": {
            "shortHash": "25723ff",
            "hash": "25723ff688e68397895716ed6a27c850d6502183",
            "subject": "ci(e2e-orchestrator): run 25497944846 [skip ci]",
            "body": "ci(e2e-orchestrator): run 25497944846 [skip ci]\n",
            "author": {
              "name": "github-actions[bot]",
              "email": "41898282+github-actions[bot]@users.noreply.github.com",
              "time": 1778160748000
            },
            "committer": {
              "name": "github-actions[bot]",
              "email": "41898282+github-actions[bot]@users.noreply.github.com",
              "time": 1778160748000
            },
            "branch": "main"
          },
          "actualWorkers": 1
        },
        "id": "Mobile Chrome",
        "name": "Mobile Chrome",
        "testDir": "/home/runner/work/quantum-shield/quantum-shield/src/frontend/web/e2e",
        "testIgnore": [],
        "testMatch": [
          "**/*.@(spec|test).?(c|m)[jt]s?(x)"
        ],
        "timeout": 30000
      },
      {
        "outputDir": "/home/runner/work/quantum-shield/quantum-shield/src/frontend/web/test-results",
        "repeatEach": 1,
        "retries": 2,
        "metadata": {
          "ci": {
            "commitHref": "https://github.com/kota1026/quantum-shield/commit/25723ff688e68397895716ed6a27c850d6502183",
            "commitHash": "25723ff688e68397895716ed6a27c850d6502183",
            "buildHref": "https://github.com/kota1026/quantum-shield/actions/runs/25500066876"
          },
          "gitCommit": {
            "shortHash": "25723ff",
            "hash": "25723ff688e68397895716ed6a27c850d6502183",
            "subject": "ci(e2e-orchestrator): run 25497944846 [skip ci]",
            "body": "ci(e2e-orchestrator): run 25497944846 [skip ci]\n",
            "author": {
              "name": "github-actions[bot]",
              "email": "41898282+github-actions[bot]@users.noreply.github.com",
              "time": 1778160748000
            },
            "committer": {
              "name": "github-actions[bot]",
              "email": "41898282+github-actions[bot]@users.noreply.github.com",
              "time": 1778160748000
            },
            "branch": "main"
          },
          "actualWorkers": 1
        },
        "id": "Mobile Safari",
        "name": "Mobile Safari",
        "testDir": "/home/runner/work/quantum-shield/quantum-shield/src/frontend/web/e2e",
        "testIgnore": [],
        "testMatch": [
          "**/*.@(spec|test).?(c|m)[jt]s?(x)"
        ],
        "timeout": 30000
      },
      {
        "outputDir": "/home/runner/work/quantum-shield/quantum-shield/src/frontend/web/test-results",
        "repeatEach": 1,
        "retries": 2,
        "metadata": {
          "ci": {
            "commitHref": "https://github.com/kota1026/quantum-shield/commit/25723ff688e68397895716ed6a27c850d6502183",
            "commitHash": "25723ff688e68397895716ed6a27c850d6502183",
            "buildHref": "https://github.com/kota1026/quantum-shield/actions/runs/25500066876"
          },
          "gitCommit": {
            "shortHash": "25723ff",
            "hash": "25723ff688e68397895716ed6a27c850d6502183",
            "subject": "ci(e2e-orchestrator): run 25497944846 [skip ci]",
            "body": "ci(e2e-orchestrator): run 25497944846 [skip ci]\n",
            "author": {
              "name": "github-actions[bot]",
              "email": "41898282+github-actions[bot]@users.noreply.github.com",
              "time": 1778160748000
            },
            "committer": {
              "name": "github-actions[bot]",
              "email": "41898282+github-actions[bot]@users.noreply.github.com",
              "time": 1778160748000
            },
            "branch": "main"
          },
          "actualWorkers": 1
        },
        "id": "accessibility",
        "name": "accessibility",
        "testDir": "/home/runner/work/quantum-shield/quantum-shield/src/frontend/web/e2e",
        "testIgnore": [],
        "testMatch": [
          "**/*.a11y.spec.ts"
        ],
        "timeout": 30000
      }
    ],
    "shard": null,
    "tags": [],
    "updateSnapshots": "missing",
    "updateSourceMethod": "patch",
    "version": "1.57.0",
    "workers": 1,
    "webServer": {
      "command": "npm run dev",
      "url": "http://localhost:3000",
      "reuseExistingServer": false,
      "timeout": 120000
    }
  },
  "suites": [
    {
      "title": "integration/lock.integration.spec.ts",
      "file": "integration/lock.integration.spec.ts",
      "column": 0,
      "line": 0,
      "specs": [],
      "suites": [
        {
          "title": "Sequence #1: Lock — Deep Integration",
          "file": "integration/lock.integration.spec.ts",
          "line": 132,
          "column": 6,
          "specs": [
            {
              "title": "health check confirms backend is ready",
              "ok": true,
              "tags": [],
              "tests": [
                {
                  "timeout": 30000,
                  "annotations": [],
                  "expectedStatus": "passed",
                  "projectId": "chromium",
                  "projectName": "chromium",
                  "results": [
                    {
                      "workerIndex": 0,
                      "parallelIndex": 0,
                      "status": "passed",
                      "duration": 333,
                      "errors": [],
                      "stdout": [],
                      "stderr": [],
                      "retry": 0,
                      "startTime": "2026-05-07T14:11:30.130Z",
                      "annotations": [],
                      "attachments": []
                    }
                  ],
                  "status": "expected"
                }
              ],
              "id": "a755efc4348f41492de8-87dc8fc33888af66962a",
              "file": "integration/lock.integration.spec.ts",
              "line": 133,
              "column": 7
            },
            {
              "title": "POST /v1/lock creates lock with valid SR_0 and lock_id",
              "ok": true,
              "tags": [],
              "tests": [
                {
                  "timeout": 30000,
                  "annotations": [],
                  "expectedStatus": "passed",
                  "projectId": "chromium",
                  "projectName": "chromium",
                  "results": [
                    {
                      "workerIndex": 0,
                      "parallelIndex": 0,
                      "status": "passed",
                      "duration": 422,
                      "errors": [],
                      "stdout": [
                        {
                          "text": "[Lock] lock_id=0xb3ca5c9e0780b46f839336606af1baeb73e42ba52a6b923682c590123925a94d\n"
                        },
                        {
                          "text": "[Lock] sr_0=0x2b6570652856630c637eab4b8b0d66291cb1989dfcb2c7de57c96ee405a92d30\n"
                        },
                        {
                          "text": "[Lock] smt_proof length=17030 chars\n"
                        }
                      ],
                      "stderr": [],
                      "retry": 0,
                      "startTime": "2026-05-07T14:11:30.490Z",
                      "annotations": [],
                      "attachments": []
                    }
                  ],
                  "status": "expected"
                }
              ],
              "id": "a755efc4348f41492de8-ee1b1a8e79fbc2391ef9",
              "file": "integration/lock.integration.spec.ts",
              "line": 140,
              "column": 7
            },
            {
              "title": "lock is persisted in DB and visible via GET /v1/explorer/locks",
              "ok": true,
              "tags": [],
              "tests": [
                {
                  "timeout": 30000,
                  "annotations": [],
                  "expectedStatus": "passed",
                  "projectId": "chromium",
                  "projectName": "chromium",
                  "results": [
                    {
                      "workerIndex": 0,
                      "parallelIndex": 0,
                      "status": "passed",
                      "duration": 367,
                      "errors": [],
                      "stdout": [
                        {
                          "text": "[Lock Persisted] lock_id=0xb5b313384255cdc6001b6ea2da62684e27f56f8e8c46b3e1a68e3c667b0773e4, status=pending\n"
                        }
                      ],
                      "stderr": [],
                      "retry": 0,
                      "startTime": "2026-05-07T14:11:30.928Z",
                      "annotations": [],
                      "attachments": []
                    }
                  ],
                  "status": "expected"
                }
              ],
              "id": "a755efc4348f41492de8-3a9d45e741b19bfef051",
              "file": "integration/lock.integration.spec.ts",
              "line": 175,
              "column": 7
            },
            {
              "title": "lock increases Explorer totalLocks count",
              "ok": true,
              "tags": [],
              "tests": [
                {
                  "timeout": 30000,
                  "annotations": [],
                  "expectedStatus": "passed",
                  "projectId": "chromium",
                  "projectName": "chromium",
                  "results": [
                    {
                      "workerIndex": 0,
                      "parallelIndex": 0,
                      "status": "passed",
                      "duration": 371,
                      "errors": [],
                      "stdout": [
                        {
                          "text": "[Explorer] totalLocks: 4 -> 5\n"
                        }
                      ],
                      "stderr": [],
                      "retry": 0,
                      "startTime": "2026-05-07T14:11:31.310Z",
                      "annotations": [],
                      "attachments": []
                    }
                  ],
                  "status": "expected"
                }
              ],
              "id": "a755efc4348f41492de8-4776c449324bcf98e9df",
              "file": "integration/lock.integration.spec.ts",
              "line": 203,
              "column": 7
            },
            {
              "title": "nonce reuse is rejected",
              "ok": true,
              "tags": [],
              "tests": [
                {
                  "timeout": 30000,
                  "annotations": [],
                  "expectedStatus": "passed",
                  "projectId": "chromium",
                  "projectName": "chromium",
                  "results": [
                    {
                      "workerIndex": 0,
                      "parallelIndex": 0,
                      "status": "passed",
                      "duration": 354,
                      "errors": [],
                      "stdout": [
                        {
                          "text": "[Nonce Reuse] Correctly rejected with status 409\n"
                        }
                      ],
                      "stderr": [],
                      "retry": 0,
                      "startTime": "2026-05-07T14:11:31.692Z",
                      "annotations": [],
                      "attachments": []
                    }
                  ],
                  "status": "expected"
                }
              ],
              "id": "a755efc4348f41492de8-9db0e6bedfe22dafb8fb",
              "file": "integration/lock.integration.spec.ts",
              "line": 229,
              "column": 7
            },
            {
              "title": "expired lock request is rejected",
              "ok": true,
              "tags": [],
              "tests": [
                {
                  "timeout": 30000,
                  "annotations": [],
                  "expectedStatus": "passed",
                  "projectId": "chromium",
                  "projectName": "chromium",
                  "results": [
                    {
                      "workerIndex": 0,
                      "parallelIndex": 0,
                      "status": "passed",
                      "duration": 12,
                      "errors": [],
                      "stdout": [
                        {
                          "text": "[Expired] Correctly rejected with status 400\n"
                        }
                      ],
                      "stderr": [],
                      "retry": 0,
                      "startTime": "2026-05-07T14:11:32.055Z",
                      "annotations": [],
                      "attachments": []
                    }
                  ],
                  "status": "expected"
                }
              ],
              "id": "a755efc4348f41492de8-88863cf66885c3773312",
              "file": "integration/lock.integration.spec.ts",
              "line": 248,
              "column": 7
            },
            {
              "title": "lock with missing required fields is rejected",
              "ok": true,
              "tags": [],
              "tests": [
                {
                  "timeout": 30000,
                  "annotations": [],
                  "expectedStatus": "passed",
                  "projectId": "chromium",
                  "projectName": "chromium",
                  "results": [
                    {
                      "workerIndex": 0,
                      "parallelIndex": 0,
                      "status": "passed",
                      "duration": 5,
                      "errors": [],
                      "stdout": [
                        {
                          "text": "[Missing Field] Correctly rejected with status 422\n"
                        }
                      ],
                      "stderr": [],
                      "retry": 0,
                      "startTime": "2026-05-07T14:11:32.076Z",
                      "annotations": [],
                      "attachments": []
                    }
                  ],
                  "status": "expected"
                }
              ],
              "id": "a755efc4348f41492de8-6fb1589351e17a102c6f",
              "file": "integration/lock.integration.spec.ts",
              "line": 263,
              "column": 7
            },
            {
              "title": "multiple locks create distinct lock_ids and SR_0s",
              "ok": true,
              "tags": [],
              "tests": [
                {
                  "timeout": 30000,
                  "annotations": [],
                  "expectedStatus": "passed",
                  "projectId": "chromium",
                  "projectName": "chromium",
                  "results": [
                    {
                      "workerIndex": 0,
                      "parallelIndex": 0,
                      "status": "passed",
                      "duration": 1052,
                      "errors": [],
                      "stdout": [
                        {
                          "text": "[Multi-Lock] 3 distinct locks created: 0xf2bcaaa6052b4e9af0d99fb9cb069a9a78af5974f309c0a994259cc87edebbd1, 0xd1ca1a10322629d6e4b483cf8c2692098a8977ae9802803a46c2f14e15c28ab8, 0x1d853fe26107a343b7b2c70d9e79be5861069df2509182ceeb175daa99475dd6\n"
                        }
                      ],
                      "stderr": [],
                      "retry": 0,
                      "startTime": "2026-05-07T14:11:32.092Z",
                      "annotations": [],
                      "attachments": []
                    }
                  ],
                  "status": "expected"
                }
              ],
              "id": "a755efc4348f41492de8-048f3ad09f3bdaab26f0",
              "file": "integration/lock.integration.spec.ts",
              "line": 285,
              "column": 7
            },
            {
              "title": "health check confirms backend is ready",
              "ok": true,
              "tags": [],
              "tests": [
                {
                  "timeout": 30000,
                  "annotations": [],
                  "expectedStatus": "passed",
                  "projectId": "firefox",
                  "projectName": "firefox",
                  "results": [
                    {
                      "workerIndex": 1,
                      "parallelIndex": 0,
                      "status": "passed",
                      "duration": 333,
                      "errors": [],
                      "stdout": [],
                      "stderr": [],
                      "retry": 0,
                      "startTime": "2026-05-07T14:11:33.757Z",
                      "annotations": [],
                      "attachments": []
                    }
                  ],
                  "status": "expected"
                }
              ],
              "id": "a755efc4348f41492de8-29f694fe6f2d06ef2358",
              "file": "integration/lock.integration.spec.ts",
              "line": 133,
              "column": 7
            },
            {
              "title": "POST /v1/lock creates lock with valid SR_0 and lock_id",
              "ok": true,
              "tags": [],
              "tests": [
                {
                  "timeout": 30000,
                  "annotations": [],
                  "expectedStatus": "passed",
                  "projectId": "firefox",
                  "projectName": "firefox",
                  "results": [
                    {
                      "workerIndex": 1,
                      "parallelIndex": 0,
                      "status": "passed",
                      "duration": 383,
                      "errors": [],
                      "stdout": [
                        {
                          "text": "[Lock] lock_id=0xbe2c538092e10a60200a3bc424210831c66f8dfb2aa64473228c534f589dee36\n"
                        },
                        {
                          "text": "[Lock] sr_0=0xf219760bed754d62d3bd278aba3d32ba4351096160fb45af2cb0e77496f10028\n"
                        },
                        {
                          "text": "[Lock] smt_proof length=17030 chars\n"
                        }
                      ],
                      "stderr": [],
                      "retry": 0,
                      "startTime": "2026-05-07T14:11:34.119Z",
                      "annotations": [],
                      "attachments": []
                    }
                  ],
                  "status": "expected"
                }
              ],
              "id": "a755efc4348f41492de8-affa6387516682597418",
              "file": "integration/lock.integration.spec.ts",
              "line": 140,
              "column": 7
            },
            {
              "title": "lock is persisted in DB and visible via GET /v1/explorer/locks",
              "ok": true,
              "tags": [],
              "tests": [
                {
                  "timeout": 30000,
                  "annotations": [],
                  "expectedStatus": "passed",
                  "projectId": "firefox",
                  "projectName": "firefox",
                  "results": [
                    {
                      "workerIndex": 1,
                      "parallelIndex": 0,
                      "status": "passed",
                      "duration": 367,
                      "errors": [],
                      "stdout": [
                        {
                          "text": "[Lock Persisted] lock_id=0xee2b00abe27f1e4d6e563121a3e0bf54c13a0647ed08f140834284e13f8b1b15, status=pending\n"
                        }
                      ],
                      "stderr": [],
                      "retry": 0,
                      "startTime": "2026-05-07T14:11:34.519Z",
                      "annotations": [],
                      "attachments": []
                    }
                  ],
                  "status": "expected"
                }
              ],
              "id": "a755efc4348f41492de8-44fc3a426c01b9b29a54",
              "file": "integration/lock.integration.spec.ts",
              "line": 175,
              "column": 7
            },
            {
              "title": "lock increases Explorer totalLocks count",
              "ok": true,
              "tags": [],
              "tests": [
                {
                  "timeout": 30000,
                  "annotations": [],
                  "expectedStatus": "passed",
                  "projectId": "firefox",
                  "projectName": "firefox",
                  "results": [
                    {
                      "workerIndex": 1,
                      "parallelIndex": 0,
                      "status": "passed",
                      "duration": 388,
                      "errors": [],
                      "stdout": [
                        {
                          "text": "[Explorer] totalLocks: 11 -> 12\n"
                        }
                      ],
                      "stderr": [],
                      "retry": 0,
                      "startTime": "2026-05-07T14:11:34.898Z",
                      "annotations": [],
                      "attachments": []
                    }
                  ],
                  "status": "expected"
                }
              ],
              "id": "a755efc4348f41492de8-fbf8b93434b381c31ee8",
              "file": "integration/lock.integration.spec.ts",
              "line": 203,
              "column": 7
            },
            {
              "title": "nonce reuse is rejected",
              "ok": true,
              "tags": [],
              "tests": [
                {
                  "timeout": 30000,
                  "annotations": [],
                  "expectedStatus": "passed",
                  "projectId": "firefox",
                  "projectName": "firefox",
                  "results": [
                    {
                      "workerIndex": 1,
                      "parallelIndex": 0,
                      "status": "passed",
                      "duration": 292,
                      "errors": [],
                      "stdout": [
                        {
                          "text": "[Nonce Reuse] Correctly rejected with status 409\n"
                        }
                      ],
                      "stderr": [],
                      "retry": 0,
                      "startTime": "2026-05-07T14:11:35.298Z",
                      "annotations": [],
                      "attachments": []
                    }
                  ],
                  "status": "expected"
                }
              ],
              "id": "a755efc4348f41492de8-dde7aae3e866127bf175",
              "file": "integration/lock.integration.spec.ts",
              "line": 229,
              "column": 7
            },
            {
              "title": "expired lock request is rejected",
              "ok": true,
              "tags": [],
              "tests": [
                {
                  "timeout": 30000,
                  "annotations": [],
                  "expectedStatus": "passed",
                  "projectId": "firefox",
                  "projectName": "firefox",
                  "results": [
                    {
                      "workerIndex": 1,
                      "parallelIndex": 0,
                      "status": "passed",
                      "duration": 19,
                      "errors": [],
                      "stdout": [
                        {
                          "text": "[Expired] Correctly rejected with status 400\n"
                        }
                      ],
                      "stderr": [],
                      "retry": 0,
                      "startTime": "2026-05-07T14:11:35.601Z",
                      "annotations": [],
                      "attachments": []
                    }
                  ],
                  "status": "expected"
                }
              ],
              "id": "a755efc4348f41492de8-c8b816739f6c9889eae5",
              "file": "integration/lock.integration.spec.ts",
              "line": 248,
              "column": 7
            },
            {
              "title": "lock with missing required fields is rejected",
              "ok": true,
              "tags": [],
              "tests": [
                {
                  "timeout": 30000,
                  "annotations": [],
                  "expectedStatus": "passed",
                  "projectId": "firefox",
                  "projectName": "firefox",
                  "results": [
                    {
                      "workerIndex": 1,
                      "parallelIndex": 0,
                      "status": "passed",
                      "duration": 5,
                      "errors": [],
                      "stdout": [
                        {
                          "text": "[Missing Field] Correctly rejected with status 422\n"
                        }
                      ],
                      "stderr": [],
                      "retry": 0,
                      "startTime": "2026-05-07T14:11:35.630Z",
                      "annotations": [],
                      "attachments": []
                    }
                  ],
                  "status": "expected"
                }
              ],
              "id": "a755efc4348f41492de8-e8f828d3d676098ddd73",
              "file": "integration/lock.integration.spec.ts",
              "line": 263,
              "column": 7
            },
            {
              "title": "multiple locks create distinct lock_ids and SR_0s",
              "ok": true,
              "tags": [],
              "tests": [
                {
                  "timeout": 30000,
                  "annotations": [],
                  "expectedStatus": "passed",
                  "projectId": "firefox",
                  "projectName": "firefox",
                  "results": [
                    {
                      "workerIndex": 1,
                      "parallelIndex": 0,
                      "status": "passed",
                      "duration": 1397,
                      "errors": [],
                      "stdout": [
                        {
                          "text": "[Multi-Lock] 3 distinct locks created: 0xc73e02f213fb9ca1f86d4382a0363f0e9f205dffe3d382cf22f06ab0f9f89b78, 0x323c3bec1df1f6e36db42f57106b03c5c2b341536ff3b8742e78a2617f4ebe5b, 0x64902663e7c7c02021ead611ef8746b949fb4e42ff67b65a1c0454d3eada305e\n"
                        }
                      ],
                      "stderr": [],
                      "retry": 0,
                      "startTime": "2026-05-07T14:11:35.644Z",
                      "annotations": [],
                      "attachments": []
                    }
                  ],
                  "status": "expected"
                }
              ],
              "id": "a755efc4348f41492de8-17b1d3c6fcb0d8f06082",
              "file": "integration/lock.integration.spec.ts",
              "line": 285,
              "column": 7
            },
            {
              "title": "health check confirms backend is ready",
              "ok": true,
              "tags": [],
              "tests": [
                {
                  "timeout": 30000,
                  "annotations": [],
                  "expectedStatus": "passed",
                  "projectId": "webkit",
                  "projectName": "webkit",
                  "results": [
                    {
                      "workerIndex": 2,
                      "parallelIndex": 0,
                      "status": "passed",
                      "duration": 333,
                      "errors": [],
                      "stdout": [],
                      "stderr": [],
                      "retry": 0,
                      "startTime": "2026-05-07T14:11:37.660Z",
                      "annotations": [],
                      "attachments": []
                    }
                  ],
                  "status": "expected"
                }
              ],
              "id": "a755efc4348f41492de8-a94958b82f47d263041b",
              "file": "integration/lock.integration.spec.ts",
              "line": 133,
              "column": 7
            },
            {
              "title": "POST /v1/lock creates lock with valid SR_0 and lock_id",
              "ok": true,
              "tags": [],
              "tests": [
                {
                  "timeout": 30000,
                  "annotations": [],
                  "expectedStatus": "passed",
                  "projectId": "webkit",
                  "projectName": "webkit",
                  "results": [
                    {
                      "workerIndex": 2,
                      "parallelIndex": 0,
                      "status": "passed",
                      "duration": 476,
                      "errors": [],
                      "stdout": [
                        {
                          "text": "[Lock] lock_id=0xdd71550ddff5967cd6db6e1e0a533c0ab88c4bf1e52be8b5ce02aea141a29da1\n"
                        },
                        {
                          "text": "[Lock] sr_0=0xf8e05fc5a97715dc2cd42c526858e8ff55e37c5cb1a3fd62317661b12e900b95\n"
                        },
                        {
                          "text": "[Lock] smt_proof length=17030 chars\n"
                        }
                      ],
                      "stderr": [],
                      "retry": 0,
                      "startTime": "2026-05-07T14:11:38.019Z",
                      "annotations": [],
                      "attachments": []
                    }
                  ],
                  "status": "expected"
                }
              ],
              "id": "a755efc4348f41492de8-88f9ac57fd171a5744d7",
              "file": "integration/lock.integration.spec.ts",
              "line": 140,
              "column": 7
            },
            {
              "title": "lock is persisted in DB and visible via GET /v1/explorer/locks",
              "ok": true,
              "tags": [],
              "tests": [
                {
                  "timeout": 30000,
                  "annotations": [],
                  "expectedStatus": "passed",
                  "projectId": "webkit",
                  "projectName": "webkit",
                  "results": [
                    {
                      "workerIndex": 2,
                      "parallelIndex": 0,
                      "status": "passed",
                      "duration": 370,
                      "errors": [],
                      "stdout": [
                        {
                          "text": "[Lock Persisted] lock_id=0x593fc0be5dc926b9368fd68dd7707296bf6da4e096553232274abe3905c756ec, status=pending\n"
                        }
                      ],
                      "stderr": [],
                      "retry": 0,
                      "startTime": "2026-05-07T14:11:38.512Z",
                      "annotations": [],
                      "attachments": []
                    }
                  ],
                  "status": "expected"
                }
              ],
              "id": "a755efc4348f41492de8-8e6bbe1bed53f78e9b83",
              "file": "integration/lock.integration.spec.ts",
              "line": 175,
              "column": 7
            },
            {
              "title": "lock increases Explorer totalLocks count",
              "ok": true,
              "tags": [],
              "tests": [
                {
                  "timeout": 30000,
                  "annotations": [],
                  "expectedStatus": "passed",
                  "projectId": "webkit",
                  "projectName": "webkit",
                  "results": [
                    {
                      "workerIndex": 2,
                      "parallelIndex": 0,
                      "status": "passed",
                      "duration": 285,
                      "errors": [],
                      "stdout": [
                        {
                          "text": "[Explorer] totalLocks: 18 -> 19\n"
                        }
                      ],
                      "stderr": [],
                      "retry": 0,
                      "startTime": "2026-05-07T14:11:38.895Z",
                      "annotations": [],
                      "attachments": []
                    }
                  ],
                  "status": "expected"
                }
              ],
              "id": "a755efc4348f41492de8-8d8833cd4b9ef3f7c2d0",
              "file": "integration/lock.integration.spec.ts",
              "line": 203,
              "column": 7
            },
            {
              "title": "nonce reuse is rejected",
              "ok": true,
              "tags": [],
              "tests": [
                {
                  "timeout": 30000,
                  "annotations": [],
                  "expectedStatus": "passed",
                  "projectId": "webkit",
                  "projectName": "webkit",
                  "results": [
                    {
                      "workerIndex": 2,
                      "parallelIndex": 0,
                      "status": "passed",
                      "duration": 363,
                      "errors": [],
                      "stdout": [
                        {
                          "text": "[Nonce Reuse] Correctly rejected with status 409\n"
                        }
                      ],
                      "stderr": [],
                      "retry": 0,
                      "startTime": "2026-05-07T14:11:39.192Z",
                      "annotations": [],
                      "attachments": []
                    }
                  ],
                  "status": "expected"
                }
              ],
              "id": "a755efc4348f41492de8-6873c33ce0d3eb48b649",
              "file": "integration/lock.integration.spec.ts",
              "line": 229,
              "column": 7
            },
            {
              "title": "expired lock request is rejected",
              "ok": true,
              "tags": [],
              "tests": [
                {
                  "timeout": 30000,
                  "annotations": [],
                  "expectedStatus": "passed",
                  "projectId": "webkit",
                  "projectName": "webkit",
                  "results": [
                    {
                      "workerIndex": 2,
                      "parallelIndex": 0,
                      "status": "passed",
                      "duration": 20,
                      "errors": [],
                      "stdout": [
                        {
                          "text": "[Expired] Correctly rejected with status 400\n"
                        }
                      ],
                      "stderr": [],
                      "retry": 0,
                      "startTime": "2026-05-07T14:11:39.566Z",
                      "annotations": [],
                      "attachments": []
                    }
                  ],
                  "status": "expected"
                }
              ],
              "id": "a755efc4348f41492de8-b6bda26596175bcf7c70",
              "file": "integration/lock.integration.spec.ts",
              "line": 248,
              "column": 7
            },
            {
              "title": "lock with missing required fields is rejected",
              "ok": true,
              "tags": [],
              "tests": [
                {
                  "timeout": 30000,
                  "annotations": [],
                  "expectedStatus": "passed",
                  "projectId": "webkit",
                  "projectName": "webkit",
                  "results": [
                    {
                      "workerIndex": 2,
                      "parallelIndex": 0,
                      "status": "passed",
                      "duration": 5,
                      "errors": [],
                      "stdout": [
                        {
                          "text": "[Missing Field] Correctly rejected with status 422\n"
                        }
                      ],
                      "stderr": [],
                      "retry": 0,
                      "startTime": "2026-05-07T14:11:39.596Z",
                      "annotations": [],
                      "attachments": []
                    }
                  ],
                  "status": "expected"
                }
              ],
              "id": "a755efc4348f41492de8-2a7a4c9776548ab7e21d",
              "file": "integration/lock.integration.spec.ts",
              "line": 263,
              "column": 7
            },
            {
              "title": "multiple locks create distinct lock_ids and SR_0s",
              "ok": true,
              "tags": [],
              "tests": [
                {
                  "timeout": 30000,
                  "annotations": [],
                  "expectedStatus": "passed",
                  "projectId": "webkit",
                  "projectName": "webkit",
                  "results": [
                    {
                      "workerIndex": 2,
                      "parallelIndex": 0,
                      "status": "passed",
                      "duration": 962,
                      "errors": [],
                      "stdout": [
                        {
                          "text": "[Multi-Lock] 3 distinct locks created: 0x06be0935312e876eaaf8129b4581c070d65663091d344da214e28f5f44cf7a9e, 0xb710f9fe59c093d68af418bcf70ad6615bbebe98ec81051f5c9d5dfa1af3d7ed, 0x958f78f6035f25e9476d1a1cbd2d1b334c9156fbc981457687e061b79ead3c63\n"
                        }
                      ],
                      "stderr": [],
                      "retry": 0,
                      "startTime": "2026-05-07T14:11:39.611Z",
                      "annotations": [],
                      "attachments": []
                    }
                  ],
                  "status": "expected"
                }
              ],
              "id": "a755efc4348f41492de8-676f1d77e075dc5af639",
              "file": "integration/lock.integration.spec.ts",
              "line": 285,
              "column": 7
            },
            {
              "title": "health check confirms backend is ready",
              "ok": true,
              "tags": [],
              "tests": [
                {
                  "timeout": 30000,
                  "annotations": [],
                  "expectedStatus": "passed",
                  "projectId": "Mobile Chrome",
                  "projectName": "Mobile Chrome",
                  "results": [
                    {
                      "workerIndex": 3,
                      "parallelIndex": 0,
                      "status": "passed",
                      "duration": 337,
                      "errors": [],
                      "stdout": [],
                      "stderr": [],
                      "retry": 0,
                      "startTime": "2026-05-07T14:11:41.201Z",
                      "annotations": [],
                      "attachments": []
                    }
                  ],
                  "status": "expected"
                }
              ],
              "id": "a755efc4348f41492de8-ace78feb9d2fca13613c",
              "file": "integration/lock.integration.spec.ts",
              "line": 133,
              "column": 7
            },
            {
              "title": "POST /v1/lock creates lock with valid SR_0 and lock_id",
              "ok": true,
              "tags": [],
              "tests": [
                {
                  "timeout": 30000,
                  "annotations": [],
                  "expectedStatus": "passed",
                  "projectId": "Mobile Chrome",
                  "projectName": "Mobile Chrome",
                  "results": [
                    {
                      "workerIndex": 3,
                      "parallelIndex": 0,
                      "status": "passed",
                      "duration": 393,
                      "errors": [],
                      "stdout": [
                        {
                          "text": "[Lock] lock_id=0xe29fc2a6467e9e5f3e12906b98876b0feae059b51870d6ba100c9f7316381fc1\n"
                        },
                        {
                          "text": "[Lock] sr_0=0x4b0e46c7ef46c7dd0ea51053d396696e8dedb024559537d6598c19d26dcd544a\n"
                        },
                        {
                          "text": "[Lock] smt_proof length=17030 chars\n"
                        }
                      ],
                      "stderr": [],
                      "retry": 0,
                      "startTime": "2026-05-07T14:11:41.563Z",
                      "annotations": [],
                      "attachments": []
                    }
                  ],
                  "status": "expected"
                }
              ],
              "id": "a755efc4348f41492de8-f1799e6844bb8806e843",
              "file": "integration/lock.integration.spec.ts",
              "line": 140,
              "column": 7
            },
            {
              "title": "lock is persisted in DB and visible via GET /v1/explorer/locks",
              "ok": true,
              "tags": [],
              "tests": [
                {
                  "timeout": 30000,
                  "annotations": [],
                  "expectedStatus": "passed",
                  "projectId": "Mobile Chrome",
                  "projectName": "Mobile Chrome",
                  "results": [
                    {
                      "workerIndex": 3,
                      "parallelIndex": 0,
                      "status": "passed",
                      "duration": 222,
                      "errors": [],
                      "stdout": [
                        {
                          "text": "[Lock Persisted] lock_id=0x2c73ae20ab6096738add7106f9cefd8e966c7ec5d4ce8c4fcb174f6ecefb60ad, status=pending\n"
                        }
                      ],
                      "stderr": [],
                      "retry": 0,
                      "startTime": "2026-05-07T14:11:41.973Z",
                      "annotations": [],
                      "attachments": []
                    }
                  ],
                  "status": "expected"
                }
              ],
              "id": "a755efc4348f41492de8-bd707def9579b5374136",
              "file": "integration/lock.integration.spec.ts",
              "line": 175,
              "column": 7
            },
            {
              "title": "lock increases Explorer totalLocks count",
              "ok": true,
              "tags": [],
              "tests": [
                {
                  "timeout": 30000,
                  "annotations": [],
                  "expectedStatus": "passed",
                  "projectId": "Mobile Chrome",
                  "projectName": "Mobile Chrome",
                  "results": [
                    {
                      "workerIndex": 3,
                      "parallelIndex": 0,
                      "status": "passed",
                      "duration": 361,
                      "errors": [],
                      "stdout": [
                        {
                          "text": "[Explorer] totalLocks: 25 -> 26\n"
                        }
                      ],
                      "stderr": [],
                      "retry": 0,
                      "startTime": "2026-05-07T14:11:42.208Z",
                      "annotations": [],
                      "attachments": []
                    }
                  ],
                  "status": "expected"
                }
              ],
              "id": "a755efc4348f41492de8-0136ac7b2e2946e9f97d",
              "file": "integration/lock.integration.spec.ts",
              "line": 203,
              "column": 7
            },
            {
              "title": "nonce reuse is rejected",
              "ok": true,
              "tags": [],
              "tests": [
                {
                  "timeout": 30000,
                  "annotations": [],
                  "expectedStatus": "passed",
                  "projectId": "Mobile Chrome",
                  "projectName": "Mobile Chrome",
                  "results": [
                    {
                      "workerIndex": 3,
                      "parallelIndex": 0,
                      "status": "passed",
                      "duration": 265,
                      "errors": [],
                      "stdout": [
                        {
                          "text": "[Nonce Reuse] Correctly rejected with status 409\n"
                        }
                      ],
                      "stderr": [],
                      "retry": 0,
                      "startTime": "2026-05-07T14:11:42.579Z",
                      "annotations": [],
                      "attachments": []
                    }
                  ],
                  "status": "expected"
                }
              ],
              "id": "a755efc4348f41492de8-dc2e42cccf5243d59002",
              "file": "integration/lock.integration.spec.ts",
              "line": 229,
              "column": 7
            },
            {
              "title": "expired lock request is rejected",
              "ok": true,
              "tags": [],
              "tests": [
                {
                  "timeout": 30000,
                  "annotations": [],
                  "expectedStatus": "passed",
                  "projectId": "Mobile Chrome",
                  "projectName": "Mobile Chrome",
                  "results": [
                    {
                      "workerIndex": 3,
                      "parallelIndex": 0,
                      "status": "passed",
                      "duration": 14,
                      "errors": [],
                      "stdout": [
                        {
                          "text": "[Expired] Correctly rejected with status 400\n"
                        }
                      ],
                      "stderr": [],
                      "retry": 0,
                      "startTime": "2026-05-07T14:11:42.855Z",
                      "annotations": [],
                      "attachments": []
                    }
                  ],
                  "status": "expected"
                }
              ],
              "id": "a755efc4348f41492de8-75a7ca2fc571cf8dbc70",
              "file": "integration/lock.integration.spec.ts",
              "line": 248,
              "column": 7
            },
            {
              "title": "lock with missing required fields is rejected",
              "ok": true,
              "tags": [],
              "tests": [
                {
                  "timeout": 30000,
                  "annotations": [],
                  "expectedStatus": "passed",
                  "projectId": "Mobile Chrome",
                  "projectName": "Mobile Chrome",
                  "results": [
                    {
                      "workerIndex": 3,
                      "parallelIndex": 0,
                      "status": "passed",
                      "duration": 5,
                      "errors": [],
                      "stdout": [
                        {
                          "text": "[Missing Field] Correctly rejected with status 422\n"
                        }
                      ],
                      "stderr": [],
                      "retry": 0,
                      "startTime": "2026-05-07T14:11:42.878Z",
                      "annotations": [],
                      "attachments": []
                    }
                  ],
                  "status": "expected"
                }
              ],
              "id": "a755efc4348f41492de8-f0736da9f90650f32f2a",
              "file": "integration/lock.integration.spec.ts",
              "line": 263,
              "column": 7
            },
            {
              "title": "multiple locks create distinct lock_ids and SR_0s",
              "ok": true,
              "tags": [],
              "tests": [
                {
                  "timeout": 30000,
                  "annotations": [],
                  "expectedStatus": "passed",
                  "projectId": "Mobile Chrome",
                  "projectName": "Mobile Chrome",
                  "results": [
                    {
                      "workerIndex": 3,
                      "parallelIndex": 0,
                      "status": "passed",
                      "duration": 1021,
                      "errors": [],
                      "stdout": [
                        {
                          "text": "[Multi-Lock] 3 distinct locks created: 0xe9597fb47bca4edd10da6db836a8a55717fe7429495701f08ef8bf5a20629beb, 0x6195a4efe779156b99cdc6f531e84e7ae34659c58a4d7788c25fb3b3c61f6f56, 0xc03a5be9a073f16b636a7932af593c52102c033810d801abc27e39427389d128\n"
                        }
                      ],
                      "stderr": [],
                      "retry": 0,
                      "startTime": "2026-05-07T14:11:42.893Z",
                      "annotations": [],
                      "attachments": []
                    }
                  ],
                  "status": "expected"
                }
              ],
              "id": "a755efc4348f41492de8-6599e110834aab03fdeb",
              "file": "integration/lock.integration.spec.ts",
              "line": 285,
              "column": 7
            },
            {
              "title": "health check confirms backend is ready",
              "ok": true,
              "tags": [],
              "tests": [
                {
                  "timeout": 30000,
                  "annotations": [],
                  "expectedStatus": "passed",
                  "projectId": "Mobile Safari",
                  "projectName": "Mobile Safari",
                  "results": [
                    {
                      "workerIndex": 4,
                      "parallelIndex": 0,
                      "status": "passed",
                      "duration": 340,
                      "errors": [],
                      "stdout": [],
                      "stderr": [],
                      "retry": 0,
                      "startTime": "2026-05-07T14:11:44.543Z",
                      "annotations": [],
                      "attachments": []
                    }
                  ],
                  "status": "expected"
                }
              ],
              "id": "a755efc4348f41492de8-65af1f13c125590b1046",
              "file": "integration/lock.integration.spec.ts",
              "line": 133,
              "column": 7
            },
            {
              "title": "POST /v1/lock creates lock with valid SR_0 and lock_id",
              "ok": true,
              "tags": [],
              "tests": [
                {
                  "timeout": 30000,
                  "annotations": [],
                  "expectedStatus": "passed",
                  "projectId": "Mobile Safari",
                  "projectName": "Mobile Safari",
                  "results": [
                    {
                      "workerIndex": 4,
                      "parallelIndex": 0,
                      "status": "passed",
                      "duration": 396,
                      "errors": [],
                      "stdout": [
                        {
                          "text": "[Lock] lock_id=0xbc12d3668f38650003f373eb0b6bfcab2751fa1eb1efb35dfcb72f907a559be2\n"
                        },
                        {
                          "text": "[Lock] sr_0=0x103ac9224dc317a1955496ec5ee5567527f1fbad99cb26abf26c75edc9e278f4\n"
                        },
                        {
                          "text": "[Lock] smt_proof length=17030 chars\n"
                        }
                      ],
                      "stderr": [],
                      "retry": 0,
                      "startTime": "2026-05-07T14:11:44.911Z",
                      "annotations": [],
                      "attachments": []
                    }
                  ],
                  "status": "expected"
                }
              ],
              "id": "a755efc4348f41492de8-1ae72b95dcbf3a3278f8",
              "file": "integration/lock.integration.spec.ts",
              "line": 140,
              "column": 7
            },
            {
              "title": "lock is persisted in DB and visible via GET /v1/explorer/locks",
              "ok": true,
              "tags": [],
              "tests": [
                {
                  "timeout": 30000,
                  "annotations": [],
                  "expectedStatus": "passed",
                  "projectId": "Mobile Safari",
                  "projectName": "Mobile Safari",
                  "results": [
                    {
                      "workerIndex": 4,
                      "parallelIndex": 0,
                      "status": "passed",
                      "duration": 370,
                      "errors": [],
                      "stdout": [
                        {
                          "text": "[Lock Persisted] lock_id=0xb6f0dd860f0cc50f3d690dbdd89a795b5ccb6d0ca831bfd10aebf9ff2f3d461a, status=pending\n"
                        }
                      ],
                      "stderr": [],
                      "retry": 0,
                      "startTime": "2026-05-07T14:11:45.325Z",
                      "annotations": [],
                      "attachments": []
                    }
                  ],
                  "status": "expected"
                }
              ],
              "id": "a755efc4348f41492de8-133621605b726ca98e46",
              "file": "integration/lock.integration.spec.ts",
              "line": 175,
              "column": 7
            },
            {
              "title": "lock increases Explorer totalLocks count",
              "ok": true,
              "tags": [],
              "tests": [
                {
                  "timeout": 30000,
                  "annotations": [],
                  "expectedStatus": "passed",
                  "projectId": "Mobile Safari",
                  "projectName": "Mobile Safari",
                  "results": [
                    {
                      "workerIndex": 4,
                      "parallelIndex": 0,
                      "status": "passed",
                      "duration": 368,
                      "errors": [],
                      "stdout": [
                        {
                          "text": "[Explorer] totalLocks: 32 -> 33\n"
                        }
                      ],
                      "stderr": [],
                      "retry": 0,
                      "startTime": "2026-05-07T14:11:45.706Z",
                      "annotations": [],
                      "attachments": []
                    }
                  ],
                  "status": "expected"
                }
              ],
              "id": "a755efc4348f41492de8-e89eae9ab958115b5c67",
              "file": "integration/lock.integration.spec.ts",
              "line": 203,
              "column": 7
            },
            {
              "title": "nonce reuse is rejected",
              "ok": true,
              "tags": [],
              "tests": [
                {
                  "timeout": 30000,
                  "annotations": [],
                  "expectedStatus": "passed",
                  "projectId": "Mobile Safari",
                  "projectName": "Mobile Safari",
                  "results": [
                    {
                      "workerIndex": 4,
                      "parallelIndex": 0,
                      "status": "passed",
                      "duration": 363,
                      "errors": [],
                      "stdout": [
                        {
                          "text": "[Nonce Reuse] Correctly rejected with status 409\n"
                        }
                      ],
                      "stderr": [],
                      "retry": 0,
                      "startTime": "2026-05-07T14:11:46.086Z",
                      "annotations": [],
                      "attachments": []
                    }
                  ],
                  "status": "expected"
                }
              ],
              "id": "a755efc4348f41492de8-df1c51ed389e9be9b8fb",
              "file": "integration/lock.integration.spec.ts",
              "line": 229,
              "column": 7
            },
            {
              "title": "expired lock request is rejected",
              "ok": true,
              "tags": [],
              "tests": [
                {
                  "timeout": 30000,
                  "annotations": [],
                  "expectedStatus": "passed",
                  "projectId": "Mobile Safari",
                  "projectName": "Mobile Safari",
                  "results": [
                    {
                      "workerIndex": 4,
                      "parallelIndex": 0,
                      "status": "passed",
                      "duration": 15,
                      "errors": [],
                      "stdout": [
                        {
                          "text": "[Expired] Correctly rejected with status 400\n"
                        }
                      ],
                      "stderr": [],
                      "retry": 0,
                      "startTime": "2026-05-07T14:11:46.461Z",
                      "annotations": [],
                      "attachments": []
                    }
                  ],
                  "status": "expected"
                }
              ],
              "id": "a755efc4348f41492de8-83923d00673896deee40",
              "file": "integration/lock.integration.spec.ts",
              "line": 248,
              "column": 7
            },
            {
              "title": "lock with missing required fields is rejected",
              "ok": true,
              "tags": [],
              "tests": [
                {
                  "timeout": 30000,
                  "annotations": [],
                  "expectedStatus": "passed",
                  "projectId": "Mobile Safari",
                  "projectName": "Mobile Safari",
                  "results": [
                    {
                      "workerIndex": 4,
                      "parallelIndex": 0,
                      "status": "passed",
                      "duration": 5,
                      "errors": [],
                      "stdout": [
                        {
                          "text": "[Missing Field] Correctly rejected with status 422\n"
                        }
                      ],
                      "stderr": [],
                      "retry": 0,
                      "startTime": "2026-05-07T14:11:46.485Z",
                      "annotations": [],
                      "attachments": []
                    }
                  ],
                  "status": "expected"
                }
              ],
              "id": "a755efc4348f41492de8-653011916c07f7a1a202",
              "file": "integration/lock.integration.spec.ts",
              "line": 263,
              "column": 7
            },
            {
              "title": "multiple locks create distinct lock_ids and SR_0s",
              "ok": true,
              "tags": [],
              "tests": [
                {
                  "timeout": 30000,
                  "annotations": [],
                  "expectedStatus": "passed",
                  "projectId": "Mobile Safari",
                  "projectName": "Mobile Safari",
                  "results": [
                    {
                      "workerIndex": 4,
                      "parallelIndex": 0,
                      "status": "passed",
                      "duration": 1006,
                      "errors": [],
                      "stdout": [
                        {
                          "text": "[Multi-Lock] 3 distinct locks created: 0x4186ff46e106c2abe4b7579ea3245d03fddcdedb9ab81657313ab22164124f49, 0x29da0d68bd56375daecb2f04a6c7a6d2592b1cfa8c183efe931e11405b8ed8ad, 0xf1a83c5c10ba8fa89b7f29028f75fa8c6cc24758c14906277e615487039418ab\n"
                        }
                      ],
                      "stderr": [],
                      "retry": 0,
                      "startTime": "2026-05-07T14:11:46.498Z",
                      "annotations": [],
                      "attachments": []
                    }
                  ],
                  "status": "expected"
                }
              ],
              "id": "a755efc4348f41492de8-1056a23b7a8093b3e8ff",
              "file": "integration/lock.integration.spec.ts",
              "line": 285,
              "column": 7
            }
          ]
        }
      ]
    }
  ],
  "errors": [],
  "stats": {
    "startTime": "2026-05-07T14:11:03.736Z",
    "duration": 43840.304000000004,
    "expected": 40,
    "skipped": 0,
    "unexpected": 0,
    "flaky": 0
  }
}


# STDERR
