# frontend step
# command: cd src/frontend/web && npx playwright test e2e/integration/lock.integration.spec.ts --reporter=json
# exit: 0

# STDOUT
{
  "config": {
    "configFile": "/home/runner/work/quantum-shield/quantum-shield/src/frontend/web/playwright.config.ts",
    "rootDir": "/home/runner/work/quantum-shield/quantum-shield/src/frontend/web/e2e",
    "forbidOnly": true,
    "fullyParallel": true,
    "globalSetup": null,
    "globalTeardown": null,
    "globalTimeout": 0,
    "grep": {},
    "grepInvert": null,
    "maxFailures": 0,
    "metadata": {
      "ci": {
        "commitHref": "https://github.com/kota1026/quantum-shield/commit/e3c89b25d66f02d6fc4642824d8bd74f908f9700",
        "commitHash": "e3c89b25d66f02d6fc4642824d8bd74f908f9700",
        "buildHref": "https://github.com/kota1026/quantum-shield/actions/runs/25548793112"
      },
      "gitCommit": {
        "shortHash": "e3c89b2",
        "hash": "e3c89b25d66f02d6fc4642824d8bd74f908f9700",
        "subject": "ci(e2e-orchestrator): run 25535809732 [skip ci]",
        "body": "ci(e2e-orchestrator): run 25535809732 [skip ci]\n",
        "author": {
          "name": "github-actions[bot]",
          "email": "41898282+github-actions[bot]@users.noreply.github.com",
          "time": 1778213797000
        },
        "committer": {
          "name": "github-actions[bot]",
          "email": "41898282+github-actions[bot]@users.noreply.github.com",
          "time": 1778213797000
        },
        "branch": "main"
      },
      "actualWorkers": 1
    },
    "preserveOutput": "always",
    "reporter": [
      [
        "json"
      ]
    ],
    "reportSlowTests": {
      "max": 5,
      "threshold": 300000
    },
    "quiet": false,
    "projects": [
      {
        "outputDir": "/home/runner/work/quantum-shield/quantum-shield/src/frontend/web/test-results",
        "repeatEach": 1,
        "retries": 2,
        "metadata": {
          "ci": {
            "commitHref": "https://github.com/kota1026/quantum-shield/commit/e3c89b25d66f02d6fc4642824d8bd74f908f9700",
            "commitHash": "e3c89b25d66f02d6fc4642824d8bd74f908f9700",
            "buildHref": "https://github.com/kota1026/quantum-shield/actions/runs/25548793112"
          },
          "gitCommit": {
            "shortHash": "e3c89b2",
            "hash": "e3c89b25d66f02d6fc4642824d8bd74f908f9700",
            "subject": "ci(e2e-orchestrator): run 25535809732 [skip ci]",
            "body": "ci(e2e-orchestrator): run 25535809732 [skip ci]\n",
            "author": {
              "name": "github-actions[bot]",
              "email": "41898282+github-actions[bot]@users.noreply.github.com",
              "time": 1778213797000
            },
            "committer": {
              "name": "github-actions[bot]",
              "email": "41898282+github-actions[bot]@users.noreply.github.com",
              "time": 1778213797000
            },
            "branch": "main"
          },
          "actualWorkers": 1
        },
        "id": "chromium",
        "name": "chromium",
        "testDir": "/home/runner/work/quantum-shield/quantum-shield/src/frontend/web/e2e",
        "testIgnore": [],
        "testMatch": [
          "**/*.@(spec|test).?(c|m)[jt]s?(x)"
        ],
        "timeout": 30000
      },
      {
        "outputDir": "/home/runner/work/quantum-shield/quantum-shield/src/frontend/web/test-results",
        "repeatEach": 1,
        "retries": 2,
        "metadata": {
          "ci": {
            "commitHref": "https://github.com/kota1026/quantum-shield/commit/e3c89b25d66f02d6fc4642824d8bd74f908f9700",
            "commitHash": "e3c89b25d66f02d6fc4642824d8bd74f908f9700",
            "buildHref": "https://github.com/kota1026/quantum-shield/actions/runs/25548793112"
          },
          "gitCommit": {
            "shortHash": "e3c89b2",
            "hash": "e3c89b25d66f02d6fc4642824d8bd74f908f9700",
            "subject": "ci(e2e-orchestrator): run 25535809732 [skip ci]",
            "body": "ci(e2e-orchestrator): run 25535809732 [skip ci]\n",
            "author": {
              "name": "github-actions[bot]",
              "email": "41898282+github-actions[bot]@users.noreply.github.com",
              "time": 1778213797000
            },
            "committer": {
              "name": "github-actions[bot]",
              "email": "41898282+github-actions[bot]@users.noreply.github.com",
              "time": 1778213797000
            },
            "branch": "main"
          },
          "actualWorkers": 1
        },
        "id": "firefox",
        "name": "firefox",
        "testDir": "/home/runner/work/quantum-shield/quantum-shield/src/frontend/web/e2e",
        "testIgnore": [],
        "testMatch": [
          "**/*.@(spec|test).?(c|m)[jt]s?(x)"
        ],
        "timeout": 30000
      },
      {
        "outputDir": "/home/runner/work/quantum-shield/quantum-shield/src/frontend/web/test-results",
        "repeatEach": 1,
        "retries": 2,
        "metadata": {
          "ci": {
            "commitHref": "https://github.com/kota1026/quantum-shield/commit/e3c89b25d66f02d6fc4642824d8bd74f908f9700",
            "commitHash": "e3c89b25d66f02d6fc4642824d8bd74f908f9700",
            "buildHref": "https://github.com/kota1026/quantum-shield/actions/runs/25548793112"
          },
          "gitCommit": {
            "shortHash": "e3c89b2",
            "hash": "e3c89b25d66f02d6fc4642824d8bd74f908f9700",
            "subject": "ci(e2e-orchestrator): run 25535809732 [skip ci]",
            "body": "ci(e2e-orchestrator): run 25535809732 [skip ci]\n",
            "author": {
              "name": "github-actions[bot]",
              "email": "41898282+github-actions[bot]@users.noreply.github.com",
              "time": 1778213797000
            },
            "committer": {
              "name": "github-actions[bot]",
              "email": "41898282+github-actions[bot]@users.noreply.github.com",
              "time": 1778213797000
            },
            "branch": "main"
          },
          "actualWorkers": 1
        },
        "id": "webkit",
        "name": "webkit",
        "testDir": "/home/runner/work/quantum-shield/quantum-shield/src/frontend/web/e2e",
        "testIgnore": [],
        "testMatch": [
          "**/*.@(spec|test).?(c|m)[jt]s?(x)"
        ],
        "timeout": 30000
      },
      {
        "outputDir": "/home/runner/work/quantum-shield/quantum-shield/src/frontend/web/test-results",
        "repeatEach": 1,
        "retries": 2,
        "metadata": {
          "ci": {
            "commitHref": "https://github.com/kota1026/quantum-shield/commit/e3c89b25d66f02d6fc4642824d8bd74f908f9700",
            "commitHash": "e3c89b25d66f02d6fc4642824d8bd74f908f9700",
            "buildHref": "https://github.com/kota1026/quantum-shield/actions/runs/25548793112"
          },
          "gitCommit": {
            "shortHash": "e3c89b2",
            "hash": "e3c89b25d66f02d6fc4642824d8bd74f908f9700",
            "subject": "ci(e2e-orchestrator): run 25535809732 [skip ci]",
            "body": "ci(e2e-orchestrator): run 25535809732 [skip ci]\n",
            "author": {
              "name": "github-actions[bot]",
              "email": "41898282+github-actions[bot]@users.noreply.github.com",
              "time": 1778213797000
            },
            "committer": {
              "name": "github-actions[bot]",
              "email": "41898282+github-actions[bot]@users.noreply.github.com",
              "time": 1778213797000
            },
            "branch": "main"
          },
          "actualWorkers": 1
        },
        "id": "Mobile Chrome",
        "name": "Mobile Chrome",
        "testDir": "/home/runner/work/quantum-shield/quantum-shield/src/frontend/web/e2e",
        "testIgnore": [],
        "testMatch": [
          "**/*.@(spec|test).?(c|m)[jt]s?(x)"
        ],
        "timeout": 30000
      },
      {
        "outputDir": "/home/runner/work/quantum-shield/quantum-shield/src/frontend/web/test-results",
        "repeatEach": 1,
        "retries": 2,
        "metadata": {
          "ci": {
            "commitHref": "https://github.com/kota1026/quantum-shield/commit/e3c89b25d66f02d6fc4642824d8bd74f908f9700",
            "commitHash": "e3c89b25d66f02d6fc4642824d8bd74f908f9700",
            "buildHref": "https://github.com/kota1026/quantum-shield/actions/runs/25548793112"
          },
          "gitCommit": {
            "shortHash": "e3c89b2",
            "hash": "e3c89b25d66f02d6fc4642824d8bd74f908f9700",
            "subject": "ci(e2e-orchestrator): run 25535809732 [skip ci]",
            "body": "ci(e2e-orchestrator): run 25535809732 [skip ci]\n",
            "author": {
              "name": "github-actions[bot]",
              "email": "41898282+github-actions[bot]@users.noreply.github.com",
              "time": 1778213797000
            },
            "committer": {
              "name": "github-actions[bot]",
              "email": "41898282+github-actions[bot]@users.noreply.github.com",
              "time": 1778213797000
            },
            "branch": "main"
          },
          "actualWorkers": 1
        },
        "id": "Mobile Safari",
        "name": "Mobile Safari",
        "testDir": "/home/runner/work/quantum-shield/quantum-shield/src/frontend/web/e2e",
        "testIgnore": [],
        "testMatch": [
          "**/*.@(spec|test).?(c|m)[jt]s?(x)"
        ],
        "timeout": 30000
      },
      {
        "outputDir": "/home/runner/work/quantum-shield/quantum-shield/src/frontend/web/test-results",
        "repeatEach": 1,
        "retries": 2,
        "metadata": {
          "ci": {
            "commitHref": "https://github.com/kota1026/quantum-shield/commit/e3c89b25d66f02d6fc4642824d8bd74f908f9700",
            "commitHash": "e3c89b25d66f02d6fc4642824d8bd74f908f9700",
            "buildHref": "https://github.com/kota1026/quantum-shield/actions/runs/25548793112"
          },
          "gitCommit": {
            "shortHash": "e3c89b2",
            "hash": "e3c89b25d66f02d6fc4642824d8bd74f908f9700",
            "subject": "ci(e2e-orchestrator): run 25535809732 [skip ci]",
            "body": "ci(e2e-orchestrator): run 25535809732 [skip ci]\n",
            "author": {
              "name": "github-actions[bot]",
              "email": "41898282+github-actions[bot]@users.noreply.github.com",
              "time": 1778213797000
            },
            "committer": {
              "name": "github-actions[bot]",
              "email": "41898282+github-actions[bot]@users.noreply.github.com",
              "time": 1778213797000
            },
            "branch": "main"
          },
          "actualWorkers": 1
        },
        "id": "accessibility",
        "name": "accessibility",
        "testDir": "/home/runner/work/quantum-shield/quantum-shield/src/frontend/web/e2e",
        "testIgnore": [],
        "testMatch": [
          "**/*.a11y.spec.ts"
        ],
        "timeout": 30000
      }
    ],
    "shard": null,
    "tags": [],
    "updateSnapshots": "missing",
    "updateSourceMethod": "patch",
    "version": "1.57.0",
    "workers": 1,
    "webServer": {
      "command": "npm run dev",
      "url": "http://localhost:3000",
      "reuseExistingServer": false,
      "timeout": 120000
    }
  },
  "suites": [
    {
      "title": "integration/lock.integration.spec.ts",
      "file": "integration/lock.integration.spec.ts",
      "column": 0,
      "line": 0,
      "specs": [],
      "suites": [
        {
          "title": "Sequence #1: Lock — Deep Integration",
          "file": "integration/lock.integration.spec.ts",
          "line": 132,
          "column": 6,
          "specs": [
            {
              "title": "health check confirms backend is ready",
              "ok": true,
              "tags": [],
              "tests": [
                {
                  "timeout": 30000,
                  "annotations": [],
                  "expectedStatus": "passed",
                  "projectId": "chromium",
                  "projectName": "chromium",
                  "results": [
                    {
                      "workerIndex": 0,
                      "parallelIndex": 0,
                      "status": "passed",
                      "duration": 332,
                      "errors": [],
                      "stdout": [],
                      "stderr": [],
                      "retry": 0,
                      "startTime": "2026-05-08T10:05:03.619Z",
                      "annotations": [],
                      "attachments": []
                    }
                  ],
                  "status": "expected"
                }
              ],
              "id": "a755efc4348f41492de8-87dc8fc33888af66962a",
              "file": "integration/lock.integration.spec.ts",
              "line": 133,
              "column": 7
            },
            {
              "title": "POST /v1/lock creates lock with valid SR_0 and lock_id",
              "ok": true,
              "tags": [],
              "tests": [
                {
                  "timeout": 30000,
                  "annotations": [],
                  "expectedStatus": "passed",
                  "projectId": "chromium",
                  "projectName": "chromium",
                  "results": [
                    {
                      "workerIndex": 0,
                      "parallelIndex": 0,
                      "status": "passed",
                      "duration": 408,
                      "errors": [],
                      "stdout": [
                        {
                          "text": "[Lock] lock_id=0x1ff69538a52e2dcdd6556254a2a3efd79b4499d9c3db1a727b743eb593f07628\n"
                        },
                        {
                          "text": "[Lock] sr_0=0x0e1e445bb0b2de75bb82746830224e9155fb28171f7f9befb354f9fea464dcd2\n"
                        },
                        {
                          "text": "[Lock] smt_proof length=17030 chars\n"
                        }
                      ],
                      "stderr": [],
                      "retry": 0,
                      "startTime": "2026-05-08T10:05:03.976Z",
                      "annotations": [],
                      "attachments": []
                    }
                  ],
                  "status": "expected"
                }
              ],
              "id": "a755efc4348f41492de8-ee1b1a8e79fbc2391ef9",
              "file": "integration/lock.integration.spec.ts",
              "line": 140,
              "column": 7
            },
            {
              "title": "lock is persisted in DB and visible via GET /v1/explorer/locks",
              "ok": true,
              "tags": [],
              "tests": [
                {
                  "timeout": 30000,
                  "annotations": [],
                  "expectedStatus": "passed",
                  "projectId": "chromium",
                  "projectName": "chromium",
                  "results": [
                    {
                      "workerIndex": 0,
                      "parallelIndex": 0,
                      "status": "passed",
                      "duration": 297,
                      "errors": [],
                      "stdout": [
                        {
                          "text": "[Lock Persisted] lock_id=0x8911c7e4561fc1c7da21e495e21f75062dd286a2651efbe8f14933088c21e2ff, status=pending\n"
                        }
                      ],
                      "stderr": [],
                      "retry": 0,
                      "startTime": "2026-05-08T10:05:04.400Z",
                      "annotations": [],
                      "attachments": []
                    }
                  ],
                  "status": "expected"
                }
              ],
              "id": "a755efc4348f41492de8-3a9d45e741b19bfef051",
              "file": "integration/lock.integration.spec.ts",
              "line": 175,
              "column": 7
            },
            {
              "title": "lock increases Explorer totalLocks count",
              "ok": true,
              "tags": [],
              "tests": [
                {
                  "timeout": 30000,
                  "annotations": [],
                  "expectedStatus": "passed",
                  "projectId": "chromium",
                  "projectName": "chromium",
                  "results": [
                    {
                      "workerIndex": 0,
                      "parallelIndex": 0,
                      "status": "passed",
                      "duration": 165,
                      "errors": [],
                      "stdout": [
                        {
                          "text": "[Explorer] totalLocks: 4 -> 5\n"
                        }
                      ],
                      "stderr": [],
                      "retry": 0,
                      "startTime": "2026-05-08T10:05:04.711Z",
                      "annotations": [],
                      "attachments": []
                    }
                  ],
                  "status": "expected"
                }
              ],
              "id": "a755efc4348f41492de8-4776c449324bcf98e9df",
              "file": "integration/lock.integration.spec.ts",
              "line": 203,
              "column": 7
            },
            {
              "title": "nonce reuse is rejected",
              "ok": true,
              "tags": [],
              "tests": [
                {
                  "timeout": 30000,
                  "annotations": [],
                  "expectedStatus": "passed",
                  "projectId": "chromium",
                  "projectName": "chromium",
                  "results": [
                    {
                      "workerIndex": 0,
                      "parallelIndex": 0,
                      "status": "passed",
                      "duration": 288,
                      "errors": [],
                      "stdout": [
                        {
                          "text": "[Nonce Reuse] Correctly rejected with status 409\n"
                        }
                      ],
                      "stderr": [],
                      "retry": 0,
                      "startTime": "2026-05-08T10:05:04.889Z",
                      "annotations": [],
                      "attachments": []
                    }
                  ],
                  "status": "expected"
                }
              ],
              "id": "a755efc4348f41492de8-9db0e6bedfe22dafb8fb",
              "file": "integration/lock.integration.spec.ts",
              "line": 229,
              "column": 7
            },
            {
              "title": "expired lock request is rejected",
              "ok": true,
              "tags": [],
              "tests": [
                {
                  "timeout": 30000,
                  "annotations": [],
                  "expectedStatus": "passed",
                  "projectId": "chromium",
                  "projectName": "chromium",
                  "results": [
                    {
                      "workerIndex": 0,
                      "parallelIndex": 0,
                      "status": "passed",
                      "duration": 21,
                      "errors": [],
                      "stdout": [
                        {
                          "text": "[Expired] Correctly rejected with status 400\n"
                        }
                      ],
                      "stderr": [],
                      "retry": 0,
                      "startTime": "2026-05-08T10:05:05.185Z",
                      "annotations": [],
                      "attachments": []
                    }
                  ],
                  "status": "expected"
                }
              ],
              "id": "a755efc4348f41492de8-88863cf66885c3773312",
              "file": "integration/lock.integration.spec.ts",
              "line": 248,
              "column": 7
            },
            {
              "title": "lock with missing required fields is rejected",
              "ok": true,
              "tags": [],
              "tests": [
                {
                  "timeout": 30000,
                  "annotations": [],
                  "expectedStatus": "passed",
                  "projectId": "chromium",
                  "projectName": "chromium",
                  "results": [
                    {
                      "workerIndex": 0,
                      "parallelIndex": 0,
                      "status": "passed",
                      "duration": 5,
                      "errors": [],
                      "stdout": [
                        {
                          "text": "[Missing Field] Correctly rejected with status 422\n"
                        }
                      ],
                      "stderr": [],
                      "retry": 0,
                      "startTime": "2026-05-08T10:05:05.215Z",
                      "annotations": [],
                      "attachments": []
                    }
                  ],
                  "status": "expected"
                }
              ],
              "id": "a755efc4348f41492de8-6fb1589351e17a102c6f",
              "file": "integration/lock.integration.spec.ts",
              "line": 263,
              "column": 7
            },
            {
              "title": "multiple locks create distinct lock_ids and SR_0s",
              "ok": true,
              "tags": [],
              "tests": [
                {
                  "timeout": 30000,
                  "annotations": [],
                  "expectedStatus": "passed",
                  "projectId": "chromium",
                  "projectName": "chromium",
                  "results": [
                    {
                      "workerIndex": 0,
                      "parallelIndex": 0,
                      "status": "passed",
                      "duration": 738,
                      "errors": [],
                      "stdout": [
                        {
                          "text": "[Multi-Lock] 3 distinct locks created: 0x317702cd0cd4bbf0456c38ec85b4348e12e40f0b861f2bacb0d42bf7cbaf4181, 0x451b1254a1054759dfa94c4071a5edcd49f48d3fdb4057c0abf73e3b8f6e8a33, 0xbe80e99d0cd6541445b3eb9cc879c44ccf00c7047aa6e24fc3fd734f4b8e1a85\n"
                        }
                      ],
                      "stderr": [],
                      "retry": 0,
                      "startTime": "2026-05-08T10:05:05.228Z",
                      "annotations": [],
                      "attachments": []
                    }
                  ],
                  "status": "expected"
                }
              ],
              "id": "a755efc4348f41492de8-048f3ad09f3bdaab26f0",
              "file": "integration/lock.integration.spec.ts",
              "line": 285,
              "column": 7
            },
            {
              "title": "health check confirms backend is ready",
              "ok": true,
              "tags": [],
              "tests": [
                {
                  "timeout": 30000,
                  "annotations": [],
                  "expectedStatus": "passed",
                  "projectId": "firefox",
                  "projectName": "firefox",
                  "results": [
                    {
                      "workerIndex": 1,
                      "parallelIndex": 0,
                      "status": "passed",
                      "duration": 334,
                      "errors": [],
                      "stdout": [],
                      "stderr": [],
                      "retry": 0,
                      "startTime": "2026-05-08T10:05:06.588Z",
                      "annotations": [],
                      "attachments": []
                    }
                  ],
                  "status": "expected"
                }
              ],
              "id": "a755efc4348f41492de8-29f694fe6f2d06ef2358",
              "file": "integration/lock.integration.spec.ts",
              "line": 133,
              "column": 7
            },
            {
              "title": "POST /v1/lock creates lock with valid SR_0 and lock_id",
              "ok": true,
              "tags": [],
              "tests": [
                {
                  "timeout": 30000,
                  "annotations": [],
                  "expectedStatus": "passed",
                  "projectId": "firefox",
                  "projectName": "firefox",
                  "results": [
                    {
                      "workerIndex": 1,
                      "parallelIndex": 0,
                      "status": "passed",
                      "duration": 326,
                      "errors": [],
                      "stdout": [
                        {
                          "text": "[Lock] lock_id=0x269b0ca204a435af3008b516fc05394ac5a9f01be012ab56f6a20f1a84719812\n"
                        },
                        {
                          "text": "[Lock] sr_0=0x73d486519b1d7d0e8cac90703167e8cbda78aac25fc569467bcee36730d7dc99\n"
                        },
                        {
                          "text": "[Lock] smt_proof length=17030 chars\n"
                        }
                      ],
                      "stderr": [],
                      "retry": 0,
                      "startTime": "2026-05-08T10:05:06.949Z",
                      "annotations": [],
                      "attachments": []
                    }
                  ],
                  "status": "expected"
                }
              ],
              "id": "a755efc4348f41492de8-affa6387516682597418",
              "file": "integration/lock.integration.spec.ts",
              "line": 140,
              "column": 7
            },
            {
              "title": "lock is persisted in DB and visible via GET /v1/explorer/locks",
              "ok": true,
              "tags": [],
              "tests": [
                {
                  "timeout": 30000,
                  "annotations": [],
                  "expectedStatus": "passed",
                  "projectId": "firefox",
                  "projectName": "firefox",
                  "results": [
                    {
                      "workerIndex": 1,
                      "parallelIndex": 0,
                      "status": "passed",
                      "duration": 317,
                      "errors": [],
                      "stdout": [
                        {
                          "text": "[Lock Persisted] lock_id=0xdeacef06e3c1a017468330d418f55bf52fa75b31c7ed03f43f0ef8c7c59a0aff, status=pending\n"
                        }
                      ],
                      "stderr": [],
                      "retry": 0,
                      "startTime": "2026-05-08T10:05:07.291Z",
                      "annotations": [],
                      "attachments": []
                    }
                  ],
                  "status": "expected"
                }
              ],
              "id": "a755efc4348f41492de8-44fc3a426c01b9b29a54",
              "file": "integration/lock.integration.spec.ts",
              "line": 175,
              "column": 7
            },
            {
              "title": "lock increases Explorer totalLocks count",
              "ok": true,
              "tags": [],
              "tests": [
                {
                  "timeout": 30000,
                  "annotations": [],
                  "expectedStatus": "passed",
                  "projectId": "firefox",
                  "projectName": "firefox",
                  "results": [
                    {
                      "workerIndex": 1,
                      "parallelIndex": 0,
                      "status": "passed",
                      "duration": 308,
                      "errors": [],
                      "stdout": [
                        {
                          "text": "[Explorer] totalLocks: 11 -> 12\n"
                        }
                      ],
                      "stderr": [],
                      "retry": 0,
                      "startTime": "2026-05-08T10:05:07.620Z",
                      "annotations": [],
                      "attachments": []
                    }
                  ],
                  "status": "expected"
                }
              ],
              "id": "a755efc4348f41492de8-fbf8b93434b381c31ee8",
              "file": "integration/lock.integration.spec.ts",
              "line": 203,
              "column": 7
            },
            {
              "title": "nonce reuse is rejected",
              "ok": true,
              "tags": [],
              "tests": [
                {
                  "timeout": 30000,
                  "annotations": [],
                  "expectedStatus": "passed",
                  "projectId": "firefox",
                  "projectName": "firefox",
                  "results": [
                    {
                      "workerIndex": 1,
                      "parallelIndex": 0,
                      "status": "passed",
                      "duration": 298,
                      "errors": [],
                      "stdout": [
                        {
                          "text": "[Nonce Reuse] Correctly rejected with status 409\n"
                        }
                      ],
                      "stderr": [],
                      "retry": 0,
                      "startTime": "2026-05-08T10:05:07.940Z",
                      "annotations": [],
                      "attachments": []
                    }
                  ],
                  "status": "expected"
                }
              ],
              "id": "a755efc4348f41492de8-dde7aae3e866127bf175",
              "file": "integration/lock.integration.spec.ts",
              "line": 229,
              "column": 7
            },
            {
              "title": "expired lock request is rejected",
              "ok": true,
              "tags": [],
              "tests": [
                {
                  "timeout": 30000,
                  "annotations": [],
                  "expectedStatus": "passed",
                  "projectId": "firefox",
                  "projectName": "firefox",
                  "results": [
                    {
                      "workerIndex": 1,
                      "parallelIndex": 0,
                      "status": "passed",
                      "duration": 19,
                      "errors": [],
                      "stdout": [
                        {
                          "text": "[Expired] Correctly rejected with status 400\n"
                        }
                      ],
                      "stderr": [],
                      "retry": 0,
                      "startTime": "2026-05-08T10:05:08.247Z",
                      "annotations": [],
                      "attachments": []
                    }
                  ],
                  "status": "expected"
                }
              ],
              "id": "a755efc4348f41492de8-c8b816739f6c9889eae5",
              "file": "integration/lock.integration.spec.ts",
              "line": 248,
              "column": 7
            },
            {
              "title": "lock with missing required fields is rejected",
              "ok": true,
              "tags": [],
              "tests": [
                {
                  "timeout": 30000,
                  "annotations": [],
                  "expectedStatus": "passed",
                  "projectId": "firefox",
                  "projectName": "firefox",
                  "results": [
                    {
                      "workerIndex": 1,
                      "parallelIndex": 0,
                      "status": "passed",
                      "duration": 5,
                      "errors": [],
                      "stdout": [
                        {
                          "text": "[Missing Field] Correctly rejected with status 422\n"
                        }
                      ],
                      "stderr": [],
                      "retry": 0,
                      "startTime": "2026-05-08T10:05:08.275Z",
                      "annotations": [],
                      "attachments": []
                    }
                  ],
                  "status": "expected"
                }
              ],
              "id": "a755efc4348f41492de8-e8f828d3d676098ddd73",
              "file": "integration/lock.integration.spec.ts",
              "line": 263,
              "column": 7
            },
            {
              "title": "multiple locks create distinct lock_ids and SR_0s",
              "ok": true,
              "tags": [],
              "tests": [
                {
                  "timeout": 30000,
                  "annotations": [],
                  "expectedStatus": "passed",
                  "projectId": "firefox",
                  "projectName": "firefox",
                  "results": [
                    {
                      "workerIndex": 1,
                      "parallelIndex": 0,
                      "status": "passed",
                      "duration": 652,
                      "errors": [],
                      "stdout": [
                        {
                          "text": "[Multi-Lock] 3 distinct locks created: 0x2760dcd9dd6067b46515d079ff417ffbc012a176f8a8e45befba6b605d93a7f4, 0xb1fd4f612c2ab708dc505510ff1aa5bf83dc2032de6108fb5270d61e567fd7be, 0xd92d0683c6cb01419be8954537e2a559c5058a0b49cc8ac35921aa4d83366f3d\n"
                        }
                      ],
                      "stderr": [],
                      "retry": 0,
                      "startTime": "2026-05-08T10:05:08.288Z",
                      "annotations": [],
                      "attachments": []
                    }
                  ],
                  "status": "expected"
                }
              ],
              "id": "a755efc4348f41492de8-17b1d3c6fcb0d8f06082",
              "file": "integration/lock.integration.spec.ts",
              "line": 285,
              "column": 7
            },
            {
              "title": "health check confirms backend is ready",
              "ok": true,
              "tags": [],
              "tests": [
                {
                  "timeout": 30000,
                  "annotations": [],
                  "expectedStatus": "passed",
                  "projectId": "webkit",
                  "projectName": "webkit",
                  "results": [
                    {
                      "workerIndex": 2,
                      "parallelIndex": 0,
                      "status": "passed",
                      "duration": 335,
                      "errors": [],
                      "stdout": [],
                      "stderr": [],
                      "retry": 0,
                      "startTime": "2026-05-08T10:05:09.556Z",
                      "annotations": [],
                      "attachments": []
                    }
                  ],
                  "status": "expected"
                }
              ],
              "id": "a755efc4348f41492de8-a94958b82f47d263041b",
              "file": "integration/lock.integration.spec.ts",
              "line": 133,
              "column": 7
            },
            {
              "title": "POST /v1/lock creates lock with valid SR_0 and lock_id",
              "ok": true,
              "tags": [],
              "tests": [
                {
                  "timeout": 30000,
                  "annotations": [],
                  "expectedStatus": "passed",
                  "projectId": "webkit",
                  "projectName": "webkit",
                  "results": [
                    {
                      "workerIndex": 2,
                      "parallelIndex": 0,
                      "status": "passed",
                      "duration": 336,
                      "errors": [],
                      "stdout": [
                        {
                          "text": "[Lock] lock_id=0xe593eb2e1411ee0cf1d3846ec23a552d766c1b42e8f9358ad8319d9b773f9ef0\n"
                        },
                        {
                          "text": "[Lock] sr_0=0x81741194b1291732f8d74d6bdda8820408be072548a662c6ad1d1d72abb19d1d\n"
                        },
                        {
                          "text": "[Lock] smt_proof length=17030 chars\n"
                        }
                      ],
                      "stderr": [],
                      "retry": 0,
                      "startTime": "2026-05-08T10:05:09.915Z",
                      "annotations": [],
                      "attachments": []
                    }
                  ],
                  "status": "expected"
                }
              ],
              "id": "a755efc4348f41492de8-88f9ac57fd171a5744d7",
              "file": "integration/lock.integration.spec.ts",
              "line": 140,
              "column": 7
            },
            {
              "title": "lock is persisted in DB and visible via GET /v1/explorer/locks",
              "ok": true,
              "tags": [],
              "tests": [
                {
                  "timeout": 30000,
                  "annotations": [],
                  "expectedStatus": "passed",
                  "projectId": "webkit",
                  "projectName": "webkit",
                  "results": [
                    {
                      "workerIndex": 2,
                      "parallelIndex": 0,
                      "status": "passed",
                      "duration": 307,
                      "errors": [],
                      "stdout": [
                        {
                          "text": "[Lock Persisted] lock_id=0x545c129b87761bacb1c9c89acda939a33f7303240ba3d2ac7a85bf01d01f4a67, status=pending\n"
                        }
                      ],
                      "stderr": [],
                      "retry": 0,
                      "startTime": "2026-05-08T10:05:10.268Z",
                      "annotations": [],
                      "attachments": []
                    }
                  ],
                  "status": "expected"
                }
              ],
              "id": "a755efc4348f41492de8-8e6bbe1bed53f78e9b83",
              "file": "integration/lock.integration.spec.ts",
              "line": 175,
              "column": 7
            },
            {
              "title": "lock increases Explorer totalLocks count",
              "ok": true,
              "tags": [],
              "tests": [
                {
                  "timeout": 30000,
                  "annotations": [],
                  "expectedStatus": "passed",
                  "projectId": "webkit",
                  "projectName": "webkit",
                  "results": [
                    {
                      "workerIndex": 2,
                      "parallelIndex": 0,
                      "status": "passed",
                      "duration": 316,
                      "errors": [],
                      "stdout": [
                        {
                          "text": "[Explorer] totalLocks: 18 -> 19\n"
                        }
                      ],
                      "stderr": [],
                      "retry": 0,
                      "startTime": "2026-05-08T10:05:10.592Z",
                      "annotations": [],
                      "attachments": []
                    }
                  ],
                  "status": "expected"
                }
              ],
              "id": "a755efc4348f41492de8-8d8833cd4b9ef3f7c2d0",
              "file": "integration/lock.integration.spec.ts",
              "line": 203,
              "column": 7
            },
            {
              "title": "nonce reuse is rejected",
              "ok": true,
              "tags": [],
              "tests": [
                {
                  "timeout": 30000,
                  "annotations": [],
                  "expectedStatus": "passed",
                  "projectId": "webkit",
                  "projectName": "webkit",
                  "results": [
                    {
                      "workerIndex": 2,
                      "parallelIndex": 0,
                      "status": "passed",
                      "duration": 293,
                      "errors": [],
                      "stdout": [
                        {
                          "text": "[Nonce Reuse] Correctly rejected with status 409\n"
                        }
                      ],
                      "stderr": [],
                      "retry": 0,
                      "startTime": "2026-05-08T10:05:10.920Z",
                      "annotations": [],
                      "attachments": []
                    }
                  ],
                  "status": "expected"
                }
              ],
              "id": "a755efc4348f41492de8-6873c33ce0d3eb48b649",
              "file": "integration/lock.integration.spec.ts",
              "line": 229,
              "column": 7
            },
            {
              "title": "expired lock request is rejected",
              "ok": true,
              "tags": [],
              "tests": [
                {
                  "timeout": 30000,
                  "annotations": [],
                  "expectedStatus": "passed",
                  "projectId": "webkit",
                  "projectName": "webkit",
                  "results": [
                    {
                      "workerIndex": 2,
                      "parallelIndex": 0,
                      "status": "passed",
                      "duration": 46,
                      "errors": [],
                      "stdout": [
                        {
                          "text": "[Expired] Correctly rejected with status 400\n"
                        }
                      ],
                      "stderr": [],
                      "retry": 0,
                      "startTime": "2026-05-08T10:05:11.221Z",
                      "annotations": [],
                      "attachments": []
                    }
                  ],
                  "status": "expected"
                }
              ],
              "id": "a755efc4348f41492de8-b6bda26596175bcf7c70",
              "file": "integration/lock.integration.spec.ts",
              "line": 248,
              "column": 7
            },
            {
              "title": "lock with missing required fields is rejected",
              "ok": true,
              "tags": [],
              "tests": [
                {
                  "timeout": 30000,
                  "annotations": [],
                  "expectedStatus": "passed",
                  "projectId": "webkit",
                  "projectName": "webkit",
                  "results": [
                    {
                      "workerIndex": 2,
                      "parallelIndex": 0,
                      "status": "passed",
                      "duration": 5,
                      "errors": [],
                      "stdout": [
                        {
                          "text": "[Missing Field] Correctly rejected with status 422\n"
                        }
                      ],
                      "stderr": [],
                      "retry": 0,
                      "startTime": "2026-05-08T10:05:11.275Z",
                      "annotations": [],
                      "attachments": []
                    }
                  ],
                  "status": "expected"
                }
              ],
              "id": "a755efc4348f41492de8-2a7a4c9776548ab7e21d",
              "file": "integration/lock.integration.spec.ts",
              "line": 263,
              "column": 7
            },
            {
              "title": "multiple locks create distinct lock_ids and SR_0s",
              "ok": true,
              "tags": [],
              "tests": [
                {
                  "timeout": 30000,
                  "annotations": [],
                  "expectedStatus": "passed",
                  "projectId": "webkit",
                  "projectName": "webkit",
                  "results": [
                    {
                      "workerIndex": 2,
                      "parallelIndex": 0,
                      "status": "passed",
                      "duration": 812,
                      "errors": [],
                      "stdout": [
                        {
                          "text": "[Multi-Lock] 3 distinct locks created: 0xb72c1f1c010579b5965eff4a83b880ac7f7370ba59eb9ad89761cd71aac68346, 0x8e757e567ae66fe301fb2d8f8ff1b8664e71c4925f8a8a8a29a689c6d3873dff, 0xb2f4e3ad87d3a442aeb76ce48be7181f80815449e0c256845224f29eeff61d29\n"
                        }
                      ],
                      "stderr": [],
                      "retry": 0,
                      "startTime": "2026-05-08T10:05:11.289Z",
                      "annotations": [],
                      "attachments": []
                    }
                  ],
                  "status": "expected"
                }
              ],
              "id": "a755efc4348f41492de8-676f1d77e075dc5af639",
              "file": "integration/lock.integration.spec.ts",
              "line": 285,
              "column": 7
            },
            {
              "title": "health check confirms backend is ready",
              "ok": true,
              "tags": [],
              "tests": [
                {
                  "timeout": 30000,
                  "annotations": [],
                  "expectedStatus": "passed",
                  "projectId": "Mobile Chrome",
                  "projectName": "Mobile Chrome",
                  "results": [
                    {
                      "workerIndex": 3,
                      "parallelIndex": 0,
                      "status": "passed",
                      "duration": 333,
                      "errors": [],
                      "stdout": [],
                      "stderr": [],
                      "retry": 0,
                      "startTime": "2026-05-08T10:05:12.720Z",
                      "annotations": [],
                      "attachments": []
                    }
                  ],
                  "status": "expected"
                }
              ],
              "id": "a755efc4348f41492de8-ace78feb9d2fca13613c",
              "file": "integration/lock.integration.spec.ts",
              "line": 133,
              "column": 7
            },
            {
              "title": "POST /v1/lock creates lock with valid SR_0 and lock_id",
              "ok": true,
              "tags": [],
              "tests": [
                {
                  "timeout": 30000,
                  "annotations": [],
                  "expectedStatus": "passed",
                  "projectId": "Mobile Chrome",
                  "projectName": "Mobile Chrome",
                  "results": [
                    {
                      "workerIndex": 3,
                      "parallelIndex": 0,
                      "status": "passed",
                      "duration": 481,
                      "errors": [],
                      "stdout": [
                        {
                          "text": "[Lock] lock_id=0x3942a9cada8bdde7b3fbae50988f60b96f34f133084615456bef9fd4e0f81ce9\n"
                        },
                        {
                          "text": "[Lock] sr_0=0x4d260c26becbb8ffe98a7a80b9357260c91043f07a09cc205b97e4f9cc6257f6\n"
                        },
                        {
                          "text": "[Lock] smt_proof length=17030 chars\n"
                        }
                      ],
                      "stderr": [],
                      "retry": 0,
                      "startTime": "2026-05-08T10:05:13.078Z",
                      "annotations": [],
                      "attachments": []
                    }
                  ],
                  "status": "expected"
                }
              ],
              "id": "a755efc4348f41492de8-f1799e6844bb8806e843",
              "file": "integration/lock.integration.spec.ts",
              "line": 140,
              "column": 7
            },
            {
              "title": "lock is persisted in DB and visible via GET /v1/explorer/locks",
              "ok": true,
              "tags": [],
              "tests": [
                {
                  "timeout": 30000,
                  "annotations": [],
                  "expectedStatus": "passed",
                  "projectId": "Mobile Chrome",
                  "projectName": "Mobile Chrome",
                  "results": [
                    {
                      "workerIndex": 3,
                      "parallelIndex": 0,
                      "status": "passed",
                      "duration": 320,
                      "errors": [],
                      "stdout": [
                        {
                          "text": "[Lock Persisted] lock_id=0x84249b527bbbeeb30932ae02b8a5a8bd43a87570f940b77763b0e557d9b0c3ea, status=pending\n"
                        }
                      ],
                      "stderr": [],
                      "retry": 0,
                      "startTime": "2026-05-08T10:05:13.576Z",
                      "annotations": [],
                      "attachments": []
                    }
                  ],
                  "status": "expected"
                }
              ],
              "id": "a755efc4348f41492de8-bd707def9579b5374136",
              "file": "integration/lock.integration.spec.ts",
              "line": 175,
              "column": 7
            },
            {
              "title": "lock increases Explorer totalLocks count",
              "ok": true,
              "tags": [],
              "tests": [
                {
                  "timeout": 30000,
                  "annotations": [],
                  "expectedStatus": "passed",
                  "projectId": "Mobile Chrome",
                  "projectName": "Mobile Chrome",
                  "results": [
                    {
                      "workerIndex": 3,
                      "parallelIndex": 0,
                      "status": "passed",
                      "duration": 217,
                      "errors": [],
                      "stdout": [
                        {
                          "text": "[Explorer] totalLocks: 25 -> 26\n"
                        }
                      ],
                      "stderr": [],
                      "retry": 0,
                      "startTime": "2026-05-08T10:05:13.909Z",
                      "annotations": [],
                      "attachments": []
                    }
                  ],
                  "status": "expected"
                }
              ],
              "id": "a755efc4348f41492de8-0136ac7b2e2946e9f97d",
              "file": "integration/lock.integration.spec.ts",
              "line": 203,
              "column": 7
            },
            {
              "title": "nonce reuse is rejected",
              "ok": true,
              "tags": [],
              "tests": [
                {
                  "timeout": 30000,
                  "annotations": [],
                  "expectedStatus": "passed",
                  "projectId": "Mobile Chrome",
                  "projectName": "Mobile Chrome",
                  "results": [
                    {
                      "workerIndex": 3,
                      "parallelIndex": 0,
                      "status": "passed",
                      "duration": 298,
                      "errors": [],
                      "stdout": [
                        {
                          "text": "[Nonce Reuse] Correctly rejected with status 409\n"
                        }
                      ],
                      "stderr": [],
                      "retry": 0,
                      "startTime": "2026-05-08T10:05:14.136Z",
                      "annotations": [],
                      "attachments": []
                    }
                  ],
                  "status": "expected"
                }
              ],
              "id": "a755efc4348f41492de8-dc2e42cccf5243d59002",
              "file": "integration/lock.integration.spec.ts",
              "line": 229,
              "column": 7
            },
            {
              "title": "expired lock request is rejected",
              "ok": true,
              "tags": [],
              "tests": [
                {
                  "timeout": 30000,
                  "annotations": [],
                  "expectedStatus": "passed",
                  "projectId": "Mobile Chrome",
                  "projectName": "Mobile Chrome",
                  "results": [
                    {
                      "workerIndex": 3,
                      "parallelIndex": 0,
                      "status": "passed",
                      "duration": 17,
                      "errors": [],
                      "stdout": [
                        {
                          "text": "[Expired] Correctly rejected with status 400\n"
                        }
                      ],
                      "stderr": [],
                      "retry": 0,
                      "startTime": "2026-05-08T10:05:14.445Z",
                      "annotations": [],
                      "attachments": []
                    }
                  ],
                  "status": "expected"
                }
              ],
              "id": "a755efc4348f41492de8-75a7ca2fc571cf8dbc70",
              "file": "integration/lock.integration.spec.ts",
              "line": 248,
              "column": 7
            },
            {
              "title": "lock with missing required fields is rejected",
              "ok": true,
              "tags": [],
              "tests": [
                {
                  "timeout": 30000,
                  "annotations": [],
                  "expectedStatus": "passed",
                  "projectId": "Mobile Chrome",
                  "projectName": "Mobile Chrome",
                  "results": [
                    {
                      "workerIndex": 3,
                      "parallelIndex": 0,
                      "status": "passed",
                      "duration": 5,
                      "errors": [],
                      "stdout": [
                        {
                          "text": "[Missing Field] Correctly rejected with status 422\n"
                        }
                      ],
                      "stderr": [],
                      "retry": 0,
                      "startTime": "2026-05-08T10:05:14.470Z",
                      "annotations": [],
                      "attachments": []
                    }
                  ],
                  "status": "expected"
                }
              ],
              "id": "a755efc4348f41492de8-f0736da9f90650f32f2a",
              "file": "integration/lock.integration.spec.ts",
              "line": 263,
              "column": 7
            },
            {
              "title": "multiple locks create distinct lock_ids and SR_0s",
              "ok": true,
              "tags": [],
              "tests": [
                {
                  "timeout": 30000,
                  "annotations": [],
                  "expectedStatus": "passed",
                  "projectId": "Mobile Chrome",
                  "projectName": "Mobile Chrome",
                  "results": [
                    {
                      "workerIndex": 3,
                      "parallelIndex": 0,
                      "status": "passed",
                      "duration": 579,
                      "errors": [],
                      "stdout": [
                        {
                          "text": "[Multi-Lock] 3 distinct locks created: 0x81144bf213f5cfbc1f66cc1b17a0b649b9e21423741e529b5e65f4da5e4a33ad, 0x41986a108278dfc7790a70623f28cfec0929c26835e584ea92036e06da599b7b, 0x43483429a8951f833f6d776e8d0aa3548db1a9bde6f8655643da8872dc5637e1\n"
                        }
                      ],
                      "stderr": [],
                      "retry": 0,
                      "startTime": "2026-05-08T10:05:14.483Z",
                      "annotations": [],
                      "attachments": []
                    }
                  ],
                  "status": "expected"
                }
              ],
              "id": "a755efc4348f41492de8-6599e110834aab03fdeb",
              "file": "integration/lock.integration.spec.ts",
              "line": 285,
              "column": 7
            },
            {
              "title": "health check confirms backend is ready",
              "ok": true,
              "tags": [],
              "tests": [
                {
                  "timeout": 30000,
                  "annotations": [],
                  "expectedStatus": "passed",
                  "projectId": "Mobile Safari",
                  "projectName": "Mobile Safari",
                  "results": [
                    {
                      "workerIndex": 4,
                      "parallelIndex": 0,
                      "status": "passed",
                      "duration": 336,
                      "errors": [],
                      "stdout": [],
                      "stderr": [],
                      "retry": 0,
                      "startTime": "2026-05-08T10:05:15.692Z",
                      "annotations": [],
                      "attachments": []
                    }
                  ],
                  "status": "expected"
                }
              ],
              "id": "a755efc4348f41492de8-65af1f13c125590b1046",
              "file": "integration/lock.integration.spec.ts",
              "line": 133,
              "column": 7
            },
            {
              "title": "POST /v1/lock creates lock with valid SR_0 and lock_id",
              "ok": true,
              "tags": [],
              "tests": [
                {
                  "timeout": 30000,
                  "annotations": [],
                  "expectedStatus": "passed",
                  "projectId": "Mobile Safari",
                  "projectName": "Mobile Safari",
                  "results": [
                    {
                      "workerIndex": 4,
                      "parallelIndex": 0,
                      "status": "passed",
                      "duration": 341,
                      "errors": [],
                      "stdout": [
                        {
                          "text": "[Lock] lock_id=0x9701745b7758dbc86408afd9d70d142f7be16318118d9eeaefee73ebd741d606\n"
                        },
                        {
                          "text": "[Lock] sr_0=0x617858367704cfce97269e3999fdef0ceb3ed12d22dbd4ab93e23d8435945ff8\n"
                        },
                        {
                          "text": "[Lock] smt_proof length=17030 chars\n"
                        }
                      ],
                      "stderr": [],
                      "retry": 0,
                      "startTime": "2026-05-08T10:05:16.056Z",
                      "annotations": [],
                      "attachments": []
                    }
                  ],
                  "status": "expected"
                }
              ],
              "id": "a755efc4348f41492de8-1ae72b95dcbf3a3278f8",
              "file": "integration/lock.integration.spec.ts",
              "line": 140,
              "column": 7
            },
            {
              "title": "lock is persisted in DB and visible via GET /v1/explorer/locks",
              "ok": true,
              "tags": [],
              "tests": [
                {
                  "timeout": 30000,
                  "annotations": [],
                  "expectedStatus": "passed",
                  "projectId": "Mobile Safari",
                  "projectName": "Mobile Safari",
                  "results": [
                    {
                      "workerIndex": 4,
                      "parallelIndex": 0,
                      "status": "passed",
                      "duration": 319,
                      "errors": [],
                      "stdout": [
                        {
                          "text": "[Lock Persisted] lock_id=0x763292d55f8eae41e79b52186443f1c09e5ce4c566d998ee08f40b482c151ee4, status=pending\n"
                        }
                      ],
                      "stderr": [],
                      "retry": 0,
                      "startTime": "2026-05-08T10:05:16.414Z",
                      "annotations": [],
                      "attachments": []
                    }
                  ],
                  "status": "expected"
                }
              ],
              "id": "a755efc4348f41492de8-133621605b726ca98e46",
              "file": "integration/lock.integration.spec.ts",
              "line": 175,
              "column": 7
            },
            {
              "title": "lock increases Explorer totalLocks count",
              "ok": true,
              "tags": [],
              "tests": [
                {
                  "timeout": 30000,
                  "annotations": [],
                  "expectedStatus": "passed",
                  "projectId": "Mobile Safari",
                  "projectName": "Mobile Safari",
                  "results": [
                    {
                      "workerIndex": 4,
                      "parallelIndex": 0,
                      "status": "passed",
                      "duration": 319,
                      "errors": [],
                      "stdout": [
                        {
                          "text": "[Explorer] totalLocks: 32 -> 33\n"
                        }
                      ],
                      "stderr": [],
                      "retry": 0,
                      "startTime": "2026-05-08T10:05:16.745Z",
                      "annotations": [],
                      "attachments": []
                    }
                  ],
                  "status": "expected"
                }
              ],
              "id": "a755efc4348f41492de8-e89eae9ab958115b5c67",
              "file": "integration/lock.integration.spec.ts",
              "line": 203,
              "column": 7
            },
            {
              "title": "nonce reuse is rejected",
              "ok": true,
              "tags": [],
              "tests": [
                {
                  "timeout": 30000,
                  "annotations": [],
                  "expectedStatus": "passed",
                  "projectId": "Mobile Safari",
                  "projectName": "Mobile Safari",
                  "results": [
                    {
                      "workerIndex": 4,
                      "parallelIndex": 0,
                      "status": "passed",
                      "duration": 294,
                      "errors": [],
                      "stdout": [
                        {
                          "text": "[Nonce Reuse] Correctly rejected with status 409\n"
                        }
                      ],
                      "stderr": [],
                      "retry": 0,
                      "startTime": "2026-05-08T10:05:17.074Z",
                      "annotations": [],
                      "attachments": []
                    }
                  ],
                  "status": "expected"
                }
              ],
              "id": "a755efc4348f41492de8-df1c51ed389e9be9b8fb",
              "file": "integration/lock.integration.spec.ts",
              "line": 229,
              "column": 7
            },
            {
              "title": "expired lock request is rejected",
              "ok": true,
              "tags": [],
              "tests": [
                {
                  "timeout": 30000,
                  "annotations": [],
                  "expectedStatus": "passed",
                  "projectId": "Mobile Safari",
                  "projectName": "Mobile Safari",
                  "results": [
                    {
                      "workerIndex": 4,
                      "parallelIndex": 0,
                      "status": "passed",
                      "duration": 15,
                      "errors": [],
                      "stdout": [
                        {
                          "text": "[Expired] Correctly rejected with status 400\n"
                        }
                      ],
                      "stderr": [],
                      "retry": 0,
                      "startTime": "2026-05-08T10:05:17.376Z",
                      "annotations": [],
                      "attachments": []
                    }
                  ],
                  "status": "expected"
                }
              ],
              "id": "a755efc4348f41492de8-83923d00673896deee40",
              "file": "integration/lock.integration.spec.ts",
              "line": 248,
              "column": 7
            },
            {
              "title": "lock with missing required fields is rejected",
              "ok": true,
              "tags": [],
              "tests": [
                {
                  "timeout": 30000,
                  "annotations": [],
                  "expectedStatus": "passed",
                  "projectId": "Mobile Safari",
                  "projectName": "Mobile Safari",
                  "results": [
                    {
                      "workerIndex": 4,
                      "parallelIndex": 0,
                      "status": "passed",
                      "duration": 5,
                      "errors": [],
                      "stdout": [
                        {
                          "text": "[Missing Field] Correctly rejected with status 422\n"
                        }
                      ],
                      "stderr": [],
                      "retry": 0,
                      "startTime": "2026-05-08T10:05:17.400Z",
                      "annotations": [],
                      "attachments": []
                    }
                  ],
                  "status": "expected"
                }
              ],
              "id": "a755efc4348f41492de8-653011916c07f7a1a202",
              "file": "integration/lock.integration.spec.ts",
              "line": 263,
              "column": 7
            },
            {
              "title": "multiple locks create distinct lock_ids and SR_0s",
              "ok": true,
              "tags": [],
              "tests": [
                {
                  "timeout": 30000,
                  "annotations": [],
                  "expectedStatus": "passed",
                  "projectId": "Mobile Safari",
                  "projectName": "Mobile Safari",
                  "results": [
                    {
                      "workerIndex": 4,
                      "parallelIndex": 0,
                      "status": "passed",
                      "duration": 1092,
                      "errors": [],
                      "stdout": [
                        {
                          "text": "[Multi-Lock] 3 distinct locks created: 0xe57beea4da1fcacb3813d8204f85ad8800b9477fc37907ccf15a4ac07f40542b, 0xbab4966a9e63867314c61258e7f548574ec3e5a6ee90b98adc0d5b9fc710bcc3, 0x224a6b22dcc1dfd6674f82a473484222d2c01cdf36dd68efd01e896172f3b6c6\n"
                        }
                      ],
                      "stderr": [],
                      "retry": 0,
                      "startTime": "2026-05-08T10:05:17.413Z",
                      "annotations": [],
                      "attachments": []
                    }
                  ],
                  "status": "expected"
                }
              ],
              "id": "a755efc4348f41492de8-1056a23b7a8093b3e8ff",
              "file": "integration/lock.integration.spec.ts",
              "line": 285,
              "column": 7
            }
          ]
        }
      ]
    }
  ],
  "errors": [],
  "stats": {
    "startTime": "2026-05-08T10:04:37.071Z",
    "duration": 41521.197,
    "expected": 40,
    "skipped": 0,
    "unexpected": 0,
    "flaky": 0
  }
}


# STDERR
