# frontend step
# command: cd src/frontend/web && npx playwright test e2e/integration/lock.integration.spec.ts --reporter=json
# exit: 0

# STDOUT
{
  "config": {
    "configFile": "/home/runner/work/quantum-shield/quantum-shield/src/frontend/web/playwright.config.ts",
    "rootDir": "/home/runner/work/quantum-shield/quantum-shield/src/frontend/web/e2e",
    "forbidOnly": true,
    "fullyParallel": true,
    "globalSetup": null,
    "globalTeardown": null,
    "globalTimeout": 0,
    "grep": {},
    "grepInvert": null,
    "maxFailures": 0,
    "metadata": {
      "ci": {
        "commitHref": "https://github.com/kota1026/quantum-shield/commit/6e2734d101c4580b7ce1d6f31ba74eac5b49357f",
        "commitHash": "6e2734d101c4580b7ce1d6f31ba74eac5b49357f",
        "buildHref": "https://github.com/kota1026/quantum-shield/actions/runs/25594074126"
      },
      "gitCommit": {
        "shortHash": "6e2734d",
        "hash": "6e2734d101c4580b7ce1d6f31ba74eac5b49357f",
        "subject": "ci(e2e-orchestrator): run 25593644302 [skip ci]",
        "body": "ci(e2e-orchestrator): run 25593644302 [skip ci]\n",
        "author": {
          "name": "github-actions[bot]",
          "email": "41898282+github-actions[bot]@users.noreply.github.com",
          "time": 1778307872000
        },
        "committer": {
          "name": "github-actions[bot]",
          "email": "41898282+github-actions[bot]@users.noreply.github.com",
          "time": 1778307873000
        },
        "branch": "main"
      },
      "actualWorkers": 1
    },
    "preserveOutput": "always",
    "reporter": [
      [
        "json"
      ]
    ],
    "reportSlowTests": {
      "max": 5,
      "threshold": 300000
    },
    "quiet": false,
    "projects": [
      {
        "outputDir": "/home/runner/work/quantum-shield/quantum-shield/src/frontend/web/test-results",
        "repeatEach": 1,
        "retries": 2,
        "metadata": {
          "ci": {
            "commitHref": "https://github.com/kota1026/quantum-shield/commit/6e2734d101c4580b7ce1d6f31ba74eac5b49357f",
            "commitHash": "6e2734d101c4580b7ce1d6f31ba74eac5b49357f",
            "buildHref": "https://github.com/kota1026/quantum-shield/actions/runs/25594074126"
          },
          "gitCommit": {
            "shortHash": "6e2734d",
            "hash": "6e2734d101c4580b7ce1d6f31ba74eac5b49357f",
            "subject": "ci(e2e-orchestrator): run 25593644302 [skip ci]",
            "body": "ci(e2e-orchestrator): run 25593644302 [skip ci]\n",
            "author": {
              "name": "github-actions[bot]",
              "email": "41898282+github-actions[bot]@users.noreply.github.com",
              "time": 1778307872000
            },
            "committer": {
              "name": "github-actions[bot]",
              "email": "41898282+github-actions[bot]@users.noreply.github.com",
              "time": 1778307873000
            },
            "branch": "main"
          },
          "actualWorkers": 1
        },
        "id": "chromium",
        "name": "chromium",
        "testDir": "/home/runner/work/quantum-shield/quantum-shield/src/frontend/web/e2e",
        "testIgnore": [],
        "testMatch": [
          "**/*.@(spec|test).?(c|m)[jt]s?(x)"
        ],
        "timeout": 30000
      },
      {
        "outputDir": "/home/runner/work/quantum-shield/quantum-shield/src/frontend/web/test-results",
        "repeatEach": 1,
        "retries": 2,
        "metadata": {
          "ci": {
            "commitHref": "https://github.com/kota1026/quantum-shield/commit/6e2734d101c4580b7ce1d6f31ba74eac5b49357f",
            "commitHash": "6e2734d101c4580b7ce1d6f31ba74eac5b49357f",
            "buildHref": "https://github.com/kota1026/quantum-shield/actions/runs/25594074126"
          },
          "gitCommit": {
            "shortHash": "6e2734d",
            "hash": "6e2734d101c4580b7ce1d6f31ba74eac5b49357f",
            "subject": "ci(e2e-orchestrator): run 25593644302 [skip ci]",
            "body": "ci(e2e-orchestrator): run 25593644302 [skip ci]\n",
            "author": {
              "name": "github-actions[bot]",
              "email": "41898282+github-actions[bot]@users.noreply.github.com",
              "time": 1778307872000
            },
            "committer": {
              "name": "github-actions[bot]",
              "email": "41898282+github-actions[bot]@users.noreply.github.com",
              "time": 1778307873000
            },
            "branch": "main"
          },
          "actualWorkers": 1
        },
        "id": "firefox",
        "name": "firefox",
        "testDir": "/home/runner/work/quantum-shield/quantum-shield/src/frontend/web/e2e",
        "testIgnore": [],
        "testMatch": [
          "**/*.@(spec|test).?(c|m)[jt]s?(x)"
        ],
        "timeout": 30000
      },
      {
        "outputDir": "/home/runner/work/quantum-shield/quantum-shield/src/frontend/web/test-results",
        "repeatEach": 1,
        "retries": 2,
        "metadata": {
          "ci": {
            "commitHref": "https://github.com/kota1026/quantum-shield/commit/6e2734d101c4580b7ce1d6f31ba74eac5b49357f",
            "commitHash": "6e2734d101c4580b7ce1d6f31ba74eac5b49357f",
            "buildHref": "https://github.com/kota1026/quantum-shield/actions/runs/25594074126"
          },
          "gitCommit": {
            "shortHash": "6e2734d",
            "hash": "6e2734d101c4580b7ce1d6f31ba74eac5b49357f",
            "subject": "ci(e2e-orchestrator): run 25593644302 [skip ci]",
            "body": "ci(e2e-orchestrator): run 25593644302 [skip ci]\n",
            "author": {
              "name": "github-actions[bot]",
              "email": "41898282+github-actions[bot]@users.noreply.github.com",
              "time": 1778307872000
            },
            "committer": {
              "name": "github-actions[bot]",
              "email": "41898282+github-actions[bot]@users.noreply.github.com",
              "time": 1778307873000
            },
            "branch": "main"
          },
          "actualWorkers": 1
        },
        "id": "webkit",
        "name": "webkit",
        "testDir": "/home/runner/work/quantum-shield/quantum-shield/src/frontend/web/e2e",
        "testIgnore": [],
        "testMatch": [
          "**/*.@(spec|test).?(c|m)[jt]s?(x)"
        ],
        "timeout": 30000
      },
      {
        "outputDir": "/home/runner/work/quantum-shield/quantum-shield/src/frontend/web/test-results",
        "repeatEach": 1,
        "retries": 2,
        "metadata": {
          "ci": {
            "commitHref": "https://github.com/kota1026/quantum-shield/commit/6e2734d101c4580b7ce1d6f31ba74eac5b49357f",
            "commitHash": "6e2734d101c4580b7ce1d6f31ba74eac5b49357f",
            "buildHref": "https://github.com/kota1026/quantum-shield/actions/runs/25594074126"
          },
          "gitCommit": {
            "shortHash": "6e2734d",
            "hash": "6e2734d101c4580b7ce1d6f31ba74eac5b49357f",
            "subject": "ci(e2e-orchestrator): run 25593644302 [skip ci]",
            "body": "ci(e2e-orchestrator): run 25593644302 [skip ci]\n",
            "author": {
              "name": "github-actions[bot]",
              "email": "41898282+github-actions[bot]@users.noreply.github.com",
              "time": 1778307872000
            },
            "committer": {
              "name": "github-actions[bot]",
              "email": "41898282+github-actions[bot]@users.noreply.github.com",
              "time": 1778307873000
            },
            "branch": "main"
          },
          "actualWorkers": 1
        },
        "id": "Mobile Chrome",
        "name": "Mobile Chrome",
        "testDir": "/home/runner/work/quantum-shield/quantum-shield/src/frontend/web/e2e",
        "testIgnore": [],
        "testMatch": [
          "**/*.@(spec|test).?(c|m)[jt]s?(x)"
        ],
        "timeout": 30000
      },
      {
        "outputDir": "/home/runner/work/quantum-shield/quantum-shield/src/frontend/web/test-results",
        "repeatEach": 1,
        "retries": 2,
        "metadata": {
          "ci": {
            "commitHref": "https://github.com/kota1026/quantum-shield/commit/6e2734d101c4580b7ce1d6f31ba74eac5b49357f",
            "commitHash": "6e2734d101c4580b7ce1d6f31ba74eac5b49357f",
            "buildHref": "https://github.com/kota1026/quantum-shield/actions/runs/25594074126"
          },
          "gitCommit": {
            "shortHash": "6e2734d",
            "hash": "6e2734d101c4580b7ce1d6f31ba74eac5b49357f",
            "subject": "ci(e2e-orchestrator): run 25593644302 [skip ci]",
            "body": "ci(e2e-orchestrator): run 25593644302 [skip ci]\n",
            "author": {
              "name": "github-actions[bot]",
              "email": "41898282+github-actions[bot]@users.noreply.github.com",
              "time": 1778307872000
            },
            "committer": {
              "name": "github-actions[bot]",
              "email": "41898282+github-actions[bot]@users.noreply.github.com",
              "time": 1778307873000
            },
            "branch": "main"
          },
          "actualWorkers": 1
        },
        "id": "Mobile Safari",
        "name": "Mobile Safari",
        "testDir": "/home/runner/work/quantum-shield/quantum-shield/src/frontend/web/e2e",
        "testIgnore": [],
        "testMatch": [
          "**/*.@(spec|test).?(c|m)[jt]s?(x)"
        ],
        "timeout": 30000
      },
      {
        "outputDir": "/home/runner/work/quantum-shield/quantum-shield/src/frontend/web/test-results",
        "repeatEach": 1,
        "retries": 2,
        "metadata": {
          "ci": {
            "commitHref": "https://github.com/kota1026/quantum-shield/commit/6e2734d101c4580b7ce1d6f31ba74eac5b49357f",
            "commitHash": "6e2734d101c4580b7ce1d6f31ba74eac5b49357f",
            "buildHref": "https://github.com/kota1026/quantum-shield/actions/runs/25594074126"
          },
          "gitCommit": {
            "shortHash": "6e2734d",
            "hash": "6e2734d101c4580b7ce1d6f31ba74eac5b49357f",
            "subject": "ci(e2e-orchestrator): run 25593644302 [skip ci]",
            "body": "ci(e2e-orchestrator): run 25593644302 [skip ci]\n",
            "author": {
              "name": "github-actions[bot]",
              "email": "41898282+github-actions[bot]@users.noreply.github.com",
              "time": 1778307872000
            },
            "committer": {
              "name": "github-actions[bot]",
              "email": "41898282+github-actions[bot]@users.noreply.github.com",
              "time": 1778307873000
            },
            "branch": "main"
          },
          "actualWorkers": 1
        },
        "id": "accessibility",
        "name": "accessibility",
        "testDir": "/home/runner/work/quantum-shield/quantum-shield/src/frontend/web/e2e",
        "testIgnore": [],
        "testMatch": [
          "**/*.a11y.spec.ts"
        ],
        "timeout": 30000
      }
    ],
    "shard": null,
    "tags": [],
    "updateSnapshots": "missing",
    "updateSourceMethod": "patch",
    "version": "1.57.0",
    "workers": 1,
    "webServer": {
      "command": "npm run dev",
      "url": "http://localhost:3000",
      "reuseExistingServer": false,
      "timeout": 120000
    }
  },
  "suites": [
    {
      "title": "integration/lock.integration.spec.ts",
      "file": "integration/lock.integration.spec.ts",
      "column": 0,
      "line": 0,
      "specs": [],
      "suites": [
        {
          "title": "Sequence #1: Lock — Deep Integration",
          "file": "integration/lock.integration.spec.ts",
          "line": 132,
          "column": 6,
          "specs": [
            {
              "title": "health check confirms backend is ready",
              "ok": true,
              "tags": [],
              "tests": [
                {
                  "timeout": 30000,
                  "annotations": [],
                  "expectedStatus": "passed",
                  "projectId": "chromium",
                  "projectName": "chromium",
                  "results": [
                    {
                      "workerIndex": 0,
                      "parallelIndex": 0,
                      "status": "passed",
                      "duration": 333,
                      "errors": [],
                      "stdout": [],
                      "stderr": [],
                      "retry": 0,
                      "startTime": "2026-05-09T06:45:40.050Z",
                      "annotations": [],
                      "attachments": []
                    }
                  ],
                  "status": "expected"
                }
              ],
              "id": "a755efc4348f41492de8-87dc8fc33888af66962a",
              "file": "integration/lock.integration.spec.ts",
              "line": 133,
              "column": 7
            },
            {
              "title": "POST /v1/lock creates lock with valid SR_0 and lock_id",
              "ok": true,
              "tags": [],
              "tests": [
                {
                  "timeout": 30000,
                  "annotations": [],
                  "expectedStatus": "passed",
                  "projectId": "chromium",
                  "projectName": "chromium",
                  "results": [
                    {
                      "workerIndex": 0,
                      "parallelIndex": 0,
                      "status": "passed",
                      "duration": 963,
                      "errors": [],
                      "stdout": [
                        {
                          "text": "[Lock] lock_id=0x383dd72d3a9334661b77f9ccf61ffa642d2e73c3ced510042e2114c913edae7f\n"
                        },
                        {
                          "text": "[Lock] sr_0=0x0e359ee13693f5e6a04344130eb4a0fc625fae6eef0180e86d76ee7ef262cf64\n"
                        },
                        {
                          "text": "[Lock] smt_proof length=17030 chars\n"
                        }
                      ],
                      "stderr": [],
                      "retry": 0,
                      "startTime": "2026-05-09T06:45:40.409Z",
                      "annotations": [],
                      "attachments": []
                    }
                  ],
                  "status": "expected"
                }
              ],
              "id": "a755efc4348f41492de8-ee1b1a8e79fbc2391ef9",
              "file": "integration/lock.integration.spec.ts",
              "line": 140,
              "column": 7
            },
            {
              "title": "lock is persisted in DB and visible via GET /v1/explorer/locks",
              "ok": true,
              "tags": [],
              "tests": [
                {
                  "timeout": 30000,
                  "annotations": [],
                  "expectedStatus": "passed",
                  "projectId": "chromium",
                  "projectName": "chromium",
                  "results": [
                    {
                      "workerIndex": 0,
                      "parallelIndex": 0,
                      "status": "passed",
                      "duration": 861,
                      "errors": [],
                      "stdout": [
                        {
                          "text": "[Lock Persisted] lock_id=0xdb23033af2d9075bf4f7fc069775a9152b1acb3d054102a84ed783d7df0e0dda, status=pending\n"
                        }
                      ],
                      "stderr": [],
                      "retry": 0,
                      "startTime": "2026-05-09T06:45:41.390Z",
                      "annotations": [],
                      "attachments": []
                    }
                  ],
                  "status": "expected"
                }
              ],
              "id": "a755efc4348f41492de8-3a9d45e741b19bfef051",
              "file": "integration/lock.integration.spec.ts",
              "line": 175,
              "column": 7
            },
            {
              "title": "lock increases Explorer totalLocks count",
              "ok": true,
              "tags": [],
              "tests": [
                {
                  "timeout": 30000,
                  "annotations": [],
                  "expectedStatus": "passed",
                  "projectId": "chromium",
                  "projectName": "chromium",
                  "results": [
                    {
                      "workerIndex": 0,
                      "parallelIndex": 0,
                      "status": "passed",
                      "duration": 1123,
                      "errors": [],
                      "stdout": [
                        {
                          "text": "[Explorer] totalLocks: 4 -> 5\n"
                        }
                      ],
                      "stderr": [],
                      "retry": 0,
                      "startTime": "2026-05-09T06:45:42.263Z",
                      "annotations": [],
                      "attachments": []
                    }
                  ],
                  "status": "expected"
                }
              ],
              "id": "a755efc4348f41492de8-4776c449324bcf98e9df",
              "file": "integration/lock.integration.spec.ts",
              "line": 203,
              "column": 7
            },
            {
              "title": "nonce reuse is rejected",
              "ok": true,
              "tags": [],
              "tests": [
                {
                  "timeout": 30000,
                  "annotations": [],
                  "expectedStatus": "passed",
                  "projectId": "chromium",
                  "projectName": "chromium",
                  "results": [
                    {
                      "workerIndex": 0,
                      "parallelIndex": 0,
                      "status": "passed",
                      "duration": 845,
                      "errors": [],
                      "stdout": [
                        {
                          "text": "[Nonce Reuse] Correctly rejected with status 409\n"
                        }
                      ],
                      "stderr": [],
                      "retry": 0,
                      "startTime": "2026-05-09T06:45:43.398Z",
                      "annotations": [],
                      "attachments": []
                    }
                  ],
                  "status": "expected"
                }
              ],
              "id": "a755efc4348f41492de8-9db0e6bedfe22dafb8fb",
              "file": "integration/lock.integration.spec.ts",
              "line": 229,
              "column": 7
            },
            {
              "title": "expired lock request is rejected",
              "ok": true,
              "tags": [],
              "tests": [
                {
                  "timeout": 30000,
                  "annotations": [],
                  "expectedStatus": "passed",
                  "projectId": "chromium",
                  "projectName": "chromium",
                  "results": [
                    {
                      "workerIndex": 0,
                      "parallelIndex": 0,
                      "status": "passed",
                      "duration": 20,
                      "errors": [],
                      "stdout": [
                        {
                          "text": "[Expired] Correctly rejected with status 400\n"
                        }
                      ],
                      "stderr": [],
                      "retry": 0,
                      "startTime": "2026-05-09T06:45:44.255Z",
                      "annotations": [],
                      "attachments": []
                    }
                  ],
                  "status": "expected"
                }
              ],
              "id": "a755efc4348f41492de8-88863cf66885c3773312",
              "file": "integration/lock.integration.spec.ts",
              "line": 248,
              "column": 7
            },
            {
              "title": "lock with missing required fields is rejected",
              "ok": true,
              "tags": [],
              "tests": [
                {
                  "timeout": 30000,
                  "annotations": [],
                  "expectedStatus": "passed",
                  "projectId": "chromium",
                  "projectName": "chromium",
                  "results": [
                    {
                      "workerIndex": 0,
                      "parallelIndex": 0,
                      "status": "passed",
                      "duration": 5,
                      "errors": [],
                      "stdout": [
                        {
                          "text": "[Missing Field] Correctly rejected with status 422\n"
                        }
                      ],
                      "stderr": [],
                      "retry": 0,
                      "startTime": "2026-05-09T06:45:44.284Z",
                      "annotations": [],
                      "attachments": []
                    }
                  ],
                  "status": "expected"
                }
              ],
              "id": "a755efc4348f41492de8-6fb1589351e17a102c6f",
              "file": "integration/lock.integration.spec.ts",
              "line": 263,
              "column": 7
            },
            {
              "title": "multiple locks create distinct lock_ids and SR_0s",
              "ok": true,
              "tags": [],
              "tests": [
                {
                  "timeout": 30000,
                  "annotations": [],
                  "expectedStatus": "passed",
                  "projectId": "chromium",
                  "projectName": "chromium",
                  "results": [
                    {
                      "workerIndex": 0,
                      "parallelIndex": 0,
                      "status": "passed",
                      "duration": 2437,
                      "errors": [],
                      "stdout": [
                        {
                          "text": "[Multi-Lock] 3 distinct locks created: 0x3029c1fd357b5b302d66131e714a747494546bdc6b9f10a9f548074328c6d2c5, 0x99e25c45cfe6d3b6d6e661c0c43904df80697a4d33673bc891a9745b09f9b007, 0x9387c83c9f77ee660baa6b421b6714a12cc314264afb569dc181fd996d7321f0\n"
                        }
                      ],
                      "stderr": [],
                      "retry": 0,
                      "startTime": "2026-05-09T06:45:44.298Z",
                      "annotations": [],
                      "attachments": []
                    }
                  ],
                  "status": "expected"
                }
              ],
              "id": "a755efc4348f41492de8-048f3ad09f3bdaab26f0",
              "file": "integration/lock.integration.spec.ts",
              "line": 285,
              "column": 7
            },
            {
              "title": "health check confirms backend is ready",
              "ok": true,
              "tags": [],
              "tests": [
                {
                  "timeout": 30000,
                  "annotations": [],
                  "expectedStatus": "passed",
                  "projectId": "firefox",
                  "projectName": "firefox",
                  "results": [
                    {
                      "workerIndex": 1,
                      "parallelIndex": 0,
                      "status": "passed",
                      "duration": 335,
                      "errors": [],
                      "stdout": [],
                      "stderr": [],
                      "retry": 0,
                      "startTime": "2026-05-09T06:45:47.400Z",
                      "annotations": [],
                      "attachments": []
                    }
                  ],
                  "status": "expected"
                }
              ],
              "id": "a755efc4348f41492de8-29f694fe6f2d06ef2358",
              "file": "integration/lock.integration.spec.ts",
              "line": 133,
              "column": 7
            },
            {
              "title": "POST /v1/lock creates lock with valid SR_0 and lock_id",
              "ok": true,
              "tags": [],
              "tests": [
                {
                  "timeout": 30000,
                  "annotations": [],
                  "expectedStatus": "passed",
                  "projectId": "firefox",
                  "projectName": "firefox",
                  "results": [
                    {
                      "workerIndex": 1,
                      "parallelIndex": 0,
                      "status": "passed",
                      "duration": 887,
                      "errors": [],
                      "stdout": [
                        {
                          "text": "[Lock] lock_id=0xad250abf32a42623790c9a9d0bb0d7bd7e0af742a4ffb5c8e4032f9c40f6c958\n"
                        },
                        {
                          "text": "[Lock] sr_0=0x678cc84c5a87ebdfc8439b5908b6d132969bf5272665958cdb193ba842ee77aa\n"
                        },
                        {
                          "text": "[Lock] smt_proof length=17030 chars\n"
                        }
                      ],
                      "stderr": [],
                      "retry": 0,
                      "startTime": "2026-05-09T06:45:47.763Z",
                      "annotations": [],
                      "attachments": []
                    }
                  ],
                  "status": "expected"
                }
              ],
              "id": "a755efc4348f41492de8-affa6387516682597418",
              "file": "integration/lock.integration.spec.ts",
              "line": 140,
              "column": 7
            },
            {
              "title": "lock is persisted in DB and visible via GET /v1/explorer/locks",
              "ok": true,
              "tags": [],
              "tests": [
                {
                  "timeout": 30000,
                  "annotations": [],
                  "expectedStatus": "passed",
                  "projectId": "firefox",
                  "projectName": "firefox",
                  "results": [
                    {
                      "workerIndex": 1,
                      "parallelIndex": 0,
                      "status": "passed",
                      "duration": 1042,
                      "errors": [],
                      "stdout": [
                        {
                          "text": "[Lock Persisted] lock_id=0x83e4920b9f5893a020d0d2915bc1d3ee9ec36a371e7c8d4fccb20aab66209a63, status=pending\n"
                        }
                      ],
                      "stderr": [],
                      "retry": 0,
                      "startTime": "2026-05-09T06:45:48.668Z",
                      "annotations": [],
                      "attachments": []
                    }
                  ],
                  "status": "expected"
                }
              ],
              "id": "a755efc4348f41492de8-44fc3a426c01b9b29a54",
              "file": "integration/lock.integration.spec.ts",
              "line": 175,
              "column": 7
            },
            {
              "title": "lock increases Explorer totalLocks count",
              "ok": true,
              "tags": [],
              "tests": [
                {
                  "timeout": 30000,
                  "annotations": [],
                  "expectedStatus": "passed",
                  "projectId": "firefox",
                  "projectName": "firefox",
                  "results": [
                    {
                      "workerIndex": 1,
                      "parallelIndex": 0,
                      "status": "passed",
                      "duration": 930,
                      "errors": [],
                      "stdout": [
                        {
                          "text": "[Explorer] totalLocks: 11 -> 12\n"
                        }
                      ],
                      "stderr": [],
                      "retry": 0,
                      "startTime": "2026-05-09T06:45:49.721Z",
                      "annotations": [],
                      "attachments": []
                    }
                  ],
                  "status": "expected"
                }
              ],
              "id": "a755efc4348f41492de8-fbf8b93434b381c31ee8",
              "file": "integration/lock.integration.spec.ts",
              "line": 203,
              "column": 7
            },
            {
              "title": "nonce reuse is rejected",
              "ok": true,
              "tags": [],
              "tests": [
                {
                  "timeout": 30000,
                  "annotations": [],
                  "expectedStatus": "passed",
                  "projectId": "firefox",
                  "projectName": "firefox",
                  "results": [
                    {
                      "workerIndex": 1,
                      "parallelIndex": 0,
                      "status": "passed",
                      "duration": 844,
                      "errors": [],
                      "stdout": [
                        {
                          "text": "[Nonce Reuse] Correctly rejected with status 409\n"
                        }
                      ],
                      "stderr": [],
                      "retry": 0,
                      "startTime": "2026-05-09T06:45:50.665Z",
                      "annotations": [],
                      "attachments": []
                    }
                  ],
                  "status": "expected"
                }
              ],
              "id": "a755efc4348f41492de8-dde7aae3e866127bf175",
              "file": "integration/lock.integration.spec.ts",
              "line": 229,
              "column": 7
            },
            {
              "title": "expired lock request is rejected",
              "ok": true,
              "tags": [],
              "tests": [
                {
                  "timeout": 30000,
                  "annotations": [],
                  "expectedStatus": "passed",
                  "projectId": "firefox",
                  "projectName": "firefox",
                  "results": [
                    {
                      "workerIndex": 1,
                      "parallelIndex": 0,
                      "status": "passed",
                      "duration": 12,
                      "errors": [],
                      "stdout": [
                        {
                          "text": "[Expired] Correctly rejected with status 400\n"
                        }
                      ],
                      "stderr": [],
                      "retry": 0,
                      "startTime": "2026-05-09T06:45:51.518Z",
                      "annotations": [],
                      "attachments": []
                    }
                  ],
                  "status": "expected"
                }
              ],
              "id": "a755efc4348f41492de8-c8b816739f6c9889eae5",
              "file": "integration/lock.integration.spec.ts",
              "line": 248,
              "column": 7
            },
            {
              "title": "lock with missing required fields is rejected",
              "ok": true,
              "tags": [],
              "tests": [
                {
                  "timeout": 30000,
                  "annotations": [],
                  "expectedStatus": "passed",
                  "projectId": "firefox",
                  "projectName": "firefox",
                  "results": [
                    {
                      "workerIndex": 1,
                      "parallelIndex": 0,
                      "status": "passed",
                      "duration": 5,
                      "errors": [],
                      "stdout": [
                        {
                          "text": "[Missing Field] Correctly rejected with status 422\n"
                        }
                      ],
                      "stderr": [],
                      "retry": 0,
                      "startTime": "2026-05-09T06:45:51.540Z",
                      "annotations": [],
                      "attachments": []
                    }
                  ],
                  "status": "expected"
                }
              ],
              "id": "a755efc4348f41492de8-e8f828d3d676098ddd73",
              "file": "integration/lock.integration.spec.ts",
              "line": 263,
              "column": 7
            },
            {
              "title": "multiple locks create distinct lock_ids and SR_0s",
              "ok": true,
              "tags": [],
              "tests": [
                {
                  "timeout": 30000,
                  "annotations": [],
                  "expectedStatus": "passed",
                  "projectId": "firefox",
                  "projectName": "firefox",
                  "results": [
                    {
                      "workerIndex": 1,
                      "parallelIndex": 0,
                      "status": "passed",
                      "duration": 2663,
                      "errors": [],
                      "stdout": [
                        {
                          "text": "[Multi-Lock] 3 distinct locks created: 0xf4d51437a6dc571bacb1b9dd491aa7ee9897ab5dd5192bc3a0050ce3f614704d, 0xa1dac2758e420b15ad33353fba6713592e6098fc457e718a2185ffb4c1d62d8e, 0xf31512ad7fe7005b4fb7d488aef08611c9cd1c76d68042ca69ff9dae036cbb92\n"
                        }
                      ],
                      "stderr": [],
                      "retry": 0,
                      "startTime": "2026-05-09T06:45:51.554Z",
                      "annotations": [],
                      "attachments": []
                    }
                  ],
                  "status": "expected"
                }
              ],
              "id": "a755efc4348f41492de8-17b1d3c6fcb0d8f06082",
              "file": "integration/lock.integration.spec.ts",
              "line": 285,
              "column": 7
            },
            {
              "title": "health check confirms backend is ready",
              "ok": true,
              "tags": [],
              "tests": [
                {
                  "timeout": 30000,
                  "annotations": [],
                  "expectedStatus": "passed",
                  "projectId": "webkit",
                  "projectName": "webkit",
                  "results": [
                    {
                      "workerIndex": 2,
                      "parallelIndex": 0,
                      "status": "passed",
                      "duration": 337,
                      "errors": [],
                      "stdout": [],
                      "stderr": [],
                      "retry": 0,
                      "startTime": "2026-05-09T06:45:54.856Z",
                      "annotations": [],
                      "attachments": []
                    }
                  ],
                  "status": "expected"
                }
              ],
              "id": "a755efc4348f41492de8-a94958b82f47d263041b",
              "file": "integration/lock.integration.spec.ts",
              "line": 133,
              "column": 7
            },
            {
              "title": "POST /v1/lock creates lock with valid SR_0 and lock_id",
              "ok": true,
              "tags": [],
              "tests": [
                {
                  "timeout": 30000,
                  "annotations": [],
                  "expectedStatus": "passed",
                  "projectId": "webkit",
                  "projectName": "webkit",
                  "results": [
                    {
                      "workerIndex": 2,
                      "parallelIndex": 0,
                      "status": "passed",
                      "duration": 971,
                      "errors": [],
                      "stdout": [
                        {
                          "text": "[Lock] lock_id=0x5c2560a618a72681627a8b402d179afa22d5db814f965e0252e42244844f6fd0\n"
                        },
                        {
                          "text": "[Lock] sr_0=0x9ac2dc141abdd7c84b4107b72820f07d1cf6c3af95dc784bc1e01bf9053d4f90\n"
                        },
                        {
                          "text": "[Lock] smt_proof length=17030 chars\n"
                        }
                      ],
                      "stderr": [],
                      "retry": 0,
                      "startTime": "2026-05-09T06:45:55.219Z",
                      "annotations": [],
                      "attachments": []
                    }
                  ],
                  "status": "expected"
                }
              ],
              "id": "a755efc4348f41492de8-88f9ac57fd171a5744d7",
              "file": "integration/lock.integration.spec.ts",
              "line": 140,
              "column": 7
            },
            {
              "title": "lock is persisted in DB and visible via GET /v1/explorer/locks",
              "ok": true,
              "tags": [],
              "tests": [
                {
                  "timeout": 30000,
                  "annotations": [],
                  "expectedStatus": "passed",
                  "projectId": "webkit",
                  "projectName": "webkit",
                  "results": [
                    {
                      "workerIndex": 2,
                      "parallelIndex": 0,
                      "status": "passed",
                      "duration": 850,
                      "errors": [],
                      "stdout": [
                        {
                          "text": "[Lock Persisted] lock_id=0xa5fe9e86058ed31e936cbc68178fb10e5e103e85e1ac89c77c800e623a15e71c, status=pending\n"
                        }
                      ],
                      "stderr": [],
                      "retry": 0,
                      "startTime": "2026-05-09T06:45:56.207Z",
                      "annotations": [],
                      "attachments": []
                    }
                  ],
                  "status": "expected"
                }
              ],
              "id": "a755efc4348f41492de8-8e6bbe1bed53f78e9b83",
              "file": "integration/lock.integration.spec.ts",
              "line": 175,
              "column": 7
            },
            {
              "title": "lock increases Explorer totalLocks count",
              "ok": true,
              "tags": [],
              "tests": [
                {
                  "timeout": 30000,
                  "annotations": [],
                  "expectedStatus": "passed",
                  "projectId": "webkit",
                  "projectName": "webkit",
                  "results": [
                    {
                      "workerIndex": 2,
                      "parallelIndex": 0,
                      "status": "passed",
                      "duration": 938,
                      "errors": [],
                      "stdout": [
                        {
                          "text": "[Explorer] totalLocks: 18 -> 19\n"
                        }
                      ],
                      "stderr": [],
                      "retry": 0,
                      "startTime": "2026-05-09T06:45:57.071Z",
                      "annotations": [],
                      "attachments": []
                    }
                  ],
                  "status": "expected"
                }
              ],
              "id": "a755efc4348f41492de8-8d8833cd4b9ef3f7c2d0",
              "file": "integration/lock.integration.spec.ts",
              "line": 203,
              "column": 7
            },
            {
              "title": "nonce reuse is rejected",
              "ok": true,
              "tags": [],
              "tests": [
                {
                  "timeout": 30000,
                  "annotations": [],
                  "expectedStatus": "passed",
                  "projectId": "webkit",
                  "projectName": "webkit",
                  "results": [
                    {
                      "workerIndex": 2,
                      "parallelIndex": 0,
                      "status": "passed",
                      "duration": 935,
                      "errors": [],
                      "stdout": [
                        {
                          "text": "[Nonce Reuse] Correctly rejected with status 409\n"
                        }
                      ],
                      "stderr": [],
                      "retry": 0,
                      "startTime": "2026-05-09T06:45:58.019Z",
                      "annotations": [],
                      "attachments": []
                    }
                  ],
                  "status": "expected"
                }
              ],
              "id": "a755efc4348f41492de8-6873c33ce0d3eb48b649",
              "file": "integration/lock.integration.spec.ts",
              "line": 229,
              "column": 7
            },
            {
              "title": "expired lock request is rejected",
              "ok": true,
              "tags": [],
              "tests": [
                {
                  "timeout": 30000,
                  "annotations": [],
                  "expectedStatus": "passed",
                  "projectId": "webkit",
                  "projectName": "webkit",
                  "results": [
                    {
                      "workerIndex": 2,
                      "parallelIndex": 0,
                      "status": "passed",
                      "duration": 15,
                      "errors": [],
                      "stdout": [
                        {
                          "text": "[Expired] Correctly rejected with status 400\n"
                        }
                      ],
                      "stderr": [],
                      "retry": 0,
                      "startTime": "2026-05-09T06:45:58.963Z",
                      "annotations": [],
                      "attachments": []
                    }
                  ],
                  "status": "expected"
                }
              ],
              "id": "a755efc4348f41492de8-b6bda26596175bcf7c70",
              "file": "integration/lock.integration.spec.ts",
              "line": 248,
              "column": 7
            },
            {
              "title": "lock with missing required fields is rejected",
              "ok": true,
              "tags": [],
              "tests": [
                {
                  "timeout": 30000,
                  "annotations": [],
                  "expectedStatus": "passed",
                  "projectId": "webkit",
                  "projectName": "webkit",
                  "results": [
                    {
                      "workerIndex": 2,
                      "parallelIndex": 0,
                      "status": "passed",
                      "duration": 5,
                      "errors": [],
                      "stdout": [
                        {
                          "text": "[Missing Field] Correctly rejected with status 422\n"
                        }
                      ],
                      "stderr": [],
                      "retry": 0,
                      "startTime": "2026-05-09T06:45:58.988Z",
                      "annotations": [],
                      "attachments": []
                    }
                  ],
                  "status": "expected"
                }
              ],
              "id": "a755efc4348f41492de8-2a7a4c9776548ab7e21d",
              "file": "integration/lock.integration.spec.ts",
              "line": 263,
              "column": 7
            },
            {
              "title": "multiple locks create distinct lock_ids and SR_0s",
              "ok": true,
              "tags": [],
              "tests": [
                {
                  "timeout": 30000,
                  "annotations": [],
                  "expectedStatus": "passed",
                  "projectId": "webkit",
                  "projectName": "webkit",
                  "results": [
                    {
                      "workerIndex": 2,
                      "parallelIndex": 0,
                      "status": "passed",
                      "duration": 2807,
                      "errors": [],
                      "stdout": [
                        {
                          "text": "[Multi-Lock] 3 distinct locks created: 0x21d33b98440947d492156b20b753eff564f3ca492309acca9ea4a266135e9da9, 0x00657bb046408dc72e12ae2f2a56d5e57ae5c5f867937bc8637c2dc66f8887f1, 0x45e9cf7b92d06af6278caf2381e85284097554c95badd42df98ad77a43c04f37\n"
                        }
                      ],
                      "stderr": [],
                      "retry": 0,
                      "startTime": "2026-05-09T06:45:59.001Z",
                      "annotations": [],
                      "attachments": []
                    }
                  ],
                  "status": "expected"
                }
              ],
              "id": "a755efc4348f41492de8-676f1d77e075dc5af639",
              "file": "integration/lock.integration.spec.ts",
              "line": 285,
              "column": 7
            },
            {
              "title": "health check confirms backend is ready",
              "ok": true,
              "tags": [],
              "tests": [
                {
                  "timeout": 30000,
                  "annotations": [],
                  "expectedStatus": "passed",
                  "projectId": "Mobile Chrome",
                  "projectName": "Mobile Chrome",
                  "results": [
                    {
                      "workerIndex": 3,
                      "parallelIndex": 0,
                      "status": "passed",
                      "duration": 334,
                      "errors": [],
                      "stdout": [],
                      "stderr": [],
                      "retry": 0,
                      "startTime": "2026-05-09T06:46:02.462Z",
                      "annotations": [],
                      "attachments": []
                    }
                  ],
                  "status": "expected"
                }
              ],
              "id": "a755efc4348f41492de8-ace78feb9d2fca13613c",
              "file": "integration/lock.integration.spec.ts",
              "line": 133,
              "column": 7
            },
            {
              "title": "POST /v1/lock creates lock with valid SR_0 and lock_id",
              "ok": true,
              "tags": [],
              "tests": [
                {
                  "timeout": 30000,
                  "annotations": [],
                  "expectedStatus": "passed",
                  "projectId": "Mobile Chrome",
                  "projectName": "Mobile Chrome",
                  "results": [
                    {
                      "workerIndex": 3,
                      "parallelIndex": 0,
                      "status": "passed",
                      "duration": 726,
                      "errors": [],
                      "stdout": [
                        {
                          "text": "[Lock] lock_id=0x9722c65a4bc31ae036029933cca18241b72debc05df168c00fd142ecd3e9680c\n"
                        },
                        {
                          "text": "[Lock] sr_0=0x0dbe54c3010ee98fa2be78ee87ba422795a8439c140a37f7c364b838b3f062d2\n"
                        },
                        {
                          "text": "[Lock] smt_proof length=17030 chars\n"
                        }
                      ],
                      "stderr": [],
                      "retry": 0,
                      "startTime": "2026-05-09T06:46:02.822Z",
                      "annotations": [],
                      "attachments": []
                    }
                  ],
                  "status": "expected"
                }
              ],
              "id": "a755efc4348f41492de8-f1799e6844bb8806e843",
              "file": "integration/lock.integration.spec.ts",
              "line": 140,
              "column": 7
            },
            {
              "title": "lock is persisted in DB and visible via GET /v1/explorer/locks",
              "ok": true,
              "tags": [],
              "tests": [
                {
                  "timeout": 30000,
                  "annotations": [],
                  "expectedStatus": "passed",
                  "projectId": "Mobile Chrome",
                  "projectName": "Mobile Chrome",
                  "results": [
                    {
                      "workerIndex": 3,
                      "parallelIndex": 0,
                      "status": "passed",
                      "duration": 777,
                      "errors": [],
                      "stdout": [
                        {
                          "text": "[Lock Persisted] lock_id=0x22e797fd61fa004884a10d9edfb256decc66837d6b739a22ddbdc9fb3bda5592, status=pending\n"
                        }
                      ],
                      "stderr": [],
                      "retry": 0,
                      "startTime": "2026-05-09T06:46:03.564Z",
                      "annotations": [],
                      "attachments": []
                    }
                  ],
                  "status": "expected"
                }
              ],
              "id": "a755efc4348f41492de8-bd707def9579b5374136",
              "file": "integration/lock.integration.spec.ts",
              "line": 175,
              "column": 7
            },
            {
              "title": "lock increases Explorer totalLocks count",
              "ok": true,
              "tags": [],
              "tests": [
                {
                  "timeout": 30000,
                  "annotations": [],
                  "expectedStatus": "passed",
                  "projectId": "Mobile Chrome",
                  "projectName": "Mobile Chrome",
                  "results": [
                    {
                      "workerIndex": 3,
                      "parallelIndex": 0,
                      "status": "passed",
                      "duration": 1113,
                      "errors": [],
                      "stdout": [
                        {
                          "text": "[Explorer] totalLocks: 25 -> 26\n"
                        }
                      ],
                      "stderr": [],
                      "retry": 0,
                      "startTime": "2026-05-09T06:46:04.353Z",
                      "annotations": [],
                      "attachments": []
                    }
                  ],
                  "status": "expected"
                }
              ],
              "id": "a755efc4348f41492de8-0136ac7b2e2946e9f97d",
              "file": "integration/lock.integration.spec.ts",
              "line": 203,
              "column": 7
            },
            {
              "title": "nonce reuse is rejected",
              "ok": true,
              "tags": [],
              "tests": [
                {
                  "timeout": 30000,
                  "annotations": [],
                  "expectedStatus": "passed",
                  "projectId": "Mobile Chrome",
                  "projectName": "Mobile Chrome",
                  "results": [
                    {
                      "workerIndex": 3,
                      "parallelIndex": 0,
                      "status": "passed",
                      "duration": 925,
                      "errors": [],
                      "stdout": [
                        {
                          "text": "[Nonce Reuse] Correctly rejected with status 409\n"
                        }
                      ],
                      "stderr": [],
                      "retry": 0,
                      "startTime": "2026-05-09T06:46:05.476Z",
                      "annotations": [],
                      "attachments": []
                    }
                  ],
                  "status": "expected"
                }
              ],
              "id": "a755efc4348f41492de8-dc2e42cccf5243d59002",
              "file": "integration/lock.integration.spec.ts",
              "line": 229,
              "column": 7
            },
            {
              "title": "expired lock request is rejected",
              "ok": true,
              "tags": [],
              "tests": [
                {
                  "timeout": 30000,
                  "annotations": [],
                  "expectedStatus": "passed",
                  "projectId": "Mobile Chrome",
                  "projectName": "Mobile Chrome",
                  "results": [
                    {
                      "workerIndex": 3,
                      "parallelIndex": 0,
                      "status": "passed",
                      "duration": 13,
                      "errors": [],
                      "stdout": [
                        {
                          "text": "[Expired] Correctly rejected with status 400\n"
                        }
                      ],
                      "stderr": [],
                      "retry": 0,
                      "startTime": "2026-05-09T06:46:06.410Z",
                      "annotations": [],
                      "attachments": []
                    }
                  ],
                  "status": "expected"
                }
              ],
              "id": "a755efc4348f41492de8-75a7ca2fc571cf8dbc70",
              "file": "integration/lock.integration.spec.ts",
              "line": 248,
              "column": 7
            },
            {
              "title": "lock with missing required fields is rejected",
              "ok": true,
              "tags": [],
              "tests": [
                {
                  "timeout": 30000,
                  "annotations": [],
                  "expectedStatus": "passed",
                  "projectId": "Mobile Chrome",
                  "projectName": "Mobile Chrome",
                  "results": [
                    {
                      "workerIndex": 3,
                      "parallelIndex": 0,
                      "status": "passed",
                      "duration": 5,
                      "errors": [],
                      "stdout": [
                        {
                          "text": "[Missing Field] Correctly rejected with status 422\n"
                        }
                      ],
                      "stderr": [],
                      "retry": 0,
                      "startTime": "2026-05-09T06:46:06.433Z",
                      "annotations": [],
                      "attachments": []
                    }
                  ],
                  "status": "expected"
                }
              ],
              "id": "a755efc4348f41492de8-f0736da9f90650f32f2a",
              "file": "integration/lock.integration.spec.ts",
              "line": 263,
              "column": 7
            },
            {
              "title": "multiple locks create distinct lock_ids and SR_0s",
              "ok": true,
              "tags": [],
              "tests": [
                {
                  "timeout": 30000,
                  "annotations": [],
                  "expectedStatus": "passed",
                  "projectId": "Mobile Chrome",
                  "projectName": "Mobile Chrome",
                  "results": [
                    {
                      "workerIndex": 3,
                      "parallelIndex": 0,
                      "status": "passed",
                      "duration": 2751,
                      "errors": [],
                      "stdout": [
                        {
                          "text": "[Multi-Lock] 3 distinct locks created: 0x99ddfc794b2ecb8f9dcd28cbf930261e68fa11607139d07524d1ca9f7cc09108, 0xae2e93de8dba9ea53c9a7d95d52a3283e98a047298da57ced90fa901e10eeb22, 0xdd617733c97f23b24717dcbf79ddb74e6ce581872da6af98865a45552836766d\n"
                        }
                      ],
                      "stderr": [],
                      "retry": 0,
                      "startTime": "2026-05-09T06:46:06.447Z",
                      "annotations": [],
                      "attachments": []
                    }
                  ],
                  "status": "expected"
                }
              ],
              "id": "a755efc4348f41492de8-6599e110834aab03fdeb",
              "file": "integration/lock.integration.spec.ts",
              "line": 285,
              "column": 7
            },
            {
              "title": "health check confirms backend is ready",
              "ok": true,
              "tags": [],
              "tests": [
                {
                  "timeout": 30000,
                  "annotations": [],
                  "expectedStatus": "passed",
                  "projectId": "Mobile Safari",
                  "projectName": "Mobile Safari",
                  "results": [
                    {
                      "workerIndex": 4,
                      "parallelIndex": 0,
                      "status": "passed",
                      "duration": 337,
                      "errors": [],
                      "stdout": [],
                      "stderr": [],
                      "retry": 0,
                      "startTime": "2026-05-09T06:46:09.830Z",
                      "annotations": [],
                      "attachments": []
                    }
                  ],
                  "status": "expected"
                }
              ],
              "id": "a755efc4348f41492de8-65af1f13c125590b1046",
              "file": "integration/lock.integration.spec.ts",
              "line": 133,
              "column": 7
            },
            {
              "title": "POST /v1/lock creates lock with valid SR_0 and lock_id",
              "ok": true,
              "tags": [],
              "tests": [
                {
                  "timeout": 30000,
                  "annotations": [],
                  "expectedStatus": "passed",
                  "projectId": "Mobile Safari",
                  "projectName": "Mobile Safari",
                  "results": [
                    {
                      "workerIndex": 4,
                      "parallelIndex": 0,
                      "status": "passed",
                      "duration": 890,
                      "errors": [],
                      "stdout": [
                        {
                          "text": "[Lock] lock_id=0x61e90e82d2424e8a57e578a127f61a711c90865cba367b466bd76cb49b910682\n"
                        },
                        {
                          "text": "[Lock] sr_0=0x2aa6653bdd25a50540091d4cc7505cb0c3c4c635d76102c742dbb1a1e0bf697d\n"
                        },
                        {
                          "text": "[Lock] smt_proof length=17030 chars\n"
                        }
                      ],
                      "stderr": [],
                      "retry": 0,
                      "startTime": "2026-05-09T06:46:10.193Z",
                      "annotations": [],
                      "attachments": []
                    }
                  ],
                  "status": "expected"
                }
              ],
              "id": "a755efc4348f41492de8-1ae72b95dcbf3a3278f8",
              "file": "integration/lock.integration.spec.ts",
              "line": 140,
              "column": 7
            },
            {
              "title": "lock is persisted in DB and visible via GET /v1/explorer/locks",
              "ok": true,
              "tags": [],
              "tests": [
                {
                  "timeout": 30000,
                  "annotations": [],
                  "expectedStatus": "passed",
                  "projectId": "Mobile Safari",
                  "projectName": "Mobile Safari",
                  "results": [
                    {
                      "workerIndex": 4,
                      "parallelIndex": 0,
                      "status": "passed",
                      "duration": 943,
                      "errors": [],
                      "stdout": [
                        {
                          "text": "[Lock Persisted] lock_id=0xa9cafc2dff3f3263c0a377f7e6e34f22055d8480c13c54f255b84f1b92911a51, status=pending\n"
                        }
                      ],
                      "stderr": [],
                      "retry": 0,
                      "startTime": "2026-05-09T06:46:11.100Z",
                      "annotations": [],
                      "attachments": []
                    }
                  ],
                  "status": "expected"
                }
              ],
              "id": "a755efc4348f41492de8-133621605b726ca98e46",
              "file": "integration/lock.integration.spec.ts",
              "line": 175,
              "column": 7
            },
            {
              "title": "lock increases Explorer totalLocks count",
              "ok": true,
              "tags": [],
              "tests": [
                {
                  "timeout": 30000,
                  "annotations": [],
                  "expectedStatus": "passed",
                  "projectId": "Mobile Safari",
                  "projectName": "Mobile Safari",
                  "results": [
                    {
                      "workerIndex": 4,
                      "parallelIndex": 0,
                      "status": "passed",
                      "duration": 971,
                      "errors": [],
                      "stdout": [
                        {
                          "text": "[Explorer] totalLocks: 32 -> 33\n"
                        }
                      ],
                      "stderr": [],
                      "retry": 0,
                      "startTime": "2026-05-09T06:46:12.055Z",
                      "annotations": [],
                      "attachments": []
                    }
                  ],
                  "status": "expected"
                }
              ],
              "id": "a755efc4348f41492de8-e89eae9ab958115b5c67",
              "file": "integration/lock.integration.spec.ts",
              "line": 203,
              "column": 7
            },
            {
              "title": "nonce reuse is rejected",
              "ok": true,
              "tags": [],
              "tests": [
                {
                  "timeout": 30000,
                  "annotations": [],
                  "expectedStatus": "passed",
                  "projectId": "Mobile Safari",
                  "projectName": "Mobile Safari",
                  "results": [
                    {
                      "workerIndex": 4,
                      "parallelIndex": 0,
                      "status": "passed",
                      "duration": 928,
                      "errors": [],
                      "stdout": [
                        {
                          "text": "[Nonce Reuse] Correctly rejected with status 409\n"
                        }
                      ],
                      "stderr": [],
                      "retry": 0,
                      "startTime": "2026-05-09T06:46:13.038Z",
                      "annotations": [],
                      "attachments": []
                    }
                  ],
                  "status": "expected"
                }
              ],
              "id": "a755efc4348f41492de8-df1c51ed389e9be9b8fb",
              "file": "integration/lock.integration.spec.ts",
              "line": 229,
              "column": 7
            },
            {
              "title": "expired lock request is rejected",
              "ok": true,
              "tags": [],
              "tests": [
                {
                  "timeout": 30000,
                  "annotations": [],
                  "expectedStatus": "passed",
                  "projectId": "Mobile Safari",
                  "projectName": "Mobile Safari",
                  "results": [
                    {
                      "workerIndex": 4,
                      "parallelIndex": 0,
                      "status": "passed",
                      "duration": 18,
                      "errors": [],
                      "stdout": [
                        {
                          "text": "[Expired] Correctly rejected with status 400\n"
                        }
                      ],
                      "stderr": [],
                      "retry": 0,
                      "startTime": "2026-05-09T06:46:13.975Z",
                      "annotations": [],
                      "attachments": []
                    }
                  ],
                  "status": "expected"
                }
              ],
              "id": "a755efc4348f41492de8-83923d00673896deee40",
              "file": "integration/lock.integration.spec.ts",
              "line": 248,
              "column": 7
            },
            {
              "title": "lock with missing required fields is rejected",
              "ok": true,
              "tags": [],
              "tests": [
                {
                  "timeout": 30000,
                  "annotations": [],
                  "expectedStatus": "passed",
                  "projectId": "Mobile Safari",
                  "projectName": "Mobile Safari",
                  "results": [
                    {
                      "workerIndex": 4,
                      "parallelIndex": 0,
                      "status": "passed",
                      "duration": 6,
                      "errors": [],
                      "stdout": [
                        {
                          "text": "[Missing Field] Correctly rejected with status 422\n"
                        }
                      ],
                      "stderr": [],
                      "retry": 0,
                      "startTime": "2026-05-09T06:46:14.003Z",
                      "annotations": [],
                      "attachments": []
                    }
                  ],
                  "status": "expected"
                }
              ],
              "id": "a755efc4348f41492de8-653011916c07f7a1a202",
              "file": "integration/lock.integration.spec.ts",
              "line": 263,
              "column": 7
            },
            {
              "title": "multiple locks create distinct lock_ids and SR_0s",
              "ok": true,
              "tags": [],
              "tests": [
                {
                  "timeout": 30000,
                  "annotations": [],
                  "expectedStatus": "passed",
                  "projectId": "Mobile Safari",
                  "projectName": "Mobile Safari",
                  "results": [
                    {
                      "workerIndex": 4,
                      "parallelIndex": 0,
                      "status": "passed",
                      "duration": 2512,
                      "errors": [],
                      "stdout": [
                        {
                          "text": "[Multi-Lock] 3 distinct locks created: 0x421fca4e6a5cc26e25cc6eaf9ff8ea82a907650428aad2ede027de7cd2b138ef, 0x38cf0e3c8b05dee2c33801e180061059787909e0a23c40f7ee31faff90fa19ba, 0x37b07fa381d1e9cadd22828abff0cea2bd56c99965435ae37d57756edcb175b4\n"
                        }
                      ],
                      "stderr": [],
                      "retry": 0,
                      "startTime": "2026-05-09T06:46:14.017Z",
                      "annotations": [],
                      "attachments": []
                    }
                  ],
                  "status": "expected"
                }
              ],
              "id": "a755efc4348f41492de8-1056a23b7a8093b3e8ff",
              "file": "integration/lock.integration.spec.ts",
              "line": 285,
              "column": 7
            }
          ]
        }
      ]
    }
  ],
  "errors": [],
  "stats": {
    "startTime": "2026-05-09T06:45:12.475Z",
    "duration": 64126.995,
    "expected": 40,
    "skipped": 0,
    "unexpected": 0,
    "flaky": 0
  }
}


# STDERR
