QS__L1_PRIVATE_KEY length: 64 (non-empty)
QS__L1_RPC_URL: https://ethereum-sepolia-rpc.publicnode.com
[STARTUP] No .env file loaded: path not found
[STARTUP] QS__L1_PRIVATE_KEY is SET (len=64)
[STARTUP] Loading configuration...
[STARTUP] Config loaded. l1_private_key set: true
[STARTUP] l1_vault_address: Some("0x07012aeF87C6E423c32F2f8eaF81762f63337260")
[STARTUP] l1_rpc_url: Some("https://ethereum-sepolia-rpc.publicnode.com")
[STARTUP] l1.mode: testnet
[STARTUP] Initializing AppState...
[STARTUP] Initializing L1 Vault Service (vault=0x07012aeF87C6E423c32F2f8eaF81762f63337260, rpc=https://ethereum-sepolia-rpc.publicnode.com, pk_len=64)
[STARTUP] L1 Vault provider created, chain_id=11155111
[STARTUP] L1 Vault Service initialized successfully (vault=0x07012aeF87C6E423c32F2f8eaF81762f63337260)
[STARTUP] AppState initialized. l1_vault present: true
[STARTUP] auto_claim.enabled: true
[STARTUP] Spawning auto-claim service (poll_interval=60s)...
[AUTO-CLAIM] Service started, polling every 60s
[AUTO-CLAIM] Checking for claimable unlocks...
[AUTO-CLAIM] Found 0 claimable unlocks
[2m2026-05-07T13:31:36.569153Z[0m [34mDEBUG[0m [1mrequest[0m[1m{[0m[3mmethod[0m[2m=[0mGET [3muri[0m[2m=[0m/v1/health [3mversion[0m[2m=[0mHTTP/1.1[1m}[0m[2m:[0m [2mtower_http::trace::on_request[0m[2m:[0m started processing request
[2m2026-05-07T13:31:36.569226Z[0m [34mDEBUG[0m [1mrequest[0m[1m{[0m[3mmethod[0m[2m=[0mGET [3muri[0m[2m=[0m/v1/health [3mversion[0m[2m=[0mHTTP/1.1[1m}[0m[2m:[0m [2mtower_http::trace::on_response[0m[2m:[0m finished processing request [3mlatency[0m[2m=[0m0 ms [3mstatus[0m[2m=[0m200
[2m2026-05-07T13:31:36.594178Z[0m [34mDEBUG[0m [1mrequest[0m[1m{[0m[3mmethod[0m[2m=[0mGET [3muri[0m[2m=[0m/v1/health [3mversion[0m[2m=[0mHTTP/1.1[1m}[0m[2m:[0m [2mtower_http::trace::on_request[0m[2m:[0m started processing request
[2m2026-05-07T13:31:36.594239Z[0m [34mDEBUG[0m [1mrequest[0m[1m{[0m[3mmethod[0m[2m=[0mGET [3muri[0m[2m=[0m/v1/health [3mversion[0m[2m=[0mHTTP/1.1[1m}[0m[2m:[0m [2mtower_http::trace::on_response[0m[2m:[0m finished processing request [3mlatency[0m[2m=[0m0 ms [3mstatus[0m[2m=[0m200
[2m2026-05-07T13:31:39.330719Z[0m [34mDEBUG[0m [1mrequest[0m[1m{[0m[3mmethod[0m[2m=[0mPOST [3muri[0m[2m=[0m/v1/lock [3mversion[0m[2m=[0mHTTP/1.1[1m}[0m[2m:[0m [2mtower_http::trace::on_request[0m[2m:[0m started processing request
[2m2026-05-07T13:31:39.331468Z[0m [34mDEBUG[0m [1mrequest[0m[1m{[0m[3mmethod[0m[2m=[0mPOST [3muri[0m[2m=[0m/v1/lock [3mversion[0m[2m=[0mHTTP/1.1[1m}[0m[2m:[0m [2mtower_http::trace::on_request[0m[2m:[0m started processing request
[2m2026-05-07T13:31:39.332081Z[0m [34mDEBUG[0m [1mrequest[0m[1m{[0m[3mmethod[0m[2m=[0mPOST [3muri[0m[2m=[0m/v1/lock [3mversion[0m[2m=[0mHTTP/1.1[1m}[0m[2m:[0m [2mtower_http::trace::on_response[0m[2m:[0m finished processing request [3mlatency[0m[2m=[0m0 ms [3mstatus[0m[2m=[0m400
[2m2026-05-07T13:31:39.332343Z[0m [34mDEBUG[0m [1mrequest[0m[1m{[0m[3mmethod[0m[2m=[0mPOST [3muri[0m[2m=[0m/v1/lock [3mversion[0m[2m=[0mHTTP/1.1[1m}[0m[2m:[0m [2mtower_http::trace::on_request[0m[2m:[0m started processing request
[2m2026-05-07T13:31:39.333879Z[0m [34mDEBUG[0m [1mrequest[0m[1m{[0m[3mmethod[0m[2m=[0mPOST [3muri[0m[2m=[0m/v1/lock [3mversion[0m[2m=[0mHTTP/1.1[1m}[0m[2m:[0m [2mtower_http::trace::on_response[0m[2m:[0m finished processing request [3mlatency[0m[2m=[0m1 ms [3mstatus[0m[2m=[0m400
[2m2026-05-07T13:31:39.344027Z[0m [34mDEBUG[0m [1mrequest[0m[1m{[0m[3mmethod[0m[2m=[0mPOST [3muri[0m[2m=[0m/v1/lock [3mversion[0m[2m=[0mHTTP/1.1[1m}[0m[2m:[0m [2mtower_http::trace::on_request[0m[2m:[0m started processing request
[2m2026-05-07T13:31:39.763769Z[0m [34mDEBUG[0m [1mrequest[0m[1m{[0m[3mmethod[0m[2m=[0mPOST [3muri[0m[2m=[0m/v1/lock [3mversion[0m[2m=[0mHTTP/1.1[1m}[0m[2m:[0m [2mtower_http::trace::on_response[0m[2m:[0m finished processing request [3mlatency[0m[2m=[0m419 ms [3mstatus[0m[2m=[0m200
[2m2026-05-07T13:31:39.911717Z[0m [34mDEBUG[0m [1mrequest[0m[1m{[0m[3mmethod[0m[2m=[0mPOST [3muri[0m[2m=[0m/v1/lock [3mversion[0m[2m=[0mHTTP/1.1[1m}[0m[2m:[0m [2mtower_http::trace::on_response[0m[2m:[0m finished processing request [3mlatency[0m[2m=[0m581 ms [3mstatus[0m[2m=[0m200
[2m2026-05-07T13:31:39.912071Z[0m [34mDEBUG[0m [1mrequest[0m[1m{[0m[3mmethod[0m[2m=[0mGET [3muri[0m[2m=[0m/v1/status/0x962fa0ebc289b6f01ba529867e8f2417318cbdc6525f00c601b95fa8bd47f164 [3mversion[0m[2m=[0mHTTP/1.1[1m}[0m[2m:[0m [2mtower_http::trace::on_request[0m[2m:[0m started processing request
[2m2026-05-07T13:31:39.912460Z[0m [34mDEBUG[0m [1mrequest[0m[1m{[0m[3mmethod[0m[2m=[0mGET [3muri[0m[2m=[0m/v1/status/0x962fa0ebc289b6f01ba529867e8f2417318cbdc6525f00c601b95fa8bd47f164 [3mversion[0m[2m=[0mHTTP/1.1[1m}[0m[2m:[0m [2mtower_http::trace::on_response[0m[2m:[0m finished processing request [3mlatency[0m[2m=[0m0 ms [3mstatus[0m[2m=[0m200
[2m2026-05-07T13:32:09.370481Z[0m [34mDEBUG[0m [1mrequest[0m[1m{[0m[3mmethod[0m[2m=[0mGET [3muri[0m[2m=[0m/v1/health [3mversion[0m[2m=[0mHTTP/1.1[1m}[0m[2m:[0m [2mtower_http::trace::on_request[0m[2m:[0m started processing request
[2m2026-05-07T13:32:09.370551Z[0m [34mDEBUG[0m [1mrequest[0m[1m{[0m[3mmethod[0m[2m=[0mGET [3muri[0m[2m=[0m/v1/health [3mversion[0m[2m=[0mHTTP/1.1[1m}[0m[2m:[0m [2mtower_http::trace::on_response[0m[2m:[0m finished processing request [3mlatency[0m[2m=[0m0 ms [3mstatus[0m[2m=[0m200
[2m2026-05-07T13:32:09.450691Z[0m [34mDEBUG[0m [1mrequest[0m[1m{[0m[3mmethod[0m[2m=[0mPOST [3muri[0m[2m=[0m/v1/lock [3mversion[0m[2m=[0mHTTP/1.1[1m}[0m[2m:[0m [2mtower_http::trace::on_request[0m[2m:[0m started processing request
[2m2026-05-07T13:32:09.919724Z[0m [34mDEBUG[0m [1mrequest[0m[1m{[0m[3mmethod[0m[2m=[0mPOST [3muri[0m[2m=[0m/v1/lock [3mversion[0m[2m=[0mHTTP/1.1[1m}[0m[2m:[0m [2mtower_http::trace::on_response[0m[2m:[0m finished processing request [3mlatency[0m[2m=[0m469 ms [3mstatus[0m[2m=[0m200
[2m2026-05-07T13:32:09.977810Z[0m [34mDEBUG[0m [1mrequest[0m[1m{[0m[3mmethod[0m[2m=[0mPOST [3muri[0m[2m=[0m/v1/lock [3mversion[0m[2m=[0mHTTP/1.1[1m}[0m[2m:[0m [2mtower_http::trace::on_request[0m[2m:[0m started processing request
[2m2026-05-07T13:32:10.260384Z[0m [34mDEBUG[0m [1mrequest[0m[1m{[0m[3mmethod[0m[2m=[0mPOST [3muri[0m[2m=[0m/v1/lock [3mversion[0m[2m=[0mHTTP/1.1[1m}[0m[2m:[0m [2mtower_http::trace::on_response[0m[2m:[0m finished processing request [3mlatency[0m[2m=[0m282 ms [3mstatus[0m[2m=[0m200
[2m2026-05-07T13:32:10.264475Z[0m [34mDEBUG[0m [1mrequest[0m[1m{[0m[3mmethod[0m[2m=[0mGET [3muri[0m[2m=[0m/v1/explorer/locks [3mversion[0m[2m=[0mHTTP/1.1[1m}[0m[2m:[0m [2mtower_http::trace::on_request[0m[2m:[0m started processing request
[2m2026-05-07T13:32:10.267501Z[0m [34mDEBUG[0m [1mrequest[0m[1m{[0m[3mmethod[0m[2m=[0mGET [3muri[0m[2m=[0m/v1/explorer/locks [3mversion[0m[2m=[0mHTTP/1.1[1m}[0m[2m:[0m [2mtower_http::trace::on_response[0m[2m:[0m finished processing request [3mlatency[0m[2m=[0m3 ms [3mstatus[0m[2m=[0m200
[2m2026-05-07T13:32:10.288541Z[0m [34mDEBUG[0m [1mrequest[0m[1m{[0m[3mmethod[0m[2m=[0mGET [3muri[0m[2m=[0m/v1/explorer/overview [3mversion[0m[2m=[0mHTTP/1.1[1m}[0m[2m:[0m [2mtower_http::trace::on_request[0m[2m:[0m started processing request
[2m2026-05-07T13:32:10.297065Z[0m [34mDEBUG[0m [1mrequest[0m[1m{[0m[3mmethod[0m[2m=[0mGET [3muri[0m[2m=[0m/v1/explorer/overview [3mversion[0m[2m=[0mHTTP/1.1[1m}[0m[2m:[0m [2mtower_http::trace::on_response[0m[2m:[0m finished processing request [3mlatency[0m[2m=[0m8 ms [3mstatus[0m[2m=[0m200
[2m2026-05-07T13:32:10.310273Z[0m [34mDEBUG[0m [1mrequest[0m[1m{[0m[3mmethod[0m[2m=[0mPOST [3muri[0m[2m=[0m/v1/lock [3mversion[0m[2m=[0mHTTP/1.1[1m}[0m[2m:[0m [2mtower_http::trace::on_request[0m[2m:[0m started processing request
[2m2026-05-07T13:32:10.634221Z[0m [34mDEBUG[0m [1mrequest[0m[1m{[0m[3mmethod[0m[2m=[0mPOST [3muri[0m[2m=[0m/v1/lock [3mversion[0m[2m=[0mHTTP/1.1[1m}[0m[2m:[0m [2mtower_http::trace::on_response[0m[2m:[0m finished processing request [3mlatency[0m[2m=[0m323 ms [3mstatus[0m[2m=[0m200
[2m2026-05-07T13:32:10.637575Z[0m [34mDEBUG[0m [1mrequest[0m[1m{[0m[3mmethod[0m[2m=[0mGET [3muri[0m[2m=[0m/v1/explorer/overview [3mversion[0m[2m=[0mHTTP/1.1[1m}[0m[2m:[0m [2mtower_http::trace::on_request[0m[2m:[0m started processing request
[2m2026-05-07T13:32:10.644452Z[0m [34mDEBUG[0m [1mrequest[0m[1m{[0m[3mmethod[0m[2m=[0mGET [3muri[0m[2m=[0m/v1/explorer/overview [3mversion[0m[2m=[0mHTTP/1.1[1m}[0m[2m:[0m [2mtower_http::trace::on_response[0m[2m:[0m finished processing request [3mlatency[0m[2m=[0m6 ms [3mstatus[0m[2m=[0m200
[2m2026-05-07T13:32:10.674105Z[0m [34mDEBUG[0m [1mrequest[0m[1m{[0m[3mmethod[0m[2m=[0mPOST [3muri[0m[2m=[0m/v1/lock [3mversion[0m[2m=[0mHTTP/1.1[1m}[0m[2m:[0m [2mtower_http::trace::on_request[0m[2m:[0m started processing request
[2m2026-05-07T13:32:10.999249Z[0m [34mDEBUG[0m [1mrequest[0m[1m{[0m[3mmethod[0m[2m=[0mPOST [3muri[0m[2m=[0m/v1/lock [3mversion[0m[2m=[0mHTTP/1.1[1m}[0m[2m:[0m [2mtower_http::trace::on_response[0m[2m:[0m finished processing request [3mlatency[0m[2m=[0m325 ms [3mstatus[0m[2m=[0m200
[2m2026-05-07T13:32:11.002454Z[0m [34mDEBUG[0m [1mrequest[0m[1m{[0m[3mmethod[0m[2m=[0mPOST [3muri[0m[2m=[0m/v1/lock [3mversion[0m[2m=[0mHTTP/1.1[1m}[0m[2m:[0m [2mtower_http::trace::on_request[0m[2m:[0m started processing request
[2m2026-05-07T13:32:11.003105Z[0m [34mDEBUG[0m [1mrequest[0m[1m{[0m[3mmethod[0m[2m=[0mPOST [3muri[0m[2m=[0m/v1/lock [3mversion[0m[2m=[0mHTTP/1.1[1m}[0m[2m:[0m [2mtower_http::trace::on_response[0m[2m:[0m finished processing request [3mlatency[0m[2m=[0m0 ms [3mstatus[0m[2m=[0m409
[2m2026-05-07T13:32:11.031593Z[0m [34mDEBUG[0m [1mrequest[0m[1m{[0m[3mmethod[0m[2m=[0mPOST [3muri[0m[2m=[0m/v1/lock [3mversion[0m[2m=[0mHTTP/1.1[1m}[0m[2m:[0m [2mtower_http::trace::on_request[0m[2m:[0m started processing request
[2m2026-05-07T13:32:11.032282Z[0m [34mDEBUG[0m [1mrequest[0m[1m{[0m[3mmethod[0m[2m=[0mPOST [3muri[0m[2m=[0m/v1/lock [3mversion[0m[2m=[0mHTTP/1.1[1m}[0m[2m:[0m [2mtower_http::trace::on_response[0m[2m:[0m finished processing request [3mlatency[0m[2m=[0m0 ms [3mstatus[0m[2m=[0m400
[2m2026-05-07T13:32:11.049180Z[0m [34mDEBUG[0m [1mrequest[0m[1m{[0m[3mmethod[0m[2m=[0mPOST [3muri[0m[2m=[0m/v1/lock [3mversion[0m[2m=[0mHTTP/1.1[1m}[0m[2m:[0m [2mtower_http::trace::on_request[0m[2m:[0m started processing request
[2m2026-05-07T13:32:11.049277Z[0m [34mDEBUG[0m [1mrequest[0m[1m{[0m[3mmethod[0m[2m=[0mPOST [3muri[0m[2m=[0m/v1/lock [3mversion[0m[2m=[0mHTTP/1.1[1m}[0m[2m:[0m [2mtower_http::trace::on_response[0m[2m:[0m finished processing request [3mlatency[0m[2m=[0m0 ms [3mstatus[0m[2m=[0m422
[2m2026-05-07T13:32:11.076155Z[0m [34mDEBUG[0m [1mrequest[0m[1m{[0m[3mmethod[0m[2m=[0mPOST [3muri[0m[2m=[0m/v1/lock [3mversion[0m[2m=[0mHTTP/1.1[1m}[0m[2m:[0m [2mtower_http::trace::on_request[0m[2m:[0m started processing request
[2m2026-05-07T13:32:11.730575Z[0m [34mDEBUG[0m [1mrequest[0m[1m{[0m[3mmethod[0m[2m=[0mPOST [3muri[0m[2m=[0m/v1/lock [3mversion[0m[2m=[0mHTTP/1.1[1m}[0m[2m:[0m [2mtower_http::trace::on_response[0m[2m:[0m finished processing request [3mlatency[0m[2m=[0m654 ms [3mstatus[0m[2m=[0m200
[2m2026-05-07T13:32:11.750589Z[0m [34mDEBUG[0m [1mrequest[0m[1m{[0m[3mmethod[0m[2m=[0mPOST [3muri[0m[2m=[0m/v1/lock [3mversion[0m[2m=[0mHTTP/1.1[1m}[0m[2m:[0m [2mtower_http::trace::on_request[0m[2m:[0m started processing request
[2m2026-05-07T13:32:12.129126Z[0m [34mDEBUG[0m [1mrequest[0m[1m{[0m[3mmethod[0m[2m=[0mPOST [3muri[0m[2m=[0m/v1/lock [3mversion[0m[2m=[0mHTTP/1.1[1m}[0m[2m:[0m [2mtower_http::trace::on_response[0m[2m:[0m finished processing request [3mlatency[0m[2m=[0m378 ms [3mstatus[0m[2m=[0m200
[2m2026-05-07T13:32:12.146184Z[0m [34mDEBUG[0m [1mrequest[0m[1m{[0m[3mmethod[0m[2m=[0mPOST [3muri[0m[2m=[0m/v1/lock [3mversion[0m[2m=[0mHTTP/1.1[1m}[0m[2m:[0m [2mtower_http::trace::on_request[0m[2m:[0m started processing request
[2m2026-05-07T13:32:12.467296Z[0m [34mDEBUG[0m [1mrequest[0m[1m{[0m[3mmethod[0m[2m=[0mPOST [3muri[0m[2m=[0m/v1/lock [3mversion[0m[2m=[0mHTTP/1.1[1m}[0m[2m:[0m [2mtower_http::trace::on_response[0m[2m:[0m finished processing request [3mlatency[0m[2m=[0m321 ms [3mstatus[0m[2m=[0m200
[2m2026-05-07T13:32:13.446794Z[0m [34mDEBUG[0m [1mrequest[0m[1m{[0m[3mmethod[0m[2m=[0mGET [3muri[0m[2m=[0m/v1/health [3mversion[0m[2m=[0mHTTP/1.1[1m}[0m[2m:[0m [2mtower_http::trace::on_request[0m[2m:[0m started processing request
[2m2026-05-07T13:32:13.446859Z[0m [34mDEBUG[0m [1mrequest[0m[1m{[0m[3mmethod[0m[2m=[0mGET [3muri[0m[2m=[0m/v1/health [3mversion[0m[2m=[0mHTTP/1.1[1m}[0m[2m:[0m [2mtower_http::trace::on_response[0m[2m:[0m finished processing request [3mlatency[0m[2m=[0m0 ms [3mstatus[0m[2m=[0m200
[2m2026-05-07T13:32:13.525179Z[0m [34mDEBUG[0m [1mrequest[0m[1m{[0m[3mmethod[0m[2m=[0mPOST [3muri[0m[2m=[0m/v1/lock [3mversion[0m[2m=[0mHTTP/1.1[1m}[0m[2m:[0m [2mtower_http::trace::on_request[0m[2m:[0m started processing request
[2m2026-05-07T13:32:13.847790Z[0m [34mDEBUG[0m [1mrequest[0m[1m{[0m[3mmethod[0m[2m=[0mPOST [3muri[0m[2m=[0m/v1/lock [3mversion[0m[2m=[0mHTTP/1.1[1m}[0m[2m:[0m [2mtower_http::trace::on_response[0m[2m:[0m finished processing request [3mlatency[0m[2m=[0m322 ms [3mstatus[0m[2m=[0m200
[2m2026-05-07T13:32:13.895525Z[0m [34mDEBUG[0m [1mrequest[0m[1m{[0m[3mmethod[0m[2m=[0mPOST [3muri[0m[2m=[0m/v1/lock [3mversion[0m[2m=[0mHTTP/1.1[1m}[0m[2m:[0m [2mtower_http::trace::on_request[0m[2m:[0m started processing request
[2m2026-05-07T13:32:14.221838Z[0m [34mDEBUG[0m [1mrequest[0m[1m{[0m[3mmethod[0m[2m=[0mPOST [3muri[0m[2m=[0m/v1/lock [3mversion[0m[2m=[0mHTTP/1.1[1m}[0m[2m:[0m [2mtower_http::trace::on_response[0m[2m:[0m finished processing request [3mlatency[0m[2m=[0m326 ms [3mstatus[0m[2m=[0m200
[2m2026-05-07T13:32:14.226812Z[0m [34mDEBUG[0m [1mrequest[0m[1m{[0m[3mmethod[0m[2m=[0mGET [3muri[0m[2m=[0m/v1/explorer/locks [3mversion[0m[2m=[0mHTTP/1.1[1m}[0m[2m:[0m [2mtower_http::trace::on_request[0m[2m:[0m started processing request
[2m2026-05-07T13:32:14.228604Z[0m [34mDEBUG[0m [1mrequest[0m[1m{[0m[3mmethod[0m[2m=[0mGET [3muri[0m[2m=[0m/v1/explorer/locks [3mversion[0m[2m=[0mHTTP/1.1[1m}[0m[2m:[0m [2mtower_http::trace::on_response[0m[2m:[0m finished processing request [3mlatency[0m[2m=[0m1 ms [3mstatus[0m[2m=[0m200
[2m2026-05-07T13:32:14.249450Z[0m [34mDEBUG[0m [1mrequest[0m[1m{[0m[3mmethod[0m[2m=[0mGET [3muri[0m[2m=[0m/v1/explorer/overview [3mversion[0m[2m=[0mHTTP/1.1[1m}[0m[2m:[0m [2mtower_http::trace::on_request[0m[2m:[0m started processing request
[2m2026-05-07T13:32:14.256401Z[0m [34mDEBUG[0m [1mrequest[0m[1m{[0m[3mmethod[0m[2m=[0mGET [3muri[0m[2m=[0m/v1/explorer/overview [3mversion[0m[2m=[0mHTTP/1.1[1m}[0m[2m:[0m [2mtower_http::trace::on_response[0m[2m:[0m finished processing request [3mlatency[0m[2m=[0m6 ms [3mstatus[0m[2m=[0m200
[2m2026-05-07T13:32:14.269181Z[0m [34mDEBUG[0m [1mrequest[0m[1m{[0m[3mmethod[0m[2m=[0mPOST [3muri[0m[2m=[0m/v1/lock [3mversion[0m[2m=[0mHTTP/1.1[1m}[0m[2m:[0m [2mtower_http::trace::on_request[0m[2m:[0m started processing request
[2m2026-05-07T13:32:14.602323Z[0m [34mDEBUG[0m [1mrequest[0m[1m{[0m[3mmethod[0m[2m=[0mPOST [3muri[0m[2m=[0m/v1/lock [3mversion[0m[2m=[0mHTTP/1.1[1m}[0m[2m:[0m [2mtower_http::trace::on_response[0m[2m:[0m finished processing request [3mlatency[0m[2m=[0m333 ms [3mstatus[0m[2m=[0m200
[2m2026-05-07T13:32:14.605769Z[0m [34mDEBUG[0m [1mrequest[0m[1m{[0m[3mmethod[0m[2m=[0mGET [3muri[0m[2m=[0m/v1/explorer/overview [3mversion[0m[2m=[0mHTTP/1.1[1m}[0m[2m:[0m [2mtower_http::trace::on_request[0m[2m:[0m started processing request
[2m2026-05-07T13:32:14.609855Z[0m [34mDEBUG[0m [1mrequest[0m[1m{[0m[3mmethod[0m[2m=[0mGET [3muri[0m[2m=[0m/v1/explorer/overview [3mversion[0m[2m=[0mHTTP/1.1[1m}[0m[2m:[0m [2mtower_http::trace::on_response[0m[2m:[0m finished processing request [3mlatency[0m[2m=[0m4 ms [3mstatus[0m[2m=[0m200
[2m2026-05-07T13:32:14.646446Z[0m [34mDEBUG[0m [1mrequest[0m[1m{[0m[3mmethod[0m[2m=[0mPOST [3muri[0m[2m=[0m/v1/lock [3mversion[0m[2m=[0mHTTP/1.1[1m}[0m[2m:[0m [2mtower_http::trace::on_request[0m[2m:[0m started processing request
[2m2026-05-07T13:32:14.995174Z[0m [34mDEBUG[0m [1mrequest[0m[1m{[0m[3mmethod[0m[2m=[0mPOST [3muri[0m[2m=[0m/v1/lock [3mversion[0m[2m=[0mHTTP/1.1[1m}[0m[2m:[0m [2mtower_http::trace::on_response[0m[2m:[0m finished processing request [3mlatency[0m[2m=[0m348 ms [3mstatus[0m[2m=[0m200
[2m2026-05-07T13:32:14.998628Z[0m [34mDEBUG[0m [1mrequest[0m[1m{[0m[3mmethod[0m[2m=[0mPOST [3muri[0m[2m=[0m/v1/lock [3mversion[0m[2m=[0mHTTP/1.1[1m}[0m[2m:[0m [2mtower_http::trace::on_request[0m[2m:[0m started processing request
[2m2026-05-07T13:32:14.999331Z[0m [34mDEBUG[0m [1mrequest[0m[1m{[0m[3mmethod[0m[2m=[0mPOST [3muri[0m[2m=[0m/v1/lock [3mversion[0m[2m=[0mHTTP/1.1[1m}[0m[2m:[0m [2mtower_http::trace::on_response[0m[2m:[0m finished processing request [3mlatency[0m[2m=[0m0 ms [3mstatus[0m[2m=[0m409
[2m2026-05-07T13:32:15.034805Z[0m [34mDEBUG[0m [1mrequest[0m[1m{[0m[3mmethod[0m[2m=[0mPOST [3muri[0m[2m=[0m/v1/lock [3mversion[0m[2m=[0mHTTP/1.1[1m}[0m[2m:[0m [2mtower_http::trace::on_request[0m[2m:[0m started processing request
[2m2026-05-07T13:32:15.035359Z[0m [34mDEBUG[0m [1mrequest[0m[1m{[0m[3mmethod[0m[2m=[0mPOST [3muri[0m[2m=[0m/v1/lock [3mversion[0m[2m=[0mHTTP/1.1[1m}[0m[2m:[0m [2mtower_http::trace::on_response[0m[2m:[0m finished processing request [3mlatency[0m[2m=[0m0 ms [3mstatus[0m[2m=[0m400
[2m2026-05-07T13:32:15.050551Z[0m [34mDEBUG[0m [1mrequest[0m[1m{[0m[3mmethod[0m[2m=[0mPOST [3muri[0m[2m=[0m/v1/lock [3mversion[0m[2m=[0mHTTP/1.1[1m}[0m[2m:[0m [2mtower_http::trace::on_request[0m[2m:[0m started processing request
[2m2026-05-07T13:32:15.050613Z[0m [34mDEBUG[0m [1mrequest[0m[1m{[0m[3mmethod[0m[2m=[0mPOST [3muri[0m[2m=[0m/v1/lock [3mversion[0m[2m=[0mHTTP/1.1[1m}[0m[2m:[0m [2mtower_http::trace::on_response[0m[2m:[0m finished processing request [3mlatency[0m[2m=[0m0 ms [3mstatus[0m[2m=[0m422
[2m2026-05-07T13:32:15.071492Z[0m [34mDEBUG[0m [1mrequest[0m[1m{[0m[3mmethod[0m[2m=[0mPOST [3muri[0m[2m=[0m/v1/lock [3mversion[0m[2m=[0mHTTP/1.1[1m}[0m[2m:[0m [2mtower_http::trace::on_request[0m[2m:[0m started processing request
[2m2026-05-07T13:32:15.392511Z[0m [34mDEBUG[0m [1mrequest[0m[1m{[0m[3mmethod[0m[2m=[0mPOST [3muri[0m[2m=[0m/v1/lock [3mversion[0m[2m=[0mHTTP/1.1[1m}[0m[2m:[0m [2mtower_http::trace::on_response[0m[2m:[0m finished processing request [3mlatency[0m[2m=[0m321 ms [3mstatus[0m[2m=[0m200
[2m2026-05-07T13:32:15.404995Z[0m [34mDEBUG[0m [1mrequest[0m[1m{[0m[3mmethod[0m[2m=[0mPOST [3muri[0m[2m=[0m/v1/lock [3mversion[0m[2m=[0mHTTP/1.1[1m}[0m[2m:[0m [2mtower_http::trace::on_request[0m[2m:[0m started processing request
[2m2026-05-07T13:32:15.645171Z[0m [34mDEBUG[0m [1mrequest[0m[1m{[0m[3mmethod[0m[2m=[0mPOST [3muri[0m[2m=[0m/v1/lock [3mversion[0m[2m=[0mHTTP/1.1[1m}[0m[2m:[0m [2mtower_http::trace::on_response[0m[2m:[0m finished processing request [3mlatency[0m[2m=[0m240 ms [3mstatus[0m[2m=[0m200
[2m2026-05-07T13:32:15.655515Z[0m [34mDEBUG[0m [1mrequest[0m[1m{[0m[3mmethod[0m[2m=[0mPOST [3muri[0m[2m=[0m/v1/lock [3mversion[0m[2m=[0mHTTP/1.1[1m}[0m[2m:[0m [2mtower_http::trace::on_request[0m[2m:[0m started processing request
[2m2026-05-07T13:32:15.906146Z[0m [34mDEBUG[0m [1mrequest[0m[1m{[0m[3mmethod[0m[2m=[0mPOST [3muri[0m[2m=[0m/v1/lock [3mversion[0m[2m=[0mHTTP/1.1[1m}[0m[2m:[0m [2mtower_http::trace::on_response[0m[2m:[0m finished processing request [3mlatency[0m[2m=[0m250 ms [3mstatus[0m[2m=[0m200
[2m2026-05-07T13:32:16.909765Z[0m [34mDEBUG[0m [1mrequest[0m[1m{[0m[3mmethod[0m[2m=[0mGET [3muri[0m[2m=[0m/v1/health [3mversion[0m[2m=[0mHTTP/1.1[1m}[0m[2m:[0m [2mtower_http::trace::on_request[0m[2m:[0m started processing request
[2m2026-05-07T13:32:16.909848Z[0m [34mDEBUG[0m [1mrequest[0m[1m{[0m[3mmethod[0m[2m=[0mGET [3muri[0m[2m=[0m/v1/health [3mversion[0m[2m=[0mHTTP/1.1[1m}[0m[2m:[0m [2mtower_http::trace::on_response[0m[2m:[0m finished processing request [3mlatency[0m[2m=[0m0 ms [3mstatus[0m[2m=[0m200
[2m2026-05-07T13:32:16.986475Z[0m [34mDEBUG[0m [1mrequest[0m[1m{[0m[3mmethod[0m[2m=[0mPOST [3muri[0m[2m=[0m/v1/lock [3mversion[0m[2m=[0mHTTP/1.1[1m}[0m[2m:[0m [2mtower_http::trace::on_request[0m[2m:[0m started processing request
[2m2026-05-07T13:32:17.144574Z[0m [34mDEBUG[0m [1mrequest[0m[1m{[0m[3mmethod[0m[2m=[0mPOST [3muri[0m[2m=[0m/v1/lock [3mversion[0m[2m=[0mHTTP/1.1[1m}[0m[2m:[0m [2mtower_http::trace::on_response[0m[2m:[0m finished processing request [3mlatency[0m[2m=[0m158 ms [3mstatus[0m[2m=[0m200
[2m2026-05-07T13:32:17.200042Z[0m [34mDEBUG[0m [1mrequest[0m[1m{[0m[3mmethod[0m[2m=[0mPOST [3muri[0m[2m=[0m/v1/lock [3mversion[0m[2m=[0mHTTP/1.1[1m}[0m[2m:[0m [2mtower_http::trace::on_request[0m[2m:[0m started processing request
[2m2026-05-07T13:32:17.531498Z[0m [34mDEBUG[0m [1mrequest[0m[1m{[0m[3mmethod[0m[2m=[0mPOST [3muri[0m[2m=[0m/v1/lock [3mversion[0m[2m=[0mHTTP/1.1[1m}[0m[2m:[0m [2mtower_http::trace::on_response[0m[2m:[0m finished processing request [3mlatency[0m[2m=[0m331 ms [3mstatus[0m[2m=[0m200
[2m2026-05-07T13:32:17.535964Z[0m [34mDEBUG[0m [1mrequest[0m[1m{[0m[3mmethod[0m[2m=[0mGET [3muri[0m[2m=[0m/v1/explorer/locks [3mversion[0m[2m=[0mHTTP/1.1[1m}[0m[2m:[0m [2mtower_http::trace::on_request[0m[2m:[0m started processing request
[2m2026-05-07T13:32:17.538063Z[0m [34mDEBUG[0m [1mrequest[0m[1m{[0m[3mmethod[0m[2m=[0mGET [3muri[0m[2m=[0m/v1/explorer/locks [3mversion[0m[2m=[0mHTTP/1.1[1m}[0m[2m:[0m [2mtower_http::trace::on_response[0m[2m:[0m finished processing request [3mlatency[0m[2m=[0m2 ms [3mstatus[0m[2m=[0m200
[2m2026-05-07T13:32:17.560312Z[0m [34mDEBUG[0m [1mrequest[0m[1m{[0m[3mmethod[0m[2m=[0mGET [3muri[0m[2m=[0m/v1/explorer/overview [3mversion[0m[2m=[0mHTTP/1.1[1m}[0m[2m:[0m [2mtower_http::trace::on_request[0m[2m:[0m started processing request
[2m2026-05-07T13:32:17.567081Z[0m [34mDEBUG[0m [1mrequest[0m[1m{[0m[3mmethod[0m[2m=[0mGET [3muri[0m[2m=[0m/v1/explorer/overview [3mversion[0m[2m=[0mHTTP/1.1[1m}[0m[2m:[0m [2mtower_http::trace::on_response[0m[2m:[0m finished processing request [3mlatency[0m[2m=[0m6 ms [3mstatus[0m[2m=[0m200
[2m2026-05-07T13:32:17.577895Z[0m [34mDEBUG[0m [1mrequest[0m[1m{[0m[3mmethod[0m[2m=[0mPOST [3muri[0m[2m=[0m/v1/lock [3mversion[0m[2m=[0mHTTP/1.1[1m}[0m[2m:[0m [2mtower_http::trace::on_request[0m[2m:[0m started processing request
[2m2026-05-07T13:32:17.905297Z[0m [34mDEBUG[0m [1mrequest[0m[1m{[0m[3mmethod[0m[2m=[0mPOST [3muri[0m[2m=[0m/v1/lock [3mversion[0m[2m=[0mHTTP/1.1[1m}[0m[2m:[0m [2mtower_http::trace::on_response[0m[2m:[0m finished processing request [3mlatency[0m[2m=[0m327 ms [3mstatus[0m[2m=[0m200
[2m2026-05-07T13:32:17.908594Z[0m [34mDEBUG[0m [1mrequest[0m[1m{[0m[3mmethod[0m[2m=[0mGET [3muri[0m[2m=[0m/v1/explorer/overview [3mversion[0m[2m=[0mHTTP/1.1[1m}[0m[2m:[0m [2mtower_http::trace::on_request[0m[2m:[0m started processing request
[2m2026-05-07T13:32:17.912716Z[0m [34mDEBUG[0m [1mrequest[0m[1m{[0m[3mmethod[0m[2m=[0mGET [3muri[0m[2m=[0m/v1/explorer/overview [3mversion[0m[2m=[0mHTTP/1.1[1m}[0m[2m:[0m [2mtower_http::trace::on_response[0m[2m:[0m finished processing request [3mlatency[0m[2m=[0m4 ms [3mstatus[0m[2m=[0m200
[2m2026-05-07T13:32:17.936935Z[0m [34mDEBUG[0m [1mrequest[0m[1m{[0m[3mmethod[0m[2m=[0mPOST [3muri[0m[2m=[0m/v1/lock [3mversion[0m[2m=[0mHTTP/1.1[1m}[0m[2m:[0m [2mtower_http::trace::on_request[0m[2m:[0m started processing request
[2m2026-05-07T13:32:18.268055Z[0m [34mDEBUG[0m [1mrequest[0m[1m{[0m[3mmethod[0m[2m=[0mPOST [3muri[0m[2m=[0m/v1/lock [3mversion[0m[2m=[0mHTTP/1.1[1m}[0m[2m:[0m [2mtower_http::trace::on_response[0m[2m:[0m finished processing request [3mlatency[0m[2m=[0m331 ms [3mstatus[0m[2m=[0m200
[2m2026-05-07T13:32:18.271557Z[0m [34mDEBUG[0m [1mrequest[0m[1m{[0m[3mmethod[0m[2m=[0mPOST [3muri[0m[2m=[0m/v1/lock [3mversion[0m[2m=[0mHTTP/1.1[1m}[0m[2m:[0m [2mtower_http::trace::on_request[0m[2m:[0m started processing request
[2m2026-05-07T13:32:18.272218Z[0m [34mDEBUG[0m [1mrequest[0m[1m{[0m[3mmethod[0m[2m=[0mPOST [3muri[0m[2m=[0m/v1/lock [3mversion[0m[2m=[0mHTTP/1.1[1m}[0m[2m:[0m [2mtower_http::trace::on_response[0m[2m:[0m finished processing request [3mlatency[0m[2m=[0m0 ms [3mstatus[0m[2m=[0m409
[2m2026-05-07T13:32:18.301986Z[0m [34mDEBUG[0m [1mrequest[0m[1m{[0m[3mmethod[0m[2m=[0mPOST [3muri[0m[2m=[0m/v1/lock [3mversion[0m[2m=[0mHTTP/1.1[1m}[0m[2m:[0m [2mtower_http::trace::on_request[0m[2m:[0m started processing request
[2m2026-05-07T13:32:18.302615Z[0m [34mDEBUG[0m [1mrequest[0m[1m{[0m[3mmethod[0m[2m=[0mPOST [3muri[0m[2m=[0m/v1/lock [3mversion[0m[2m=[0mHTTP/1.1[1m}[0m[2m:[0m [2mtower_http::trace::on_response[0m[2m:[0m finished processing request [3mlatency[0m[2m=[0m0 ms [3mstatus[0m[2m=[0m400
[2m2026-05-07T13:32:18.318472Z[0m [34mDEBUG[0m [1mrequest[0m[1m{[0m[3mmethod[0m[2m=[0mPOST [3muri[0m[2m=[0m/v1/lock [3mversion[0m[2m=[0mHTTP/1.1[1m}[0m[2m:[0m [2mtower_http::trace::on_request[0m[2m:[0m started processing request
[2m2026-05-07T13:32:18.318553Z[0m [34mDEBUG[0m [1mrequest[0m[1m{[0m[3mmethod[0m[2m=[0mPOST [3muri[0m[2m=[0m/v1/lock [3mversion[0m[2m=[0mHTTP/1.1[1m}[0m[2m:[0m [2mtower_http::trace::on_response[0m[2m:[0m finished processing request [3mlatency[0m[2m=[0m0 ms [3mstatus[0m[2m=[0m422
[2m2026-05-07T13:32:18.354549Z[0m [34mDEBUG[0m [1mrequest[0m[1m{[0m[3mmethod[0m[2m=[0mPOST [3muri[0m[2m=[0m/v1/lock [3mversion[0m[2m=[0mHTTP/1.1[1m}[0m[2m:[0m [2mtower_http::trace::on_request[0m[2m:[0m started processing request
[2m2026-05-07T13:32:18.676876Z[0m [34mDEBUG[0m [1mrequest[0m[1m{[0m[3mmethod[0m[2m=[0mPOST [3muri[0m[2m=[0m/v1/lock [3mversion[0m[2m=[0mHTTP/1.1[1m}[0m[2m:[0m [2mtower_http::trace::on_response[0m[2m:[0m finished processing request [3mlatency[0m[2m=[0m322 ms [3mstatus[0m[2m=[0m200
[2m2026-05-07T13:32:18.690965Z[0m [34mDEBUG[0m [1mrequest[0m[1m{[0m[3mmethod[0m[2m=[0mPOST [3muri[0m[2m=[0m/v1/lock [3mversion[0m[2m=[0mHTTP/1.1[1m}[0m[2m:[0m [2mtower_http::trace::on_request[0m[2m:[0m started processing request
[2m2026-05-07T13:32:19.015442Z[0m [34mDEBUG[0m [1mrequest[0m[1m{[0m[3mmethod[0m[2m=[0mPOST [3muri[0m[2m=[0m/v1/lock [3mversion[0m[2m=[0mHTTP/1.1[1m}[0m[2m:[0m [2mtower_http::trace::on_response[0m[2m:[0m finished processing request [3mlatency[0m[2m=[0m324 ms [3mstatus[0m[2m=[0m200
[2m2026-05-07T13:32:19.025486Z[0m [34mDEBUG[0m [1mrequest[0m[1m{[0m[3mmethod[0m[2m=[0mPOST [3muri[0m[2m=[0m/v1/lock [3mversion[0m[2m=[0mHTTP/1.1[1m}[0m[2m:[0m [2mtower_http::trace::on_request[0m[2m:[0m started processing request
[2m2026-05-07T13:32:19.186324Z[0m [34mDEBUG[0m [1mrequest[0m[1m{[0m[3mmethod[0m[2m=[0mPOST [3muri[0m[2m=[0m/v1/lock [3mversion[0m[2m=[0mHTTP/1.1[1m}[0m[2m:[0m [2mtower_http::trace::on_response[0m[2m:[0m finished processing request [3mlatency[0m[2m=[0m160 ms [3mstatus[0m[2m=[0m200
[2m2026-05-07T13:32:20.169386Z[0m [34mDEBUG[0m [1mrequest[0m[1m{[0m[3mmethod[0m[2m=[0mGET [3muri[0m[2m=[0m/v1/health [3mversion[0m[2m=[0mHTTP/1.1[1m}[0m[2m:[0m [2mtower_http::trace::on_request[0m[2m:[0m started processing request
[2m2026-05-07T13:32:20.169470Z[0m [34mDEBUG[0m [1mrequest[0m[1m{[0m[3mmethod[0m[2m=[0mGET [3muri[0m[2m=[0m/v1/health [3mversion[0m[2m=[0mHTTP/1.1[1m}[0m[2m:[0m [2mtower_http::trace::on_response[0m[2m:[0m finished processing request [3mlatency[0m[2m=[0m0 ms [3mstatus[0m[2m=[0m200
[2m2026-05-07T13:32:20.251826Z[0m [34mDEBUG[0m [1mrequest[0m[1m{[0m[3mmethod[0m[2m=[0mPOST [3muri[0m[2m=[0m/v1/lock [3mversion[0m[2m=[0mHTTP/1.1[1m}[0m[2m:[0m [2mtower_http::trace::on_request[0m[2m:[0m started processing request
[2m2026-05-07T13:32:20.424009Z[0m [34mDEBUG[0m [1mrequest[0m[1m{[0m[3mmethod[0m[2m=[0mPOST [3muri[0m[2m=[0m/v1/lock [3mversion[0m[2m=[0mHTTP/1.1[1m}[0m[2m:[0m [2mtower_http::trace::on_response[0m[2m:[0m finished processing request [3mlatency[0m[2m=[0m172 ms [3mstatus[0m[2m=[0m200
[2m2026-05-07T13:32:20.486030Z[0m [34mDEBUG[0m [1mrequest[0m[1m{[0m[3mmethod[0m[2m=[0mPOST [3muri[0m[2m=[0m/v1/lock [3mversion[0m[2m=[0mHTTP/1.1[1m}[0m[2m:[0m [2mtower_http::trace::on_request[0m[2m:[0m started processing request
[2m2026-05-07T13:32:20.733070Z[0m [34mDEBUG[0m [1mrequest[0m[1m{[0m[3mmethod[0m[2m=[0mPOST [3muri[0m[2m=[0m/v1/lock [3mversion[0m[2m=[0mHTTP/1.1[1m}[0m[2m:[0m [2mtower_http::trace::on_response[0m[2m:[0m finished processing request [3mlatency[0m[2m=[0m247 ms [3mstatus[0m[2m=[0m200
[2m2026-05-07T13:32:20.738180Z[0m [34mDEBUG[0m [1mrequest[0m[1m{[0m[3mmethod[0m[2m=[0mGET [3muri[0m[2m=[0m/v1/explorer/locks [3mversion[0m[2m=[0mHTTP/1.1[1m}[0m[2m:[0m [2mtower_http::trace::on_request[0m[2m:[0m started processing request
[2m2026-05-07T13:32:20.739785Z[0m [34mDEBUG[0m [1mrequest[0m[1m{[0m[3mmethod[0m[2m=[0mGET [3muri[0m[2m=[0m/v1/explorer/locks [3mversion[0m[2m=[0mHTTP/1.1[1m}[0m[2m:[0m [2mtower_http::trace::on_response[0m[2m:[0m finished processing request [3mlatency[0m[2m=[0m1 ms [3mstatus[0m[2m=[0m200
[2m2026-05-07T13:32:20.758681Z[0m [34mDEBUG[0m [1mrequest[0m[1m{[0m[3mmethod[0m[2m=[0mGET [3muri[0m[2m=[0m/v1/explorer/overview [3mversion[0m[2m=[0mHTTP/1.1[1m}[0m[2m:[0m [2mtower_http::trace::on_request[0m[2m:[0m started processing request
[2m2026-05-07T13:32:20.762682Z[0m [34mDEBUG[0m [1mrequest[0m[1m{[0m[3mmethod[0m[2m=[0mGET [3muri[0m[2m=[0m/v1/explorer/overview [3mversion[0m[2m=[0mHTTP/1.1[1m}[0m[2m:[0m [2mtower_http::trace::on_response[0m[2m:[0m finished processing request [3mlatency[0m[2m=[0m4 ms [3mstatus[0m[2m=[0m200
[2m2026-05-07T13:32:20.784930Z[0m [34mDEBUG[0m [1mrequest[0m[1m{[0m[3mmethod[0m[2m=[0mPOST [3muri[0m[2m=[0m/v1/lock [3mversion[0m[2m=[0mHTTP/1.1[1m}[0m[2m:[0m [2mtower_http::trace::on_request[0m[2m:[0m started processing request
[2m2026-05-07T13:32:21.039139Z[0m [34mDEBUG[0m [1mrequest[0m[1m{[0m[3mmethod[0m[2m=[0mPOST [3muri[0m[2m=[0m/v1/lock [3mversion[0m[2m=[0mHTTP/1.1[1m}[0m[2m:[0m [2mtower_http::trace::on_response[0m[2m:[0m finished processing request [3mlatency[0m[2m=[0m254 ms [3mstatus[0m[2m=[0m200
[2m2026-05-07T13:32:21.042583Z[0m [34mDEBUG[0m [1mrequest[0m[1m{[0m[3mmethod[0m[2m=[0mGET [3muri[0m[2m=[0m/v1/explorer/overview [3mversion[0m[2m=[0mHTTP/1.1[1m}[0m[2m:[0m [2mtower_http::trace::on_request[0m[2m:[0m started processing request
[2m2026-05-07T13:32:21.046587Z[0m [34mDEBUG[0m [1mrequest[0m[1m{[0m[3mmethod[0m[2m=[0mGET [3muri[0m[2m=[0m/v1/explorer/overview [3mversion[0m[2m=[0mHTTP/1.1[1m}[0m[2m:[0m [2mtower_http::trace::on_response[0m[2m:[0m finished processing request [3mlatency[0m[2m=[0m4 ms [3mstatus[0m[2m=[0m200
[2m2026-05-07T13:32:21.079256Z[0m [34mDEBUG[0m [1mrequest[0m[1m{[0m[3mmethod[0m[2m=[0mPOST [3muri[0m[2m=[0m/v1/lock [3mversion[0m[2m=[0mHTTP/1.1[1m}[0m[2m:[0m [2mtower_http::trace::on_request[0m[2m:[0m started processing request
[2m2026-05-07T13:32:21.238153Z[0m [34mDEBUG[0m [1mrequest[0m[1m{[0m[3mmethod[0m[2m=[0mPOST [3muri[0m[2m=[0m/v1/lock [3mversion[0m[2m=[0mHTTP/1.1[1m}[0m[2m:[0m [2mtower_http::trace::on_response[0m[2m:[0m finished processing request [3mlatency[0m[2m=[0m158 ms [3mstatus[0m[2m=[0m200
[2m2026-05-07T13:32:21.241664Z[0m [34mDEBUG[0m [1mrequest[0m[1m{[0m[3mmethod[0m[2m=[0mPOST [3muri[0m[2m=[0m/v1/lock [3mversion[0m[2m=[0mHTTP/1.1[1m}[0m[2m:[0m [2mtower_http::trace::on_request[0m[2m:[0m started processing request
[2m2026-05-07T13:32:21.242285Z[0m [34mDEBUG[0m [1mrequest[0m[1m{[0m[3mmethod[0m[2m=[0mPOST [3muri[0m[2m=[0m/v1/lock [3mversion[0m[2m=[0mHTTP/1.1[1m}[0m[2m:[0m [2mtower_http::trace::on_response[0m[2m:[0m finished processing request [3mlatency[0m[2m=[0m0 ms [3mstatus[0m[2m=[0m409
[2m2026-05-07T13:32:21.264419Z[0m [34mDEBUG[0m [1mrequest[0m[1m{[0m[3mmethod[0m[2m=[0mPOST [3muri[0m[2m=[0m/v1/lock [3mversion[0m[2m=[0mHTTP/1.1[1m}[0m[2m:[0m [2mtower_http::trace::on_request[0m[2m:[0m started processing request
[2m2026-05-07T13:32:21.265007Z[0m [34mDEBUG[0m [1mrequest[0m[1m{[0m[3mmethod[0m[2m=[0mPOST [3muri[0m[2m=[0m/v1/lock [3mversion[0m[2m=[0mHTTP/1.1[1m}[0m[2m:[0m [2mtower_http::trace::on_response[0m[2m:[0m finished processing request [3mlatency[0m[2m=[0m0 ms [3mstatus[0m[2m=[0m400
[2m2026-05-07T13:32:21.280128Z[0m [34mDEBUG[0m [1mrequest[0m[1m{[0m[3mmethod[0m[2m=[0mPOST [3muri[0m[2m=[0m/v1/lock [3mversion[0m[2m=[0mHTTP/1.1[1m}[0m[2m:[0m [2mtower_http::trace::on_request[0m[2m:[0m started processing request
[2m2026-05-07T13:32:21.280192Z[0m [34mDEBUG[0m [1mrequest[0m[1m{[0m[3mmethod[0m[2m=[0mPOST [3muri[0m[2m=[0m/v1/lock [3mversion[0m[2m=[0mHTTP/1.1[1m}[0m[2m:[0m [2mtower_http::trace::on_response[0m[2m:[0m finished processing request [3mlatency[0m[2m=[0m0 ms [3mstatus[0m[2m=[0m422
[2m2026-05-07T13:32:21.300181Z[0m [34mDEBUG[0m [1mrequest[0m[1m{[0m[3mmethod[0m[2m=[0mPOST [3muri[0m[2m=[0m/v1/lock [3mversion[0m[2m=[0mHTTP/1.1[1m}[0m[2m:[0m [2mtower_http::trace::on_request[0m[2m:[0m started processing request
[2m2026-05-07T13:32:21.634611Z[0m [34mDEBUG[0m [1mrequest[0m[1m{[0m[3mmethod[0m[2m=[0mPOST [3muri[0m[2m=[0m/v1/lock [3mversion[0m[2m=[0mHTTP/1.1[1m}[0m[2m:[0m [2mtower_http::trace::on_response[0m[2m:[0m finished processing request [3mlatency[0m[2m=[0m334 ms [3mstatus[0m[2m=[0m200
[2m2026-05-07T13:32:21.645683Z[0m [34mDEBUG[0m [1mrequest[0m[1m{[0m[3mmethod[0m[2m=[0mPOST [3muri[0m[2m=[0m/v1/lock [3mversion[0m[2m=[0mHTTP/1.1[1m}[0m[2m:[0m [2mtower_http::trace::on_request[0m[2m:[0m started processing request
[2m2026-05-07T13:32:22.023917Z[0m [34mDEBUG[0m [1mrequest[0m[1m{[0m[3mmethod[0m[2m=[0mPOST [3muri[0m[2m=[0m/v1/lock [3mversion[0m[2m=[0mHTTP/1.1[1m}[0m[2m:[0m [2mtower_http::trace::on_response[0m[2m:[0m finished processing request [3mlatency[0m[2m=[0m378 ms [3mstatus[0m[2m=[0m200
[2m2026-05-07T13:32:22.039801Z[0m [34mDEBUG[0m [1mrequest[0m[1m{[0m[3mmethod[0m[2m=[0mPOST [3muri[0m[2m=[0m/v1/lock [3mversion[0m[2m=[0mHTTP/1.1[1m}[0m[2m:[0m [2mtower_http::trace::on_request[0m[2m:[0m started processing request
[2m2026-05-07T13:32:22.367190Z[0m [34mDEBUG[0m [1mrequest[0m[1m{[0m[3mmethod[0m[2m=[0mPOST [3muri[0m[2m=[0m/v1/lock [3mversion[0m[2m=[0mHTTP/1.1[1m}[0m[2m:[0m [2mtower_http::trace::on_response[0m[2m:[0m finished processing request [3mlatency[0m[2m=[0m327 ms [3mstatus[0m[2m=[0m200
[2m2026-05-07T13:32:23.331335Z[0m [34mDEBUG[0m [1mrequest[0m[1m{[0m[3mmethod[0m[2m=[0mGET [3muri[0m[2m=[0m/v1/health [3mversion[0m[2m=[0mHTTP/1.1[1m}[0m[2m:[0m [2mtower_http::trace::on_request[0m[2m:[0m started processing request
[2m2026-05-07T13:32:23.331419Z[0m [34mDEBUG[0m [1mrequest[0m[1m{[0m[3mmethod[0m[2m=[0mGET [3muri[0m[2m=[0m/v1/health [3mversion[0m[2m=[0mHTTP/1.1[1m}[0m[2m:[0m [2mtower_http::trace::on_response[0m[2m:[0m finished processing request [3mlatency[0m[2m=[0m0 ms [3mstatus[0m[2m=[0m200
[2m2026-05-07T13:32:23.413771Z[0m [34mDEBUG[0m [1mrequest[0m[1m{[0m[3mmethod[0m[2m=[0mPOST [3muri[0m[2m=[0m/v1/lock [3mversion[0m[2m=[0mHTTP/1.1[1m}[0m[2m:[0m [2mtower_http::trace::on_request[0m[2m:[0m started processing request
[2m2026-05-07T13:32:23.662239Z[0m [34mDEBUG[0m [1mrequest[0m[1m{[0m[3mmethod[0m[2m=[0mPOST [3muri[0m[2m=[0m/v1/lock [3mversion[0m[2m=[0mHTTP/1.1[1m}[0m[2m:[0m [2mtower_http::trace::on_response[0m[2m:[0m finished processing request [3mlatency[0m[2m=[0m248 ms [3mstatus[0m[2m=[0m200
[2m2026-05-07T13:32:23.711104Z[0m [34mDEBUG[0m [1mrequest[0m[1m{[0m[3mmethod[0m[2m=[0mPOST [3muri[0m[2m=[0m/v1/lock [3mversion[0m[2m=[0mHTTP/1.1[1m}[0m[2m:[0m [2mtower_http::trace::on_request[0m[2m:[0m started processing request
[2m2026-05-07T13:32:23.953072Z[0m [34mDEBUG[0m [1mrequest[0m[1m{[0m[3mmethod[0m[2m=[0mPOST [3muri[0m[2m=[0m/v1/lock [3mversion[0m[2m=[0mHTTP/1.1[1m}[0m[2m:[0m [2mtower_http::trace::on_response[0m[2m:[0m finished processing request [3mlatency[0m[2m=[0m241 ms [3mstatus[0m[2m=[0m200
[2m2026-05-07T13:32:23.958173Z[0m [34mDEBUG[0m [1mrequest[0m[1m{[0m[3mmethod[0m[2m=[0mGET [3muri[0m[2m=[0m/v1/explorer/locks [3mversion[0m[2m=[0mHTTP/1.1[1m}[0m[2m:[0m [2mtower_http::trace::on_request[0m[2m:[0m started processing request
[2m2026-05-07T13:32:23.959935Z[0m [34mDEBUG[0m [1mrequest[0m[1m{[0m[3mmethod[0m[2m=[0mGET [3muri[0m[2m=[0m/v1/explorer/locks [3mversion[0m[2m=[0mHTTP/1.1[1m}[0m[2m:[0m [2mtower_http::trace::on_response[0m[2m:[0m finished processing request [3mlatency[0m[2m=[0m1 ms [3mstatus[0m[2m=[0m200
[2m2026-05-07T13:32:23.979448Z[0m [34mDEBUG[0m [1mrequest[0m[1m{[0m[3mmethod[0m[2m=[0mGET [3muri[0m[2m=[0m/v1/explorer/overview [3mversion[0m[2m=[0mHTTP/1.1[1m}[0m[2m:[0m [2mtower_http::trace::on_request[0m[2m:[0m started processing request
[2m2026-05-07T13:32:23.983519Z[0m [34mDEBUG[0m [1mrequest[0m[1m{[0m[3mmethod[0m[2m=[0mGET [3muri[0m[2m=[0m/v1/explorer/overview [3mversion[0m[2m=[0mHTTP/1.1[1m}[0m[2m:[0m [2mtower_http::trace::on_response[0m[2m:[0m finished processing request [3mlatency[0m[2m=[0m4 ms [3mstatus[0m[2m=[0m200
[2m2026-05-07T13:32:23.998727Z[0m [34mDEBUG[0m [1mrequest[0m[1m{[0m[3mmethod[0m[2m=[0mPOST [3muri[0m[2m=[0m/v1/lock [3mversion[0m[2m=[0mHTTP/1.1[1m}[0m[2m:[0m [2mtower_http::trace::on_request[0m[2m:[0m started processing request
[2m2026-05-07T13:32:24.337117Z[0m [34mDEBUG[0m [1mrequest[0m[1m{[0m[3mmethod[0m[2m=[0mPOST [3muri[0m[2m=[0m/v1/lock [3mversion[0m[2m=[0mHTTP/1.1[1m}[0m[2m:[0m [2mtower_http::trace::on_response[0m[2m:[0m finished processing request [3mlatency[0m[2m=[0m338 ms [3mstatus[0m[2m=[0m200
[2m2026-05-07T13:32:24.340312Z[0m [34mDEBUG[0m [1mrequest[0m[1m{[0m[3mmethod[0m[2m=[0mGET [3muri[0m[2m=[0m/v1/explorer/overview [3mversion[0m[2m=[0mHTTP/1.1[1m}[0m[2m:[0m [2mtower_http::trace::on_request[0m[2m:[0m started processing request
[2m2026-05-07T13:32:24.344254Z[0m [34mDEBUG[0m [1mrequest[0m[1m{[0m[3mmethod[0m[2m=[0mGET [3muri[0m[2m=[0m/v1/explorer/overview [3mversion[0m[2m=[0mHTTP/1.1[1m}[0m[2m:[0m [2mtower_http::trace::on_response[0m[2m:[0m finished processing request [3mlatency[0m[2m=[0m3 ms [3mstatus[0m[2m=[0m200
[2m2026-05-07T13:32:24.373102Z[0m [34mDEBUG[0m [1mrequest[0m[1m{[0m[3mmethod[0m[2m=[0mPOST [3muri[0m[2m=[0m/v1/lock [3mversion[0m[2m=[0mHTTP/1.1[1m}[0m[2m:[0m [2mtower_http::trace::on_request[0m[2m:[0m started processing request
[2m2026-05-07T13:32:24.622134Z[0m [34mDEBUG[0m [1mrequest[0m[1m{[0m[3mmethod[0m[2m=[0mPOST [3muri[0m[2m=[0m/v1/lock [3mversion[0m[2m=[0mHTTP/1.1[1m}[0m[2m:[0m [2mtower_http::trace::on_response[0m[2m:[0m finished processing request [3mlatency[0m[2m=[0m249 ms [3mstatus[0m[2m=[0m200
[2m2026-05-07T13:32:24.625420Z[0m [34mDEBUG[0m [1mrequest[0m[1m{[0m[3mmethod[0m[2m=[0mPOST [3muri[0m[2m=[0m/v1/lock [3mversion[0m[2m=[0mHTTP/1.1[1m}[0m[2m:[0m [2mtower_http::trace::on_request[0m[2m:[0m started processing request
[2m2026-05-07T13:32:24.626089Z[0m [34mDEBUG[0m [1mrequest[0m[1m{[0m[3mmethod[0m[2m=[0mPOST [3muri[0m[2m=[0m/v1/lock [3mversion[0m[2m=[0mHTTP/1.1[1m}[0m[2m:[0m [2mtower_http::trace::on_response[0m[2m:[0m finished processing request [3mlatency[0m[2m=[0m0 ms [3mstatus[0m[2m=[0m409
[2m2026-05-07T13:32:24.649634Z[0m [34mDEBUG[0m [1mrequest[0m[1m{[0m[3mmethod[0m[2m=[0mPOST [3muri[0m[2m=[0m/v1/lock [3mversion[0m[2m=[0mHTTP/1.1[1m}[0m[2m:[0m [2mtower_http::trace::on_request[0m[2m:[0m started processing request
[2m2026-05-07T13:32:24.650247Z[0m [34mDEBUG[0m [1mrequest[0m[1m{[0m[3mmethod[0m[2m=[0mPOST [3muri[0m[2m=[0m/v1/lock [3mversion[0m[2m=[0mHTTP/1.1[1m}[0m[2m:[0m [2mtower_http::trace::on_response[0m[2m:[0m finished processing request [3mlatency[0m[2m=[0m0 ms [3mstatus[0m[2m=[0m400
[2m2026-05-07T13:32:24.664820Z[0m [34mDEBUG[0m [1mrequest[0m[1m{[0m[3mmethod[0m[2m=[0mPOST [3muri[0m[2m=[0m/v1/lock [3mversion[0m[2m=[0mHTTP/1.1[1m}[0m[2m:[0m [2mtower_http::trace::on_request[0m[2m:[0m started processing request
[2m2026-05-07T13:32:24.664881Z[0m [34mDEBUG[0m [1mrequest[0m[1m{[0m[3mmethod[0m[2m=[0mPOST [3muri[0m[2m=[0m/v1/lock [3mversion[0m[2m=[0mHTTP/1.1[1m}[0m[2m:[0m [2mtower_http::trace::on_response[0m[2m:[0m finished processing request [3mlatency[0m[2m=[0m0 ms [3mstatus[0m[2m=[0m422
[2m2026-05-07T13:32:24.689562Z[0m [34mDEBUG[0m [1mrequest[0m[1m{[0m[3mmethod[0m[2m=[0mPOST [3muri[0m[2m=[0m/v1/lock [3mversion[0m[2m=[0mHTTP/1.1[1m}[0m[2m:[0m [2mtower_http::trace::on_request[0m[2m:[0m started processing request
[2m2026-05-07T13:32:24.932108Z[0m [34mDEBUG[0m [1mrequest[0m[1m{[0m[3mmethod[0m[2m=[0mPOST [3muri[0m[2m=[0m/v1/lock [3mversion[0m[2m=[0mHTTP/1.1[1m}[0m[2m:[0m [2mtower_http::trace::on_response[0m[2m:[0m finished processing request [3mlatency[0m[2m=[0m242 ms [3mstatus[0m[2m=[0m200
[2m2026-05-07T13:32:24.945989Z[0m [34mDEBUG[0m [1mrequest[0m[1m{[0m[3mmethod[0m[2m=[0mPOST [3muri[0m[2m=[0m/v1/lock [3mversion[0m[2m=[0mHTTP/1.1[1m}[0m[2m:[0m [2mtower_http::trace::on_request[0m[2m:[0m started processing request
[2m2026-05-07T13:32:25.459562Z[0m [34mDEBUG[0m [1mrequest[0m[1m{[0m[3mmethod[0m[2m=[0mPOST [3muri[0m[2m=[0m/v1/lock [3mversion[0m[2m=[0mHTTP/1.1[1m}[0m[2m:[0m [2mtower_http::trace::on_response[0m[2m:[0m finished processing request [3mlatency[0m[2m=[0m513 ms [3mstatus[0m[2m=[0m200
[2m2026-05-07T13:32:25.471115Z[0m [34mDEBUG[0m [1mrequest[0m[1m{[0m[3mmethod[0m[2m=[0mPOST [3muri[0m[2m=[0m/v1/lock [3mversion[0m[2m=[0mHTTP/1.1[1m}[0m[2m:[0m [2mtower_http::trace::on_request[0m[2m:[0m started processing request
[2m2026-05-07T13:32:25.710548Z[0m [34mDEBUG[0m [1mrequest[0m[1m{[0m[3mmethod[0m[2m=[0mPOST [3muri[0m[2m=[0m/v1/lock [3mversion[0m[2m=[0mHTTP/1.1[1m}[0m[2m:[0m [2mtower_http::trace::on_response[0m[2m:[0m finished processing request [3mlatency[0m[2m=[0m239 ms [3mstatus[0m[2m=[0m200
